2024-02-19 03:54:39.667448	[INFO]	orders_service.py	响应时间:661ms	天津市	宝坻区	这里是日志信息......
2024-02-19 03:54:39.667496	[WARN]	event.py	响应时间:116ms	上海市	普陀区	这里是日志信息......
2024-02-19 03:54:39.667521	[WARN]	orders_service.py	响应时间:202ms	安徽省	合肥市	这里是日志信息......
2024-02-19 03:54:39.667541	[INFO]	orders_service.py	响应时间:224ms	北京市	昌平区	这里是日志信息......
2024-02-19 03:54:39.667560	[INFO]	barcode_service.py	响应时间:225ms	山东省	青岛市	这里是日志信息......
2024-02-19 03:54:39.667578	[INFO]	shop_manager.py	响应时间:686ms	上海市	浦东新区	这里是日志信息......
2024-02-19 03:54:39.667596	[INFO]	goods_manager.py	响应时间:436ms	安徽省	阜阳市	这里是日志信息......
2024-02-19 03:54:39.667614	[INFO]	orders_service.py	响应时间:983ms	浙江省	舟山市	这里是日志信息......
2024-02-19 03:54:39.667633	[INFO]	orders_service.py	响应时间:958ms	天津市	武清区	这里是日志信息......
2024-02-19 03:54:39.667650	[INFO]	base_network.py	响应时间:4532ms	湖北省	荆州市	这里是日志信息......
2024-02-19 03:54:39.667669	[WARN]	user_manager.py	响应时间:954ms	浙江省	丽水市	这里是日志信息......
2024-02-19 03:54:39.667687	[INFO]	shop_manager.py	响应时间:754ms	天津市	和平区	这里是日志信息......
2024-02-19 03:54:39.667704	[INFO]	event.py	响应时间:693ms	重庆市	沙坪坝区	这里是日志信息......
2024-02-19 03:54:39.667722	[ERROR]	shop_manager.py	响应时间:79ms	北京市	大兴区	这里是日志信息......
2024-02-19 03:54:39.667741	[WARN]	base_network.py	响应时间:479ms	浙江省	湖州市	这里是日志信息......
2024-02-19 03:54:39.667759	[INFO]	barcode_service.py	响应时间:325ms	安徽省	合肥市	这里是日志信息......
2024-02-19 03:54:39.667777	[ERROR]	event.py	响应时间:1021ms	湖北省	恩施土家族苗族自治州	这里是日志信息......
2024-02-19 03:54:39.667795	[ERROR]	event.py	响应时间:98ms	江苏省	无锡市	这里是日志信息......
2024-02-19 03:54:39.667813	[INFO]	orders_service.py	响应时间:623ms	广东省	广州市	这里是日志信息......
2024-02-19 03:54:39.667831	[INFO]	orders_service.py	响应时间:445ms	江苏省	张家港市	这里是日志信息......
2024-02-19 03:54:39.667849	[ERROR]	event.py	响应时间:930ms	湖北省	十堰市	这里是日志信息......
2024-02-19 03:54:39.667867	[INFO]	orders_service.py	响应时间:807ms	山东省	济南市	这里是日志信息......
2024-02-19 03:54:39.667884	[ERROR]	goods_manager.py	响应时间:181ms	广东省	广州市	这里是日志信息......
2024-02-19 03:54:39.667902	[INFO]	event.py	响应时间:994ms	浙江省	杭州市	这里是日志信息......
2024-02-19 03:54:39.667919	[WARN]	user_manager.py	响应时间:493ms	湖南省	长沙市	这里是日志信息......
2024-02-19 03:54:39.667937	[INFO]	event.py	响应时间:176ms	湖北省	武汉市	这里是日志信息......
2024-02-19 03:54:39.667954	[INFO]	goods_manager.py	响应时间:553ms	北京市	昌平区	这里是日志信息......
2024-02-19 03:54:39.667972	[ERROR]	event.py	响应时间:1278ms	北京市	怀柔区	这里是日志信息......
2024-02-19 03:54:39.667990	[INFO]	orders_service.py	响应时间:700ms	江苏省	苏州市	这里是日志信息......
2024-02-19 03:54:39.668007	[INFO]	base_network.py	响应时间:4191ms	浙江省	杭州市	这里是日志信息......
2024-02-19 03:54:39.668026	[INFO]	base_network.py	响应时间:896ms	江苏省	宿迁市	这里是日志信息......
2024-02-19 03:54:39.668043	[INFO]	barcode_service.py	响应时间:88ms	广东省	珠海市	这里是日志信息......
2024-02-19 03:54:39.668060	[WARN]	event.py	响应时间:638ms	北京市	朝阳区	这里是日志信息......
2024-02-19 03:54:39.668079	[INFO]	barcode_service.py	响应时间:636ms	上海市	静安区	这里是日志信息......
2024-02-19 03:54:39.668098	[INFO]	event.py	响应时间:795ms	北京市	朝阳区	这里是日志信息......
2024-02-19 03:54:39.668115	[INFO]	event.py	响应时间:895ms	山东省	青岛市	这里是日志信息......
2024-02-19 03:54:39.668133	[INFO]	orders_service.py	响应时间:502ms	浙江省	杭州市	这里是日志信息......
2024-02-19 03:54:39.668150	[INFO]	shop_manager.py	响应时间:399ms	湖北省	武汉市	这里是日志信息......
2024-02-19 03:54:39.668168	[INFO]	barcode_service.py	响应时间:801ms	天津市	宝坻区	这里是日志信息......
2024-02-19 03:54:39.668186	[INFO]	orders_service.py	响应时间:299ms	浙江省	杭州市	这里是日志信息......
2024-02-19 03:54:39.668203	[INFO]	orders_service.py	响应时间:729ms	上海市	浦东新区	这里是日志信息......
2024-02-19 03:54:39.668221	[INFO]	orders_service.py	响应时间:578ms	安徽省	芜湖市	这里是日志信息......
2024-02-19 03:54:39.668238	[INFO]	goods_manager.py	响应时间:672ms	江苏省	苏州市	这里是日志信息......
2024-02-19 03:54:39.668255	[INFO]	orders_service.py	响应时间:55ms	山东省	青岛市	这里是日志信息......
2024-02-19 03:54:39.668272	[INFO]	goods_manager.py	响应时间:422ms	天津市	河西区	这里是日志信息......
2024-02-19 03:54:39.668289	[WARN]	barcode_service.py	响应时间:896ms	安徽省	阜阳市	这里是日志信息......
2024-02-19 03:54:39.668307	[INFO]	orders_service.py	响应时间:154ms	广东省	广州市	这里是日志信息......
2024-02-19 03:54:39.668324	[INFO]	event.py	响应时间:946ms	上海市	宝山区	这里是日志信息......
2024-02-19 03:54:39.668341	[INFO]	orders_service.py	响应时间:160ms	上海市	宝山区	这里是日志信息......
2024-02-19 03:54:39.668359	[INFO]	shop_manager.py	响应时间:9ms	湖北省	十堰市	这里是日志信息......
2024-02-19 03:54:39.668377	[INFO]	event.py	响应时间:48ms	广东省	珠海市	这里是日志信息......
2024-02-19 03:54:39.668394	[INFO]	event.py	响应时间:18ms	安徽省	池州市	这里是日志信息......
2024-02-19 03:54:39.668411	[WARN]	event.py	响应时间:932ms	湖南省	长沙市	这里是日志信息......
2024-02-19 03:54:39.668429	[INFO]	barcode_service.py	响应时间:247ms	湖南省	长沙市	这里是日志信息......
2024-02-19 03:54:39.668448	[INFO]	event.py	响应时间:296ms	山东省	济南市	这里是日志信息......
2024-02-19 03:54:39.668466	[INFO]	base_network.py	响应时间:280ms	上海市	普陀区	这里是日志信息......
2024-02-19 03:54:39.668484	[INFO]	event.py	响应时间:336ms	湖南省	株洲市	这里是日志信息......
2024-02-19 03:54:39.668501	[INFO]	shop_manager.py	响应时间:996ms	安徽省	合肥市	这里是日志信息......
2024-02-19 03:54:39.668520	[INFO]	event.py	响应时间:78ms	上海市	静安区	这里是日志信息......
2024-02-19 03:54:39.668537	[WARN]	goods_manager.py	响应时间:66ms	湖北省	武汉市	这里是日志信息......
2024-02-19 03:54:39.668555	[INFO]	user_manager.py	响应时间:859ms	天津市	河西区	这里是日志信息......
2024-02-19 03:54:39.668572	[INFO]	shop_manager.py	响应时间:201ms	重庆市	万州区	这里是日志信息......
2024-02-19 03:54:39.668590	[INFO]	orders_service.py	响应时间:946ms	江苏省	张家港市	这里是日志信息......
2024-02-19 03:54:39.668607	[INFO]	goods_manager.py	响应时间:561ms	天津市	武清区	这里是日志信息......
2024-02-19 03:54:39.668624	[INFO]	shop_manager.py	响应时间:416ms	广东省	珠海市	这里是日志信息......
2024-02-19 03:54:39.668642	[INFO]	orders_service.py	响应时间:320ms	天津市	武清区	这里是日志信息......
2024-02-19 03:54:39.668659	[INFO]	base_network.py	响应时间:940ms	北京市	怀柔区	这里是日志信息......
2024-02-19 03:54:39.668676	[INFO]	event.py	响应时间:920ms	山东省	青岛市	这里是日志信息......
2024-02-19 03:54:39.668694	[INFO]	orders_service.py	响应时间:796ms	江苏省	宿迁市	这里是日志信息......
2024-02-19 03:54:39.668711	[INFO]	goods_manager.py	响应时间:933ms	上海市	黄浦区	这里是日志信息......
2024-02-19 03:54:39.668728	[INFO]	orders_service.py	响应时间:570ms	湖北省	十堰市	这里是日志信息......
2024-02-19 03:54:39.668833	[ERROR]	goods_manager.py	响应时间:998ms	重庆市	涪陵区	这里是日志信息......
2024-02-19 03:54:39.668857	[INFO]	orders_service.py	响应时间:6721ms	广东省	广州市	这里是日志信息......
2024-02-19 03:54:39.668875	[INFO]	shop_manager.py	响应时间:245ms	广东省	广州市	这里是日志信息......
2024-02-19 03:54:39.668893	[INFO]	goods_manager.py	响应时间:832ms	安徽省	阜阳市	这里是日志信息......
2024-02-19 03:54:39.668911	[WARN]	event.py	响应时间:225ms	湖北省	荆州市	这里是日志信息......
2024-02-19 03:54:39.668928	[INFO]	goods_manager.py	响应时间:833ms	北京市	海淀区	这里是日志信息......
2024-02-19 03:54:39.668945	[INFO]	barcode_service.py	响应时间:254ms	浙江省	绍兴市	这里是日志信息......
2024-02-19 03:54:39.668963	[INFO]	event.py	响应时间:716ms	湖南省	长沙市	这里是日志信息......
2024-02-19 03:54:39.668980	[INFO]	user_manager.py	响应时间:340ms	安徽省	六安市	这里是日志信息......
2024-02-19 03:54:39.668998	[INFO]	event.py	响应时间:990ms	北京市	丰台区	这里是日志信息......
2024-02-19 03:54:39.669015	[INFO]	goods_manager.py	响应时间:110ms	上海市	浦东新区	这里是日志信息......
2024-02-19 03:54:39.669032	[INFO]	goods_manager.py	响应时间:330ms	湖南省	长沙市	这里是日志信息......
2024-02-19 03:54:39.669049	[INFO]	shop_manager.py	响应时间:831ms	重庆市	万州区	这里是日志信息......
2024-02-19 03:54:39.669066	[INFO]	goods_manager.py	响应时间:54ms	山东省	青岛市	这里是日志信息......
2024-02-19 03:54:39.669084	[INFO]	orders_service.py	响应时间:88ms	广东省	广州市	这里是日志信息......
2024-02-19 03:54:39.669101	[INFO]	goods_manager.py	响应时间:212ms	湖南省	长沙市	这里是日志信息......
2024-02-19 03:54:39.669118	[INFO]	orders_service.py	响应时间:839ms	安徽省	阜阳市	这里是日志信息......
2024-02-19 03:54:39.669136	[INFO]	orders_service.py	响应时间:4108ms	上海市	浦东新区	这里是日志信息......
2024-02-19 03:54:39.669154	[WARN]	event.py	响应时间:279ms	山东省	济南市	这里是日志信息......
2024-02-19 03:54:39.669171	[INFO]	goods_manager.py	响应时间:929ms	湖北省	武汉市	这里是日志信息......
2024-02-19 03:54:39.669188	[INFO]	orders_service.py	响应时间:707ms	湖北省	武汉市	这里是日志信息......
2024-02-19 03:54:39.669205	[INFO]	base_network.py	响应时间:348ms	上海市	浦东新区	这里是日志信息......
2024-02-19 03:54:39.669223	[INFO]	barcode_service.py	响应时间:604ms	上海市	浦东新区	这里是日志信息......
2024-02-19 03:54:39.669240	[INFO]	goods_manager.py	响应时间:477ms	北京市	昌平区	这里是日志信息......
2024-02-19 03:54:39.669257	[INFO]	orders_service.py	响应时间:609ms	天津市	武清区	这里是日志信息......
2024-02-19 03:54:39.669274	[INFO]	user_manager.py	响应时间:45ms	湖南省	株洲市	这里是日志信息......
2024-02-19 03:54:39.669291	[INFO]	barcode_service.py	响应时间:289ms	广东省	广州市	这里是日志信息......
2024-02-19 03:54:39.669308	[INFO]	user_manager.py	响应时间:698ms	湖北省	武汉市	这里是日志信息......
2024-02-19 03:54:39.669325	[INFO]	user_manager.py	响应时间:362ms	湖北省	武汉市	这里是日志信息......
2024-02-19 03:54:39.669343	[INFO]	orders_service.py	响应时间:639ms	江苏省	苏州市	这里是日志信息......
2024-02-19 03:54:39.669360	[INFO]	goods_manager.py	响应时间:228ms	江苏省	南京市	这里是日志信息......
2024-02-19 03:54:39.669377	[INFO]	event.py	响应时间:448ms	广东省	深圳市	这里是日志信息......
2024-02-19 03:54:39.669395	[WARN]	event.py	响应时间:816ms	上海市	黄浦区	这里是日志信息......
2024-02-19 03:54:39.669412	[INFO]	goods_manager.py	响应时间:351ms	重庆市	渝中区	这里是日志信息......
2024-02-19 03:54:39.669429	[INFO]	shop_manager.py	响应时间:416ms	山东省	济南市	这里是日志信息......
2024-02-19 03:54:39.669446	[INFO]	user_manager.py	响应时间:665ms	湖北省	武汉市	这里是日志信息......
2024-02-19 03:54:39.669463	[INFO]	event.py	响应时间:998ms	山东省	济南市	这里是日志信息......
2024-02-19 03:54:39.669480	[INFO]	orders_service.py	响应时间:414ms	北京市	丰台区	这里是日志信息......
2024-02-19 03:54:39.669498	[INFO]	event.py	响应时间:916ms	湖北省	武汉市	这里是日志信息......
2024-02-19 03:54:39.669515	[ERROR]	event.py	响应时间:259ms	天津市	武清区	这里是日志信息......
2024-02-19 03:54:39.669532	[INFO]	event.py	响应时间:99ms	重庆市	南岸区	这里是日志信息......
2024-02-19 03:54:39.669549	[INFO]	user_manager.py	响应时间:688ms	上海市	普陀区	这里是日志信息......
2024-02-19 03:54:39.669567	[INFO]	event.py	响应时间:662ms	山东省	青岛市	这里是日志信息......
2024-02-19 03:54:39.669584	[INFO]	event.py	响应时间:537ms	上海市	浦东新区	这里是日志信息......
2024-02-19 03:54:39.669602	[INFO]	barcode_service.py	响应时间:836ms	天津市	河东区	这里是日志信息......
2024-02-19 03:54:39.669620	[INFO]	orders_service.py	响应时间:922ms	重庆市	万州区	这里是日志信息......
2024-02-19 03:54:39.669638	[INFO]	goods_manager.py	响应时间:686ms	湖南省	长沙市	这里是日志信息......
2024-02-19 03:54:39.669655	[INFO]	user_manager.py	响应时间:739ms	重庆市	沙坪坝区	这里是日志信息......
2024-02-19 03:54:39.669672	[INFO]	goods_manager.py	响应时间:395ms	安徽省	阜阳市	这里是日志信息......
2024-02-19 03:54:39.669689	[WARN]	orders_service.py	响应时间:63ms	湖北省	荆州市	这里是日志信息......
2024-02-19 03:54:39.669706	[INFO]	shop_manager.py	响应时间:252ms	北京市	朝阳区	这里是日志信息......
2024-02-19 03:54:39.669723	[INFO]	user_manager.py	响应时间:28ms	江苏省	苏州市	这里是日志信息......
2024-02-19 03:54:39.669741	[INFO]	event.py	响应时间:296ms	浙江省	嘉兴市	这里是日志信息......
2024-02-19 03:54:39.669758	[INFO]	goods_manager.py	响应时间:468ms	重庆市	万州区	这里是日志信息......
2024-02-19 03:54:39.669777	[INFO]	user_manager.py	响应时间:394ms	安徽省	芜湖市	这里是日志信息......
2024-02-19 03:54:39.669794	[INFO]	user_manager.py	响应时间:915ms	湖北省	荆州市	这里是日志信息......
2024-02-19 03:54:39.669811	[INFO]	goods_manager.py	响应时间:376ms	安徽省	铜陵市	这里是日志信息......
2024-02-19 03:54:39.669829	[INFO]	event.py	响应时间:7637ms	湖南省	张家界市	这里是日志信息......
2024-02-19 03:54:39.669846	[INFO]	event.py	响应时间:901ms	天津市	宝坻区	这里是日志信息......
2024-02-19 03:54:39.669864	[INFO]	user_manager.py	响应时间:854ms	湖南省	益阳市	这里是日志信息......
2024-02-19 03:54:39.669881	[INFO]	event.py	响应时间:780ms	天津市	河西区	这里是日志信息......
2024-02-19 03:54:39.669898	[INFO]	user_manager.py	响应时间:530ms	湖南省	长沙市	这里是日志信息......
2024-02-19 03:54:39.669916	[INFO]	orders_service.py	响应时间:530ms	浙江省	舟山市	这里是日志信息......
2024-02-19 03:54:39.669933	[INFO]	goods_manager.py	响应时间:816ms	湖北省	武汉市	这里是日志信息......
2024-02-19 03:54:39.669950	[INFO]	orders_service.py	响应时间:892ms	湖北省	武汉市	这里是日志信息......
2024-02-19 03:54:39.669968	[INFO]	goods_manager.py	响应时间:316ms	浙江省	丽水市	这里是日志信息......
2024-02-19 03:54:39.669985	[ERROR]	base_network.py	响应时间:758ms	广东省	珠海市	这里是日志信息......
2024-02-19 03:54:39.670002	[ERROR]	user_manager.py	响应时间:99ms	湖北省	武汉市	这里是日志信息......
2024-02-19 03:54:39.670021	[INFO]	event.py	响应时间:775ms	浙江省	舟山市	这里是日志信息......
2024-02-19 03:54:39.670038	[WARN]	orders_service.py	响应时间:664ms	浙江省	杭州市	这里是日志信息......
2024-02-19 03:54:39.670091	[INFO]	goods_manager.py	响应时间:596ms	浙江省	绍兴市	这里是日志信息......
2024-02-19 03:54:39.670113	[INFO]	goods_manager.py	响应时间:766ms	江苏省	常州市	这里是日志信息......
2024-02-19 03:54:39.670130	[INFO]	orders_service.py	响应时间:358ms	湖南省	张家界市	这里是日志信息......
2024-02-19 03:54:39.670148	[WARN]	event.py	响应时间:479ms	北京市	昌平区	这里是日志信息......
2024-02-19 03:54:39.670166	[INFO]	event.py	响应时间:340ms	湖南省	益阳市	这里是日志信息......
2024-02-19 03:54:39.670183	[INFO]	orders_service.py	响应时间:245ms	天津市	宝坻区	这里是日志信息......
2024-02-19 03:54:39.670201	[INFO]	orders_service.py	响应时间:717ms	广东省	珠海市	这里是日志信息......
2024-02-19 03:54:39.670218	[INFO]	event.py	响应时间:889ms	安徽省	六安市	这里是日志信息......
2024-02-19 03:54:39.670235	[INFO]	event.py	响应时间:100ms	广东省	广州市	这里是日志信息......
2024-02-19 03:54:39.670252	[INFO]	user_manager.py	响应时间:482ms	安徽省	芜湖市	这里是日志信息......
2024-02-19 03:54:39.670270	[INFO]	barcode_service.py	响应时间:123ms	江苏省	常州市	这里是日志信息......
2024-02-19 03:54:39.670288	[WARN]	shop_manager.py	响应时间:824ms	上海市	浦东新区	这里是日志信息......
2024-02-19 03:54:39.670306	[WARN]	event.py	响应时间:633ms	北京市	昌平区	这里是日志信息......
2024-02-19 03:54:39.670323	[INFO]	event.py	响应时间:355ms	江苏省	张家港市	这里是日志信息......
2024-02-19 03:54:39.670340	[INFO]	event.py	响应时间:710ms	上海市	黄浦区	这里是日志信息......
2024-02-19 03:54:39.670357	[INFO]	orders_service.py	响应时间:490ms	湖北省	十堰市	这里是日志信息......
2024-02-19 03:54:39.670374	[INFO]	base_network.py	响应时间:460ms	湖南省	益阳市	这里是日志信息......
2024-02-19 03:54:39.670392	[INFO]	goods_manager.py	响应时间:530ms	天津市	和平区	这里是日志信息......
2024-02-19 03:54:39.670409	[INFO]	event.py	响应时间:679ms	浙江省	金华市	这里是日志信息......
2024-02-19 03:54:39.670426	[INFO]	user_manager.py	响应时间:385ms	湖南省	益阳市	这里是日志信息......
2024-02-19 03:54:39.670444	[INFO]	orders_service.py	响应时间:803ms	重庆市	沙坪坝区	这里是日志信息......
2024-02-19 03:54:39.670461	[INFO]	goods_manager.py	响应时间:789ms	湖南省	长沙市	这里是日志信息......
2024-02-19 03:54:39.670478	[INFO]	goods_manager.py	响应时间:837ms	上海市	浦东新区	这里是日志信息......
2024-02-19 03:54:39.670496	[INFO]	orders_service.py	响应时间:534ms	天津市	武清区	这里是日志信息......
2024-02-19 03:54:39.670513	[INFO]	user_manager.py	响应时间:50ms	广东省	广州市	这里是日志信息......
2024-02-19 03:54:39.670530	[INFO]	goods_manager.py	响应时间:778ms	安徽省	六安市	这里是日志信息......
2024-02-19 03:54:39.670547	[INFO]	goods_manager.py	响应时间:36ms	山东省	青岛市	这里是日志信息......
2024-02-19 03:54:39.670565	[INFO]	user_manager.py	响应时间:210ms	浙江省	湖州市	这里是日志信息......
2024-02-19 03:54:39.670581	[INFO]	event.py	响应时间:875ms	上海市	徐汇区	这里是日志信息......
2024-02-19 03:54:39.670599	[INFO]	goods_manager.py	响应时间:960ms	天津市	河东区	这里是日志信息......
2024-02-19 03:54:39.670616	[INFO]	goods_manager.py	响应时间:936ms	天津市	河东区	这里是日志信息......
2024-02-19 03:54:39.670633	[INFO]	event.py	响应时间:507ms	重庆市	渝中区	这里是日志信息......
2024-02-19 03:54:39.670651	[INFO]	goods_manager.py	响应时间:99ms	上海市	静安区	这里是日志信息......
2024-02-19 03:54:39.670668	[INFO]	shop_manager.py	响应时间:189ms	湖北省	武汉市	这里是日志信息......
2024-02-19 03:54:39.670685	[INFO]	goods_manager.py	响应时间:146ms	上海市	普陀区	这里是日志信息......
2024-02-19 03:54:39.670702	[INFO]	orders_service.py	响应时间:214ms	江苏省	张家港市	这里是日志信息......
2024-02-19 03:54:39.670720	[INFO]	user_manager.py	响应时间:994ms	北京市	朝阳区	这里是日志信息......
2024-02-19 03:54:39.670737	[ERROR]	goods_manager.py	响应时间:844ms	重庆市	九龙坡区	这里是日志信息......
2024-02-19 03:54:39.670754	[INFO]	event.py	响应时间:340ms	天津市	武清区	这里是日志信息......
2024-02-19 03:54:39.670771	[INFO]	shop_manager.py	响应时间:3393ms	上海市	杨浦区	这里是日志信息......
2024-02-19 03:54:39.670789	[INFO]	event.py	响应时间:6342ms	上海市	宝山区	这里是日志信息......
2024-02-19 03:54:39.670807	[WARN]	event.py	响应时间:263ms	北京市	大兴区	这里是日志信息......
2024-02-19 03:54:39.670824	[INFO]	base_network.py	响应时间:756ms	湖北省	武汉市	这里是日志信息......
2024-02-19 03:54:39.670841	[INFO]	shop_manager.py	响应时间:33ms	湖南省	益阳市	这里是日志信息......
2024-02-19 03:54:39.670859	[INFO]	barcode_service.py	响应时间:477ms	湖南省	长沙市	这里是日志信息......
2024-02-19 03:54:39.670876	[INFO]	shop_manager.py	响应时间:7405ms	上海市	普陀区	这里是日志信息......
2024-02-19 03:54:39.670894	[INFO]	event.py	响应时间:813ms	山东省	菏泽市	这里是日志信息......
2024-02-19 03:54:39.670911	[INFO]	orders_service.py	响应时间:6975ms	北京市	大兴区	这里是日志信息......
2024-02-19 03:54:39.670929	[INFO]	goods_manager.py	响应时间:956ms	天津市	武清区	这里是日志信息......
2024-02-19 03:54:39.670946	[INFO]	event.py	响应时间:710ms	北京市	海淀区	这里是日志信息......
2024-02-19 03:54:39.670963	[INFO]	orders_service.py	响应时间:391ms	湖南省	长沙市	这里是日志信息......
2024-02-19 03:54:39.670981	[INFO]	event.py	响应时间:4ms	广东省	广州市	这里是日志信息......
2024-02-19 03:54:39.670998	[ERROR]	orders_service.py	响应时间:941ms	江苏省	无锡市	这里是日志信息......
2024-02-19 03:54:39.671016	[WARN]	shop_manager.py	响应时间:397ms	广东省	广州市	这里是日志信息......
2024-02-19 03:54:39.671034	[INFO]	base_network.py	响应时间:987ms	湖北省	武汉市	这里是日志信息......
2024-02-19 03:54:39.671051	[INFO]	orders_service.py	响应时间:609ms	山东省	青岛市	这里是日志信息......
2024-02-19 03:54:39.671069	[INFO]	goods_manager.py	响应时间:978ms	安徽省	合肥市	这里是日志信息......
2024-02-19 03:54:39.671086	[WARN]	user_manager.py	响应时间:614ms	北京市	怀柔区	这里是日志信息......
2024-02-19 03:54:39.671103	[INFO]	event.py	响应时间:894ms	湖北省	十堰市	这里是日志信息......
2024-02-19 03:54:39.671121	[WARN]	shop_manager.py	响应时间:605ms	湖北省	十堰市	这里是日志信息......
2024-02-19 03:54:39.671138	[INFO]	orders_service.py	响应时间:155ms	安徽省	阜阳市	这里是日志信息......
2024-02-19 03:54:39.671156	[INFO]	goods_manager.py	响应时间:136ms	安徽省	铜陵市	这里是日志信息......
2024-02-19 03:54:39.671173	[INFO]	event.py	响应时间:498ms	安徽省	合肥市	这里是日志信息......
2024-02-19 03:54:39.671190	[INFO]	goods_manager.py	响应时间:58ms	湖北省	恩施土家族苗族自治州	这里是日志信息......
2024-02-19 03:54:39.671208	[INFO]	user_manager.py	响应时间:366ms	天津市	和平区	这里是日志信息......
2024-02-19 03:54:39.671225	[INFO]	event.py	响应时间:823ms	重庆市	万州区	这里是日志信息......
2024-02-19 03:54:39.671242	[INFO]	event.py	响应时间:348ms	湖北省	荆州市	这里是日志信息......
2024-02-19 03:54:39.671260	[ERROR]	orders_service.py	响应时间:403ms	上海市	浦东新区	这里是日志信息......
2024-02-19 03:54:39.671277	[INFO]	barcode_service.py	响应时间:724ms	广东省	深圳市	这里是日志信息......
2024-02-19 03:54:39.671294	[INFO]	orders_service.py	响应时间:815ms	重庆市	万州区	这里是日志信息......
2024-02-19 03:54:39.671341	[INFO]	goods_manager.py	响应时间:580ms	天津市	武清区	这里是日志信息......
2024-02-19 03:54:39.671362	[INFO]	event.py	响应时间:603ms	江苏省	无锡市	这里是日志信息......
2024-02-19 03:54:39.671379	[INFO]	barcode_service.py	响应时间:806ms	湖南省	长沙市	这里是日志信息......
2024-02-19 03:54:39.671397	[INFO]	event.py	响应时间:299ms	湖南省	长沙市	这里是日志信息......
2024-02-19 03:54:39.671414	[WARN]	goods_manager.py	响应时间:269ms	上海市	浦东新区	这里是日志信息......
2024-02-19 03:54:39.671432	[INFO]	base_network.py	响应时间:372ms	重庆市	万州区	这里是日志信息......
2024-02-19 03:54:39.671449	[INFO]	orders_service.py	响应时间:439ms	天津市	武清区	这里是日志信息......
2024-02-19 03:54:39.671466	[INFO]	base_network.py	响应时间:602ms	北京市	大兴区	这里是日志信息......
2024-02-19 03:54:39.671483	[WARN]	barcode_service.py	响应时间:689ms	重庆市	万州区	这里是日志信息......
2024-02-19 03:54:39.671500	[INFO]	event.py	响应时间:3166ms	天津市	宝坻区	这里是日志信息......
2024-02-19 03:54:39.671517	[INFO]	base_network.py	响应时间:809ms	山东省	青岛市	这里是日志信息......
2024-02-19 03:54:39.671536	[INFO]	goods_manager.py	响应时间:532ms	天津市	河东区	这里是日志信息......
2024-02-19 03:54:39.671553	[INFO]	orders_service.py	响应时间:559ms	江苏省	南京市	这里是日志信息......
2024-02-19 03:54:39.671570	[INFO]	base_network.py	响应时间:988ms	重庆市	南岸区	这里是日志信息......
2024-02-19 03:54:39.671588	[INFO]	event.py	响应时间:871ms	山东省	济南市	这里是日志信息......
2024-02-19 03:54:39.671605	[INFO]	event.py	响应时间:431ms	安徽省	合肥市	这里是日志信息......
2024-02-19 03:54:39.671622	[INFO]	goods_manager.py	响应时间:505ms	广东省	深圳市	这里是日志信息......
2024-02-19 03:54:39.671640	[INFO]	orders_service.py	响应时间:71ms	北京市	昌平区	这里是日志信息......
2024-02-19 03:54:39.671657	[INFO]	shop_manager.py	响应时间:5675ms	湖北省	武汉市	这里是日志信息......
2024-02-19 03:54:39.671674	[INFO]	barcode_service.py	响应时间:512ms	上海市	静安区	这里是日志信息......
2024-02-19 03:54:39.671692	[INFO]	event.py	响应时间:332ms	湖南省	长沙市	这里是日志信息......
2024-02-19 03:54:39.671709	[INFO]	base_network.py	响应时间:141ms	山东省	菏泽市	这里是日志信息......
2024-02-19 03:54:39.671726	[INFO]	event.py	响应时间:202ms	湖南省	益阳市	这里是日志信息......
2024-02-19 03:54:39.671743	[INFO]	orders_service.py	响应时间:512ms	北京市	丰台区	这里是日志信息......
2024-02-19 03:54:39.671760	[INFO]	event.py	响应时间:386ms	北京市	大兴区	这里是日志信息......
2024-02-19 03:54:39.671777	[INFO]	event.py	响应时间:753ms	天津市	河东区	这里是日志信息......
2024-02-19 03:54:39.671794	[INFO]	barcode_service.py	响应时间:322ms	山东省	青岛市	这里是日志信息......
2024-02-19 03:54:39.671812	[INFO]	shop_manager.py	响应时间:282ms	天津市	宝坻区	这里是日志信息......
2024-02-19 03:54:39.671829	[INFO]	barcode_service.py	响应时间:662ms	天津市	河西区	这里是日志信息......
2024-02-19 03:54:39.671846	[INFO]	barcode_service.py	响应时间:183ms	上海市	徐汇区	这里是日志信息......
2024-02-19 03:54:39.671864	[INFO]	goods_manager.py	响应时间:38ms	江苏省	南京市	这里是日志信息......
2024-02-19 03:54:39.671881	[ERROR]	goods_manager.py	响应时间:715ms	湖北省	十堰市	这里是日志信息......
2024-02-19 03:54:39.671899	[INFO]	event.py	响应时间:915ms	山东省	青岛市	这里是日志信息......
2024-02-19 03:54:39.671916	[INFO]	event.py	响应时间:160ms	广东省	广州市	这里是日志信息......
2024-02-19 03:54:39.671933	[INFO]	user_manager.py	响应时间:205ms	安徽省	合肥市	这里是日志信息......
2024-02-19 03:54:39.671950	[INFO]	goods_manager.py	响应时间:446ms	上海市	普陀区	这里是日志信息......
2024-02-19 03:54:39.671968	[INFO]	event.py	响应时间:455ms	广东省	广州市	这里是日志信息......
2024-02-19 03:54:39.671985	[INFO]	shop_manager.py	响应时间:122ms	重庆市	万州区	这里是日志信息......
2024-02-19 03:54:39.672004	[INFO]	barcode_service.py	响应时间:894ms	上海市	杨浦区	这里是日志信息......
2024-02-19 03:54:39.672021	[INFO]	orders_service.py	响应时间:70ms	北京市	海淀区	这里是日志信息......
2024-02-19 03:54:39.672038	[INFO]	event.py	响应时间:817ms	北京市	海淀区	这里是日志信息......
2024-02-19 03:54:39.672056	[INFO]	event.py	响应时间:226ms	广东省	深圳市	这里是日志信息......
2024-02-19 03:54:39.672073	[INFO]	event.py	响应时间:63ms	上海市	浦东新区	这里是日志信息......
2024-02-19 03:54:39.672091	[INFO]	user_manager.py	响应时间:45ms	天津市	和平区	这里是日志信息......
2024-02-19 03:54:39.672108	[INFO]	user_manager.py	响应时间:358ms	天津市	河西区	这里是日志信息......
2024-02-19 03:54:39.672125	[INFO]	user_manager.py	响应时间:723ms	湖北省	武汉市	这里是日志信息......
2024-02-19 03:54:39.672143	[WARN]	barcode_service.py	响应时间:606ms	天津市	武清区	这里是日志信息......
2024-02-19 03:54:39.672160	[INFO]	orders_service.py	响应时间:999ms	天津市	河东区	这里是日志信息......
2024-02-19 03:54:39.672177	[WARN]	event.py	响应时间:841ms	上海市	静安区	这里是日志信息......
2024-02-19 03:54:39.672195	[WARN]	shop_manager.py	响应时间:40ms	天津市	武清区	这里是日志信息......
2024-02-19 03:54:39.672213	[INFO]	user_manager.py	响应时间:628ms	安徽省	池州市	这里是日志信息......
2024-02-19 03:54:39.672229	[INFO]	barcode_service.py	响应时间:168ms	上海市	宝山区	这里是日志信息......
2024-02-19 03:54:39.672247	[INFO]	barcode_service.py	响应时间:972ms	广东省	广州市	这里是日志信息......
2024-02-19 03:54:39.672265	[INFO]	user_manager.py	响应时间:82ms	安徽省	芜湖市	这里是日志信息......
2024-02-19 03:54:39.672283	[INFO]	orders_service.py	响应时间:264ms	湖南省	长沙市	这里是日志信息......
2024-02-19 03:54:39.672300	[INFO]	base_network.py	响应时间:5ms	浙江省	绍兴市	这里是日志信息......
2024-02-19 03:54:39.672318	[INFO]	event.py	响应时间:104ms	湖北省	恩施土家族苗族自治州	这里是日志信息......
2024-02-19 03:54:39.672336	[INFO]	barcode_service.py	响应时间:805ms	广东省	深圳市	这里是日志信息......
2024-02-19 03:54:39.672353	[INFO]	orders_service.py	响应时间:839ms	湖南省	长沙市	这里是日志信息......
2024-02-19 03:54:39.672370	[INFO]	event.py	响应时间:208ms	北京市	昌平区	这里是日志信息......
2024-02-19 03:54:39.672388	[WARN]	base_network.py	响应时间:495ms	广东省	深圳市	这里是日志信息......
2024-02-19 03:54:39.672406	[INFO]	event.py	响应时间:874ms	北京市	大兴区	这里是日志信息......
2024-02-19 03:54:39.672423	[INFO]	event.py	响应时间:661ms	广东省	深圳市	这里是日志信息......
2024-02-19 03:54:39.672441	[INFO]	orders_service.py	响应时间:343ms	江苏省	常州市	这里是日志信息......
2024-02-19 03:54:39.672458	[INFO]	goods_manager.py	响应时间:339ms	湖北省	恩施土家族苗族自治州	这里是日志信息......
2024-02-19 03:54:39.672476	[INFO]	user_manager.py	响应时间:200ms	北京市	海淀区	这里是日志信息......
2024-02-19 03:54:39.672493	[INFO]	event.py	响应时间:223ms	上海市	静安区	这里是日志信息......
2024-02-19 03:54:39.672510	[INFO]	user_manager.py	响应时间:151ms	湖南省	株洲市	这里是日志信息......
2024-02-19 03:54:39.672527	[INFO]	goods_manager.py	响应时间:99ms	湖北省	武汉市	这里是日志信息......
2024-02-19 03:54:39.672545	[INFO]	barcode_service.py	响应时间:848ms	广东省	广州市	这里是日志信息......
2024-02-19 03:54:39.672585	[INFO]	event.py	响应时间:755ms	天津市	和平区	这里是日志信息......
2024-02-19 03:54:39.672605	[INFO]	goods_manager.py	响应时间:276ms	天津市	宝坻区	这里是日志信息......
2024-02-19 03:54:39.672623	[ERROR]	base_network.py	响应时间:251ms	北京市	海淀区	这里是日志信息......
2024-02-19 03:54:39.672640	[INFO]	event.py	响应时间:300ms	上海市	宝山区	这里是日志信息......
2024-02-19 03:54:39.672657	[INFO]	goods_manager.py	响应时间:302ms	山东省	青岛市	这里是日志信息......
2024-02-19 03:54:39.672675	[INFO]	orders_service.py	响应时间:883ms	湖北省	恩施土家族苗族自治州	这里是日志信息......
2024-02-19 03:54:39.672692	[INFO]	event.py	响应时间:516ms	湖南省	长沙市	这里是日志信息......
2024-02-19 03:54:39.672710	[INFO]	shop_manager.py	响应时间:192ms	山东省	济南市	这里是日志信息......
2024-02-19 03:54:39.672728	[INFO]	goods_manager.py	响应时间:793ms	广东省	广州市	这里是日志信息......
2024-02-19 03:54:39.672745	[INFO]	goods_manager.py	响应时间:783ms	上海市	宝山区	这里是日志信息......
2024-02-19 03:54:39.672762	[INFO]	orders_service.py	响应时间:551ms	广东省	广州市	这里是日志信息......
2024-02-19 03:54:39.672780	[INFO]	event.py	响应时间:792ms	安徽省	池州市	这里是日志信息......
2024-02-19 03:54:39.672797	[INFO]	event.py	响应时间:867ms	山东省	济南市	这里是日志信息......
2024-02-19 03:54:39.672815	[INFO]	barcode_service.py	响应时间:536ms	重庆市	涪陵区	这里是日志信息......
2024-02-19 03:54:39.672832	[WARN]	goods_manager.py	响应时间:190ms	湖南省	株洲市	这里是日志信息......
2024-02-19 03:54:39.672850	[INFO]	orders_service.py	响应时间:870ms	湖北省	武汉市	这里是日志信息......
2024-02-19 03:54:39.672867	[INFO]	base_network.py	响应时间:6152ms	天津市	河西区	这里是日志信息......
2024-02-19 03:54:39.672884	[WARN]	user_manager.py	响应时间:195ms	浙江省	舟山市	这里是日志信息......
2024-02-19 03:54:39.672902	[INFO]	orders_service.py	响应时间:738ms	天津市	河西区	这里是日志信息......
2024-02-19 03:54:39.672919	[INFO]	orders_service.py	响应时间:202ms	湖北省	武汉市	这里是日志信息......
2024-02-19 03:54:39.672937	[INFO]	event.py	响应时间:205ms	湖南省	株洲市	这里是日志信息......
2024-02-19 03:54:39.672954	[INFO]	orders_service.py	响应时间:943ms	广东省	广州市	这里是日志信息......
2024-02-19 03:54:39.672971	[INFO]	event.py	响应时间:821ms	湖北省	武汉市	这里是日志信息......
2024-02-19 03:54:39.672988	[INFO]	event.py	响应时间:574ms	江苏省	南京市	这里是日志信息......
2024-02-19 03:54:39.673005	[INFO]	goods_manager.py	响应时间:61ms	山东省	青岛市	这里是日志信息......
2024-02-19 03:54:39.673023	[INFO]	event.py	响应时间:609ms	北京市	大兴区	这里是日志信息......
2024-02-19 03:54:39.673040	[INFO]	barcode_service.py	响应时间:899ms	山东省	济南市	这里是日志信息......
2024-02-19 03:54:39.673058	[INFO]	goods_manager.py	响应时间:550ms	浙江省	绍兴市	这里是日志信息......
2024-02-19 03:54:39.673076	[INFO]	event.py	响应时间:432ms	湖北省	恩施土家族苗族自治州	这里是日志信息......
2024-02-19 03:54:39.673094	[INFO]	goods_manager.py	响应时间:730ms	江苏省	苏州市	这里是日志信息......
2024-02-19 03:54:39.673111	[WARN]	barcode_service.py	响应时间:103ms	江苏省	无锡市	这里是日志信息......
2024-02-19 03:54:39.673128	[INFO]	orders_service.py	响应时间:990ms	上海市	杨浦区	这里是日志信息......
2024-02-19 03:54:39.673146	[INFO]	event.py	响应时间:469ms	天津市	和平区	这里是日志信息......
2024-02-19 03:54:39.673163	[INFO]	goods_manager.py	响应时间:161ms	江苏省	南京市	这里是日志信息......
2024-02-19 03:54:39.673180	[INFO]	event.py	响应时间:489ms	北京市	海淀区	这里是日志信息......
2024-02-19 03:54:39.673197	[ERROR]	barcode_service.py	响应时间:246ms	重庆市	九龙坡区	这里是日志信息......
2024-02-19 03:54:39.673215	[ERROR]	user_manager.py	响应时间:442ms	天津市	武清区	这里是日志信息......
2024-02-19 03:54:39.673232	[INFO]	event.py	响应时间:346ms	安徽省	六安市	这里是日志信息......
2024-02-19 03:54:39.673250	[INFO]	base_network.py	响应时间:974ms	湖南省	长沙市	这里是日志信息......
2024-02-19 03:54:39.673268	[INFO]	event.py	响应时间:224ms	湖北省	荆州市	这里是日志信息......
2024-02-19 03:54:39.673285	[INFO]	user_manager.py	响应时间:266ms	安徽省	芜湖市	这里是日志信息......
2024-02-19 03:54:39.673303	[INFO]	barcode_service.py	响应时间:763ms	上海市	静安区	这里是日志信息......
2024-02-19 03:54:39.673321	[INFO]	barcode_service.py	响应时间:816ms	江苏省	南京市	这里是日志信息......
2024-02-19 03:54:39.673338	[INFO]	orders_service.py	响应时间:6568ms	江苏省	苏州市	这里是日志信息......
2024-02-19 03:54:39.673356	[INFO]	event.py	响应时间:481ms	上海市	普陀区	这里是日志信息......
2024-02-19 03:54:39.673373	[WARN]	goods_manager.py	响应时间:69ms	湖南省	长沙市	这里是日志信息......
2024-02-19 03:54:39.673390	[INFO]	orders_service.py	响应时间:57ms	浙江省	丽水市	这里是日志信息......
2024-02-19 03:54:39.673407	[INFO]	orders_service.py	响应时间:6966ms	江苏省	常州市	这里是日志信息......
2024-02-19 03:54:39.673425	[INFO]	event.py	响应时间:625ms	浙江省	金华市	这里是日志信息......
2024-02-19 03:54:39.673442	[WARN]	barcode_service.py	响应时间:450ms	广东省	深圳市	这里是日志信息......
2024-02-19 03:54:39.673459	[INFO]	event.py	响应时间:124ms	江苏省	常州市	这里是日志信息......
2024-02-19 03:54:39.673477	[INFO]	goods_manager.py	响应时间:366ms	安徽省	六安市	这里是日志信息......
2024-02-19 03:54:39.673495	[INFO]	orders_service.py	响应时间:2407ms	安徽省	合肥市	这里是日志信息......
2024-02-19 03:54:39.673512	[INFO]	goods_manager.py	响应时间:484ms	山东省	菏泽市	这里是日志信息......
2024-02-19 03:54:39.673530	[WARN]	event.py	响应时间:629ms	湖北省	十堰市	这里是日志信息......
2024-02-19 03:54:39.673547	[WARN]	base_network.py	响应时间:125ms	湖北省	武汉市	这里是日志信息......
2024-02-19 03:54:39.673564	[INFO]	goods_manager.py	响应时间:378ms	湖南省	长沙市	这里是日志信息......
2024-02-19 03:54:39.673582	[INFO]	barcode_service.py	响应时间:195ms	安徽省	合肥市	这里是日志信息......
2024-02-19 03:54:39.673599	[INFO]	goods_manager.py	响应时间:269ms	浙江省	杭州市	这里是日志信息......
2024-02-19 03:54:39.673617	[INFO]	event.py	响应时间:186ms	上海市	宝山区	这里是日志信息......
2024-02-19 03:54:39.673634	[INFO]	event.py	响应时间:715ms	天津市	河西区	这里是日志信息......
2024-02-19 03:54:39.673652	[INFO]	orders_service.py	响应时间:781ms	山东省	济南市	这里是日志信息......
2024-02-19 03:54:39.673670	[WARN]	goods_manager.py	响应时间:7327ms	湖北省	武汉市	这里是日志信息......
2024-02-19 03:54:39.673687	[INFO]	barcode_service.py	响应时间:16ms	广东省	深圳市	这里是日志信息......
2024-02-19 03:54:39.673705	[INFO]	goods_manager.py	响应时间:935ms	浙江省	杭州市	这里是日志信息......
2024-02-19 03:54:39.673723	[INFO]	base_network.py	响应时间:137ms	广东省	珠海市	这里是日志信息......
2024-02-19 03:54:39.673740	[INFO]	goods_manager.py	响应时间:293ms	山东省	济南市	这里是日志信息......
2024-02-19 03:54:39.673757	[INFO]	goods_manager.py	响应时间:271ms	山东省	青岛市	这里是日志信息......
2024-02-19 03:54:39.673775	[INFO]	goods_manager.py	响应时间:464ms	湖北省	武汉市	这里是日志信息......
2024-02-19 03:54:39.673793	[INFO]	goods_manager.py	响应时间:484ms	广东省	广州市	这里是日志信息......
2024-02-19 03:54:39.673835	[INFO]	goods_manager.py	响应时间:600ms	北京市	大兴区	这里是日志信息......
2024-02-19 03:54:39.673856	[WARN]	goods_manager.py	响应时间:984ms	广东省	广州市	这里是日志信息......
2024-02-19 03:54:39.673873	[INFO]	orders_service.py	响应时间:693ms	上海市	普陀区	这里是日志信息......
2024-02-19 03:54:39.673891	[WARN]	event.py	响应时间:189ms	北京市	怀柔区	这里是日志信息......
2024-02-19 03:54:39.673908	[INFO]	goods_manager.py	响应时间:3174ms	北京市	昌平区	这里是日志信息......
2024-02-19 03:54:39.673926	[WARN]	event.py	响应时间:522ms	江苏省	苏州市	这里是日志信息......
2024-02-19 03:54:39.673944	[INFO]	event.py	响应时间:460ms	广东省	广州市	这里是日志信息......
2024-02-19 03:54:39.673961	[INFO]	orders_service.py	响应时间:925ms	湖北省	武汉市	这里是日志信息......
2024-02-19 03:54:39.673979	[INFO]	event.py	响应时间:225ms	湖北省	恩施土家族苗族自治州	这里是日志信息......
2024-02-19 03:54:39.673997	[INFO]	barcode_service.py	响应时间:148ms	天津市	和平区	这里是日志信息......
2024-02-19 03:54:39.674014	[ERROR]	goods_manager.py	响应时间:4940ms	湖南省	长沙市	这里是日志信息......
2024-02-19 03:54:39.674033	[INFO]	user_manager.py	响应时间:795ms	上海市	浦东新区	这里是日志信息......
2024-02-19 03:54:39.674050	[INFO]	user_manager.py	响应时间:311ms	山东省	菏泽市	这里是日志信息......
2024-02-19 03:54:39.674067	[WARN]	base_network.py	响应时间:616ms	江苏省	张家港市	这里是日志信息......
2024-02-19 03:54:39.674084	[INFO]	barcode_service.py	响应时间:608ms	江苏省	宿迁市	这里是日志信息......
2024-02-19 03:54:39.674102	[INFO]	shop_manager.py	响应时间:292ms	湖北省	武汉市	这里是日志信息......
2024-02-19 03:54:39.674119	[INFO]	shop_manager.py	响应时间:39ms	江苏省	南京市	这里是日志信息......
2024-02-19 03:54:39.674137	[INFO]	orders_service.py	响应时间:947ms	天津市	河东区	这里是日志信息......
2024-02-19 03:54:39.674154	[INFO]	base_network.py	响应时间:106ms	上海市	徐汇区	这里是日志信息......
2024-02-19 03:54:39.674172	[WARN]	orders_service.py	响应时间:34ms	湖北省	武汉市	这里是日志信息......
2024-02-19 03:54:39.674189	[INFO]	event.py	响应时间:870ms	湖南省	常德市	这里是日志信息......
2024-02-19 03:54:39.674207	[INFO]	event.py	响应时间:338ms	安徽省	阜阳市	这里是日志信息......
2024-02-19 03:54:39.674224	[WARN]	goods_manager.py	响应时间:66ms	湖南省	益阳市	这里是日志信息......
2024-02-19 03:54:39.674241	[WARN]	shop_manager.py	响应时间:475ms	广东省	珠海市	这里是日志信息......
2024-02-19 03:54:39.674259	[INFO]	goods_manager.py	响应时间:591ms	北京市	朝阳区	这里是日志信息......
2024-02-19 03:54:39.674276	[INFO]	user_manager.py	响应时间:866ms	天津市	河西区	这里是日志信息......
2024-02-19 03:54:39.674293	[WARN]	goods_manager.py	响应时间:243ms	湖南省	长沙市	这里是日志信息......
2024-02-19 03:54:39.674310	[INFO]	event.py	响应时间:152ms	广东省	广州市	这里是日志信息......
2024-02-19 03:54:39.674328	[WARN]	orders_service.py	响应时间:489ms	天津市	宝坻区	这里是日志信息......
2024-02-19 03:54:39.674345	[WARN]	orders_service.py	响应时间:74ms	江苏省	南京市	这里是日志信息......
2024-02-19 03:54:39.674362	[INFO]	event.py	响应时间:543ms	北京市	海淀区	这里是日志信息......
2024-02-19 03:54:39.674380	[INFO]	goods_manager.py	响应时间:418ms	广东省	珠海市	这里是日志信息......
2024-02-19 03:54:39.674397	[INFO]	goods_manager.py	响应时间:294ms	安徽省	合肥市	这里是日志信息......
2024-02-19 03:54:39.674414	[WARN]	goods_manager.py	响应时间:157ms	上海市	杨浦区	这里是日志信息......
2024-02-19 03:54:39.674431	[INFO]	orders_service.py	响应时间:47ms	北京市	大兴区	这里是日志信息......
2024-02-19 03:54:39.674448	[INFO]	event.py	响应时间:328ms	上海市	浦东新区	这里是日志信息......
2024-02-19 03:54:39.674465	[INFO]	goods_manager.py	响应时间:373ms	广东省	深圳市	这里是日志信息......
2024-02-19 03:54:39.674482	[INFO]	event.py	响应时间:622ms	安徽省	芜湖市	这里是日志信息......
2024-02-19 03:54:39.674500	[WARN]	user_manager.py	响应时间:680ms	山东省	青岛市	这里是日志信息......
2024-02-19 03:54:39.674518	[ERROR]	event.py	响应时间:810ms	安徽省	铜陵市	这里是日志信息......
2024-02-19 03:54:39.674535	[INFO]	barcode_service.py	响应时间:715ms	重庆市	九龙坡区	这里是日志信息......
2024-02-19 03:54:39.674552	[INFO]	orders_service.py	响应时间:368ms	上海市	普陀区	这里是日志信息......
2024-02-19 03:54:39.674572	[INFO]	event.py	响应时间:338ms	上海市	徐汇区	这里是日志信息......
2024-02-19 03:54:39.674589	[INFO]	base_network.py	响应时间:432ms	江苏省	无锡市	这里是日志信息......
2024-02-19 03:54:39.674607	[INFO]	barcode_service.py	响应时间:256ms	广东省	广州市	这里是日志信息......
2024-02-19 03:54:39.674624	[INFO]	event.py	响应时间:161ms	上海市	杨浦区	这里是日志信息......
2024-02-19 03:54:39.674641	[INFO]	barcode_service.py	响应时间:716ms	山东省	菏泽市	这里是日志信息......
2024-02-19 03:54:39.674659	[INFO]	shop_manager.py	响应时间:888ms	江苏省	宿迁市	这里是日志信息......
2024-02-19 03:54:39.674676	[INFO]	goods_manager.py	响应时间:272ms	天津市	河西区	这里是日志信息......
2024-02-19 03:54:39.674694	[INFO]	orders_service.py	响应时间:137ms	浙江省	金华市	这里是日志信息......
2024-02-19 03:54:39.674711	[INFO]	event.py	响应时间:593ms	浙江省	绍兴市	这里是日志信息......
2024-02-19 03:54:39.674729	[INFO]	user_manager.py	响应时间:517ms	湖北省	武汉市	这里是日志信息......
2024-02-19 03:54:39.674746	[INFO]	goods_manager.py	响应时间:904ms	江苏省	南京市	这里是日志信息......
2024-02-19 03:54:39.674763	[INFO]	user_manager.py	响应时间:997ms	上海市	浦东新区	这里是日志信息......
2024-02-19 03:54:39.674781	[ERROR]	event.py	响应时间:908ms	江苏省	南京市	这里是日志信息......
2024-02-19 03:54:39.674798	[INFO]	shop_manager.py	响应时间:369ms	重庆市	九龙坡区	这里是日志信息......
2024-02-19 03:54:39.674816	[INFO]	goods_manager.py	响应时间:887ms	浙江省	金华市	这里是日志信息......
2024-02-19 03:54:39.674833	[INFO]	event.py	响应时间:894ms	安徽省	芜湖市	这里是日志信息......
2024-02-19 03:54:39.674851	[INFO]	orders_service.py	响应时间:507ms	江苏省	苏州市	这里是日志信息......
2024-02-19 03:54:39.674867	[INFO]	barcode_service.py	响应时间:136ms	江苏省	常州市	这里是日志信息......
2024-02-19 03:54:39.674885	[INFO]	barcode_service.py	响应时间:914ms	浙江省	杭州市	这里是日志信息......
2024-02-19 03:54:39.674902	[INFO]	orders_service.py	响应时间:689ms	天津市	和平区	这里是日志信息......
2024-02-19 03:54:39.674919	[INFO]	user_manager.py	响应时间:294ms	广东省	广州市	这里是日志信息......
2024-02-19 03:54:39.674937	[INFO]	orders_service.py	响应时间:688ms	湖南省	长沙市	这里是日志信息......
2024-02-19 03:54:39.674954	[INFO]	goods_manager.py	响应时间:582ms	湖南省	长沙市	这里是日志信息......
2024-02-19 03:54:39.674971	[INFO]	base_network.py	响应时间:742ms	浙江省	金华市	这里是日志信息......
2024-02-19 03:54:39.674988	[INFO]	goods_manager.py	响应时间:10ms	江苏省	南京市	这里是日志信息......
2024-02-19 03:54:39.675006	[INFO]	event.py	响应时间:838ms	重庆市	万州区	这里是日志信息......
2024-02-19 03:54:39.675023	[INFO]	barcode_service.py	响应时间:765ms	浙江省	丽水市	这里是日志信息......
2024-02-19 03:54:39.675040	[INFO]	base_network.py	响应时间:184ms	安徽省	合肥市	这里是日志信息......
2024-02-19 03:54:39.675079	[WARN]	orders_service.py	响应时间:721ms	江苏省	宿迁市	这里是日志信息......
2024-02-19 03:54:39.675099	[INFO]	orders_service.py	响应时间:30ms	浙江省	嘉兴市	这里是日志信息......
2024-02-19 03:54:39.675117	[INFO]	event.py	响应时间:135ms	安徽省	合肥市	这里是日志信息......
2024-02-19 03:54:39.675135	[INFO]	orders_service.py	响应时间:257ms	上海市	静安区	这里是日志信息......
2024-02-19 03:54:39.675155	[INFO]	base_network.py	响应时间:478ms	北京市	海淀区	这里是日志信息......
2024-02-19 03:54:39.675172	[INFO]	base_network.py	响应时间:128ms	天津市	和平区	这里是日志信息......
2024-02-19 03:54:39.675188	[INFO]	goods_manager.py	响应时间:459ms	安徽省	池州市	这里是日志信息......
2024-02-19 03:54:39.675203	[INFO]	event.py	响应时间:817ms	广东省	深圳市	这里是日志信息......
2024-02-19 03:54:39.675217	[WARN]	user_manager.py	响应时间:122ms	上海市	浦东新区	这里是日志信息......
2024-02-19 03:54:39.675232	[WARN]	goods_manager.py	响应时间:8ms	天津市	和平区	这里是日志信息......
2024-02-19 03:54:39.675246	[INFO]	orders_service.py	响应时间:61ms	湖南省	益阳市	这里是日志信息......
2024-02-19 03:54:39.675260	[INFO]	orders_service.py	响应时间:671ms	北京市	丰台区	这里是日志信息......
2024-02-19 03:54:39.675275	[INFO]	barcode_service.py	响应时间:674ms	江苏省	常州市	这里是日志信息......
2024-02-19 03:54:39.675289	[INFO]	event.py	响应时间:156ms	江苏省	苏州市	这里是日志信息......
2024-02-19 03:54:39.675303	[INFO]	goods_manager.py	响应时间:990ms	江苏省	张家港市	这里是日志信息......
2024-02-19 03:54:39.675317	[INFO]	barcode_service.py	响应时间:149ms	湖北省	武汉市	这里是日志信息......
2024-02-19 03:54:39.675331	[WARN]	goods_manager.py	响应时间:104ms	安徽省	池州市	这里是日志信息......
2024-02-19 03:54:39.675346	[INFO]	goods_manager.py	响应时间:726ms	湖南省	株洲市	这里是日志信息......
2024-02-19 03:54:39.675360	[INFO]	event.py	响应时间:482ms	天津市	河东区	这里是日志信息......
2024-02-19 03:54:39.675374	[WARN]	event.py	响应时间:660ms	浙江省	湖州市	这里是日志信息......
2024-02-19 03:54:39.675389	[INFO]	goods_manager.py	响应时间:572ms	浙江省	绍兴市	这里是日志信息......
2024-02-19 03:54:39.675403	[INFO]	orders_service.py	响应时间:622ms	湖南省	长沙市	这里是日志信息......
2024-02-19 03:54:39.675417	[WARN]	event.py	响应时间:772ms	湖南省	益阳市	这里是日志信息......
2024-02-19 03:54:39.675432	[ERROR]	barcode_service.py	响应时间:62ms	浙江省	湖州市	这里是日志信息......
2024-02-19 03:54:39.675446	[INFO]	goods_manager.py	响应时间:188ms	浙江省	杭州市	这里是日志信息......
2024-02-19 03:54:39.675460	[INFO]	base_network.py	响应时间:907ms	湖北省	武汉市	这里是日志信息......
2024-02-19 03:54:39.675475	[INFO]	user_manager.py	响应时间:383ms	重庆市	沙坪坝区	这里是日志信息......
2024-02-19 03:54:39.675489	[INFO]	event.py	响应时间:44ms	天津市	宝坻区	这里是日志信息......
2024-02-19 03:54:39.675503	[INFO]	event.py	响应时间:158ms	湖南省	张家界市	这里是日志信息......
2024-02-19 03:54:39.675517	[INFO]	event.py	响应时间:829ms	湖南省	长沙市	这里是日志信息......
2024-02-19 03:54:39.675532	[INFO]	orders_service.py	响应时间:683ms	浙江省	嘉兴市	这里是日志信息......
2024-02-19 03:54:39.675546	[INFO]	orders_service.py	响应时间:619ms	湖南省	长沙市	这里是日志信息......
2024-02-19 03:54:39.675561	[INFO]	event.py	响应时间:270ms	安徽省	芜湖市	这里是日志信息......
2024-02-19 03:54:39.675575	[INFO]	base_network.py	响应时间:954ms	江苏省	南京市	这里是日志信息......
2024-02-19 03:54:39.675589	[INFO]	goods_manager.py	响应时间:910ms	浙江省	舟山市	这里是日志信息......
2024-02-19 03:54:39.675603	[INFO]	orders_service.py	响应时间:995ms	湖北省	恩施土家族苗族自治州	这里是日志信息......
2024-02-19 03:54:39.675618	[WARN]	barcode_service.py	响应时间:808ms	湖北省	武汉市	这里是日志信息......
2024-02-19 03:54:39.675632	[INFO]	event.py	响应时间:346ms	浙江省	杭州市	这里是日志信息......
2024-02-19 03:54:39.675647	[INFO]	barcode_service.py	响应时间:566ms	山东省	菏泽市	这里是日志信息......
2024-02-19 03:54:39.675661	[INFO]	event.py	响应时间:786ms	湖北省	恩施土家族苗族自治州	这里是日志信息......
2024-02-19 03:54:39.675675	[INFO]	orders_service.py	响应时间:319ms	江苏省	苏州市	这里是日志信息......
2024-02-19 03:54:39.675690	[WARN]	event.py	响应时间:562ms	安徽省	芜湖市	这里是日志信息......
2024-02-19 03:54:39.675705	[INFO]	goods_manager.py	响应时间:990ms	北京市	丰台区	这里是日志信息......
2024-02-19 03:54:39.675719	[INFO]	goods_manager.py	响应时间:457ms	湖南省	长沙市	这里是日志信息......
2024-02-19 03:54:39.675733	[INFO]	goods_manager.py	响应时间:185ms	湖南省	长沙市	这里是日志信息......
2024-02-19 03:54:39.675748	[INFO]	orders_service.py	响应时间:621ms	湖南省	长沙市	这里是日志信息......
2024-02-19 03:54:39.675763	[INFO]	event.py	响应时间:902ms	天津市	宝坻区	这里是日志信息......
2024-02-19 03:54:39.675777	[INFO]	user_manager.py	响应时间:793ms	北京市	朝阳区	这里是日志信息......
2024-02-19 03:54:39.675791	[INFO]	goods_manager.py	响应时间:195ms	重庆市	九龙坡区	这里是日志信息......
2024-02-19 03:54:39.675805	[WARN]	goods_manager.py	响应时间:430ms	浙江省	杭州市	这里是日志信息......
2024-02-19 03:54:39.675820	[INFO]	event.py	响应时间:621ms	山东省	青岛市	这里是日志信息......
2024-02-19 03:54:39.675834	[INFO]	event.py	响应时间:265ms	浙江省	金华市	这里是日志信息......
2024-02-19 03:54:39.675849	[INFO]	barcode_service.py	响应时间:298ms	北京市	昌平区	这里是日志信息......
2024-02-19 03:54:39.675864	[INFO]	base_network.py	响应时间:317ms	湖南省	长沙市	这里是日志信息......
2024-02-19 03:54:39.675880	[INFO]	event.py	响应时间:734ms	湖南省	张家界市	这里是日志信息......
2024-02-19 03:54:39.675894	[INFO]	event.py	响应时间:15ms	北京市	丰台区	这里是日志信息......
2024-02-19 03:54:39.675909	[INFO]	goods_manager.py	响应时间:170ms	江苏省	苏州市	这里是日志信息......
2024-02-19 03:54:39.675923	[INFO]	event.py	响应时间:402ms	山东省	青岛市	这里是日志信息......
2024-02-19 03:54:39.675937	[INFO]	barcode_service.py	响应时间:846ms	重庆市	南岸区	这里是日志信息......
2024-02-19 03:54:39.675951	[INFO]	goods_manager.py	响应时间:203ms	江苏省	苏州市	这里是日志信息......
2024-02-19 03:54:39.675966	[INFO]	user_manager.py	响应时间:508ms	浙江省	丽水市	这里是日志信息......
2024-02-19 03:54:39.675980	[INFO]	user_manager.py	响应时间:170ms	山东省	青岛市	这里是日志信息......
2024-02-19 03:54:39.675994	[INFO]	user_manager.py	响应时间:681ms	湖北省	十堰市	这里是日志信息......
2024-02-19 03:54:39.676009	[INFO]	orders_service.py	响应时间:895ms	天津市	宝坻区	这里是日志信息......
2024-02-19 03:54:39.676023	[INFO]	barcode_service.py	响应时间:48ms	广东省	珠海市	这里是日志信息......
2024-02-19 03:54:39.676037	[INFO]	event.py	响应时间:863ms	浙江省	金华市	这里是日志信息......
2024-02-19 03:54:39.676052	[INFO]	goods_manager.py	响应时间:454ms	重庆市	万州区	这里是日志信息......
2024-02-19 03:54:39.676066	[INFO]	event.py	响应时间:349ms	浙江省	舟山市	这里是日志信息......
2024-02-19 03:54:39.676080	[INFO]	goods_manager.py	响应时间:403ms	重庆市	九龙坡区	这里是日志信息......
2024-02-19 03:54:39.676095	[INFO]	goods_manager.py	响应时间:60ms	江苏省	苏州市	这里是日志信息......
2024-02-19 03:54:39.676131	[INFO]	shop_manager.py	响应时间:525ms	上海市	徐汇区	这里是日志信息......
2024-02-19 03:54:39.676148	[INFO]	barcode_service.py	响应时间:804ms	安徽省	合肥市	这里是日志信息......
2024-02-19 03:54:39.676163	[INFO]	event.py	响应时间:499ms	浙江省	杭州市	这里是日志信息......
2024-02-19 03:54:39.676177	[INFO]	goods_manager.py	响应时间:645ms	广东省	珠海市	这里是日志信息......
2024-02-19 03:54:39.676192	[WARN]	event.py	响应时间:745ms	安徽省	合肥市	这里是日志信息......
2024-02-19 03:54:39.676207	[ERROR]	event.py	响应时间:788ms	浙江省	湖州市	这里是日志信息......
2024-02-19 03:54:39.676221	[INFO]	user_manager.py	响应时间:577ms	安徽省	合肥市	这里是日志信息......
2024-02-19 03:54:39.676236	[INFO]	barcode_service.py	响应时间:89ms	天津市	河西区	这里是日志信息......
2024-02-19 03:54:39.676250	[INFO]	user_manager.py	响应时间:978ms	湖南省	长沙市	这里是日志信息......
2024-02-19 03:54:39.676265	[INFO]	shop_manager.py	响应时间:22ms	浙江省	嘉兴市	这里是日志信息......
2024-02-19 03:54:39.676279	[INFO]	shop_manager.py	响应时间:409ms	江苏省	常州市	这里是日志信息......
2024-02-19 03:54:39.676294	[ERROR]	barcode_service.py	响应时间:6980ms	湖北省	恩施土家族苗族自治州	这里是日志信息......
2024-02-19 03:54:39.676309	[WARN]	goods_manager.py	响应时间:453ms	上海市	黄浦区	这里是日志信息......
2024-02-19 03:54:39.676324	[WARN]	barcode_service.py	响应时间:991ms	湖北省	恩施土家族苗族自治州	这里是日志信息......
2024-02-19 03:54:39.676338	[INFO]	goods_manager.py	响应时间:768ms	天津市	河东区	这里是日志信息......
2024-02-19 03:54:39.676353	[INFO]	orders_service.py	响应时间:252ms	重庆市	渝中区	这里是日志信息......
2024-02-19 03:54:39.676367	[INFO]	shop_manager.py	响应时间:256ms	湖南省	张家界市	这里是日志信息......
2024-02-19 03:54:39.676381	[INFO]	orders_service.py	响应时间:254ms	天津市	宝坻区	这里是日志信息......
2024-02-19 03:54:39.676395	[INFO]	goods_manager.py	响应时间:914ms	天津市	河东区	这里是日志信息......
2024-02-19 03:54:39.676410	[INFO]	base_network.py	响应时间:938ms	湖北省	十堰市	这里是日志信息......
2024-02-19 03:54:39.676424	[INFO]	user_manager.py	响应时间:865ms	湖北省	荆州市	这里是日志信息......
2024-02-19 03:54:39.676438	[INFO]	orders_service.py	响应时间:980ms	北京市	海淀区	这里是日志信息......
2024-02-19 03:54:39.676452	[WARN]	barcode_service.py	响应时间:623ms	重庆市	渝中区	这里是日志信息......
2024-02-19 03:54:39.676467	[INFO]	goods_manager.py	响应时间:67ms	山东省	济南市	这里是日志信息......
2024-02-19 03:54:39.676481	[INFO]	event.py	响应时间:125ms	山东省	济南市	这里是日志信息......
2024-02-19 03:54:39.676495	[INFO]	user_manager.py	响应时间:164ms	江苏省	张家港市	这里是日志信息......
2024-02-19 03:54:39.676510	[INFO]	barcode_service.py	响应时间:390ms	江苏省	宿迁市	这里是日志信息......
2024-02-19 03:54:39.676524	[INFO]	event.py	响应时间:492ms	广东省	深圳市	这里是日志信息......
2024-02-19 03:54:39.676538	[WARN]	barcode_service.py	响应时间:932ms	上海市	杨浦区	这里是日志信息......
2024-02-19 03:54:39.676552	[INFO]	orders_service.py	响应时间:331ms	天津市	武清区	这里是日志信息......
2024-02-19 03:54:39.676567	[INFO]	event.py	响应时间:244ms	山东省	菏泽市	这里是日志信息......
2024-02-19 03:54:39.676582	[INFO]	event.py	响应时间:309ms	湖北省	荆州市	这里是日志信息......
2024-02-19 03:54:39.676596	[INFO]	barcode_service.py	响应时间:508ms	江苏省	南京市	这里是日志信息......
2024-02-19 03:54:39.676611	[INFO]	goods_manager.py	响应时间:950ms	天津市	河西区	这里是日志信息......
2024-02-19 03:54:39.676625	[INFO]	orders_service.py	响应时间:8052ms	上海市	宝山区	这里是日志信息......
2024-02-19 03:54:39.676639	[INFO]	user_manager.py	响应时间:749ms	上海市	黄浦区	这里是日志信息......
2024-02-19 03:54:39.676654	[ERROR]	event.py	响应时间:292ms	上海市	静安区	这里是日志信息......
2024-02-19 03:54:39.676669	[INFO]	barcode_service.py	响应时间:997ms	广东省	深圳市	这里是日志信息......
2024-02-19 03:54:39.676684	[INFO]	base_network.py	响应时间:562ms	浙江省	金华市	这里是日志信息......
2024-02-19 03:54:39.676698	[ERROR]	event.py	响应时间:291ms	北京市	昌平区	这里是日志信息......
2024-02-19 03:54:39.676712	[INFO]	orders_service.py	响应时间:815ms	广东省	深圳市	这里是日志信息......
2024-02-19 03:54:39.676726	[INFO]	orders_service.py	响应时间:860ms	湖南省	长沙市	这里是日志信息......
2024-02-19 03:54:39.676741	[INFO]	event.py	响应时间:40ms	湖南省	长沙市	这里是日志信息......
2024-02-19 03:54:39.676755	[INFO]	orders_service.py	响应时间:968ms	上海市	宝山区	这里是日志信息......
2024-02-19 03:54:39.676769	[INFO]	barcode_service.py	响应时间:909ms	上海市	浦东新区	这里是日志信息......
2024-02-19 03:54:39.676784	[WARN]	event.py	响应时间:44ms	湖北省	武汉市	这里是日志信息......
2024-02-19 03:54:39.676798	[INFO]	event.py	响应时间:59ms	天津市	武清区	这里是日志信息......
2024-02-19 03:54:39.676813	[INFO]	barcode_service.py	响应时间:368ms	北京市	丰台区	这里是日志信息......
2024-02-19 03:54:39.676827	[INFO]	shop_manager.py	响应时间:19ms	山东省	济南市	这里是日志信息......
2024-02-19 03:54:39.676842	[INFO]	goods_manager.py	响应时间:305ms	江苏省	南京市	这里是日志信息......
2024-02-19 03:54:39.676856	[INFO]	barcode_service.py	响应时间:9211ms	天津市	和平区	这里是日志信息......
2024-02-19 03:54:39.676870	[WARN]	barcode_service.py	响应时间:823ms	湖南省	长沙市	这里是日志信息......
2024-02-19 03:54:39.676885	[INFO]	goods_manager.py	响应时间:865ms	北京市	丰台区	这里是日志信息......
2024-02-19 03:54:39.676899	[INFO]	base_network.py	响应时间:18ms	重庆市	涪陵区	这里是日志信息......
2024-02-19 03:54:39.676914	[INFO]	event.py	响应时间:2934ms	北京市	海淀区	这里是日志信息......
2024-02-19 03:54:39.676928	[INFO]	barcode_service.py	响应时间:548ms	天津市	武清区	这里是日志信息......
2024-02-19 03:54:39.676943	[INFO]	barcode_service.py	响应时间:748ms	上海市	普陀区	这里是日志信息......
2024-02-19 03:54:39.676957	[INFO]	event.py	响应时间:28ms	湖南省	株洲市	这里是日志信息......
2024-02-19 03:54:39.676971	[INFO]	barcode_service.py	响应时间:661ms	江苏省	苏州市	这里是日志信息......
2024-02-19 03:54:39.676985	[INFO]	orders_service.py	响应时间:74ms	湖北省	武汉市	这里是日志信息......
2024-02-19 03:54:39.676999	[INFO]	event.py	响应时间:258ms	天津市	武清区	这里是日志信息......
2024-02-19 03:54:39.677013	[INFO]	barcode_service.py	响应时间:344ms	广东省	珠海市	这里是日志信息......
2024-02-19 03:54:39.677032	[INFO]	orders_service.py	响应时间:630ms	江苏省	南京市	这里是日志信息......
2024-02-19 03:54:39.677047	[INFO]	shop_manager.py	响应时间:535ms	湖南省	常德市	这里是日志信息......
2024-02-19 03:54:39.677061	[INFO]	orders_service.py	响应时间:873ms	北京市	怀柔区	这里是日志信息......
2024-02-19 03:54:39.677076	[INFO]	barcode_service.py	响应时间:173ms	北京市	丰台区	这里是日志信息......
2024-02-19 03:54:39.677090	[INFO]	user_manager.py	响应时间:657ms	山东省	青岛市	这里是日志信息......
2024-02-19 03:54:39.677105	[INFO]	event.py	响应时间:6295ms	江苏省	无锡市	这里是日志信息......
2024-02-19 03:54:39.677119	[INFO]	goods_manager.py	响应时间:154ms	天津市	河西区	这里是日志信息......
2024-02-19 03:54:39.677152	[INFO]	event.py	响应时间:204ms	上海市	静安区	这里是日志信息......
2024-02-19 03:54:39.677169	[INFO]	goods_manager.py	响应时间:141ms	安徽省	合肥市	这里是日志信息......
2024-02-19 03:54:39.677184	[INFO]	event.py	响应时间:862ms	重庆市	渝中区	这里是日志信息......
2024-02-19 03:54:39.677198	[WARN]	barcode_service.py	响应时间:249ms	天津市	和平区	这里是日志信息......
2024-02-19 03:54:39.677213	[INFO]	goods_manager.py	响应时间:23ms	北京市	怀柔区	这里是日志信息......
2024-02-19 03:54:39.677227	[INFO]	base_network.py	响应时间:874ms	山东省	济南市	这里是日志信息......
2024-02-19 03:54:39.677241	[INFO]	goods_manager.py	响应时间:218ms	安徽省	合肥市	这里是日志信息......
2024-02-19 03:54:39.677256	[INFO]	orders_service.py	响应时间:919ms	北京市	海淀区	这里是日志信息......
2024-02-19 03:54:39.677270	[INFO]	shop_manager.py	响应时间:558ms	北京市	怀柔区	这里是日志信息......
2024-02-19 03:54:39.677284	[INFO]	event.py	响应时间:77ms	江苏省	苏州市	这里是日志信息......
2024-02-19 03:54:39.677299	[INFO]	orders_service.py	响应时间:251ms	浙江省	杭州市	这里是日志信息......
2024-02-19 03:54:39.677313	[WARN]	event.py	响应时间:463ms	天津市	河西区	这里是日志信息......
2024-02-19 03:54:39.677327	[INFO]	user_manager.py	响应时间:854ms	北京市	朝阳区	这里是日志信息......
2024-02-19 03:54:39.677341	[WARN]	goods_manager.py	响应时间:108ms	北京市	朝阳区	这里是日志信息......
2024-02-19 03:54:39.677355	[INFO]	goods_manager.py	响应时间:101ms	山东省	菏泽市	这里是日志信息......
2024-02-19 03:54:39.677369	[INFO]	shop_manager.py	响应时间:794ms	天津市	河东区	这里是日志信息......
2024-02-19 03:54:39.677383	[INFO]	orders_service.py	响应时间:852ms	安徽省	合肥市	这里是日志信息......
2024-02-19 03:54:39.677397	[INFO]	orders_service.py	响应时间:732ms	安徽省	铜陵市	这里是日志信息......
2024-02-19 03:54:39.677411	[INFO]	event.py	响应时间:151ms	重庆市	沙坪坝区	这里是日志信息......
2024-02-19 03:54:39.677426	[INFO]	user_manager.py	响应时间:201ms	广东省	广州市	这里是日志信息......
2024-02-19 03:54:39.677440	[INFO]	orders_service.py	响应时间:120ms	浙江省	嘉兴市	这里是日志信息......
2024-02-19 03:54:39.677454	[INFO]	user_manager.py	响应时间:502ms	安徽省	芜湖市	这里是日志信息......
2024-02-19 03:54:39.677468	[INFO]	orders_service.py	响应时间:797ms	安徽省	合肥市	这里是日志信息......
2024-02-19 03:54:39.677482	[WARN]	barcode_service.py	响应时间:49ms	上海市	黄浦区	这里是日志信息......
2024-02-19 03:54:39.677496	[WARN]	orders_service.py	响应时间:694ms	重庆市	九龙坡区	这里是日志信息......
2024-02-19 03:54:39.677510	[INFO]	event.py	响应时间:550ms	重庆市	九龙坡区	这里是日志信息......
2024-02-19 03:54:39.677524	[INFO]	barcode_service.py	响应时间:172ms	湖南省	长沙市	这里是日志信息......
2024-02-19 03:54:39.677539	[INFO]	shop_manager.py	响应时间:72ms	江苏省	常州市	这里是日志信息......
2024-02-19 03:54:39.677553	[INFO]	orders_service.py	响应时间:823ms	湖南省	长沙市	这里是日志信息......
2024-02-19 03:54:39.677567	[INFO]	orders_service.py	响应时间:424ms	重庆市	南岸区	这里是日志信息......
2024-02-19 03:54:39.677582	[WARN]	event.py	响应时间:638ms	江苏省	南京市	这里是日志信息......
2024-02-19 03:54:39.677596	[INFO]	goods_manager.py	响应时间:584ms	湖北省	十堰市	这里是日志信息......
2024-02-19 03:54:39.677611	[INFO]	event.py	响应时间:480ms	湖南省	长沙市	这里是日志信息......
2024-02-19 03:54:39.677625	[INFO]	orders_service.py	响应时间:366ms	山东省	济南市	这里是日志信息......
2024-02-19 03:54:39.677639	[INFO]	user_manager.py	响应时间:821ms	浙江省	金华市	这里是日志信息......
2024-02-19 03:54:39.677653	[INFO]	event.py	响应时间:869ms	上海市	黄浦区	这里是日志信息......
2024-02-19 03:54:39.677667	[INFO]	event.py	响应时间:404ms	浙江省	杭州市	这里是日志信息......
2024-02-19 03:54:39.677681	[INFO]	orders_service.py	响应时间:816ms	广东省	深圳市	这里是日志信息......
2024-02-19 03:54:39.677696	[INFO]	goods_manager.py	响应时间:826ms	北京市	海淀区	这里是日志信息......
2024-02-19 03:54:39.677710	[INFO]	event.py	响应时间:548ms	重庆市	万州区	这里是日志信息......
2024-02-19 03:54:39.677724	[INFO]	barcode_service.py	响应时间:397ms	湖北省	荆州市	这里是日志信息......
2024-02-19 03:54:39.677738	[INFO]	orders_service.py	响应时间:510ms	广东省	深圳市	这里是日志信息......
2024-02-19 03:54:39.677752	[INFO]	orders_service.py	响应时间:35ms	重庆市	九龙坡区	这里是日志信息......
2024-02-19 03:54:39.677766	[INFO]	goods_manager.py	响应时间:230ms	北京市	丰台区	这里是日志信息......
2024-02-19 03:54:39.677780	[INFO]	event.py	响应时间:707ms	重庆市	渝中区	这里是日志信息......
2024-02-19 03:54:39.677795	[INFO]	event.py	响应时间:852ms	浙江省	金华市	这里是日志信息......
2024-02-19 03:54:39.677809	[INFO]	event.py	响应时间:306ms	天津市	和平区	这里是日志信息......
2024-02-19 03:54:39.677823	[INFO]	orders_service.py	响应时间:449ms	湖南省	长沙市	这里是日志信息......
2024-02-19 03:54:39.677838	[INFO]	orders_service.py	响应时间:662ms	湖南省	株洲市	这里是日志信息......
2024-02-19 03:54:39.677852	[INFO]	barcode_service.py	响应时间:878ms	江苏省	苏州市	这里是日志信息......
2024-02-19 03:54:39.677866	[INFO]	goods_manager.py	响应时间:947ms	重庆市	涪陵区	这里是日志信息......
2024-02-19 03:54:39.677880	[INFO]	event.py	响应时间:80ms	重庆市	南岸区	这里是日志信息......
2024-02-19 03:54:39.677894	[INFO]	goods_manager.py	响应时间:64ms	浙江省	舟山市	这里是日志信息......
2024-02-19 03:54:39.677909	[INFO]	user_manager.py	响应时间:76ms	广东省	珠海市	这里是日志信息......
2024-02-19 03:54:39.677923	[INFO]	barcode_service.py	响应时间:498ms	天津市	河西区	这里是日志信息......
2024-02-19 03:54:39.677937	[INFO]	orders_service.py	响应时间:929ms	重庆市	涪陵区	这里是日志信息......
2024-02-19 03:54:39.677951	[INFO]	event.py	响应时间:393ms	重庆市	南岸区	这里是日志信息......
2024-02-19 03:54:39.677965	[INFO]	event.py	响应时间:686ms	安徽省	阜阳市	这里是日志信息......
2024-02-19 03:54:39.677979	[INFO]	orders_service.py	响应时间:267ms	北京市	怀柔区	这里是日志信息......
2024-02-19 03:54:39.677993	[INFO]	shop_manager.py	响应时间:669ms	安徽省	芜湖市	这里是日志信息......
2024-02-19 03:54:39.678007	[INFO]	user_manager.py	响应时间:77ms	重庆市	渝中区	这里是日志信息......
2024-02-19 03:54:39.678021	[INFO]	event.py	响应时间:341ms	湖北省	武汉市	这里是日志信息......
2024-02-19 03:54:39.678035	[INFO]	goods_manager.py	响应时间:921ms	安徽省	芜湖市	这里是日志信息......
2024-02-19 03:54:39.678050	[INFO]	user_manager.py	响应时间:379ms	重庆市	沙坪坝区	这里是日志信息......
2024-02-19 03:54:39.678064	[INFO]	event.py	响应时间:710ms	湖南省	长沙市	这里是日志信息......
2024-02-19 03:54:39.678078	[INFO]	event.py	响应时间:564ms	浙江省	丽水市	这里是日志信息......
2024-02-19 03:54:39.678092	[INFO]	goods_manager.py	响应时间:672ms	广东省	珠海市	这里是日志信息......
2024-02-19 03:54:39.678106	[INFO]	goods_manager.py	响应时间:381ms	山东省	青岛市	这里是日志信息......
2024-02-19 03:54:39.678120	[INFO]	orders_service.py	响应时间:1ms	浙江省	杭州市	这里是日志信息......
2024-02-19 03:54:39.678135	[INFO]	event.py	响应时间:873ms	湖南省	长沙市	这里是日志信息......
2024-02-19 03:54:39.678168	[ERROR]	orders_service.py	响应时间:690ms	广东省	深圳市	这里是日志信息......
2024-02-19 03:54:39.678184	[INFO]	goods_manager.py	响应时间:459ms	浙江省	杭州市	这里是日志信息......
2024-02-19 03:54:39.678198	[INFO]	user_manager.py	响应时间:157ms	广东省	深圳市	这里是日志信息......
2024-02-19 03:54:39.678212	[INFO]	base_network.py	响应时间:761ms	湖南省	益阳市	这里是日志信息......
2024-02-19 03:54:39.678227	[INFO]	event.py	响应时间:842ms	山东省	济南市	这里是日志信息......
2024-02-19 03:54:39.678241	[WARN]	goods_manager.py	响应时间:92ms	湖北省	武汉市	这里是日志信息......
2024-02-19 03:54:39.678255	[INFO]	event.py	响应时间:128ms	北京市	海淀区	这里是日志信息......
2024-02-19 03:54:39.678269	[INFO]	goods_manager.py	响应时间:36ms	广东省	广州市	这里是日志信息......
2024-02-19 03:54:39.678285	[INFO]	barcode_service.py	响应时间:312ms	湖南省	长沙市	这里是日志信息......
2024-02-19 03:54:39.678299	[INFO]	base_network.py	响应时间:3206ms	重庆市	万州区	这里是日志信息......
2024-02-19 03:54:39.678314	[WARN]	goods_manager.py	响应时间:17ms	上海市	浦东新区	这里是日志信息......
2024-02-19 03:54:39.678329	[INFO]	event.py	响应时间:410ms	重庆市	涪陵区	这里是日志信息......
2024-02-19 03:54:39.678343	[INFO]	base_network.py	响应时间:803ms	浙江省	金华市	这里是日志信息......
2024-02-19 03:54:39.678357	[INFO]	base_network.py	响应时间:901ms	安徽省	合肥市	这里是日志信息......
2024-02-19 03:54:39.678371	[INFO]	orders_service.py	响应时间:702ms	北京市	海淀区	这里是日志信息......
2024-02-19 03:54:39.678386	[INFO]	orders_service.py	响应时间:8ms	上海市	宝山区	这里是日志信息......
2024-02-19 03:54:39.678400	[INFO]	event.py	响应时间:298ms	江苏省	苏州市	这里是日志信息......
2024-02-19 03:54:39.678414	[INFO]	goods_manager.py	响应时间:700ms	上海市	浦东新区	这里是日志信息......
2024-02-19 03:54:39.678429	[INFO]	barcode_service.py	响应时间:33ms	湖南省	长沙市	这里是日志信息......
2024-02-19 03:54:39.678443	[INFO]	goods_manager.py	响应时间:506ms	安徽省	合肥市	这里是日志信息......
2024-02-19 03:54:39.678457	[INFO]	base_network.py	响应时间:523ms	山东省	菏泽市	这里是日志信息......
2024-02-19 03:54:39.678471	[INFO]	goods_manager.py	响应时间:881ms	上海市	黄浦区	这里是日志信息......
2024-02-19 03:54:39.678485	[INFO]	event.py	响应时间:755ms	山东省	青岛市	这里是日志信息......
2024-02-19 03:54:39.678499	[WARN]	goods_manager.py	响应时间:352ms	广东省	深圳市	这里是日志信息......
2024-02-19 03:54:39.678513	[INFO]	barcode_service.py	响应时间:255ms	天津市	河东区	这里是日志信息......
2024-02-19 03:54:39.678527	[INFO]	event.py	响应时间:618ms	安徽省	合肥市	这里是日志信息......
2024-02-19 03:54:39.678542	[INFO]	orders_service.py	响应时间:419ms	北京市	大兴区	这里是日志信息......
2024-02-19 03:54:39.678556	[ERROR]	event.py	响应时间:6941ms	天津市	宝坻区	这里是日志信息......
2024-02-19 03:54:39.678571	[INFO]	orders_service.py	响应时间:742ms	山东省	菏泽市	这里是日志信息......
2024-02-19 03:54:39.678585	[INFO]	goods_manager.py	响应时间:20ms	浙江省	嘉兴市	这里是日志信息......
2024-02-19 03:54:39.678599	[INFO]	event.py	响应时间:328ms	山东省	青岛市	这里是日志信息......
2024-02-19 03:54:39.678614	[INFO]	goods_manager.py	响应时间:715ms	山东省	青岛市	这里是日志信息......
2024-02-19 03:54:39.678629	[INFO]	user_manager.py	响应时间:207ms	湖北省	十堰市	这里是日志信息......
2024-02-19 03:54:39.678643	[INFO]	barcode_service.py	响应时间:562ms	安徽省	芜湖市	这里是日志信息......
2024-02-19 03:54:39.678657	[INFO]	goods_manager.py	响应时间:859ms	重庆市	九龙坡区	这里是日志信息......
2024-02-19 03:54:39.678672	[INFO]	goods_manager.py	响应时间:354ms	浙江省	湖州市	这里是日志信息......
2024-02-19 03:54:39.678686	[INFO]	event.py	响应时间:38ms	安徽省	芜湖市	这里是日志信息......
2024-02-19 03:54:39.678700	[INFO]	goods_manager.py	响应时间:357ms	北京市	海淀区	这里是日志信息......
2024-02-19 03:54:39.678715	[INFO]	orders_service.py	响应时间:174ms	江苏省	张家港市	这里是日志信息......
2024-02-19 03:54:39.678729	[WARN]	user_manager.py	响应时间:262ms	上海市	浦东新区	这里是日志信息......
2024-02-19 03:54:39.678743	[INFO]	goods_manager.py	响应时间:574ms	浙江省	杭州市	这里是日志信息......
2024-02-19 03:54:39.678757	[INFO]	barcode_service.py	响应时间:475ms	上海市	浦东新区	这里是日志信息......
2024-02-19 03:54:39.678771	[WARN]	barcode_service.py	响应时间:274ms	湖南省	长沙市	这里是日志信息......
2024-02-19 03:54:39.678786	[INFO]	goods_manager.py	响应时间:764ms	山东省	济南市	这里是日志信息......
2024-02-19 03:54:39.678800	[INFO]	base_network.py	响应时间:633ms	湖南省	长沙市	这里是日志信息......
2024-02-19 03:54:39.678814	[INFO]	base_network.py	响应时间:690ms	天津市	宝坻区	这里是日志信息......
2024-02-19 03:54:39.678828	[INFO]	shop_manager.py	响应时间:4125ms	湖北省	荆州市	这里是日志信息......
2024-02-19 03:54:39.678842	[INFO]	barcode_service.py	响应时间:92ms	广东省	深圳市	这里是日志信息......
2024-02-19 03:54:39.678856	[WARN]	user_manager.py	响应时间:88ms	重庆市	渝中区	这里是日志信息......
2024-02-19 03:54:39.678870	[INFO]	event.py	响应时间:109ms	重庆市	沙坪坝区	这里是日志信息......
2024-02-19 03:54:39.678885	[INFO]	goods_manager.py	响应时间:550ms	北京市	昌平区	这里是日志信息......
2024-02-19 03:54:39.678898	[WARN]	barcode_service.py	响应时间:685ms	浙江省	金华市	这里是日志信息......
2024-02-19 03:54:39.678913	[INFO]	event.py	响应时间:963ms	天津市	武清区	这里是日志信息......
2024-02-19 03:54:39.678927	[INFO]	barcode_service.py	响应时间:627ms	北京市	怀柔区	这里是日志信息......
2024-02-19 03:54:39.678941	[INFO]	goods_manager.py	响应时间:47ms	山东省	济南市	这里是日志信息......
2024-02-19 03:54:39.678955	[ERROR]	user_manager.py	响应时间:973ms	湖南省	株洲市	这里是日志信息......
2024-02-19 03:54:39.678970	[INFO]	user_manager.py	响应时间:584ms	浙江省	杭州市	这里是日志信息......
2024-02-19 03:54:39.678984	[INFO]	goods_manager.py	响应时间:513ms	天津市	河西区	这里是日志信息......
2024-02-19 03:54:39.678998	[INFO]	event.py	响应时间:653ms	浙江省	绍兴市	这里是日志信息......
2024-02-19 03:54:39.679013	[INFO]	goods_manager.py	响应时间:582ms	山东省	菏泽市	这里是日志信息......
2024-02-19 03:54:39.679027	[INFO]	event.py	响应时间:312ms	安徽省	阜阳市	这里是日志信息......
2024-02-19 03:54:39.679041	[INFO]	goods_manager.py	响应时间:346ms	广东省	深圳市	这里是日志信息......
2024-02-19 03:54:39.679055	[INFO]	event.py	响应时间:960ms	湖北省	荆州市	这里是日志信息......
2024-02-19 03:54:39.679069	[INFO]	event.py	响应时间:163ms	北京市	海淀区	这里是日志信息......
2024-02-19 03:54:39.679084	[INFO]	base_network.py	响应时间:598ms	重庆市	万州区	这里是日志信息......
2024-02-19 03:54:39.679099	[WARN]	goods_manager.py	响应时间:71ms	重庆市	九龙坡区	这里是日志信息......
2024-02-19 03:54:39.679114	[INFO]	shop_manager.py	响应时间:2302ms	上海市	浦东新区	这里是日志信息......
2024-02-19 03:54:39.679128	[INFO]	shop_manager.py	响应时间:906ms	广东省	深圳市	这里是日志信息......
2024-02-19 03:54:39.679143	[INFO]	goods_manager.py	响应时间:710ms	湖南省	株洲市	这里是日志信息......
2024-02-19 03:54:39.679157	[INFO]	orders_service.py	响应时间:8372ms	天津市	宝坻区	这里是日志信息......
2024-02-19 03:54:39.679192	[INFO]	orders_service.py	响应时间:418ms	湖南省	益阳市	这里是日志信息......
2024-02-19 03:54:39.679209	[INFO]	goods_manager.py	响应时间:888ms	湖南省	长沙市	这里是日志信息......
2024-02-19 03:54:39.679223	[INFO]	goods_manager.py	响应时间:627ms	浙江省	嘉兴市	这里是日志信息......
2024-02-19 03:54:39.679238	[INFO]	goods_manager.py	响应时间:332ms	湖南省	株洲市	这里是日志信息......
2024-02-19 03:54:39.679252	[INFO]	event.py	响应时间:437ms	重庆市	万州区	这里是日志信息......
2024-02-19 03:54:39.679267	[INFO]	user_manager.py	响应时间:952ms	江苏省	南京市	这里是日志信息......
2024-02-19 03:54:39.679281	[INFO]	orders_service.py	响应时间:839ms	湖北省	武汉市	这里是日志信息......
2024-02-19 03:54:39.679295	[INFO]	barcode_service.py	响应时间:652ms	江苏省	常州市	这里是日志信息......
2024-02-19 03:54:39.679310	[INFO]	orders_service.py	响应时间:3626ms	重庆市	沙坪坝区	这里是日志信息......
2024-02-19 03:54:39.679324	[INFO]	barcode_service.py	响应时间:769ms	江苏省	苏州市	这里是日志信息......
2024-02-19 03:54:39.679339	[INFO]	barcode_service.py	响应时间:247ms	广东省	珠海市	这里是日志信息......
2024-02-19 03:54:39.679353	[INFO]	base_network.py	响应时间:241ms	安徽省	铜陵市	这里是日志信息......
2024-02-19 03:54:39.679368	[INFO]	goods_manager.py	响应时间:4ms	浙江省	金华市	这里是日志信息......
2024-02-19 03:54:39.679382	[INFO]	barcode_service.py	响应时间:561ms	江苏省	苏州市	这里是日志信息......
2024-02-19 03:54:39.679398	[INFO]	event.py	响应时间:427ms	北京市	怀柔区	这里是日志信息......
2024-02-19 03:54:39.679413	[INFO]	goods_manager.py	响应时间:961ms	重庆市	九龙坡区	这里是日志信息......
2024-02-19 03:54:39.679428	[INFO]	event.py	响应时间:843ms	湖南省	长沙市	这里是日志信息......
2024-02-19 03:54:39.679442	[INFO]	barcode_service.py	响应时间:71ms	安徽省	阜阳市	这里是日志信息......
2024-02-19 03:54:39.679457	[INFO]	barcode_service.py	响应时间:390ms	天津市	和平区	这里是日志信息......
2024-02-19 03:54:39.679471	[INFO]	goods_manager.py	响应时间:877ms	重庆市	南岸区	这里是日志信息......
2024-02-19 03:54:39.679485	[INFO]	event.py	响应时间:424ms	湖南省	长沙市	这里是日志信息......
2024-02-19 03:54:39.679499	[INFO]	goods_manager.py	响应时间:708ms	重庆市	万州区	这里是日志信息......
2024-02-19 03:54:39.679513	[WARN]	orders_service.py	响应时间:672ms	重庆市	万州区	这里是日志信息......
2024-02-19 03:54:39.679528	[ERROR]	goods_manager.py	响应时间:90ms	天津市	河西区	这里是日志信息......
2024-02-19 03:54:39.679543	[INFO]	orders_service.py	响应时间:526ms	天津市	河西区	这里是日志信息......
2024-02-19 03:54:39.679557	[INFO]	user_manager.py	响应时间:540ms	湖北省	十堰市	这里是日志信息......
2024-02-19 03:54:39.679572	[INFO]	event.py	响应时间:816ms	湖南省	长沙市	这里是日志信息......
2024-02-19 03:54:39.679586	[WARN]	user_manager.py	响应时间:427ms	重庆市	沙坪坝区	这里是日志信息......
2024-02-19 03:54:39.679601	[INFO]	goods_manager.py	响应时间:258ms	上海市	杨浦区	这里是日志信息......
2024-02-19 03:54:39.679615	[INFO]	goods_manager.py	响应时间:219ms	上海市	徐汇区	这里是日志信息......
2024-02-19 03:54:39.679629	[INFO]	barcode_service.py	响应时间:594ms	重庆市	涪陵区	这里是日志信息......
2024-02-19 03:54:39.679643	[WARN]	user_manager.py	响应时间:412ms	安徽省	阜阳市	这里是日志信息......
2024-02-19 03:54:39.679658	[INFO]	event.py	响应时间:374ms	上海市	宝山区	这里是日志信息......
2024-02-19 03:54:39.679672	[INFO]	goods_manager.py	响应时间:212ms	北京市	昌平区	这里是日志信息......
2024-02-19 03:54:39.679687	[INFO]	event.py	响应时间:462ms	江苏省	宿迁市	这里是日志信息......
2024-02-19 03:54:39.679701	[INFO]	shop_manager.py	响应时间:435ms	安徽省	铜陵市	这里是日志信息......
2024-02-19 03:54:39.679715	[INFO]	event.py	响应时间:449ms	湖南省	长沙市	这里是日志信息......
2024-02-19 03:54:39.679730	[INFO]	base_network.py	响应时间:814ms	湖北省	十堰市	这里是日志信息......
2024-02-19 03:54:39.679744	[INFO]	goods_manager.py	响应时间:300ms	重庆市	万州区	这里是日志信息......
2024-02-19 03:54:39.679758	[INFO]	barcode_service.py	响应时间:407ms	湖南省	益阳市	这里是日志信息......
2024-02-19 03:54:39.679773	[INFO]	goods_manager.py	响应时间:518ms	浙江省	金华市	这里是日志信息......
2024-02-19 03:54:39.679787	[INFO]	user_manager.py	响应时间:815ms	浙江省	嘉兴市	这里是日志信息......
2024-02-19 03:54:39.679802	[INFO]	goods_manager.py	响应时间:450ms	天津市	和平区	这里是日志信息......
2024-02-19 03:54:39.679816	[WARN]	orders_service.py	响应时间:146ms	上海市	徐汇区	这里是日志信息......
2024-02-19 03:54:39.679830	[INFO]	goods_manager.py	响应时间:725ms	湖北省	武汉市	这里是日志信息......
2024-02-19 03:54:39.679844	[INFO]	orders_service.py	响应时间:193ms	湖南省	益阳市	这里是日志信息......
2024-02-19 03:54:39.679859	[INFO]	user_manager.py	响应时间:797ms	湖北省	荆州市	这里是日志信息......
2024-02-19 03:54:39.679874	[INFO]	goods_manager.py	响应时间:227ms	北京市	昌平区	这里是日志信息......
2024-02-19 03:54:39.679888	[INFO]	goods_manager.py	响应时间:1000ms	浙江省	金华市	这里是日志信息......
2024-02-19 03:54:39.679902	[INFO]	goods_manager.py	响应时间:255ms	安徽省	六安市	这里是日志信息......
2024-02-19 03:54:39.679916	[INFO]	event.py	响应时间:793ms	湖北省	恩施土家族苗族自治州	这里是日志信息......
2024-02-19 03:54:39.679931	[INFO]	base_network.py	响应时间:924ms	湖北省	武汉市	这里是日志信息......
2024-02-19 03:54:39.679945	[INFO]	event.py	响应时间:950ms	浙江省	丽水市	这里是日志信息......
2024-02-19 03:54:39.679959	[INFO]	barcode_service.py	响应时间:51ms	浙江省	舟山市	这里是日志信息......
2024-02-19 03:54:39.679973	[INFO]	orders_service.py	响应时间:207ms	重庆市	渝中区	这里是日志信息......
2024-02-19 03:54:39.679987	[INFO]	shop_manager.py	响应时间:14ms	上海市	宝山区	这里是日志信息......
2024-02-19 03:54:39.680002	[INFO]	event.py	响应时间:667ms	上海市	宝山区	这里是日志信息......
2024-02-19 03:54:39.680016	[INFO]	orders_service.py	响应时间:758ms	重庆市	南岸区	这里是日志信息......
2024-02-19 03:54:39.680031	[INFO]	event.py	响应时间:884ms	重庆市	渝中区	这里是日志信息......
2024-02-19 03:54:39.680044	[INFO]	goods_manager.py	响应时间:366ms	北京市	怀柔区	这里是日志信息......
2024-02-19 03:54:39.680059	[INFO]	shop_manager.py	响应时间:784ms	湖南省	长沙市	这里是日志信息......
2024-02-19 03:54:39.680074	[INFO]	event.py	响应时间:750ms	山东省	青岛市	这里是日志信息......
2024-02-19 03:54:39.680089	[INFO]	orders_service.py	响应时间:795ms	浙江省	杭州市	这里是日志信息......
2024-02-19 03:54:39.680105	[INFO]	goods_manager.py	响应时间:907ms	湖南省	长沙市	这里是日志信息......
2024-02-19 03:54:39.680121	[INFO]	barcode_service.py	响应时间:258ms	湖北省	恩施土家族苗族自治州	这里是日志信息......
2024-02-19 03:54:39.680137	[WARN]	barcode_service.py	响应时间:813ms	江苏省	苏州市	这里是日志信息......
2024-02-19 03:54:39.680151	[INFO]	goods_manager.py	响应时间:400ms	北京市	昌平区	这里是日志信息......
2024-02-19 03:54:39.680166	[WARN]	event.py	响应时间:884ms	湖南省	张家界市	这里是日志信息......
2024-02-19 03:54:39.680180	[INFO]	shop_manager.py	响应时间:444ms	山东省	济南市	这里是日志信息......
2024-02-19 03:54:39.680219	[INFO]	orders_service.py	响应时间:553ms	重庆市	涪陵区	这里是日志信息......
2024-02-19 03:54:39.680236	[INFO]	base_network.py	响应时间:265ms	重庆市	涪陵区	这里是日志信息......
2024-02-19 03:54:39.680251	[INFO]	shop_manager.py	响应时间:523ms	湖北省	恩施土家族苗族自治州	这里是日志信息......
2024-02-19 03:54:39.680266	[INFO]	event.py	响应时间:243ms	浙江省	杭州市	这里是日志信息......
2024-02-19 03:54:39.680280	[INFO]	event.py	响应时间:380ms	重庆市	九龙坡区	这里是日志信息......
2024-02-19 03:54:39.680294	[ERROR]	shop_manager.py	响应时间:9378ms	山东省	青岛市	这里是日志信息......
2024-02-19 03:54:39.680308	[INFO]	goods_manager.py	响应时间:404ms	江苏省	南京市	这里是日志信息......
2024-02-19 03:54:39.680322	[INFO]	orders_service.py	响应时间:50ms	江苏省	张家港市	这里是日志信息......
2024-02-19 03:54:39.680337	[WARN]	orders_service.py	响应时间:588ms	湖南省	长沙市	这里是日志信息......
2024-02-19 03:54:39.680351	[INFO]	event.py	响应时间:3596ms	北京市	大兴区	这里是日志信息......
2024-02-19 03:54:39.680365	[INFO]	barcode_service.py	响应时间:706ms	北京市	怀柔区	这里是日志信息......
2024-02-19 03:54:39.680380	[INFO]	base_network.py	响应时间:420ms	山东省	青岛市	这里是日志信息......
2024-02-19 03:54:39.680394	[INFO]	shop_manager.py	响应时间:220ms	山东省	青岛市	这里是日志信息......
2024-02-19 03:54:39.680409	[INFO]	base_network.py	响应时间:172ms	湖北省	荆州市	这里是日志信息......
2024-02-19 03:54:39.680423	[INFO]	orders_service.py	响应时间:148ms	广东省	深圳市	这里是日志信息......
2024-02-19 03:54:39.680437	[WARN]	orders_service.py	响应时间:625ms	山东省	济南市	这里是日志信息......
2024-02-19 03:54:39.680452	[INFO]	base_network.py	响应时间:31ms	江苏省	宿迁市	这里是日志信息......
2024-02-19 03:54:39.680466	[INFO]	base_network.py	响应时间:941ms	广东省	深圳市	这里是日志信息......
2024-02-19 03:54:39.680480	[INFO]	shop_manager.py	响应时间:989ms	山东省	青岛市	这里是日志信息......
2024-02-19 03:54:39.680494	[INFO]	orders_service.py	响应时间:103ms	安徽省	铜陵市	这里是日志信息......
2024-02-19 03:54:39.680509	[ERROR]	orders_service.py	响应时间:595ms	上海市	浦东新区	这里是日志信息......
2024-02-19 03:54:39.680525	[INFO]	shop_manager.py	响应时间:918ms	山东省	青岛市	这里是日志信息......
2024-02-19 03:54:39.680539	[ERROR]	goods_manager.py	响应时间:954ms	重庆市	沙坪坝区	这里是日志信息......
2024-02-19 03:54:39.680554	[INFO]	shop_manager.py	响应时间:280ms	湖北省	恩施土家族苗族自治州	这里是日志信息......
2024-02-19 03:54:39.680569	[ERROR]	shop_manager.py	响应时间:516ms	浙江省	舟山市	这里是日志信息......
2024-02-19 03:54:39.680583	[INFO]	barcode_service.py	响应时间:623ms	天津市	武清区	这里是日志信息......
2024-02-19 03:54:39.680598	[WARN]	orders_service.py	响应时间:938ms	安徽省	铜陵市	这里是日志信息......
2024-02-19 03:54:39.680612	[INFO]	base_network.py	响应时间:438ms	重庆市	南岸区	这里是日志信息......
2024-02-19 03:54:39.680627	[WARN]	goods_manager.py	响应时间:950ms	上海市	宝山区	这里是日志信息......
2024-02-19 03:54:39.680642	[WARN]	event.py	响应时间:892ms	广东省	珠海市	这里是日志信息......
2024-02-19 03:54:39.680657	[INFO]	user_manager.py	响应时间:57ms	江苏省	南京市	这里是日志信息......
2024-02-19 03:54:39.680671	[WARN]	goods_manager.py	响应时间:167ms	浙江省	丽水市	这里是日志信息......
2024-02-19 03:54:39.680688	[INFO]	orders_service.py	响应时间:151ms	广东省	广州市	这里是日志信息......
2024-02-19 03:54:39.680703	[INFO]	shop_manager.py	响应时间:904ms	北京市	海淀区	这里是日志信息......
2024-02-19 03:54:39.680717	[ERROR]	event.py	响应时间:7ms	浙江省	湖州市	这里是日志信息......
2024-02-19 03:54:39.680732	[INFO]	orders_service.py	响应时间:231ms	上海市	普陀区	这里是日志信息......
2024-02-19 03:54:39.680747	[INFO]	shop_manager.py	响应时间:390ms	广东省	珠海市	这里是日志信息......
2024-02-19 03:54:39.680763	[WARN]	event.py	响应时间:717ms	北京市	丰台区	这里是日志信息......
2024-02-19 03:54:39.680778	[INFO]	event.py	响应时间:352ms	山东省	青岛市	这里是日志信息......
2024-02-19 03:54:39.680792	[INFO]	event.py	响应时间:638ms	安徽省	合肥市	这里是日志信息......
2024-02-19 03:54:39.680807	[INFO]	barcode_service.py	响应时间:385ms	湖北省	恩施土家族苗族自治州	这里是日志信息......
2024-02-19 03:54:39.680821	[INFO]	user_manager.py	响应时间:854ms	安徽省	阜阳市	这里是日志信息......
2024-02-19 03:54:39.680836	[INFO]	user_manager.py	响应时间:809ms	天津市	河西区	这里是日志信息......
2024-02-19 03:54:39.680850	[INFO]	orders_service.py	响应时间:20ms	上海市	徐汇区	这里是日志信息......
2024-02-19 03:54:39.680865	[INFO]	orders_service.py	响应时间:542ms	广东省	珠海市	这里是日志信息......
2024-02-19 03:54:39.680879	[INFO]	event.py	响应时间:947ms	湖南省	长沙市	这里是日志信息......
2024-02-19 03:54:39.680894	[INFO]	shop_manager.py	响应时间:406ms	湖北省	武汉市	这里是日志信息......
2024-02-19 03:54:39.680908	[INFO]	barcode_service.py	响应时间:659ms	山东省	青岛市	这里是日志信息......
2024-02-19 03:54:39.680923	[INFO]	orders_service.py	响应时间:807ms	湖南省	长沙市	这里是日志信息......
2024-02-19 03:54:39.680938	[INFO]	event.py	响应时间:743ms	山东省	菏泽市	这里是日志信息......
2024-02-19 03:54:39.680952	[ERROR]	goods_manager.py	响应时间:835ms	江苏省	南京市	这里是日志信息......
2024-02-19 03:54:39.680967	[INFO]	goods_manager.py	响应时间:990ms	上海市	杨浦区	这里是日志信息......
2024-02-19 03:54:39.680982	[WARN]	goods_manager.py	响应时间:109ms	山东省	青岛市	这里是日志信息......
2024-02-19 03:54:39.680996	[INFO]	orders_service.py	响应时间:765ms	湖南省	株洲市	这里是日志信息......
2024-02-19 03:54:39.681011	[INFO]	goods_manager.py	响应时间:440ms	北京市	朝阳区	这里是日志信息......
2024-02-19 03:54:39.681025	[INFO]	orders_service.py	响应时间:421ms	浙江省	杭州市	这里是日志信息......
2024-02-19 03:54:39.681040	[INFO]	goods_manager.py	响应时间:11ms	广东省	深圳市	这里是日志信息......
2024-02-19 03:54:39.681054	[INFO]	event.py	响应时间:952ms	上海市	杨浦区	这里是日志信息......
2024-02-19 03:54:39.681069	[INFO]	goods_manager.py	响应时间:110ms	山东省	济南市	这里是日志信息......
2024-02-19 03:54:39.681084	[WARN]	shop_manager.py	响应时间:753ms	北京市	怀柔区	这里是日志信息......
2024-02-19 03:54:39.681099	[INFO]	orders_service.py	响应时间:194ms	山东省	济南市	这里是日志信息......
2024-02-19 03:54:39.681113	[INFO]	orders_service.py	响应时间:989ms	天津市	河西区	这里是日志信息......
2024-02-19 03:54:39.681128	[INFO]	orders_service.py	响应时间:793ms	山东省	济南市	这里是日志信息......
2024-02-19 03:54:39.681143	[INFO]	goods_manager.py	响应时间:431ms	浙江省	舟山市	这里是日志信息......
2024-02-19 03:54:39.681157	[INFO]	base_network.py	响应时间:8580ms	上海市	静安区	这里是日志信息......
2024-02-19 03:54:39.681171	[INFO]	orders_service.py	响应时间:612ms	广东省	珠海市	这里是日志信息......
2024-02-19 03:54:39.681186	[WARN]	shop_manager.py	响应时间:449ms	重庆市	万州区	这里是日志信息......
2024-02-19 03:54:39.681200	[INFO]	goods_manager.py	响应时间:649ms	天津市	和平区	这里是日志信息......
2024-02-19 03:54:39.681214	[INFO]	event.py	响应时间:124ms	上海市	宝山区	这里是日志信息......
2024-02-19 03:54:39.681268	[INFO]	goods_manager.py	响应时间:826ms	江苏省	常州市	这里是日志信息......
2024-02-19 03:54:39.681285	[WARN]	event.py	响应时间:667ms	广东省	珠海市	这里是日志信息......
2024-02-19 03:54:39.681299	[INFO]	barcode_service.py	响应时间:30ms	广东省	广州市	这里是日志信息......
2024-02-19 03:54:39.681314	[WARN]	goods_manager.py	响应时间:803ms	上海市	宝山区	这里是日志信息......
2024-02-19 03:54:39.681328	[INFO]	user_manager.py	响应时间:1ms	安徽省	阜阳市	这里是日志信息......
2024-02-19 03:54:39.681343	[INFO]	orders_service.py	响应时间:178ms	湖北省	武汉市	这里是日志信息......
2024-02-19 03:54:39.681358	[ERROR]	event.py	响应时间:160ms	浙江省	杭州市	这里是日志信息......
2024-02-19 03:54:39.681372	[INFO]	user_manager.py	响应时间:208ms	湖南省	长沙市	这里是日志信息......
2024-02-19 03:54:39.681386	[INFO]	goods_manager.py	响应时间:346ms	广东省	广州市	这里是日志信息......
2024-02-19 03:54:39.681401	[INFO]	barcode_service.py	响应时间:193ms	湖南省	长沙市	这里是日志信息......
2024-02-19 03:54:39.681415	[WARN]	barcode_service.py	响应时间:159ms	浙江省	嘉兴市	这里是日志信息......
2024-02-19 03:54:39.681430	[INFO]	orders_service.py	响应时间:267ms	湖北省	武汉市	这里是日志信息......
2024-02-19 03:54:39.681444	[INFO]	base_network.py	响应时间:31ms	天津市	宝坻区	这里是日志信息......
2024-02-19 03:54:39.681458	[WARN]	event.py	响应时间:858ms	北京市	大兴区	这里是日志信息......
2024-02-19 03:54:39.681472	[INFO]	user_manager.py	响应时间:588ms	广东省	广州市	这里是日志信息......
2024-02-19 03:54:39.681486	[INFO]	base_network.py	响应时间:284ms	江苏省	无锡市	这里是日志信息......
2024-02-19 03:54:39.681501	[INFO]	event.py	响应时间:945ms	江苏省	苏州市	这里是日志信息......
2024-02-19 03:54:39.681516	[INFO]	orders_service.py	响应时间:424ms	湖南省	常德市	这里是日志信息......
2024-02-19 03:54:39.681530	[INFO]	shop_manager.py	响应时间:804ms	上海市	徐汇区	这里是日志信息......
2024-02-19 03:54:39.681544	[INFO]	orders_service.py	响应时间:367ms	湖北省	武汉市	这里是日志信息......
2024-02-19 03:54:39.681559	[INFO]	event.py	响应时间:266ms	湖北省	恩施土家族苗族自治州	这里是日志信息......
2024-02-19 03:54:39.681573	[WARN]	barcode_service.py	响应时间:821ms	湖南省	长沙市	这里是日志信息......
2024-02-19 03:54:39.681587	[INFO]	barcode_service.py	响应时间:245ms	重庆市	涪陵区	这里是日志信息......
2024-02-19 03:54:39.681601	[INFO]	event.py	响应时间:551ms	广东省	广州市	这里是日志信息......
2024-02-19 03:54:39.681615	[INFO]	orders_service.py	响应时间:540ms	江苏省	常州市	这里是日志信息......
2024-02-19 03:54:39.681630	[INFO]	base_network.py	响应时间:703ms	天津市	河西区	这里是日志信息......
2024-02-19 03:54:39.681644	[INFO]	orders_service.py	响应时间:528ms	广东省	广州市	这里是日志信息......
2024-02-19 03:54:39.681657	[INFO]	goods_manager.py	响应时间:655ms	北京市	大兴区	这里是日志信息......
2024-02-19 03:54:39.681671	[INFO]	user_manager.py	响应时间:344ms	上海市	宝山区	这里是日志信息......
2024-02-19 03:54:39.681685	[INFO]	goods_manager.py	响应时间:746ms	重庆市	万州区	这里是日志信息......
2024-02-19 03:54:39.681700	[INFO]	barcode_service.py	响应时间:419ms	江苏省	苏州市	这里是日志信息......
2024-02-19 03:54:39.681714	[WARN]	barcode_service.py	响应时间:320ms	广东省	珠海市	这里是日志信息......
2024-02-19 03:54:39.681728	[WARN]	orders_service.py	响应时间:148ms	湖南省	长沙市	这里是日志信息......
2024-02-19 03:54:39.681742	[INFO]	goods_manager.py	响应时间:80ms	上海市	静安区	这里是日志信息......
2024-02-19 03:54:39.681757	[INFO]	orders_service.py	响应时间:412ms	广东省	深圳市	这里是日志信息......
2024-02-19 03:54:39.681771	[INFO]	user_manager.py	响应时间:676ms	上海市	浦东新区	这里是日志信息......
2024-02-19 03:54:39.681785	[INFO]	barcode_service.py	响应时间:931ms	湖北省	荆州市	这里是日志信息......
2024-02-19 03:54:39.681799	[INFO]	event.py	响应时间:339ms	江苏省	南京市	这里是日志信息......
2024-02-19 03:54:39.681814	[INFO]	shop_manager.py	响应时间:480ms	重庆市	南岸区	这里是日志信息......
2024-02-19 03:54:39.681828	[INFO]	user_manager.py	响应时间:162ms	江苏省	南京市	这里是日志信息......
2024-02-19 03:54:39.681843	[INFO]	event.py	响应时间:97ms	上海市	黄浦区	这里是日志信息......
2024-02-19 03:54:39.681858	[INFO]	goods_manager.py	响应时间:980ms	湖南省	长沙市	这里是日志信息......
2024-02-19 03:54:39.681872	[INFO]	orders_service.py	响应时间:209ms	北京市	昌平区	这里是日志信息......
2024-02-19 03:54:39.681886	[INFO]	event.py	响应时间:206ms	上海市	浦东新区	这里是日志信息......
2024-02-19 03:54:39.681901	[INFO]	goods_manager.py	响应时间:62ms	安徽省	六安市	这里是日志信息......
2024-02-19 03:54:39.681915	[INFO]	event.py	响应时间:658ms	浙江省	杭州市	这里是日志信息......
2024-02-19 03:54:39.681929	[INFO]	orders_service.py	响应时间:688ms	山东省	青岛市	这里是日志信息......
2024-02-19 03:54:39.681944	[INFO]	user_manager.py	响应时间:367ms	江苏省	南京市	这里是日志信息......
2024-02-19 03:54:39.681958	[INFO]	user_manager.py	响应时间:174ms	湖北省	武汉市	这里是日志信息......
2024-02-19 03:54:39.681972	[INFO]	goods_manager.py	响应时间:334ms	上海市	静安区	这里是日志信息......
2024-02-19 03:54:39.681986	[INFO]	goods_manager.py	响应时间:516ms	天津市	武清区	这里是日志信息......
2024-02-19 03:54:39.682001	[INFO]	shop_manager.py	响应时间:27ms	湖南省	长沙市	这里是日志信息......
2024-02-19 03:54:39.682015	[INFO]	event.py	响应时间:5979ms	山东省	青岛市	这里是日志信息......
2024-02-19 03:54:39.682030	[INFO]	orders_service.py	响应时间:259ms	重庆市	万州区	这里是日志信息......
2024-02-19 03:54:39.682044	[INFO]	shop_manager.py	响应时间:137ms	山东省	济南市	这里是日志信息......
2024-02-19 03:54:39.682058	[INFO]	goods_manager.py	响应时间:310ms	湖北省	荆州市	这里是日志信息......
2024-02-19 03:54:39.682072	[INFO]	base_network.py	响应时间:240ms	广东省	广州市	这里是日志信息......
2024-02-19 03:54:39.682086	[INFO]	goods_manager.py	响应时间:954ms	北京市	昌平区	这里是日志信息......
2024-02-19 03:54:39.682100	[INFO]	barcode_service.py	响应时间:512ms	北京市	大兴区	这里是日志信息......
2024-02-19 03:54:39.682115	[WARN]	user_manager.py	响应时间:988ms	重庆市	南岸区	这里是日志信息......
2024-02-19 03:54:39.682129	[INFO]	orders_service.py	响应时间:905ms	广东省	深圳市	这里是日志信息......
2024-02-19 03:54:39.682143	[INFO]	event.py	响应时间:852ms	山东省	青岛市	这里是日志信息......
2024-02-19 03:54:39.682157	[INFO]	event.py	响应时间:123ms	安徽省	池州市	这里是日志信息......
2024-02-19 03:54:39.682171	[INFO]	goods_manager.py	响应时间:87ms	重庆市	万州区	这里是日志信息......
2024-02-19 03:54:39.682186	[WARN]	goods_manager.py	响应时间:63ms	重庆市	南岸区	这里是日志信息......
2024-02-19 03:54:39.682201	[WARN]	goods_manager.py	响应时间:885ms	浙江省	湖州市	这里是日志信息......
2024-02-19 03:54:39.682215	[INFO]	shop_manager.py	响应时间:380ms	湖南省	长沙市	这里是日志信息......
2024-02-19 03:54:39.682230	[WARN]	goods_manager.py	响应时间:905ms	上海市	浦东新区	这里是日志信息......
2024-02-19 03:54:39.682244	[INFO]	goods_manager.py	响应时间:352ms	湖南省	长沙市	这里是日志信息......
2024-02-19 03:54:39.682259	[INFO]	goods_manager.py	响应时间:850ms	江苏省	无锡市	这里是日志信息......
2024-02-19 03:54:39.682295	[INFO]	event.py	响应时间:39ms	江苏省	张家港市	这里是日志信息......
2024-02-19 03:54:39.682312	[INFO]	event.py	响应时间:326ms	安徽省	阜阳市	这里是日志信息......
2024-02-19 03:54:39.682327	[INFO]	barcode_service.py	响应时间:190ms	浙江省	舟山市	这里是日志信息......
2024-02-19 03:54:39.682341	[INFO]	goods_manager.py	响应时间:712ms	上海市	静安区	这里是日志信息......
2024-02-19 03:54:39.682355	[INFO]	orders_service.py	响应时间:991ms	浙江省	嘉兴市	这里是日志信息......
2024-02-19 03:54:39.682369	[INFO]	user_manager.py	响应时间:451ms	安徽省	芜湖市	这里是日志信息......
2024-02-19 03:54:39.682384	[INFO]	orders_service.py	响应时间:553ms	上海市	徐汇区	这里是日志信息......
2024-02-19 03:54:39.682398	[INFO]	orders_service.py	响应时间:528ms	湖南省	长沙市	这里是日志信息......
2024-02-19 03:54:39.682412	[INFO]	goods_manager.py	响应时间:991ms	山东省	青岛市	这里是日志信息......
2024-02-19 03:54:39.682426	[INFO]	user_manager.py	响应时间:840ms	湖北省	十堰市	这里是日志信息......
2024-02-19 03:54:39.682441	[WARN]	orders_service.py	响应时间:428ms	北京市	海淀区	这里是日志信息......
2024-02-19 03:54:39.682455	[INFO]	barcode_service.py	响应时间:435ms	上海市	浦东新区	这里是日志信息......
2024-02-19 03:54:39.682469	[INFO]	event.py	响应时间:950ms	上海市	杨浦区	这里是日志信息......
2024-02-19 03:54:39.682484	[INFO]	barcode_service.py	响应时间:598ms	广东省	广州市	这里是日志信息......
2024-02-19 03:54:39.682498	[INFO]	event.py	响应时间:522ms	湖南省	长沙市	这里是日志信息......
2024-02-19 03:54:39.682512	[INFO]	event.py	响应时间:496ms	广东省	深圳市	这里是日志信息......
2024-02-19 03:54:39.682526	[INFO]	barcode_service.py	响应时间:1ms	浙江省	绍兴市	这里是日志信息......
2024-02-19 03:54:39.682541	[INFO]	user_manager.py	响应时间:323ms	广东省	广州市	这里是日志信息......
2024-02-19 03:54:39.682555	[INFO]	event.py	响应时间:159ms	湖南省	长沙市	这里是日志信息......
2024-02-19 03:54:39.682569	[ERROR]	base_network.py	响应时间:938ms	浙江省	杭州市	这里是日志信息......
2024-02-19 03:54:39.682584	[WARN]	barcode_service.py	响应时间:144ms	安徽省	合肥市	这里是日志信息......
2024-02-19 03:54:39.682598	[INFO]	barcode_service.py	响应时间:248ms	浙江省	舟山市	这里是日志信息......
2024-02-19 03:54:39.682613	[INFO]	orders_service.py	响应时间:612ms	广东省	珠海市	这里是日志信息......
2024-02-19 03:54:39.682627	[WARN]	event.py	响应时间:217ms	天津市	河西区	这里是日志信息......
2024-02-19 03:54:39.682641	[INFO]	base_network.py	响应时间:528ms	天津市	河东区	这里是日志信息......
2024-02-19 03:54:39.682655	[INFO]	base_network.py	响应时间:29ms	湖北省	武汉市	这里是日志信息......
2024-02-19 03:54:39.682669	[INFO]	goods_manager.py	响应时间:653ms	安徽省	六安市	这里是日志信息......
2024-02-19 03:54:39.682683	[INFO]	event.py	响应时间:345ms	山东省	济南市	这里是日志信息......
2024-02-19 03:54:39.682697	[INFO]	goods_manager.py	响应时间:720ms	重庆市	渝中区	这里是日志信息......
2024-02-19 03:54:39.682712	[INFO]	orders_service.py	响应时间:501ms	北京市	海淀区	这里是日志信息......
2024-02-19 03:54:39.682726	[INFO]	event.py	响应时间:124ms	浙江省	金华市	这里是日志信息......
2024-02-19 03:54:39.682740	[INFO]	orders_service.py	响应时间:429ms	重庆市	沙坪坝区	这里是日志信息......
2024-02-19 03:54:39.682755	[INFO]	shop_manager.py	响应时间:866ms	天津市	河西区	这里是日志信息......
2024-02-19 03:54:39.682769	[INFO]	user_manager.py	响应时间:858ms	湖南省	长沙市	这里是日志信息......
2024-02-19 03:54:39.682783	[WARN]	barcode_service.py	响应时间:66ms	广东省	深圳市	这里是日志信息......
2024-02-19 03:54:39.682798	[INFO]	base_network.py	响应时间:438ms	江苏省	张家港市	这里是日志信息......
2024-02-19 03:54:39.682812	[INFO]	goods_manager.py	响应时间:916ms	湖南省	张家界市	这里是日志信息......
2024-02-19 03:54:39.682826	[ERROR]	orders_service.py	响应时间:9200ms	江苏省	常州市	这里是日志信息......
2024-02-19 03:54:39.682841	[INFO]	barcode_service.py	响应时间:851ms	广东省	深圳市	这里是日志信息......
2024-02-19 03:54:39.682856	[INFO]	user_manager.py	响应时间:723ms	山东省	青岛市	这里是日志信息......
2024-02-19 03:54:39.682870	[INFO]	event.py	响应时间:343ms	山东省	济南市	这里是日志信息......
2024-02-19 03:54:39.682884	[INFO]	event.py	响应时间:704ms	天津市	武清区	这里是日志信息......
2024-02-19 03:54:39.682898	[WARN]	user_manager.py	响应时间:193ms	广东省	广州市	这里是日志信息......
2024-02-19 03:54:39.682913	[INFO]	event.py	响应时间:945ms	重庆市	涪陵区	这里是日志信息......
2024-02-19 03:54:39.682927	[INFO]	event.py	响应时间:173ms	山东省	青岛市	这里是日志信息......
2024-02-19 03:54:39.682941	[ERROR]	base_network.py	响应时间:981ms	天津市	河东区	这里是日志信息......
2024-02-19 03:54:39.682956	[INFO]	orders_service.py	响应时间:870ms	湖南省	株洲市	这里是日志信息......
2024-02-19 03:54:39.682971	[INFO]	user_manager.py	响应时间:873ms	浙江省	金华市	这里是日志信息......
2024-02-19 03:54:39.682985	[INFO]	barcode_service.py	响应时间:984ms	安徽省	铜陵市	这里是日志信息......
2024-02-19 03:54:39.682999	[WARN]	orders_service.py	响应时间:372ms	浙江省	绍兴市	这里是日志信息......
2024-02-19 03:54:39.683013	[INFO]	event.py	响应时间:82ms	江苏省	宿迁市	这里是日志信息......
2024-02-19 03:54:39.683027	[WARN]	event.py	响应时间:23ms	安徽省	阜阳市	这里是日志信息......
2024-02-19 03:54:39.683041	[INFO]	barcode_service.py	响应时间:272ms	天津市	武清区	这里是日志信息......
2024-02-19 03:54:39.683056	[INFO]	shop_manager.py	响应时间:605ms	重庆市	南岸区	这里是日志信息......
2024-02-19 03:54:39.683070	[INFO]	shop_manager.py	响应时间:826ms	安徽省	阜阳市	这里是日志信息......
2024-02-19 03:54:39.683085	[WARN]	shop_manager.py	响应时间:837ms	广东省	广州市	这里是日志信息......
2024-02-19 03:54:39.683099	[INFO]	shop_manager.py	响应时间:127ms	天津市	宝坻区	这里是日志信息......
2024-02-19 03:54:39.683113	[INFO]	event.py	响应时间:559ms	上海市	浦东新区	这里是日志信息......
2024-02-19 03:54:39.683127	[INFO]	event.py	响应时间:891ms	北京市	海淀区	这里是日志信息......
2024-02-19 03:54:39.683141	[INFO]	event.py	响应时间:294ms	湖南省	长沙市	这里是日志信息......
2024-02-19 03:54:39.683155	[INFO]	event.py	响应时间:313ms	安徽省	合肥市	这里是日志信息......
2024-02-19 03:54:39.683169	[INFO]	event.py	响应时间:430ms	浙江省	杭州市	这里是日志信息......
2024-02-19 03:54:39.683183	[INFO]	event.py	响应时间:476ms	天津市	河东区	这里是日志信息......
2024-02-19 03:54:39.683197	[INFO]	orders_service.py	响应时间:67ms	重庆市	涪陵区	这里是日志信息......
2024-02-19 03:54:39.683212	[INFO]	user_manager.py	响应时间:947ms	天津市	河西区	这里是日志信息......
2024-02-19 03:54:39.683226	[INFO]	orders_service.py	响应时间:655ms	安徽省	池州市	这里是日志信息......
2024-02-19 03:54:39.683241	[WARN]	shop_manager.py	响应时间:801ms	上海市	浦东新区	这里是日志信息......
2024-02-19 03:54:39.683256	[INFO]	orders_service.py	响应时间:25ms	江苏省	苏州市	这里是日志信息......
2024-02-19 03:54:39.683270	[ERROR]	barcode_service.py	响应时间:248ms	天津市	河东区	这里是日志信息......
2024-02-19 03:54:39.683284	[WARN]	goods_manager.py	响应时间:802ms	山东省	菏泽市	这里是日志信息......
2024-02-19 03:54:39.683315	[INFO]	goods_manager.py	响应时间:399ms	广东省	广州市	这里是日志信息......
2024-02-19 03:54:39.683332	[ERROR]	event.py	响应时间:172ms	湖南省	长沙市	这里是日志信息......
2024-02-19 03:54:39.683346	[INFO]	base_network.py	响应时间:27ms	浙江省	杭州市	这里是日志信息......
2024-02-19 03:54:39.683361	[INFO]	goods_manager.py	响应时间:7107ms	安徽省	阜阳市	这里是日志信息......
2024-02-19 03:54:39.683376	[INFO]	user_manager.py	响应时间:746ms	重庆市	九龙坡区	这里是日志信息......
2024-02-19 03:54:39.683390	[INFO]	event.py	响应时间:2508ms	广东省	珠海市	这里是日志信息......
2024-02-19 03:54:39.683404	[INFO]	goods_manager.py	响应时间:477ms	广东省	深圳市	这里是日志信息......
2024-02-19 03:54:39.683418	[WARN]	orders_service.py	响应时间:659ms	江苏省	苏州市	这里是日志信息......
2024-02-19 03:54:39.683433	[INFO]	orders_service.py	响应时间:852ms	浙江省	杭州市	这里是日志信息......
2024-02-19 03:54:39.683447	[INFO]	shop_manager.py	响应时间:857ms	天津市	宝坻区	这里是日志信息......
2024-02-19 03:54:39.683461	[INFO]	event.py	响应时间:11ms	湖北省	荆州市	这里是日志信息......
2024-02-19 03:54:39.683475	[INFO]	event.py	响应时间:635ms	重庆市	万州区	这里是日志信息......
2024-02-19 03:54:39.683490	[INFO]	barcode_service.py	响应时间:737ms	广东省	广州市	这里是日志信息......
2024-02-19 03:54:39.683504	[INFO]	orders_service.py	响应时间:959ms	江苏省	南京市	这里是日志信息......
2024-02-19 03:54:39.683518	[INFO]	event.py	响应时间:656ms	湖北省	武汉市	这里是日志信息......
2024-02-19 03:54:39.683532	[INFO]	barcode_service.py	响应时间:279ms	天津市	宝坻区	这里是日志信息......
2024-02-19 03:54:39.683547	[INFO]	event.py	响应时间:47ms	广东省	广州市	这里是日志信息......
2024-02-19 03:54:39.683561	[INFO]	shop_manager.py	响应时间:609ms	重庆市	沙坪坝区	这里是日志信息......
2024-02-19 03:54:39.683576	[INFO]	shop_manager.py	响应时间:4632ms	安徽省	铜陵市	这里是日志信息......
2024-02-19 03:54:39.683590	[INFO]	event.py	响应时间:138ms	广东省	珠海市	这里是日志信息......
2024-02-19 03:54:39.683604	[INFO]	barcode_service.py	响应时间:266ms	上海市	杨浦区	这里是日志信息......
2024-02-19 03:54:39.683619	[ERROR]	barcode_service.py	响应时间:6605ms	广东省	广州市	这里是日志信息......
2024-02-19 03:54:39.683634	[WARN]	event.py	响应时间:1611ms	江苏省	张家港市	这里是日志信息......
2024-02-19 03:54:39.683648	[INFO]	event.py	响应时间:888ms	北京市	怀柔区	这里是日志信息......
2024-02-19 03:54:39.683662	[INFO]	barcode_service.py	响应时间:8587ms	江苏省	宿迁市	这里是日志信息......
2024-02-19 03:54:39.683677	[INFO]	event.py	响应时间:767ms	广东省	珠海市	这里是日志信息......
2024-02-19 03:54:39.683691	[ERROR]	orders_service.py	响应时间:823ms	山东省	济南市	这里是日志信息......
2024-02-19 03:54:39.683705	[INFO]	goods_manager.py	响应时间:891ms	安徽省	芜湖市	这里是日志信息......
2024-02-19 03:54:39.683720	[INFO]	barcode_service.py	响应时间:363ms	安徽省	合肥市	这里是日志信息......
2024-02-19 03:54:39.683734	[INFO]	shop_manager.py	响应时间:786ms	广东省	深圳市	这里是日志信息......
2024-02-19 03:54:39.683748	[INFO]	goods_manager.py	响应时间:620ms	上海市	黄浦区	这里是日志信息......
2024-02-19 03:54:39.683762	[INFO]	event.py	响应时间:213ms	江苏省	苏州市	这里是日志信息......
2024-02-19 03:54:39.683776	[INFO]	event.py	响应时间:503ms	浙江省	杭州市	这里是日志信息......
2024-02-19 03:54:39.683790	[INFO]	base_network.py	响应时间:15ms	上海市	杨浦区	这里是日志信息......
2024-02-19 03:54:39.683805	[INFO]	base_network.py	响应时间:398ms	天津市	河东区	这里是日志信息......
2024-02-19 03:54:39.683819	[INFO]	barcode_service.py	响应时间:139ms	安徽省	六安市	这里是日志信息......
2024-02-19 03:54:39.683834	[INFO]	user_manager.py	响应时间:703ms	上海市	静安区	这里是日志信息......
2024-02-19 03:54:39.683848	[WARN]	event.py	响应时间:4095ms	广东省	深圳市	这里是日志信息......
2024-02-19 03:54:39.683863	[INFO]	base_network.py	响应时间:575ms	天津市	武清区	这里是日志信息......
2024-02-19 03:54:39.683877	[INFO]	goods_manager.py	响应时间:387ms	天津市	宝坻区	这里是日志信息......
2024-02-19 03:54:39.683892	[INFO]	shop_manager.py	响应时间:271ms	山东省	济南市	这里是日志信息......
2024-02-19 03:54:39.683906	[ERROR]	base_network.py	响应时间:3643ms	天津市	河东区	这里是日志信息......
2024-02-19 03:54:39.683921	[INFO]	goods_manager.py	响应时间:180ms	湖南省	长沙市	这里是日志信息......
2024-02-19 03:54:39.683936	[INFO]	event.py	响应时间:889ms	广东省	珠海市	这里是日志信息......
2024-02-19 03:54:39.683950	[ERROR]	base_network.py	响应时间:984ms	重庆市	沙坪坝区	这里是日志信息......
2024-02-19 03:54:39.683965	[WARN]	orders_service.py	响应时间:351ms	湖南省	长沙市	这里是日志信息......
