2024-02-19 03:54:37.617666	[INFO]	event.py	响应时间:818ms	湖南省	常德市	这里是日志信息......
2024-02-19 03:54:37.617739	[INFO]	event.py	响应时间:881ms	浙江省	杭州市	这里是日志信息......
2024-02-19 03:54:37.617775	[INFO]	shop_manager.py	响应时间:854ms	天津市	和平区	这里是日志信息......
2024-02-19 03:54:37.617806	[INFO]	orders_service.py	响应时间:10ms	广东省	珠海市	这里是日志信息......
2024-02-19 03:54:37.617835	[INFO]	user_manager.py	响应时间:35ms	安徽省	六安市	这里是日志信息......
2024-02-19 03:54:37.617862	[INFO]	event.py	响应时间:202ms	重庆市	渝中区	这里是日志信息......
2024-02-19 03:54:37.617890	[INFO]	shop_manager.py	响应时间:79ms	湖北省	恩施土家族苗族自治州	这里是日志信息......
2024-02-19 03:54:37.617917	[INFO]	event.py	响应时间:761ms	江苏省	宿迁市	这里是日志信息......
2024-02-19 03:54:37.617944	[INFO]	orders_service.py	响应时间:58ms	广东省	广州市	这里是日志信息......
2024-02-19 03:54:37.617969	[INFO]	shop_manager.py	响应时间:268ms	天津市	宝坻区	这里是日志信息......
2024-02-19 03:54:37.617994	[INFO]	event.py	响应时间:670ms	山东省	青岛市	这里是日志信息......
2024-02-19 03:54:37.618020	[WARN]	event.py	响应时间:38ms	湖北省	荆州市	这里是日志信息......
2024-02-19 03:54:37.618047	[INFO]	goods_manager.py	响应时间:46ms	浙江省	绍兴市	这里是日志信息......
2024-02-19 03:54:37.618074	[WARN]	event.py	响应时间:1000ms	山东省	济南市	这里是日志信息......
2024-02-19 03:54:37.618100	[INFO]	orders_service.py	响应时间:368ms	山东省	济南市	这里是日志信息......
2024-02-19 03:54:37.618124	[INFO]	user_manager.py	响应时间:158ms	浙江省	舟山市	这里是日志信息......
2024-02-19 03:54:37.618146	[INFO]	barcode_service.py	响应时间:259ms	北京市	丰台区	这里是日志信息......
2024-02-19 03:54:37.618169	[INFO]	barcode_service.py	响应时间:749ms	重庆市	涪陵区	这里是日志信息......
2024-02-19 03:54:37.618192	[INFO]	shop_manager.py	响应时间:670ms	湖南省	长沙市	这里是日志信息......
2024-02-19 03:54:37.618214	[INFO]	event.py	响应时间:131ms	广东省	深圳市	这里是日志信息......
2024-02-19 03:54:37.618237	[INFO]	base_network.py	响应时间:357ms	广东省	深圳市	这里是日志信息......
2024-02-19 03:54:37.618260	[WARN]	barcode_service.py	响应时间:142ms	广东省	广州市	这里是日志信息......
2024-02-19 03:54:37.618282	[WARN]	event.py	响应时间:638ms	江苏省	无锡市	这里是日志信息......
2024-02-19 03:54:37.618304	[INFO]	barcode_service.py	响应时间:988ms	广东省	广州市	这里是日志信息......
2024-02-19 03:54:37.618327	[INFO]	goods_manager.py	响应时间:873ms	浙江省	嘉兴市	这里是日志信息......
2024-02-19 03:54:37.618349	[WARN]	orders_service.py	响应时间:878ms	广东省	广州市	这里是日志信息......
2024-02-19 03:54:37.618372	[INFO]	user_manager.py	响应时间:752ms	北京市	朝阳区	这里是日志信息......
2024-02-19 03:54:37.618395	[INFO]	event.py	响应时间:667ms	上海市	浦东新区	这里是日志信息......
2024-02-19 03:54:37.618418	[INFO]	orders_service.py	响应时间:775ms	山东省	菏泽市	这里是日志信息......
2024-02-19 03:54:37.618441	[INFO]	base_network.py	响应时间:984ms	江苏省	无锡市	这里是日志信息......
2024-02-19 03:54:37.618463	[INFO]	goods_manager.py	响应时间:877ms	湖南省	长沙市	这里是日志信息......
2024-02-19 03:54:37.618486	[INFO]	barcode_service.py	响应时间:530ms	天津市	和平区	这里是日志信息......
2024-02-19 03:54:37.618508	[INFO]	base_network.py	响应时间:234ms	上海市	黄浦区	这里是日志信息......
2024-02-19 03:54:37.618533	[WARN]	goods_manager.py	响应时间:154ms	浙江省	杭州市	这里是日志信息......
2024-02-19 03:54:37.618555	[WARN]	event.py	响应时间:164ms	安徽省	池州市	这里是日志信息......
2024-02-19 03:54:37.618577	[WARN]	orders_service.py	响应时间:5507ms	浙江省	绍兴市	这里是日志信息......
2024-02-19 03:54:37.618600	[INFO]	shop_manager.py	响应时间:428ms	湖北省	恩施土家族苗族自治州	这里是日志信息......
2024-02-19 03:54:37.618622	[INFO]	goods_manager.py	响应时间:986ms	上海市	杨浦区	这里是日志信息......
2024-02-19 03:54:37.618644	[INFO]	barcode_service.py	响应时间:901ms	江苏省	张家港市	这里是日志信息......
2024-02-19 03:54:37.618669	[ERROR]	event.py	响应时间:425ms	山东省	济南市	这里是日志信息......
2024-02-19 03:54:37.618693	[INFO]	event.py	响应时间:831ms	上海市	徐汇区	这里是日志信息......
2024-02-19 03:54:37.618715	[INFO]	goods_manager.py	响应时间:967ms	北京市	大兴区	这里是日志信息......
2024-02-19 03:54:37.618737	[INFO]	event.py	响应时间:311ms	安徽省	池州市	这里是日志信息......
2024-02-19 03:54:37.618760	[INFO]	orders_service.py	响应时间:692ms	广东省	深圳市	这里是日志信息......
2024-02-19 03:54:37.618782	[INFO]	goods_manager.py	响应时间:862ms	广东省	广州市	这里是日志信息......
2024-02-19 03:54:37.618804	[INFO]	barcode_service.py	响应时间:621ms	重庆市	万州区	这里是日志信息......
2024-02-19 03:54:37.618826	[INFO]	event.py	响应时间:850ms	上海市	普陀区	这里是日志信息......
2024-02-19 03:54:37.618848	[WARN]	user_manager.py	响应时间:667ms	湖南省	株洲市	这里是日志信息......
2024-02-19 03:54:37.618870	[WARN]	goods_manager.py	响应时间:513ms	湖北省	武汉市	这里是日志信息......
2024-02-19 03:54:37.618892	[INFO]	base_network.py	响应时间:253ms	浙江省	舟山市	这里是日志信息......
2024-02-19 03:54:37.618914	[INFO]	goods_manager.py	响应时间:526ms	浙江省	丽水市	这里是日志信息......
2024-02-19 03:54:37.618936	[INFO]	user_manager.py	响应时间:788ms	湖南省	长沙市	这里是日志信息......
2024-02-19 03:54:37.618957	[INFO]	barcode_service.py	响应时间:935ms	安徽省	六安市	这里是日志信息......
2024-02-19 03:54:37.618979	[WARN]	goods_manager.py	响应时间:953ms	安徽省	铜陵市	这里是日志信息......
2024-02-19 03:54:37.619001	[WARN]	goods_manager.py	响应时间:749ms	广东省	珠海市	这里是日志信息......
2024-02-19 03:54:37.619024	[INFO]	base_network.py	响应时间:712ms	天津市	武清区	这里是日志信息......
2024-02-19 03:54:37.619047	[INFO]	event.py	响应时间:60ms	湖南省	长沙市	这里是日志信息......
2024-02-19 03:54:37.619070	[INFO]	goods_manager.py	响应时间:914ms	山东省	济南市	这里是日志信息......
2024-02-19 03:54:37.619092	[INFO]	event.py	响应时间:203ms	浙江省	丽水市	这里是日志信息......
2024-02-19 03:54:37.619115	[INFO]	barcode_service.py	响应时间:5ms	上海市	浦东新区	这里是日志信息......
2024-02-19 03:54:37.619138	[INFO]	goods_manager.py	响应时间:514ms	浙江省	杭州市	这里是日志信息......
2024-02-19 03:54:37.619160	[INFO]	goods_manager.py	响应时间:57ms	天津市	武清区	这里是日志信息......
2024-02-19 03:54:37.619182	[INFO]	goods_manager.py	响应时间:622ms	安徽省	芜湖市	这里是日志信息......
2024-02-19 03:54:37.619204	[INFO]	goods_manager.py	响应时间:541ms	重庆市	万州区	这里是日志信息......
2024-02-19 03:54:37.619226	[INFO]	orders_service.py	响应时间:837ms	上海市	宝山区	这里是日志信息......
2024-02-19 03:54:37.619250	[WARN]	barcode_service.py	响应时间:862ms	湖南省	长沙市	这里是日志信息......
2024-02-19 03:54:37.619272	[INFO]	barcode_service.py	响应时间:510ms	湖北省	武汉市	这里是日志信息......
2024-02-19 03:54:37.619295	[INFO]	goods_manager.py	响应时间:395ms	湖南省	长沙市	这里是日志信息......
2024-02-19 03:54:37.619318	[INFO]	goods_manager.py	响应时间:70ms	重庆市	沙坪坝区	这里是日志信息......
2024-02-19 03:54:37.619340	[WARN]	shop_manager.py	响应时间:895ms	重庆市	南岸区	这里是日志信息......
2024-02-19 03:54:37.619363	[INFO]	goods_manager.py	响应时间:249ms	安徽省	阜阳市	这里是日志信息......
2024-02-19 03:54:37.619546	[INFO]	base_network.py	响应时间:851ms	北京市	怀柔区	这里是日志信息......
2024-02-19 03:54:37.619578	[ERROR]	user_manager.py	响应时间:114ms	天津市	和平区	这里是日志信息......
2024-02-19 03:54:37.619601	[INFO]	base_network.py	响应时间:363ms	天津市	武清区	这里是日志信息......
2024-02-19 03:54:37.619624	[INFO]	event.py	响应时间:619ms	广东省	珠海市	这里是日志信息......
2024-02-19 03:54:37.619647	[INFO]	orders_service.py	响应时间:221ms	安徽省	合肥市	这里是日志信息......
2024-02-19 03:54:37.619669	[INFO]	orders_service.py	响应时间:101ms	重庆市	涪陵区	这里是日志信息......
2024-02-19 03:54:37.619692	[WARN]	event.py	响应时间:397ms	天津市	宝坻区	这里是日志信息......
2024-02-19 03:54:37.619714	[INFO]	user_manager.py	响应时间:514ms	广东省	深圳市	这里是日志信息......
2024-02-19 03:54:37.619736	[INFO]	event.py	响应时间:656ms	湖南省	长沙市	这里是日志信息......
2024-02-19 03:54:37.619758	[INFO]	barcode_service.py	响应时间:695ms	北京市	朝阳区	这里是日志信息......
2024-02-19 03:54:37.619780	[INFO]	event.py	响应时间:1000ms	安徽省	池州市	这里是日志信息......
2024-02-19 03:54:37.619802	[INFO]	orders_service.py	响应时间:366ms	广东省	广州市	这里是日志信息......
2024-02-19 03:54:37.619824	[WARN]	goods_manager.py	响应时间:494ms	浙江省	舟山市	这里是日志信息......
2024-02-19 03:54:37.619847	[WARN]	barcode_service.py	响应时间:23ms	山东省	青岛市	这里是日志信息......
2024-02-19 03:54:37.619869	[INFO]	goods_manager.py	响应时间:139ms	天津市	宝坻区	这里是日志信息......
2024-02-19 03:54:37.619891	[INFO]	goods_manager.py	响应时间:505ms	浙江省	嘉兴市	这里是日志信息......
2024-02-19 03:54:37.619913	[WARN]	orders_service.py	响应时间:823ms	广东省	深圳市	这里是日志信息......
2024-02-19 03:54:37.619935	[INFO]	base_network.py	响应时间:848ms	湖南省	长沙市	这里是日志信息......
2024-02-19 03:54:37.619957	[INFO]	goods_manager.py	响应时间:567ms	北京市	怀柔区	这里是日志信息......
2024-02-19 03:54:37.619979	[INFO]	user_manager.py	响应时间:541ms	广东省	广州市	这里是日志信息......
2024-02-19 03:54:37.620002	[INFO]	user_manager.py	响应时间:379ms	山东省	济南市	这里是日志信息......
2024-02-19 03:54:37.620024	[WARN]	event.py	响应时间:238ms	江苏省	苏州市	这里是日志信息......
2024-02-19 03:54:37.620047	[INFO]	goods_manager.py	响应时间:808ms	上海市	浦东新区	这里是日志信息......
2024-02-19 03:54:37.620067	[INFO]	barcode_service.py	响应时间:77ms	上海市	杨浦区	这里是日志信息......
2024-02-19 03:54:37.620085	[INFO]	event.py	响应时间:384ms	湖南省	长沙市	这里是日志信息......
2024-02-19 03:54:37.620102	[INFO]	goods_manager.py	响应时间:20ms	山东省	济南市	这里是日志信息......
2024-02-19 03:54:37.620119	[INFO]	event.py	响应时间:260ms	安徽省	芜湖市	这里是日志信息......
2024-02-19 03:54:37.620137	[INFO]	event.py	响应时间:687ms	重庆市	渝中区	这里是日志信息......
2024-02-19 03:54:37.620154	[WARN]	orders_service.py	响应时间:768ms	安徽省	合肥市	这里是日志信息......
2024-02-19 03:54:37.620172	[INFO]	user_manager.py	响应时间:203ms	湖南省	张家界市	这里是日志信息......
2024-02-19 03:54:37.620189	[INFO]	orders_service.py	响应时间:427ms	江苏省	苏州市	这里是日志信息......
2024-02-19 03:54:37.620207	[INFO]	event.py	响应时间:9077ms	北京市	海淀区	这里是日志信息......
2024-02-19 03:54:37.620225	[INFO]	barcode_service.py	响应时间:908ms	山东省	青岛市	这里是日志信息......
2024-02-19 03:54:37.620242	[INFO]	goods_manager.py	响应时间:311ms	湖南省	长沙市	这里是日志信息......
2024-02-19 03:54:37.620259	[INFO]	barcode_service.py	响应时间:154ms	天津市	河西区	这里是日志信息......
2024-02-19 03:54:37.620277	[INFO]	base_network.py	响应时间:969ms	天津市	和平区	这里是日志信息......
2024-02-19 03:54:37.620294	[INFO]	event.py	响应时间:212ms	上海市	黄浦区	这里是日志信息......
2024-02-19 03:54:37.620311	[INFO]	goods_manager.py	响应时间:332ms	江苏省	张家港市	这里是日志信息......
2024-02-19 03:54:37.620329	[INFO]	user_manager.py	响应时间:486ms	天津市	河西区	这里是日志信息......
2024-02-19 03:54:37.620346	[INFO]	orders_service.py	响应时间:428ms	山东省	济南市	这里是日志信息......
2024-02-19 03:54:37.620363	[INFO]	event.py	响应时间:743ms	广东省	广州市	这里是日志信息......
2024-02-19 03:54:37.620380	[INFO]	orders_service.py	响应时间:393ms	江苏省	南京市	这里是日志信息......
2024-02-19 03:54:37.620397	[INFO]	barcode_service.py	响应时间:327ms	浙江省	杭州市	这里是日志信息......
2024-02-19 03:54:37.620416	[INFO]	orders_service.py	响应时间:6198ms	广东省	广州市	这里是日志信息......
2024-02-19 03:54:37.620433	[INFO]	user_manager.py	响应时间:790ms	上海市	浦东新区	这里是日志信息......
2024-02-19 03:54:37.620450	[INFO]	event.py	响应时间:898ms	广东省	广州市	这里是日志信息......
2024-02-19 03:54:37.620468	[INFO]	orders_service.py	响应时间:448ms	山东省	济南市	这里是日志信息......
2024-02-19 03:54:37.620486	[INFO]	orders_service.py	响应时间:283ms	湖南省	长沙市	这里是日志信息......
2024-02-19 03:54:37.620503	[INFO]	event.py	响应时间:117ms	江苏省	南京市	这里是日志信息......
2024-02-19 03:54:37.620522	[INFO]	goods_manager.py	响应时间:432ms	浙江省	杭州市	这里是日志信息......
2024-02-19 03:54:37.620541	[INFO]	goods_manager.py	响应时间:934ms	江苏省	苏州市	这里是日志信息......
2024-02-19 03:54:37.620558	[INFO]	user_manager.py	响应时间:68ms	安徽省	阜阳市	这里是日志信息......
2024-02-19 03:54:37.620576	[INFO]	goods_manager.py	响应时间:977ms	湖南省	张家界市	这里是日志信息......
2024-02-19 03:54:37.620594	[INFO]	event.py	响应时间:428ms	广东省	深圳市	这里是日志信息......
2024-02-19 03:54:37.620612	[INFO]	orders_service.py	响应时间:242ms	重庆市	万州区	这里是日志信息......
2024-02-19 03:54:37.620629	[WARN]	event.py	响应时间:231ms	天津市	和平区	这里是日志信息......
2024-02-19 03:54:37.620647	[INFO]	user_manager.py	响应时间:945ms	湖南省	株洲市	这里是日志信息......
2024-02-19 03:54:37.620665	[INFO]	barcode_service.py	响应时间:639ms	湖南省	长沙市	这里是日志信息......
2024-02-19 03:54:37.620682	[WARN]	goods_manager.py	响应时间:163ms	山东省	济南市	这里是日志信息......
2024-02-19 03:54:37.620700	[INFO]	barcode_service.py	响应时间:762ms	天津市	武清区	这里是日志信息......
2024-02-19 03:54:37.620717	[WARN]	event.py	响应时间:532ms	山东省	济南市	这里是日志信息......
2024-02-19 03:54:37.620735	[INFO]	orders_service.py	响应时间:957ms	北京市	怀柔区	这里是日志信息......
2024-02-19 03:54:37.620752	[INFO]	shop_manager.py	响应时间:569ms	天津市	河东区	这里是日志信息......
2024-02-19 03:54:37.620769	[INFO]	user_manager.py	响应时间:116ms	湖北省	武汉市	这里是日志信息......
2024-02-19 03:54:37.620787	[INFO]	event.py	响应时间:207ms	山东省	菏泽市	这里是日志信息......
2024-02-19 03:54:37.620804	[INFO]	goods_manager.py	响应时间:25ms	浙江省	绍兴市	这里是日志信息......
2024-02-19 03:54:37.620822	[INFO]	user_manager.py	响应时间:905ms	重庆市	南岸区	这里是日志信息......
2024-02-19 03:54:37.620839	[INFO]	user_manager.py	响应时间:610ms	天津市	河西区	这里是日志信息......
2024-02-19 03:54:37.620856	[INFO]	event.py	响应时间:130ms	湖南省	长沙市	这里是日志信息......
2024-02-19 03:54:37.620874	[INFO]	barcode_service.py	响应时间:355ms	安徽省	合肥市	这里是日志信息......
2024-02-19 03:54:37.620929	[INFO]	event.py	响应时间:454ms	重庆市	渝中区	这里是日志信息......
2024-02-19 03:54:37.620952	[INFO]	event.py	响应时间:3810ms	安徽省	阜阳市	这里是日志信息......
2024-02-19 03:54:37.620970	[WARN]	event.py	响应时间:195ms	北京市	大兴区	这里是日志信息......
2024-02-19 03:54:37.620987	[INFO]	event.py	响应时间:919ms	湖北省	恩施土家族苗族自治州	这里是日志信息......
2024-02-19 03:54:37.621005	[WARN]	goods_manager.py	响应时间:934ms	山东省	青岛市	这里是日志信息......
2024-02-19 03:54:37.621022	[INFO]	event.py	响应时间:824ms	广东省	广州市	这里是日志信息......
2024-02-19 03:54:37.621039	[INFO]	goods_manager.py	响应时间:287ms	浙江省	舟山市	这里是日志信息......
2024-02-19 03:54:37.621056	[ERROR]	barcode_service.py	响应时间:4751ms	重庆市	九龙坡区	这里是日志信息......
2024-02-19 03:54:37.621075	[INFO]	user_manager.py	响应时间:279ms	浙江省	丽水市	这里是日志信息......
2024-02-19 03:54:37.621092	[INFO]	goods_manager.py	响应时间:401ms	湖北省	武汉市	这里是日志信息......
2024-02-19 03:54:37.621109	[WARN]	barcode_service.py	响应时间:461ms	重庆市	万州区	这里是日志信息......
2024-02-19 03:54:37.621126	[WARN]	barcode_service.py	响应时间:115ms	广东省	广州市	这里是日志信息......
2024-02-19 03:54:37.621144	[INFO]	orders_service.py	响应时间:143ms	湖南省	长沙市	这里是日志信息......
2024-02-19 03:54:37.621161	[INFO]	event.py	响应时间:181ms	天津市	河东区	这里是日志信息......
2024-02-19 03:54:37.621178	[INFO]	event.py	响应时间:192ms	重庆市	渝中区	这里是日志信息......
2024-02-19 03:54:37.621195	[INFO]	event.py	响应时间:418ms	湖北省	恩施土家族苗族自治州	这里是日志信息......
2024-02-19 03:54:37.621213	[INFO]	barcode_service.py	响应时间:955ms	安徽省	阜阳市	这里是日志信息......
2024-02-19 03:54:37.621231	[INFO]	orders_service.py	响应时间:817ms	上海市	浦东新区	这里是日志信息......
2024-02-19 03:54:37.621248	[INFO]	orders_service.py	响应时间:183ms	天津市	武清区	这里是日志信息......
2024-02-19 03:54:37.621265	[WARN]	goods_manager.py	响应时间:152ms	重庆市	南岸区	这里是日志信息......
2024-02-19 03:54:37.621282	[INFO]	event.py	响应时间:906ms	安徽省	芜湖市	这里是日志信息......
2024-02-19 03:54:37.621299	[INFO]	orders_service.py	响应时间:616ms	广东省	珠海市	这里是日志信息......
2024-02-19 03:54:37.621316	[INFO]	base_network.py	响应时间:368ms	上海市	静安区	这里是日志信息......
2024-02-19 03:54:37.621334	[WARN]	event.py	响应时间:197ms	天津市	宝坻区	这里是日志信息......
2024-02-19 03:54:37.621351	[ERROR]	user_manager.py	响应时间:885ms	湖南省	常德市	这里是日志信息......
2024-02-19 03:54:37.621368	[WARN]	user_manager.py	响应时间:1745ms	重庆市	沙坪坝区	这里是日志信息......
2024-02-19 03:54:37.621386	[WARN]	user_manager.py	响应时间:689ms	北京市	海淀区	这里是日志信息......
2024-02-19 03:54:37.621404	[INFO]	orders_service.py	响应时间:95ms	重庆市	万州区	这里是日志信息......
2024-02-19 03:54:37.621421	[INFO]	event.py	响应时间:934ms	北京市	怀柔区	这里是日志信息......
2024-02-19 03:54:37.621438	[INFO]	base_network.py	响应时间:914ms	浙江省	杭州市	这里是日志信息......
2024-02-19 03:54:37.621456	[INFO]	orders_service.py	响应时间:544ms	山东省	济南市	这里是日志信息......
2024-02-19 03:54:37.621473	[WARN]	goods_manager.py	响应时间:488ms	安徽省	合肥市	这里是日志信息......
2024-02-19 03:54:37.621491	[INFO]	goods_manager.py	响应时间:416ms	江苏省	无锡市	这里是日志信息......
2024-02-19 03:54:37.621508	[INFO]	event.py	响应时间:303ms	北京市	昌平区	这里是日志信息......
2024-02-19 03:54:37.621525	[INFO]	goods_manager.py	响应时间:76ms	山东省	青岛市	这里是日志信息......
2024-02-19 03:54:37.621542	[INFO]	event.py	响应时间:95ms	广东省	深圳市	这里是日志信息......
2024-02-19 03:54:37.621560	[INFO]	orders_service.py	响应时间:733ms	湖南省	长沙市	这里是日志信息......
2024-02-19 03:54:37.621577	[INFO]	barcode_service.py	响应时间:629ms	天津市	和平区	这里是日志信息......
2024-02-19 03:54:37.621594	[INFO]	user_manager.py	响应时间:728ms	湖南省	长沙市	这里是日志信息......
2024-02-19 03:54:37.621612	[INFO]	event.py	响应时间:316ms	山东省	青岛市	这里是日志信息......
2024-02-19 03:54:37.621629	[INFO]	event.py	响应时间:114ms	江苏省	张家港市	这里是日志信息......
2024-02-19 03:54:37.621646	[INFO]	user_manager.py	响应时间:533ms	湖北省	恩施土家族苗族自治州	这里是日志信息......
2024-02-19 03:54:37.621663	[INFO]	base_network.py	响应时间:119ms	北京市	朝阳区	这里是日志信息......
2024-02-19 03:54:37.621680	[INFO]	goods_manager.py	响应时间:1000ms	北京市	海淀区	这里是日志信息......
2024-02-19 03:54:37.621698	[INFO]	orders_service.py	响应时间:241ms	上海市	普陀区	这里是日志信息......
2024-02-19 03:54:37.621714	[INFO]	barcode_service.py	响应时间:946ms	湖北省	十堰市	这里是日志信息......
2024-02-19 03:54:37.621732	[INFO]	barcode_service.py	响应时间:65ms	浙江省	嘉兴市	这里是日志信息......
2024-02-19 03:54:37.621749	[INFO]	event.py	响应时间:50ms	浙江省	杭州市	这里是日志信息......
2024-02-19 03:54:37.621766	[INFO]	barcode_service.py	响应时间:230ms	上海市	普陀区	这里是日志信息......
2024-02-19 03:54:37.621783	[INFO]	base_network.py	响应时间:53ms	江苏省	苏州市	这里是日志信息......
2024-02-19 03:54:37.621800	[INFO]	shop_manager.py	响应时间:631ms	山东省	济南市	这里是日志信息......
2024-02-19 03:54:37.621818	[INFO]	event.py	响应时间:190ms	北京市	大兴区	这里是日志信息......
2024-02-19 03:54:37.621835	[INFO]	orders_service.py	响应时间:808ms	重庆市	沙坪坝区	这里是日志信息......
2024-02-19 03:54:37.621852	[INFO]	orders_service.py	响应时间:11ms	江苏省	苏州市	这里是日志信息......
2024-02-19 03:54:37.621869	[INFO]	orders_service.py	响应时间:565ms	湖北省	武汉市	这里是日志信息......
2024-02-19 03:54:37.621887	[INFO]	barcode_service.py	响应时间:576ms	北京市	丰台区	这里是日志信息......
2024-02-19 03:54:37.621905	[INFO]	goods_manager.py	响应时间:549ms	江苏省	张家港市	这里是日志信息......
2024-02-19 03:54:37.621921	[INFO]	event.py	响应时间:945ms	重庆市	九龙坡区	这里是日志信息......
2024-02-19 03:54:37.621939	[INFO]	goods_manager.py	响应时间:938ms	湖北省	武汉市	这里是日志信息......
2024-02-19 03:54:37.621957	[INFO]	goods_manager.py	响应时间:769ms	湖南省	益阳市	这里是日志信息......
2024-02-19 03:54:37.621974	[INFO]	orders_service.py	响应时间:34ms	广东省	深圳市	这里是日志信息......
2024-02-19 03:54:37.621991	[WARN]	goods_manager.py	响应时间:119ms	天津市	武清区	这里是日志信息......
2024-02-19 03:54:37.622009	[INFO]	shop_manager.py	响应时间:43ms	湖南省	长沙市	这里是日志信息......
2024-02-19 03:54:37.622026	[INFO]	orders_service.py	响应时间:538ms	天津市	武清区	这里是日志信息......
2024-02-19 03:54:37.622044	[INFO]	goods_manager.py	响应时间:650ms	浙江省	嘉兴市	这里是日志信息......
2024-02-19 03:54:37.622061	[INFO]	barcode_service.py	响应时间:772ms	江苏省	南京市	这里是日志信息......
2024-02-19 03:54:37.622078	[WARN]	goods_manager.py	响应时间:314ms	北京市	大兴区	这里是日志信息......
2024-02-19 03:54:37.622095	[INFO]	orders_service.py	响应时间:339ms	北京市	怀柔区	这里是日志信息......
2024-02-19 03:54:37.622115	[INFO]	goods_manager.py	响应时间:920ms	重庆市	万州区	这里是日志信息......
2024-02-19 03:54:37.622162	[INFO]	user_manager.py	响应时间:503ms	天津市	宝坻区	这里是日志信息......
2024-02-19 03:54:37.622183	[INFO]	shop_manager.py	响应时间:760ms	广东省	广州市	这里是日志信息......
2024-02-19 03:54:37.622201	[INFO]	goods_manager.py	响应时间:53ms	湖南省	长沙市	这里是日志信息......
2024-02-19 03:54:37.622218	[INFO]	goods_manager.py	响应时间:495ms	重庆市	南岸区	这里是日志信息......
2024-02-19 03:54:37.622235	[INFO]	orders_service.py	响应时间:1515ms	浙江省	嘉兴市	这里是日志信息......
2024-02-19 03:54:37.622253	[INFO]	orders_service.py	响应时间:386ms	天津市	宝坻区	这里是日志信息......
2024-02-19 03:54:37.622270	[INFO]	user_manager.py	响应时间:643ms	湖北省	武汉市	这里是日志信息......
2024-02-19 03:54:37.622287	[INFO]	goods_manager.py	响应时间:683ms	浙江省	嘉兴市	这里是日志信息......
2024-02-19 03:54:37.622305	[INFO]	event.py	响应时间:301ms	重庆市	万州区	这里是日志信息......
2024-02-19 03:54:37.622322	[WARN]	event.py	响应时间:271ms	上海市	杨浦区	这里是日志信息......
2024-02-19 03:54:37.622340	[WARN]	orders_service.py	响应时间:608ms	上海市	黄浦区	这里是日志信息......
2024-02-19 03:54:37.622358	[INFO]	orders_service.py	响应时间:824ms	江苏省	南京市	这里是日志信息......
2024-02-19 03:54:37.622376	[INFO]	barcode_service.py	响应时间:609ms	江苏省	苏州市	这里是日志信息......
2024-02-19 03:54:37.622393	[INFO]	user_manager.py	响应时间:876ms	重庆市	渝中区	这里是日志信息......
2024-02-19 03:54:37.622410	[INFO]	goods_manager.py	响应时间:37ms	广东省	深圳市	这里是日志信息......
2024-02-19 03:54:37.622427	[ERROR]	event.py	响应时间:454ms	北京市	怀柔区	这里是日志信息......
2024-02-19 03:54:37.622444	[INFO]	orders_service.py	响应时间:494ms	重庆市	涪陵区	这里是日志信息......
2024-02-19 03:54:37.622461	[INFO]	barcode_service.py	响应时间:665ms	浙江省	嘉兴市	这里是日志信息......
2024-02-19 03:54:37.622478	[INFO]	orders_service.py	响应时间:826ms	湖北省	武汉市	这里是日志信息......
2024-02-19 03:54:37.622495	[INFO]	event.py	响应时间:89ms	安徽省	合肥市	这里是日志信息......
2024-02-19 03:54:37.622512	[INFO]	orders_service.py	响应时间:969ms	天津市	河西区	这里是日志信息......
2024-02-19 03:54:37.622529	[INFO]	event.py	响应时间:416ms	浙江省	杭州市	这里是日志信息......
2024-02-19 03:54:37.622546	[INFO]	goods_manager.py	响应时间:254ms	浙江省	杭州市	这里是日志信息......
2024-02-19 03:54:37.622564	[INFO]	user_manager.py	响应时间:899ms	天津市	武清区	这里是日志信息......
2024-02-19 03:54:37.622581	[ERROR]	event.py	响应时间:880ms	湖北省	武汉市	这里是日志信息......
2024-02-19 03:54:37.622598	[INFO]	orders_service.py	响应时间:858ms	广东省	广州市	这里是日志信息......
2024-02-19 03:54:37.622615	[INFO]	goods_manager.py	响应时间:46ms	湖南省	长沙市	这里是日志信息......
2024-02-19 03:54:37.622632	[WARN]	event.py	响应时间:184ms	广东省	深圳市	这里是日志信息......
2024-02-19 03:54:37.622650	[INFO]	event.py	响应时间:795ms	天津市	河东区	这里是日志信息......
2024-02-19 03:54:37.622667	[INFO]	event.py	响应时间:193ms	上海市	宝山区	这里是日志信息......
2024-02-19 03:54:37.622684	[INFO]	goods_manager.py	响应时间:13ms	浙江省	舟山市	这里是日志信息......
2024-02-19 03:54:37.622701	[INFO]	event.py	响应时间:872ms	湖南省	长沙市	这里是日志信息......
2024-02-19 03:54:37.622718	[INFO]	event.py	响应时间:281ms	天津市	武清区	这里是日志信息......
2024-02-19 03:54:37.622735	[INFO]	barcode_service.py	响应时间:703ms	江苏省	南京市	这里是日志信息......
2024-02-19 03:54:37.622752	[INFO]	user_manager.py	响应时间:360ms	江苏省	苏州市	这里是日志信息......
2024-02-19 03:54:37.622769	[INFO]	event.py	响应时间:202ms	重庆市	沙坪坝区	这里是日志信息......
2024-02-19 03:54:37.622786	[INFO]	barcode_service.py	响应时间:529ms	安徽省	六安市	这里是日志信息......
2024-02-19 03:54:37.622804	[INFO]	event.py	响应时间:326ms	浙江省	丽水市	这里是日志信息......
2024-02-19 03:54:37.622821	[INFO]	barcode_service.py	响应时间:825ms	上海市	浦东新区	这里是日志信息......
2024-02-19 03:54:37.622838	[INFO]	user_manager.py	响应时间:384ms	上海市	黄浦区	这里是日志信息......
2024-02-19 03:54:37.622855	[INFO]	user_manager.py	响应时间:556ms	上海市	浦东新区	这里是日志信息......
2024-02-19 03:54:37.622873	[INFO]	orders_service.py	响应时间:297ms	浙江省	湖州市	这里是日志信息......
2024-02-19 03:54:37.622890	[INFO]	event.py	响应时间:366ms	浙江省	金华市	这里是日志信息......
2024-02-19 03:54:37.622907	[INFO]	orders_service.py	响应时间:290ms	上海市	浦东新区	这里是日志信息......
2024-02-19 03:54:37.622924	[WARN]	goods_manager.py	响应时间:641ms	浙江省	湖州市	这里是日志信息......
2024-02-19 03:54:37.622941	[INFO]	base_network.py	响应时间:215ms	重庆市	万州区	这里是日志信息......
2024-02-19 03:54:37.622958	[WARN]	shop_manager.py	响应时间:373ms	北京市	大兴区	这里是日志信息......
2024-02-19 03:54:37.622976	[WARN]	event.py	响应时间:821ms	安徽省	合肥市	这里是日志信息......
2024-02-19 03:54:37.622994	[INFO]	orders_service.py	响应时间:65ms	天津市	武清区	这里是日志信息......
2024-02-19 03:54:37.623011	[INFO]	orders_service.py	响应时间:824ms	湖北省	武汉市	这里是日志信息......
2024-02-19 03:54:37.623028	[INFO]	goods_manager.py	响应时间:866ms	广东省	深圳市	这里是日志信息......
2024-02-19 03:54:37.623045	[WARN]	shop_manager.py	响应时间:263ms	江苏省	南京市	这里是日志信息......
2024-02-19 03:54:37.623062	[INFO]	goods_manager.py	响应时间:129ms	广东省	深圳市	这里是日志信息......
2024-02-19 03:54:37.623080	[INFO]	user_manager.py	响应时间:482ms	天津市	宝坻区	这里是日志信息......
2024-02-19 03:54:37.623098	[INFO]	barcode_service.py	响应时间:95ms	天津市	河西区	这里是日志信息......
2024-02-19 03:54:37.623116	[INFO]	orders_service.py	响应时间:560ms	广东省	广州市	这里是日志信息......
2024-02-19 03:54:37.623133	[INFO]	barcode_service.py	响应时间:701ms	浙江省	舟山市	这里是日志信息......
2024-02-19 03:54:37.623151	[INFO]	event.py	响应时间:451ms	广东省	珠海市	这里是日志信息......
2024-02-19 03:54:37.623170	[INFO]	user_manager.py	响应时间:590ms	湖北省	武汉市	这里是日志信息......
2024-02-19 03:54:37.623188	[WARN]	orders_service.py	响应时间:19ms	安徽省	合肥市	这里是日志信息......
2024-02-19 03:54:37.623206	[INFO]	user_manager.py	响应时间:386ms	安徽省	合肥市	这里是日志信息......
2024-02-19 03:54:37.623225	[INFO]	goods_manager.py	响应时间:259ms	安徽省	合肥市	这里是日志信息......
2024-02-19 03:54:37.623244	[WARN]	orders_service.py	响应时间:452ms	上海市	浦东新区	这里是日志信息......
2024-02-19 03:54:37.623262	[INFO]	event.py	响应时间:33ms	湖南省	长沙市	这里是日志信息......
2024-02-19 03:54:37.623282	[INFO]	barcode_service.py	响应时间:345ms	安徽省	池州市	这里是日志信息......
2024-02-19 03:54:37.623300	[INFO]	event.py	响应时间:233ms	湖北省	荆州市	这里是日志信息......
2024-02-19 03:54:37.623318	[INFO]	barcode_service.py	响应时间:475ms	湖北省	武汉市	这里是日志信息......
2024-02-19 03:54:37.623336	[INFO]	goods_manager.py	响应时间:159ms	山东省	青岛市	这里是日志信息......
2024-02-19 03:54:37.623355	[INFO]	base_network.py	响应时间:744ms	重庆市	万州区	这里是日志信息......
2024-02-19 03:54:37.623373	[INFO]	user_manager.py	响应时间:647ms	湖南省	长沙市	这里是日志信息......
2024-02-19 03:54:37.623414	[ERROR]	goods_manager.py	响应时间:21ms	重庆市	万州区	这里是日志信息......
2024-02-19 03:54:37.623435	[ERROR]	goods_manager.py	响应时间:1971ms	江苏省	苏州市	这里是日志信息......
2024-02-19 03:54:37.623453	[INFO]	event.py	响应时间:177ms	安徽省	合肥市	这里是日志信息......
2024-02-19 03:54:37.623471	[INFO]	orders_service.py	响应时间:449ms	湖南省	长沙市	这里是日志信息......
2024-02-19 03:54:37.623488	[INFO]	orders_service.py	响应时间:151ms	安徽省	合肥市	这里是日志信息......
2024-02-19 03:54:37.623508	[WARN]	goods_manager.py	响应时间:4163ms	山东省	济南市	这里是日志信息......
2024-02-19 03:54:37.623525	[INFO]	user_manager.py	响应时间:1297ms	浙江省	金华市	这里是日志信息......
2024-02-19 03:54:37.623543	[INFO]	goods_manager.py	响应时间:66ms	上海市	徐汇区	这里是日志信息......
2024-02-19 03:54:37.623560	[INFO]	barcode_service.py	响应时间:87ms	重庆市	万州区	这里是日志信息......
2024-02-19 03:54:37.623578	[INFO]	orders_service.py	响应时间:768ms	浙江省	嘉兴市	这里是日志信息......
2024-02-19 03:54:37.623595	[INFO]	event.py	响应时间:131ms	重庆市	沙坪坝区	这里是日志信息......
2024-02-19 03:54:37.623612	[INFO]	event.py	响应时间:134ms	重庆市	万州区	这里是日志信息......
2024-02-19 03:54:37.623630	[INFO]	event.py	响应时间:603ms	湖南省	张家界市	这里是日志信息......
2024-02-19 03:54:37.623648	[INFO]	goods_manager.py	响应时间:564ms	湖南省	株洲市	这里是日志信息......
2024-02-19 03:54:37.623666	[ERROR]	user_manager.py	响应时间:794ms	安徽省	合肥市	这里是日志信息......
2024-02-19 03:54:37.623684	[INFO]	event.py	响应时间:600ms	湖南省	常德市	这里是日志信息......
2024-02-19 03:54:37.623701	[ERROR]	user_manager.py	响应时间:973ms	上海市	徐汇区	这里是日志信息......
2024-02-19 03:54:37.623719	[INFO]	goods_manager.py	响应时间:51ms	北京市	朝阳区	这里是日志信息......
2024-02-19 03:54:37.623737	[INFO]	goods_manager.py	响应时间:518ms	重庆市	沙坪坝区	这里是日志信息......
2024-02-19 03:54:37.623754	[INFO]	orders_service.py	响应时间:249ms	湖南省	常德市	这里是日志信息......
2024-02-19 03:54:37.623772	[INFO]	goods_manager.py	响应时间:60ms	安徽省	合肥市	这里是日志信息......
2024-02-19 03:54:37.623790	[INFO]	user_manager.py	响应时间:673ms	北京市	大兴区	这里是日志信息......
2024-02-19 03:54:37.623807	[INFO]	orders_service.py	响应时间:188ms	浙江省	嘉兴市	这里是日志信息......
2024-02-19 03:54:37.623825	[INFO]	orders_service.py	响应时间:703ms	天津市	河西区	这里是日志信息......
2024-02-19 03:54:37.623842	[INFO]	barcode_service.py	响应时间:730ms	上海市	黄浦区	这里是日志信息......
2024-02-19 03:54:37.623860	[INFO]	shop_manager.py	响应时间:229ms	广东省	广州市	这里是日志信息......
2024-02-19 03:54:37.623877	[INFO]	barcode_service.py	响应时间:469ms	浙江省	杭州市	这里是日志信息......
2024-02-19 03:54:37.623894	[INFO]	orders_service.py	响应时间:445ms	浙江省	舟山市	这里是日志信息......
2024-02-19 03:54:37.623912	[INFO]	orders_service.py	响应时间:379ms	天津市	宝坻区	这里是日志信息......
2024-02-19 03:54:37.623929	[INFO]	event.py	响应时间:308ms	上海市	浦东新区	这里是日志信息......
2024-02-19 03:54:37.623946	[INFO]	orders_service.py	响应时间:773ms	重庆市	万州区	这里是日志信息......
2024-02-19 03:54:37.623964	[INFO]	goods_manager.py	响应时间:165ms	广东省	广州市	这里是日志信息......
2024-02-19 03:54:37.623981	[WARN]	barcode_service.py	响应时间:52ms	天津市	和平区	这里是日志信息......
2024-02-19 03:54:37.623999	[INFO]	goods_manager.py	响应时间:487ms	安徽省	合肥市	这里是日志信息......
2024-02-19 03:54:37.624016	[WARN]	goods_manager.py	响应时间:595ms	重庆市	万州区	这里是日志信息......
2024-02-19 03:54:37.624033	[INFO]	event.py	响应时间:463ms	湖北省	恩施土家族苗族自治州	这里是日志信息......
2024-02-19 03:54:37.624051	[INFO]	event.py	响应时间:79ms	上海市	浦东新区	这里是日志信息......
2024-02-19 03:54:37.624069	[INFO]	orders_service.py	响应时间:3225ms	天津市	和平区	这里是日志信息......
2024-02-19 03:54:37.624087	[WARN]	barcode_service.py	响应时间:346ms	浙江省	舟山市	这里是日志信息......
2024-02-19 03:54:37.624104	[INFO]	barcode_service.py	响应时间:724ms	广东省	珠海市	这里是日志信息......
2024-02-19 03:54:37.624122	[INFO]	orders_service.py	响应时间:289ms	湖北省	武汉市	这里是日志信息......
2024-02-19 03:54:37.624139	[ERROR]	goods_manager.py	响应时间:876ms	天津市	武清区	这里是日志信息......
2024-02-19 03:54:37.624157	[INFO]	user_manager.py	响应时间:864ms	上海市	黄浦区	这里是日志信息......
2024-02-19 03:54:37.624174	[INFO]	barcode_service.py	响应时间:1216ms	湖北省	荆州市	这里是日志信息......
2024-02-19 03:54:37.624192	[INFO]	event.py	响应时间:288ms	重庆市	万州区	这里是日志信息......
2024-02-19 03:54:37.624210	[INFO]	event.py	响应时间:117ms	北京市	丰台区	这里是日志信息......
2024-02-19 03:54:37.624227	[INFO]	event.py	响应时间:398ms	湖北省	恩施土家族苗族自治州	这里是日志信息......
2024-02-19 03:54:37.624244	[INFO]	orders_service.py	响应时间:833ms	广东省	珠海市	这里是日志信息......
2024-02-19 03:54:37.624261	[WARN]	base_network.py	响应时间:19ms	重庆市	九龙坡区	这里是日志信息......
2024-02-19 03:54:37.624279	[INFO]	orders_service.py	响应时间:832ms	重庆市	万州区	这里是日志信息......
2024-02-19 03:54:37.624296	[INFO]	barcode_service.py	响应时间:2378ms	安徽省	六安市	这里是日志信息......
2024-02-19 03:54:37.624314	[INFO]	user_manager.py	响应时间:972ms	广东省	广州市	这里是日志信息......
2024-02-19 03:54:37.624332	[INFO]	user_manager.py	响应时间:261ms	江苏省	无锡市	这里是日志信息......
2024-02-19 03:54:37.624349	[INFO]	barcode_service.py	响应时间:132ms	广东省	深圳市	这里是日志信息......
2024-02-19 03:54:37.624367	[WARN]	event.py	响应时间:503ms	江苏省	宿迁市	这里是日志信息......
2024-02-19 03:54:37.624385	[INFO]	orders_service.py	响应时间:332ms	重庆市	渝中区	这里是日志信息......
2024-02-19 03:54:37.624402	[INFO]	barcode_service.py	响应时间:180ms	重庆市	渝中区	这里是日志信息......
2024-02-19 03:54:37.624419	[INFO]	orders_service.py	响应时间:2363ms	广东省	广州市	这里是日志信息......
2024-02-19 03:54:37.624436	[INFO]	goods_manager.py	响应时间:48ms	山东省	青岛市	这里是日志信息......
2024-02-19 03:54:37.624454	[INFO]	goods_manager.py	响应时间:667ms	天津市	河东区	这里是日志信息......
2024-02-19 03:54:37.624471	[WARN]	base_network.py	响应时间:797ms	北京市	海淀区	这里是日志信息......
2024-02-19 03:54:37.624489	[INFO]	barcode_service.py	响应时间:609ms	上海市	杨浦区	这里是日志信息......
2024-02-19 03:54:37.624506	[INFO]	orders_service.py	响应时间:430ms	安徽省	六安市	这里是日志信息......
2024-02-19 03:54:37.624524	[INFO]	event.py	响应时间:463ms	山东省	青岛市	这里是日志信息......
2024-02-19 03:54:37.624542	[INFO]	barcode_service.py	响应时间:157ms	山东省	菏泽市	这里是日志信息......
2024-02-19 03:54:37.624559	[WARN]	event.py	响应时间:432ms	山东省	青岛市	这里是日志信息......
2024-02-19 03:54:37.624577	[INFO]	barcode_service.py	响应时间:828ms	天津市	宝坻区	这里是日志信息......
2024-02-19 03:54:37.624594	[INFO]	base_network.py	响应时间:884ms	重庆市	南岸区	这里是日志信息......
2024-02-19 03:54:37.624612	[WARN]	user_manager.py	响应时间:185ms	重庆市	万州区	这里是日志信息......
2024-02-19 03:54:37.624655	[WARN]	goods_manager.py	响应时间:430ms	湖南省	长沙市	这里是日志信息......
2024-02-19 03:54:37.624676	[INFO]	orders_service.py	响应时间:184ms	山东省	济南市	这里是日志信息......
2024-02-19 03:54:37.624694	[INFO]	barcode_service.py	响应时间:685ms	上海市	普陀区	这里是日志信息......
2024-02-19 03:54:37.624712	[INFO]	user_manager.py	响应时间:565ms	江苏省	无锡市	这里是日志信息......
2024-02-19 03:54:37.624730	[INFO]	base_network.py	响应时间:720ms	江苏省	宿迁市	这里是日志信息......
2024-02-19 03:54:37.624747	[INFO]	goods_manager.py	响应时间:748ms	上海市	宝山区	这里是日志信息......
2024-02-19 03:54:37.624766	[INFO]	orders_service.py	响应时间:892ms	天津市	河西区	这里是日志信息......
2024-02-19 03:54:37.624784	[INFO]	event.py	响应时间:564ms	湖南省	长沙市	这里是日志信息......
2024-02-19 03:54:37.624802	[INFO]	orders_service.py	响应时间:82ms	安徽省	合肥市	这里是日志信息......
2024-02-19 03:54:37.624820	[INFO]	user_manager.py	响应时间:469ms	山东省	济南市	这里是日志信息......
2024-02-19 03:54:37.624838	[INFO]	event.py	响应时间:770ms	江苏省	南京市	这里是日志信息......
2024-02-19 03:54:37.624856	[INFO]	goods_manager.py	响应时间:7ms	湖南省	长沙市	这里是日志信息......
2024-02-19 03:54:37.624874	[ERROR]	orders_service.py	响应时间:524ms	江苏省	苏州市	这里是日志信息......
2024-02-19 03:54:37.624892	[INFO]	base_network.py	响应时间:881ms	湖北省	恩施土家族苗族自治州	这里是日志信息......
2024-02-19 03:54:37.624910	[INFO]	user_manager.py	响应时间:392ms	天津市	河西区	这里是日志信息......
2024-02-19 03:54:37.624928	[INFO]	orders_service.py	响应时间:842ms	天津市	和平区	这里是日志信息......
2024-02-19 03:54:37.624946	[INFO]	goods_manager.py	响应时间:577ms	湖北省	武汉市	这里是日志信息......
2024-02-19 03:54:37.624963	[INFO]	base_network.py	响应时间:573ms	山东省	菏泽市	这里是日志信息......
2024-02-19 03:54:37.624981	[INFO]	event.py	响应时间:608ms	北京市	朝阳区	这里是日志信息......
2024-02-19 03:54:37.625000	[ERROR]	event.py	响应时间:630ms	山东省	济南市	这里是日志信息......
2024-02-19 03:54:37.625018	[INFO]	event.py	响应时间:65ms	广东省	深圳市	这里是日志信息......
2024-02-19 03:54:37.625035	[INFO]	event.py	响应时间:100ms	重庆市	万州区	这里是日志信息......
2024-02-19 03:54:37.625052	[INFO]	shop_manager.py	响应时间:858ms	江苏省	南京市	这里是日志信息......
2024-02-19 03:54:37.625070	[INFO]	user_manager.py	响应时间:175ms	广东省	广州市	这里是日志信息......
2024-02-19 03:54:37.625087	[INFO]	base_network.py	响应时间:751ms	湖北省	武汉市	这里是日志信息......
2024-02-19 03:54:37.625104	[INFO]	orders_service.py	响应时间:425ms	上海市	普陀区	这里是日志信息......
2024-02-19 03:54:37.625121	[INFO]	goods_manager.py	响应时间:560ms	重庆市	九龙坡区	这里是日志信息......
2024-02-19 03:54:37.625139	[INFO]	goods_manager.py	响应时间:145ms	天津市	和平区	这里是日志信息......
2024-02-19 03:54:37.625156	[INFO]	goods_manager.py	响应时间:41ms	重庆市	渝中区	这里是日志信息......
2024-02-19 03:54:37.625174	[INFO]	event.py	响应时间:748ms	广东省	深圳市	这里是日志信息......
2024-02-19 03:54:37.625192	[WARN]	base_network.py	响应时间:84ms	重庆市	九龙坡区	这里是日志信息......
2024-02-19 03:54:37.625210	[INFO]	goods_manager.py	响应时间:799ms	上海市	静安区	这里是日志信息......
2024-02-19 03:54:37.625228	[INFO]	user_manager.py	响应时间:539ms	广东省	广州市	这里是日志信息......
2024-02-19 03:54:37.625246	[INFO]	goods_manager.py	响应时间:358ms	重庆市	南岸区	这里是日志信息......
2024-02-19 03:54:37.625264	[INFO]	barcode_service.py	响应时间:168ms	浙江省	嘉兴市	这里是日志信息......
2024-02-19 03:54:37.625281	[WARN]	event.py	响应时间:170ms	湖北省	十堰市	这里是日志信息......
2024-02-19 03:54:37.625299	[INFO]	event.py	响应时间:193ms	上海市	静安区	这里是日志信息......
2024-02-19 03:54:37.625317	[WARN]	user_manager.py	响应时间:848ms	江苏省	张家港市	这里是日志信息......
2024-02-19 03:54:37.625335	[INFO]	event.py	响应时间:502ms	山东省	青岛市	这里是日志信息......
2024-02-19 03:54:37.625352	[INFO]	goods_manager.py	响应时间:799ms	湖南省	常德市	这里是日志信息......
2024-02-19 03:54:37.625370	[INFO]	orders_service.py	响应时间:957ms	江苏省	无锡市	这里是日志信息......
2024-02-19 03:54:37.625387	[INFO]	orders_service.py	响应时间:282ms	浙江省	舟山市	这里是日志信息......
2024-02-19 03:54:37.625404	[INFO]	barcode_service.py	响应时间:203ms	江苏省	张家港市	这里是日志信息......
2024-02-19 03:54:37.625422	[INFO]	orders_service.py	响应时间:885ms	湖北省	武汉市	这里是日志信息......
2024-02-19 03:54:37.625441	[INFO]	goods_manager.py	响应时间:20ms	湖南省	长沙市	这里是日志信息......
2024-02-19 03:54:37.625459	[WARN]	event.py	响应时间:171ms	江苏省	宿迁市	这里是日志信息......
2024-02-19 03:54:37.625478	[WARN]	user_manager.py	响应时间:850ms	天津市	武清区	这里是日志信息......
2024-02-19 03:54:37.625496	[INFO]	goods_manager.py	响应时间:200ms	江苏省	无锡市	这里是日志信息......
2024-02-19 03:54:37.625515	[INFO]	goods_manager.py	响应时间:621ms	江苏省	苏州市	这里是日志信息......
2024-02-19 03:54:37.625533	[INFO]	user_manager.py	响应时间:111ms	湖北省	武汉市	这里是日志信息......
2024-02-19 03:54:37.625552	[WARN]	goods_manager.py	响应时间:440ms	江苏省	无锡市	这里是日志信息......
2024-02-19 03:54:37.625570	[INFO]	orders_service.py	响应时间:493ms	安徽省	芜湖市	这里是日志信息......
2024-02-19 03:54:37.625587	[INFO]	goods_manager.py	响应时间:815ms	天津市	宝坻区	这里是日志信息......
2024-02-19 03:54:37.625604	[INFO]	base_network.py	响应时间:577ms	安徽省	芜湖市	这里是日志信息......
2024-02-19 03:54:37.625622	[INFO]	user_manager.py	响应时间:800ms	湖南省	长沙市	这里是日志信息......
2024-02-19 03:54:37.625639	[INFO]	goods_manager.py	响应时间:703ms	广东省	广州市	这里是日志信息......
2024-02-19 03:54:37.625656	[INFO]	event.py	响应时间:417ms	江苏省	无锡市	这里是日志信息......
2024-02-19 03:54:37.625673	[INFO]	goods_manager.py	响应时间:113ms	湖北省	武汉市	这里是日志信息......
2024-02-19 03:54:37.625691	[WARN]	shop_manager.py	响应时间:834ms	湖南省	长沙市	这里是日志信息......
2024-02-19 03:54:37.625708	[INFO]	goods_manager.py	响应时间:661ms	安徽省	六安市	这里是日志信息......
2024-02-19 03:54:37.625725	[WARN]	shop_manager.py	响应时间:139ms	重庆市	涪陵区	这里是日志信息......
2024-02-19 03:54:37.625743	[INFO]	event.py	响应时间:85ms	上海市	浦东新区	这里是日志信息......
2024-02-19 03:54:37.625760	[INFO]	event.py	响应时间:676ms	湖北省	武汉市	这里是日志信息......
2024-02-19 03:54:37.625778	[ERROR]	event.py	响应时间:904ms	北京市	丰台区	这里是日志信息......
2024-02-19 03:54:37.625796	[WARN]	base_network.py	响应时间:786ms	上海市	杨浦区	这里是日志信息......
2024-02-19 03:54:37.625814	[ERROR]	user_manager.py	响应时间:238ms	湖南省	长沙市	这里是日志信息......
2024-02-19 03:54:37.625832	[INFO]	orders_service.py	响应时间:588ms	广东省	广州市	这里是日志信息......
2024-02-19 03:54:37.625850	[INFO]	orders_service.py	响应时间:536ms	安徽省	六安市	这里是日志信息......
2024-02-19 03:54:37.625868	[WARN]	orders_service.py	响应时间:489ms	湖南省	长沙市	这里是日志信息......
2024-02-19 03:54:37.625885	[INFO]	goods_manager.py	响应时间:451ms	安徽省	合肥市	这里是日志信息......
2024-02-19 03:54:37.625930	[INFO]	orders_service.py	响应时间:179ms	北京市	海淀区	这里是日志信息......
2024-02-19 03:54:37.625952	[INFO]	event.py	响应时间:458ms	湖南省	长沙市	这里是日志信息......
2024-02-19 03:54:37.625970	[INFO]	barcode_service.py	响应时间:618ms	安徽省	六安市	这里是日志信息......
2024-02-19 03:54:37.625987	[INFO]	goods_manager.py	响应时间:81ms	湖南省	常德市	这里是日志信息......
2024-02-19 03:54:37.626004	[INFO]	barcode_service.py	响应时间:480ms	北京市	朝阳区	这里是日志信息......
2024-02-19 03:54:37.626022	[INFO]	user_manager.py	响应时间:551ms	天津市	河西区	这里是日志信息......
2024-02-19 03:54:37.626039	[INFO]	user_manager.py	响应时间:939ms	天津市	宝坻区	这里是日志信息......
2024-02-19 03:54:37.626057	[INFO]	event.py	响应时间:975ms	广东省	广州市	这里是日志信息......
2024-02-19 03:54:37.626075	[INFO]	goods_manager.py	响应时间:0ms	天津市	和平区	这里是日志信息......
2024-02-19 03:54:37.626092	[ERROR]	event.py	响应时间:5783ms	湖南省	长沙市	这里是日志信息......
2024-02-19 03:54:37.626110	[INFO]	goods_manager.py	响应时间:631ms	北京市	大兴区	这里是日志信息......
2024-02-19 03:54:37.626128	[INFO]	orders_service.py	响应时间:552ms	浙江省	杭州市	这里是日志信息......
2024-02-19 03:54:37.626145	[INFO]	barcode_service.py	响应时间:435ms	天津市	宝坻区	这里是日志信息......
2024-02-19 03:54:37.626163	[INFO]	base_network.py	响应时间:661ms	浙江省	丽水市	这里是日志信息......
2024-02-19 03:54:37.626181	[INFO]	orders_service.py	响应时间:598ms	天津市	武清区	这里是日志信息......
2024-02-19 03:54:37.626199	[INFO]	event.py	响应时间:936ms	湖北省	恩施土家族苗族自治州	这里是日志信息......
2024-02-19 03:54:37.626216	[INFO]	user_manager.py	响应时间:342ms	广东省	广州市	这里是日志信息......
2024-02-19 03:54:37.626233	[INFO]	orders_service.py	响应时间:11ms	江苏省	南京市	这里是日志信息......
2024-02-19 03:54:37.626251	[INFO]	event.py	响应时间:451ms	湖南省	益阳市	这里是日志信息......
2024-02-19 03:54:37.626268	[INFO]	user_manager.py	响应时间:125ms	山东省	济南市	这里是日志信息......
2024-02-19 03:54:37.626285	[ERROR]	shop_manager.py	响应时间:6033ms	安徽省	合肥市	这里是日志信息......
2024-02-19 03:54:37.626304	[INFO]	goods_manager.py	响应时间:101ms	重庆市	渝中区	这里是日志信息......
2024-02-19 03:54:37.626321	[INFO]	barcode_service.py	响应时间:733ms	安徽省	铜陵市	这里是日志信息......
2024-02-19 03:54:37.626338	[INFO]	barcode_service.py	响应时间:991ms	上海市	普陀区	这里是日志信息......
2024-02-19 03:54:37.626356	[INFO]	shop_manager.py	响应时间:190ms	山东省	济南市	这里是日志信息......
2024-02-19 03:54:37.626373	[INFO]	orders_service.py	响应时间:35ms	湖北省	恩施土家族苗族自治州	这里是日志信息......
2024-02-19 03:54:37.626391	[WARN]	event.py	响应时间:530ms	山东省	青岛市	这里是日志信息......
2024-02-19 03:54:37.626409	[INFO]	event.py	响应时间:863ms	湖北省	十堰市	这里是日志信息......
2024-02-19 03:54:37.626426	[INFO]	barcode_service.py	响应时间:559ms	北京市	海淀区	这里是日志信息......
2024-02-19 03:54:37.626443	[INFO]	goods_manager.py	响应时间:40ms	湖北省	荆州市	这里是日志信息......
2024-02-19 03:54:37.626461	[INFO]	user_manager.py	响应时间:180ms	山东省	青岛市	这里是日志信息......
2024-02-19 03:54:37.626478	[INFO]	barcode_service.py	响应时间:630ms	广东省	珠海市	这里是日志信息......
2024-02-19 03:54:37.626497	[INFO]	barcode_service.py	响应时间:755ms	湖南省	长沙市	这里是日志信息......
2024-02-19 03:54:37.626515	[INFO]	event.py	响应时间:315ms	重庆市	南岸区	这里是日志信息......
2024-02-19 03:54:37.626532	[INFO]	goods_manager.py	响应时间:861ms	广东省	广州市	这里是日志信息......
2024-02-19 03:54:37.626549	[INFO]	event.py	响应时间:232ms	广东省	深圳市	这里是日志信息......
2024-02-19 03:54:37.626566	[INFO]	goods_manager.py	响应时间:830ms	广东省	广州市	这里是日志信息......
2024-02-19 03:54:37.626584	[INFO]	goods_manager.py	响应时间:107ms	重庆市	万州区	这里是日志信息......
2024-02-19 03:54:37.626601	[INFO]	shop_manager.py	响应时间:651ms	江苏省	张家港市	这里是日志信息......
2024-02-19 03:54:37.626618	[INFO]	orders_service.py	响应时间:637ms	湖北省	武汉市	这里是日志信息......
2024-02-19 03:54:37.626635	[INFO]	user_manager.py	响应时间:725ms	山东省	青岛市	这里是日志信息......
2024-02-19 03:54:37.626653	[WARN]	orders_service.py	响应时间:896ms	浙江省	金华市	这里是日志信息......
2024-02-19 03:54:37.626670	[INFO]	event.py	响应时间:417ms	江苏省	张家港市	这里是日志信息......
2024-02-19 03:54:37.626687	[INFO]	user_manager.py	响应时间:557ms	江苏省	张家港市	这里是日志信息......
2024-02-19 03:54:37.626704	[WARN]	event.py	响应时间:660ms	江苏省	南京市	这里是日志信息......
2024-02-19 03:54:37.626721	[INFO]	base_network.py	响应时间:855ms	上海市	浦东新区	这里是日志信息......
2024-02-19 03:54:37.626739	[INFO]	barcode_service.py	响应时间:339ms	重庆市	涪陵区	这里是日志信息......
2024-02-19 03:54:37.626756	[INFO]	user_manager.py	响应时间:125ms	天津市	宝坻区	这里是日志信息......
2024-02-19 03:54:37.626773	[INFO]	event.py	响应时间:294ms	湖北省	武汉市	这里是日志信息......
2024-02-19 03:54:37.626790	[INFO]	barcode_service.py	响应时间:800ms	广东省	广州市	这里是日志信息......
2024-02-19 03:54:37.626808	[INFO]	event.py	响应时间:612ms	湖北省	十堰市	这里是日志信息......
2024-02-19 03:54:37.626826	[WARN]	goods_manager.py	响应时间:317ms	山东省	青岛市	这里是日志信息......
2024-02-19 03:54:37.626844	[INFO]	orders_service.py	响应时间:180ms	北京市	海淀区	这里是日志信息......
2024-02-19 03:54:37.626861	[ERROR]	barcode_service.py	响应时间:780ms	江苏省	苏州市	这里是日志信息......
2024-02-19 03:54:37.626880	[INFO]	user_manager.py	响应时间:70ms	天津市	宝坻区	这里是日志信息......
2024-02-19 03:54:37.626897	[INFO]	event.py	响应时间:359ms	湖北省	恩施土家族苗族自治州	这里是日志信息......
2024-02-19 03:54:37.626915	[INFO]	event.py	响应时间:621ms	湖北省	武汉市	这里是日志信息......
2024-02-19 03:54:37.626932	[INFO]	event.py	响应时间:32ms	重庆市	万州区	这里是日志信息......
2024-02-19 03:54:37.626950	[INFO]	barcode_service.py	响应时间:855ms	重庆市	涪陵区	这里是日志信息......
2024-02-19 03:54:37.626968	[ERROR]	barcode_service.py	响应时间:947ms	北京市	海淀区	这里是日志信息......
2024-02-19 03:54:37.626985	[INFO]	goods_manager.py	响应时间:10ms	湖北省	武汉市	这里是日志信息......
2024-02-19 03:54:37.627003	[INFO]	orders_service.py	响应时间:365ms	北京市	昌平区	这里是日志信息......
2024-02-19 03:54:37.627020	[WARN]	event.py	响应时间:702ms	湖南省	常德市	这里是日志信息......
2024-02-19 03:54:37.627037	[INFO]	user_manager.py	响应时间:557ms	山东省	青岛市	这里是日志信息......
2024-02-19 03:54:37.627055	[INFO]	user_manager.py	响应时间:473ms	浙江省	杭州市	这里是日志信息......
2024-02-19 03:54:37.627072	[WARN]	goods_manager.py	响应时间:980ms	浙江省	丽水市	这里是日志信息......
2024-02-19 03:54:37.627090	[INFO]	event.py	响应时间:733ms	山东省	青岛市	这里是日志信息......
2024-02-19 03:54:37.627107	[INFO]	event.py	响应时间:219ms	山东省	青岛市	这里是日志信息......
2024-02-19 03:54:37.627125	[INFO]	goods_manager.py	响应时间:449ms	天津市	武清区	这里是日志信息......
2024-02-19 03:54:37.627173	[WARN]	orders_service.py	响应时间:289ms	上海市	静安区	这里是日志信息......
2024-02-19 03:54:37.627193	[INFO]	user_manager.py	响应时间:750ms	江苏省	常州市	这里是日志信息......
2024-02-19 03:54:37.627211	[INFO]	goods_manager.py	响应时间:674ms	山东省	青岛市	这里是日志信息......
2024-02-19 03:54:37.627229	[INFO]	goods_manager.py	响应时间:406ms	重庆市	万州区	这里是日志信息......
2024-02-19 03:54:37.627247	[INFO]	barcode_service.py	响应时间:414ms	安徽省	合肥市	这里是日志信息......
2024-02-19 03:54:37.627265	[WARN]	event.py	响应时间:781ms	天津市	和平区	这里是日志信息......
2024-02-19 03:54:37.627283	[INFO]	user_manager.py	响应时间:214ms	湖南省	常德市	这里是日志信息......
2024-02-19 03:54:37.627300	[INFO]	user_manager.py	响应时间:8696ms	上海市	宝山区	这里是日志信息......
2024-02-19 03:54:37.627318	[INFO]	user_manager.py	响应时间:567ms	天津市	河西区	这里是日志信息......
2024-02-19 03:54:37.627335	[INFO]	orders_service.py	响应时间:77ms	安徽省	合肥市	这里是日志信息......
2024-02-19 03:54:37.627352	[INFO]	goods_manager.py	响应时间:457ms	湖北省	十堰市	这里是日志信息......
2024-02-19 03:54:37.627369	[INFO]	orders_service.py	响应时间:148ms	天津市	宝坻区	这里是日志信息......
2024-02-19 03:54:37.627387	[ERROR]	event.py	响应时间:450ms	江苏省	宿迁市	这里是日志信息......
2024-02-19 03:54:37.627406	[INFO]	orders_service.py	响应时间:653ms	上海市	静安区	这里是日志信息......
2024-02-19 03:54:37.627424	[INFO]	user_manager.py	响应时间:8484ms	重庆市	万州区	这里是日志信息......
2024-02-19 03:54:37.627441	[INFO]	event.py	响应时间:875ms	浙江省	金华市	这里是日志信息......
2024-02-19 03:54:37.627458	[INFO]	goods_manager.py	响应时间:320ms	江苏省	宿迁市	这里是日志信息......
2024-02-19 03:54:37.627476	[ERROR]	barcode_service.py	响应时间:935ms	湖北省	武汉市	这里是日志信息......
2024-02-19 03:54:37.627494	[INFO]	event.py	响应时间:608ms	山东省	青岛市	这里是日志信息......
2024-02-19 03:54:37.627511	[INFO]	barcode_service.py	响应时间:842ms	湖南省	长沙市	这里是日志信息......
2024-02-19 03:54:37.627529	[INFO]	goods_manager.py	响应时间:107ms	北京市	海淀区	这里是日志信息......
2024-02-19 03:54:37.627546	[INFO]	goods_manager.py	响应时间:624ms	上海市	杨浦区	这里是日志信息......
2024-02-19 03:54:37.627563	[INFO]	event.py	响应时间:666ms	湖南省	长沙市	这里是日志信息......
2024-02-19 03:54:37.627580	[WARN]	goods_manager.py	响应时间:5ms	湖北省	恩施土家族苗族自治州	这里是日志信息......
2024-02-19 03:54:37.627598	[INFO]	event.py	响应时间:616ms	北京市	丰台区	这里是日志信息......
2024-02-19 03:54:37.627616	[INFO]	orders_service.py	响应时间:227ms	山东省	青岛市	这里是日志信息......
2024-02-19 03:54:37.627634	[INFO]	shop_manager.py	响应时间:616ms	湖北省	武汉市	这里是日志信息......
2024-02-19 03:54:37.627651	[INFO]	event.py	响应时间:445ms	广东省	深圳市	这里是日志信息......
2024-02-19 03:54:37.627669	[INFO]	barcode_service.py	响应时间:962ms	重庆市	九龙坡区	这里是日志信息......
2024-02-19 03:54:37.627686	[INFO]	event.py	响应时间:289ms	北京市	朝阳区	这里是日志信息......
2024-02-19 03:54:37.627704	[INFO]	goods_manager.py	响应时间:687ms	湖北省	恩施土家族苗族自治州	这里是日志信息......
2024-02-19 03:54:37.627721	[INFO]	barcode_service.py	响应时间:8014ms	广东省	广州市	这里是日志信息......
2024-02-19 03:54:37.627740	[INFO]	event.py	响应时间:393ms	浙江省	舟山市	这里是日志信息......
2024-02-19 03:54:37.627758	[INFO]	orders_service.py	响应时间:107ms	浙江省	嘉兴市	这里是日志信息......
2024-02-19 03:54:37.627776	[INFO]	orders_service.py	响应时间:829ms	浙江省	丽水市	这里是日志信息......
2024-02-19 03:54:37.627793	[INFO]	orders_service.py	响应时间:704ms	安徽省	合肥市	这里是日志信息......
2024-02-19 03:54:37.627810	[INFO]	goods_manager.py	响应时间:883ms	湖北省	荆州市	这里是日志信息......
2024-02-19 03:54:37.627828	[INFO]	goods_manager.py	响应时间:524ms	上海市	宝山区	这里是日志信息......
2024-02-19 03:54:37.627846	[INFO]	event.py	响应时间:182ms	广东省	深圳市	这里是日志信息......
2024-02-19 03:54:37.627863	[INFO]	shop_manager.py	响应时间:35ms	上海市	普陀区	这里是日志信息......
2024-02-19 03:54:37.627881	[INFO]	orders_service.py	响应时间:747ms	重庆市	沙坪坝区	这里是日志信息......
2024-02-19 03:54:37.627899	[INFO]	base_network.py	响应时间:214ms	重庆市	南岸区	这里是日志信息......
2024-02-19 03:54:37.627916	[INFO]	base_network.py	响应时间:708ms	浙江省	湖州市	这里是日志信息......
2024-02-19 03:54:37.627934	[INFO]	base_network.py	响应时间:345ms	安徽省	铜陵市	这里是日志信息......
2024-02-19 03:54:37.627951	[INFO]	barcode_service.py	响应时间:471ms	北京市	昌平区	这里是日志信息......
2024-02-19 03:54:37.627970	[WARN]	orders_service.py	响应时间:272ms	山东省	青岛市	这里是日志信息......
2024-02-19 03:54:37.627989	[WARN]	user_manager.py	响应时间:1780ms	重庆市	沙坪坝区	这里是日志信息......
2024-02-19 03:54:37.628008	[INFO]	orders_service.py	响应时间:261ms	安徽省	芜湖市	这里是日志信息......
2024-02-19 03:54:37.628025	[INFO]	goods_manager.py	响应时间:435ms	天津市	河西区	这里是日志信息......
2024-02-19 03:54:37.628043	[INFO]	base_network.py	响应时间:99ms	湖北省	武汉市	这里是日志信息......
2024-02-19 03:54:37.628061	[INFO]	orders_service.py	响应时间:755ms	天津市	宝坻区	这里是日志信息......
2024-02-19 03:54:37.628079	[INFO]	orders_service.py	响应时间:358ms	北京市	丰台区	这里是日志信息......
2024-02-19 03:54:37.628097	[INFO]	goods_manager.py	响应时间:591ms	北京市	丰台区	这里是日志信息......
2024-02-19 03:54:37.628114	[INFO]	base_network.py	响应时间:7092ms	广东省	广州市	这里是日志信息......
2024-02-19 03:54:37.628133	[INFO]	goods_manager.py	响应时间:986ms	广东省	深圳市	这里是日志信息......
2024-02-19 03:54:37.628151	[INFO]	shop_manager.py	响应时间:19ms	山东省	青岛市	这里是日志信息......
2024-02-19 03:54:37.628169	[INFO]	event.py	响应时间:864ms	天津市	宝坻区	这里是日志信息......
2024-02-19 03:54:37.628187	[INFO]	shop_manager.py	响应时间:632ms	北京市	朝阳区	这里是日志信息......
2024-02-19 03:54:37.628203	[INFO]	orders_service.py	响应时间:943ms	湖南省	长沙市	这里是日志信息......
2024-02-19 03:54:37.628221	[INFO]	goods_manager.py	响应时间:674ms	江苏省	宿迁市	这里是日志信息......
2024-02-19 03:54:37.628238	[WARN]	event.py	响应时间:270ms	浙江省	金华市	这里是日志信息......
2024-02-19 03:54:37.628256	[INFO]	orders_service.py	响应时间:77ms	山东省	济南市	这里是日志信息......
2024-02-19 03:54:37.628273	[INFO]	user_manager.py	响应时间:316ms	浙江省	嘉兴市	这里是日志信息......
2024-02-19 03:54:37.628290	[ERROR]	orders_service.py	响应时间:84ms	北京市	海淀区	这里是日志信息......
2024-02-19 03:54:37.628308	[INFO]	shop_manager.py	响应时间:601ms	安徽省	合肥市	这里是日志信息......
2024-02-19 03:54:37.628326	[INFO]	goods_manager.py	响应时间:145ms	重庆市	万州区	这里是日志信息......
2024-02-19 03:54:37.628343	[INFO]	barcode_service.py	响应时间:776ms	北京市	大兴区	这里是日志信息......
2024-02-19 03:54:37.628360	[INFO]	base_network.py	响应时间:479ms	山东省	济南市	这里是日志信息......
2024-02-19 03:54:37.628378	[INFO]	goods_manager.py	响应时间:721ms	浙江省	金华市	这里是日志信息......
2024-02-19 03:54:37.628415	[INFO]	event.py	响应时间:18ms	北京市	丰台区	这里是日志信息......
2024-02-19 03:54:37.628436	[WARN]	orders_service.py	响应时间:503ms	北京市	海淀区	这里是日志信息......
2024-02-19 03:54:37.628454	[INFO]	orders_service.py	响应时间:483ms	天津市	河东区	这里是日志信息......
2024-02-19 03:54:37.628471	[INFO]	goods_manager.py	响应时间:861ms	重庆市	涪陵区	这里是日志信息......
2024-02-19 03:54:37.628490	[INFO]	orders_service.py	响应时间:966ms	浙江省	杭州市	这里是日志信息......
2024-02-19 03:54:37.628507	[INFO]	user_manager.py	响应时间:736ms	湖北省	武汉市	这里是日志信息......
2024-02-19 03:54:37.628525	[WARN]	orders_service.py	响应时间:766ms	湖南省	长沙市	这里是日志信息......
2024-02-19 03:54:37.628544	[ERROR]	goods_manager.py	响应时间:3255ms	江苏省	苏州市	这里是日志信息......
2024-02-19 03:54:37.628561	[INFO]	goods_manager.py	响应时间:58ms	江苏省	无锡市	这里是日志信息......
2024-02-19 03:54:37.628579	[INFO]	goods_manager.py	响应时间:115ms	广东省	广州市	这里是日志信息......
2024-02-19 03:54:37.628596	[INFO]	shop_manager.py	响应时间:965ms	重庆市	渝中区	这里是日志信息......
2024-02-19 03:54:37.628613	[INFO]	orders_service.py	响应时间:690ms	北京市	朝阳区	这里是日志信息......
2024-02-19 03:54:37.628630	[INFO]	barcode_service.py	响应时间:255ms	北京市	丰台区	这里是日志信息......
2024-02-19 03:54:37.628647	[WARN]	event.py	响应时间:356ms	山东省	济南市	这里是日志信息......
2024-02-19 03:54:37.628665	[WARN]	shop_manager.py	响应时间:526ms	浙江省	杭州市	这里是日志信息......
2024-02-19 03:54:37.628682	[INFO]	shop_manager.py	响应时间:385ms	北京市	海淀区	这里是日志信息......
2024-02-19 03:54:37.628700	[INFO]	orders_service.py	响应时间:419ms	江苏省	南京市	这里是日志信息......
2024-02-19 03:54:37.628717	[INFO]	user_manager.py	响应时间:635ms	湖南省	长沙市	这里是日志信息......
2024-02-19 03:54:37.628734	[INFO]	orders_service.py	响应时间:562ms	江苏省	南京市	这里是日志信息......
2024-02-19 03:54:37.628751	[INFO]	orders_service.py	响应时间:236ms	山东省	青岛市	这里是日志信息......
2024-02-19 03:54:37.628768	[INFO]	user_manager.py	响应时间:515ms	上海市	黄浦区	这里是日志信息......
2024-02-19 03:54:37.628785	[INFO]	orders_service.py	响应时间:668ms	天津市	河西区	这里是日志信息......
2024-02-19 03:54:37.628803	[INFO]	orders_service.py	响应时间:379ms	浙江省	杭州市	这里是日志信息......
2024-02-19 03:54:37.628821	[WARN]	goods_manager.py	响应时间:446ms	湖北省	武汉市	这里是日志信息......
2024-02-19 03:54:37.628839	[INFO]	event.py	响应时间:517ms	山东省	青岛市	这里是日志信息......
2024-02-19 03:54:37.628856	[INFO]	barcode_service.py	响应时间:467ms	湖南省	长沙市	这里是日志信息......
2024-02-19 03:54:37.628875	[INFO]	event.py	响应时间:45ms	浙江省	杭州市	这里是日志信息......
2024-02-19 03:54:37.628893	[INFO]	event.py	响应时间:433ms	天津市	武清区	这里是日志信息......
2024-02-19 03:54:37.628911	[INFO]	goods_manager.py	响应时间:970ms	江苏省	无锡市	这里是日志信息......
2024-02-19 03:54:37.628930	[INFO]	goods_manager.py	响应时间:686ms	安徽省	合肥市	这里是日志信息......
2024-02-19 03:54:37.628947	[INFO]	goods_manager.py	响应时间:354ms	安徽省	芜湖市	这里是日志信息......
2024-02-19 03:54:37.628965	[ERROR]	goods_manager.py	响应时间:811ms	山东省	青岛市	这里是日志信息......
2024-02-19 03:54:37.628983	[INFO]	event.py	响应时间:150ms	天津市	河东区	这里是日志信息......
2024-02-19 03:54:37.629000	[WARN]	goods_manager.py	响应时间:350ms	浙江省	嘉兴市	这里是日志信息......
2024-02-19 03:54:37.629017	[WARN]	event.py	响应时间:773ms	湖南省	长沙市	这里是日志信息......
2024-02-19 03:54:37.629035	[INFO]	goods_manager.py	响应时间:910ms	浙江省	金华市	这里是日志信息......
2024-02-19 03:54:37.629052	[INFO]	orders_service.py	响应时间:619ms	山东省	青岛市	这里是日志信息......
2024-02-19 03:54:37.629069	[WARN]	event.py	响应时间:50ms	重庆市	万州区	这里是日志信息......
2024-02-19 03:54:37.629087	[INFO]	base_network.py	响应时间:222ms	广东省	广州市	这里是日志信息......
2024-02-19 03:54:37.629105	[INFO]	event.py	响应时间:698ms	江苏省	张家港市	这里是日志信息......
2024-02-19 03:54:37.629123	[INFO]	user_manager.py	响应时间:870ms	山东省	济南市	这里是日志信息......
2024-02-19 03:54:37.629141	[INFO]	event.py	响应时间:2423ms	山东省	青岛市	这里是日志信息......
2024-02-19 03:54:37.629159	[INFO]	event.py	响应时间:781ms	湖北省	武汉市	这里是日志信息......
2024-02-19 03:54:37.629176	[INFO]	orders_service.py	响应时间:62ms	北京市	大兴区	这里是日志信息......
2024-02-19 03:54:37.629195	[INFO]	shop_manager.py	响应时间:544ms	重庆市	万州区	这里是日志信息......
2024-02-19 03:54:37.629213	[INFO]	event.py	响应时间:110ms	山东省	青岛市	这里是日志信息......
2024-02-19 03:54:37.629231	[WARN]	event.py	响应时间:859ms	安徽省	池州市	这里是日志信息......
2024-02-19 03:54:37.629248	[WARN]	orders_service.py	响应时间:572ms	上海市	浦东新区	这里是日志信息......
2024-02-19 03:54:37.629265	[INFO]	goods_manager.py	响应时间:141ms	湖北省	武汉市	这里是日志信息......
2024-02-19 03:54:37.629282	[INFO]	goods_manager.py	响应时间:647ms	北京市	海淀区	这里是日志信息......
2024-02-19 03:54:37.629300	[INFO]	goods_manager.py	响应时间:533ms	北京市	昌平区	这里是日志信息......
2024-02-19 03:54:37.629317	[INFO]	user_manager.py	响应时间:436ms	上海市	杨浦区	这里是日志信息......
2024-02-19 03:54:37.629334	[INFO]	event.py	响应时间:101ms	湖北省	荆州市	这里是日志信息......
2024-02-19 03:54:37.629351	[INFO]	orders_service.py	响应时间:105ms	湖北省	荆州市	这里是日志信息......
2024-02-19 03:54:37.629369	[INFO]	event.py	响应时间:99ms	广东省	深圳市	这里是日志信息......
2024-02-19 03:54:37.629386	[INFO]	goods_manager.py	响应时间:287ms	山东省	济南市	这里是日志信息......
2024-02-19 03:54:37.629404	[INFO]	user_manager.py	响应时间:393ms	湖北省	恩施土家族苗族自治州	这里是日志信息......
2024-02-19 03:54:37.629421	[INFO]	goods_manager.py	响应时间:553ms	重庆市	沙坪坝区	这里是日志信息......
2024-02-19 03:54:37.629439	[INFO]	barcode_service.py	响应时间:743ms	江苏省	常州市	这里是日志信息......
2024-02-19 03:54:37.629456	[INFO]	barcode_service.py	响应时间:858ms	天津市	宝坻区	这里是日志信息......
2024-02-19 03:54:37.629475	[INFO]	base_network.py	响应时间:122ms	上海市	静安区	这里是日志信息......
2024-02-19 03:54:37.629492	[INFO]	orders_service.py	响应时间:677ms	安徽省	铜陵市	这里是日志信息......
2024-02-19 03:54:37.629510	[INFO]	user_manager.py	响应时间:190ms	湖南省	长沙市	这里是日志信息......
2024-02-19 03:54:37.629527	[INFO]	orders_service.py	响应时间:580ms	广东省	广州市	这里是日志信息......
2024-02-19 03:54:37.629545	[INFO]	orders_service.py	响应时间:397ms	广东省	深圳市	这里是日志信息......
2024-02-19 03:54:37.629562	[INFO]	orders_service.py	响应时间:168ms	广东省	深圳市	这里是日志信息......
2024-02-19 03:54:37.629580	[INFO]	orders_service.py	响应时间:827ms	重庆市	九龙坡区	这里是日志信息......
2024-02-19 03:54:37.629598	[INFO]	event.py	响应时间:783ms	北京市	朝阳区	这里是日志信息......
2024-02-19 03:54:37.629615	[WARN]	goods_manager.py	响应时间:295ms	安徽省	芜湖市	这里是日志信息......
2024-02-19 03:54:37.629633	[WARN]	event.py	响应时间:196ms	广东省	深圳市	这里是日志信息......
2024-02-19 03:54:37.629673	[INFO]	event.py	响应时间:688ms	湖南省	常德市	这里是日志信息......
2024-02-19 03:54:37.629694	[INFO]	orders_service.py	响应时间:965ms	湖南省	长沙市	这里是日志信息......
2024-02-19 03:54:37.629711	[INFO]	orders_service.py	响应时间:410ms	天津市	河西区	这里是日志信息......
2024-02-19 03:54:37.629728	[WARN]	event.py	响应时间:472ms	浙江省	绍兴市	这里是日志信息......
2024-02-19 03:54:37.629746	[INFO]	goods_manager.py	响应时间:79ms	江苏省	宿迁市	这里是日志信息......
2024-02-19 03:54:37.629764	[INFO]	user_manager.py	响应时间:648ms	山东省	青岛市	这里是日志信息......
2024-02-19 03:54:37.629781	[INFO]	goods_manager.py	响应时间:782ms	天津市	河西区	这里是日志信息......
2024-02-19 03:54:37.629799	[INFO]	event.py	响应时间:734ms	北京市	大兴区	这里是日志信息......
2024-02-19 03:54:37.629816	[WARN]	user_manager.py	响应时间:637ms	天津市	和平区	这里是日志信息......
2024-02-19 03:54:37.629833	[WARN]	event.py	响应时间:841ms	湖北省	荆州市	这里是日志信息......
2024-02-19 03:54:37.629851	[INFO]	barcode_service.py	响应时间:249ms	山东省	济南市	这里是日志信息......
2024-02-19 03:54:37.629869	[INFO]	base_network.py	响应时间:994ms	重庆市	涪陵区	这里是日志信息......
2024-02-19 03:54:37.629886	[INFO]	goods_manager.py	响应时间:486ms	天津市	河西区	这里是日志信息......
2024-02-19 03:54:37.629903	[WARN]	goods_manager.py	响应时间:944ms	山东省	济南市	这里是日志信息......
2024-02-19 03:54:37.629921	[INFO]	base_network.py	响应时间:885ms	湖南省	长沙市	这里是日志信息......
2024-02-19 03:54:37.629939	[INFO]	goods_manager.py	响应时间:364ms	北京市	海淀区	这里是日志信息......
2024-02-19 03:54:37.629956	[INFO]	barcode_service.py	响应时间:486ms	广东省	深圳市	这里是日志信息......
2024-02-19 03:54:37.629973	[INFO]	goods_manager.py	响应时间:767ms	安徽省	阜阳市	这里是日志信息......
2024-02-19 03:54:37.629991	[INFO]	orders_service.py	响应时间:442ms	安徽省	六安市	这里是日志信息......
2024-02-19 03:54:37.630005	[INFO]	orders_service.py	响应时间:978ms	北京市	昌平区	这里是日志信息......
2024-02-19 03:54:37.630020	[INFO]	barcode_service.py	响应时间:352ms	天津市	武清区	这里是日志信息......
2024-02-19 03:54:37.630034	[INFO]	goods_manager.py	响应时间:678ms	北京市	朝阳区	这里是日志信息......
2024-02-19 03:54:37.630048	[INFO]	event.py	响应时间:944ms	天津市	和平区	这里是日志信息......
2024-02-19 03:54:37.630062	[WARN]	orders_service.py	响应时间:900ms	山东省	青岛市	这里是日志信息......
2024-02-19 03:54:37.630076	[INFO]	base_network.py	响应时间:495ms	广东省	珠海市	这里是日志信息......
2024-02-19 03:54:37.630090	[WARN]	orders_service.py	响应时间:496ms	北京市	海淀区	这里是日志信息......
2024-02-19 03:54:37.630104	[INFO]	user_manager.py	响应时间:121ms	天津市	宝坻区	这里是日志信息......
2024-02-19 03:54:37.630118	[INFO]	event.py	响应时间:771ms	湖北省	武汉市	这里是日志信息......
2024-02-19 03:54:37.630132	[ERROR]	event.py	响应时间:4943ms	安徽省	铜陵市	这里是日志信息......
2024-02-19 03:54:37.630147	[INFO]	base_network.py	响应时间:718ms	天津市	河西区	这里是日志信息......
2024-02-19 03:54:37.630161	[INFO]	barcode_service.py	响应时间:905ms	湖北省	十堰市	这里是日志信息......
2024-02-19 03:54:37.630175	[WARN]	user_manager.py	响应时间:971ms	广东省	广州市	这里是日志信息......
2024-02-19 03:54:37.630189	[ERROR]	base_network.py	响应时间:798ms	北京市	丰台区	这里是日志信息......
2024-02-19 03:54:37.630203	[ERROR]	shop_manager.py	响应时间:1086ms	重庆市	九龙坡区	这里是日志信息......
2024-02-19 03:54:37.630218	[INFO]	orders_service.py	响应时间:984ms	江苏省	南京市	这里是日志信息......
2024-02-19 03:54:37.630232	[INFO]	event.py	响应时间:126ms	上海市	徐汇区	这里是日志信息......
2024-02-19 03:54:37.630246	[INFO]	event.py	响应时间:9468ms	北京市	昌平区	这里是日志信息......
2024-02-19 03:54:37.630261	[INFO]	event.py	响应时间:52ms	安徽省	合肥市	这里是日志信息......
2024-02-19 03:54:37.630276	[INFO]	shop_manager.py	响应时间:288ms	浙江省	舟山市	这里是日志信息......
2024-02-19 03:54:37.630290	[INFO]	event.py	响应时间:96ms	天津市	和平区	这里是日志信息......
2024-02-19 03:54:37.630304	[ERROR]	orders_service.py	响应时间:941ms	广东省	广州市	这里是日志信息......
2024-02-19 03:54:37.630318	[INFO]	orders_service.py	响应时间:64ms	山东省	济南市	这里是日志信息......
2024-02-19 03:54:37.630333	[INFO]	orders_service.py	响应时间:207ms	湖北省	十堰市	这里是日志信息......
2024-02-19 03:54:37.630347	[INFO]	orders_service.py	响应时间:601ms	北京市	丰台区	这里是日志信息......
2024-02-19 03:54:37.630361	[ERROR]	event.py	响应时间:820ms	天津市	和平区	这里是日志信息......
2024-02-19 03:54:37.630375	[INFO]	goods_manager.py	响应时间:848ms	湖北省	武汉市	这里是日志信息......
2024-02-19 03:54:37.630389	[INFO]	orders_service.py	响应时间:414ms	湖北省	荆州市	这里是日志信息......
2024-02-19 03:54:37.630404	[INFO]	shop_manager.py	响应时间:652ms	湖南省	益阳市	这里是日志信息......
2024-02-19 03:54:37.630418	[WARN]	goods_manager.py	响应时间:556ms	重庆市	万州区	这里是日志信息......
2024-02-19 03:54:37.630432	[INFO]	base_network.py	响应时间:851ms	北京市	朝阳区	这里是日志信息......
2024-02-19 03:54:37.630446	[INFO]	orders_service.py	响应时间:980ms	广东省	深圳市	这里是日志信息......
2024-02-19 03:54:37.630460	[INFO]	user_manager.py	响应时间:474ms	安徽省	铜陵市	这里是日志信息......
2024-02-19 03:54:37.630474	[WARN]	orders_service.py	响应时间:974ms	湖北省	荆州市	这里是日志信息......
2024-02-19 03:54:37.630488	[WARN]	orders_service.py	响应时间:573ms	浙江省	杭州市	这里是日志信息......
2024-02-19 03:54:37.630503	[INFO]	base_network.py	响应时间:852ms	浙江省	丽水市	这里是日志信息......
2024-02-19 03:54:37.630517	[WARN]	user_manager.py	响应时间:311ms	湖北省	恩施土家族苗族自治州	这里是日志信息......
2024-02-19 03:54:37.630531	[INFO]	event.py	响应时间:724ms	重庆市	涪陵区	这里是日志信息......
2024-02-19 03:54:37.630545	[WARN]	user_manager.py	响应时间:335ms	浙江省	杭州市	这里是日志信息......
2024-02-19 03:54:37.630560	[INFO]	base_network.py	响应时间:581ms	山东省	济南市	这里是日志信息......
2024-02-19 03:54:37.630574	[ERROR]	goods_manager.py	响应时间:948ms	北京市	大兴区	这里是日志信息......
2024-02-19 03:54:37.630589	[INFO]	user_manager.py	响应时间:978ms	重庆市	渝中区	这里是日志信息......
2024-02-19 03:54:37.630603	[INFO]	event.py	响应时间:955ms	天津市	宝坻区	这里是日志信息......
2024-02-19 03:54:37.630617	[INFO]	shop_manager.py	响应时间:756ms	湖北省	恩施土家族苗族自治州	这里是日志信息......
2024-02-19 03:54:37.630631	[INFO]	event.py	响应时间:821ms	广东省	广州市	这里是日志信息......
2024-02-19 03:54:37.630646	[INFO]	goods_manager.py	响应时间:90ms	天津市	武清区	这里是日志信息......
2024-02-19 03:54:37.630660	[WARN]	event.py	响应时间:261ms	北京市	怀柔区	这里是日志信息......
2024-02-19 03:54:37.630674	[INFO]	goods_manager.py	响应时间:880ms	浙江省	丽水市	这里是日志信息......
2024-02-19 03:54:37.630688	[INFO]	orders_service.py	响应时间:660ms	上海市	宝山区	这里是日志信息......
2024-02-19 03:54:37.630703	[INFO]	orders_service.py	响应时间:851ms	山东省	青岛市	这里是日志信息......
2024-02-19 03:54:37.630717	[INFO]	orders_service.py	响应时间:592ms	湖南省	长沙市	这里是日志信息......
2024-02-19 03:54:37.630748	[WARN]	event.py	响应时间:798ms	湖南省	长沙市	这里是日志信息......
2024-02-19 03:54:37.630765	[INFO]	goods_manager.py	响应时间:832ms	重庆市	万州区	这里是日志信息......
2024-02-19 03:54:37.630780	[WARN]	goods_manager.py	响应时间:21ms	浙江省	金华市	这里是日志信息......
2024-02-19 03:54:37.630794	[INFO]	orders_service.py	响应时间:627ms	浙江省	丽水市	这里是日志信息......
2024-02-19 03:54:37.630808	[INFO]	goods_manager.py	响应时间:788ms	北京市	海淀区	这里是日志信息......
2024-02-19 03:54:37.630822	[INFO]	event.py	响应时间:430ms	广东省	深圳市	这里是日志信息......
2024-02-19 03:54:37.630838	[INFO]	event.py	响应时间:23ms	浙江省	嘉兴市	这里是日志信息......
2024-02-19 03:54:37.630852	[INFO]	event.py	响应时间:327ms	上海市	普陀区	这里是日志信息......
2024-02-19 03:54:37.630866	[INFO]	goods_manager.py	响应时间:969ms	天津市	河西区	这里是日志信息......
2024-02-19 03:54:37.630881	[INFO]	goods_manager.py	响应时间:6887ms	湖北省	武汉市	这里是日志信息......
2024-02-19 03:54:37.630895	[WARN]	event.py	响应时间:626ms	湖南省	常德市	这里是日志信息......
2024-02-19 03:54:37.630910	[INFO]	goods_manager.py	响应时间:170ms	北京市	大兴区	这里是日志信息......
2024-02-19 03:54:37.630924	[INFO]	base_network.py	响应时间:6722ms	浙江省	舟山市	这里是日志信息......
2024-02-19 03:54:37.630939	[INFO]	event.py	响应时间:278ms	上海市	浦东新区	这里是日志信息......
2024-02-19 03:54:37.630954	[INFO]	goods_manager.py	响应时间:115ms	安徽省	合肥市	这里是日志信息......
2024-02-19 03:54:37.630968	[INFO]	barcode_service.py	响应时间:203ms	广东省	深圳市	这里是日志信息......
2024-02-19 03:54:37.630983	[INFO]	orders_service.py	响应时间:229ms	广东省	广州市	这里是日志信息......
2024-02-19 03:54:37.630997	[INFO]	event.py	响应时间:996ms	湖南省	长沙市	这里是日志信息......
2024-02-19 03:54:37.631011	[INFO]	event.py	响应时间:158ms	安徽省	合肥市	这里是日志信息......
2024-02-19 03:54:37.631025	[INFO]	orders_service.py	响应时间:270ms	北京市	海淀区	这里是日志信息......
2024-02-19 03:54:37.631040	[INFO]	barcode_service.py	响应时间:617ms	湖南省	长沙市	这里是日志信息......
2024-02-19 03:54:37.631054	[INFO]	barcode_service.py	响应时间:635ms	重庆市	涪陵区	这里是日志信息......
2024-02-19 03:54:37.631068	[INFO]	orders_service.py	响应时间:159ms	上海市	普陀区	这里是日志信息......
2024-02-19 03:54:37.631082	[INFO]	shop_manager.py	响应时间:423ms	上海市	宝山区	这里是日志信息......
2024-02-19 03:54:37.631096	[WARN]	event.py	响应时间:674ms	重庆市	涪陵区	这里是日志信息......
2024-02-19 03:54:37.631110	[INFO]	user_manager.py	响应时间:721ms	湖南省	长沙市	这里是日志信息......
2024-02-19 03:54:37.631124	[INFO]	goods_manager.py	响应时间:3161ms	江苏省	宿迁市	这里是日志信息......
2024-02-19 03:54:37.631139	[INFO]	event.py	响应时间:35ms	广东省	珠海市	这里是日志信息......
2024-02-19 03:54:37.631153	[INFO]	user_manager.py	响应时间:607ms	江苏省	张家港市	这里是日志信息......
2024-02-19 03:54:37.631167	[INFO]	user_manager.py	响应时间:611ms	浙江省	嘉兴市	这里是日志信息......
2024-02-19 03:54:37.631181	[INFO]	goods_manager.py	响应时间:180ms	山东省	济南市	这里是日志信息......
2024-02-19 03:54:37.631195	[INFO]	event.py	响应时间:794ms	安徽省	合肥市	这里是日志信息......
2024-02-19 03:54:37.631209	[INFO]	user_manager.py	响应时间:311ms	天津市	河西区	这里是日志信息......
2024-02-19 03:54:37.631223	[INFO]	event.py	响应时间:845ms	浙江省	舟山市	这里是日志信息......
2024-02-19 03:54:37.631237	[INFO]	barcode_service.py	响应时间:62ms	重庆市	南岸区	这里是日志信息......
2024-02-19 03:54:37.631251	[INFO]	barcode_service.py	响应时间:942ms	浙江省	绍兴市	这里是日志信息......
2024-02-19 03:54:37.631265	[INFO]	goods_manager.py	响应时间:725ms	山东省	青岛市	这里是日志信息......
2024-02-19 03:54:37.631280	[INFO]	barcode_service.py	响应时间:980ms	山东省	菏泽市	这里是日志信息......
2024-02-19 03:54:37.631294	[INFO]	shop_manager.py	响应时间:398ms	山东省	济南市	这里是日志信息......
2024-02-19 03:54:37.631308	[INFO]	barcode_service.py	响应时间:532ms	天津市	武清区	这里是日志信息......
2024-02-19 03:54:37.631323	[INFO]	barcode_service.py	响应时间:819ms	湖北省	恩施土家族苗族自治州	这里是日志信息......
2024-02-19 03:54:37.631338	[INFO]	shop_manager.py	响应时间:526ms	北京市	海淀区	这里是日志信息......
2024-02-19 03:54:37.631352	[INFO]	event.py	响应时间:298ms	重庆市	南岸区	这里是日志信息......
2024-02-19 03:54:37.631366	[INFO]	orders_service.py	响应时间:184ms	湖北省	恩施土家族苗族自治州	这里是日志信息......
2024-02-19 03:54:37.631380	[INFO]	base_network.py	响应时间:980ms	浙江省	丽水市	这里是日志信息......
2024-02-19 03:54:37.631395	[WARN]	user_manager.py	响应时间:41ms	上海市	浦东新区	这里是日志信息......
2024-02-19 03:54:37.631409	[INFO]	event.py	响应时间:324ms	广东省	深圳市	这里是日志信息......
2024-02-19 03:54:37.631423	[INFO]	event.py	响应时间:480ms	重庆市	渝中区	这里是日志信息......
2024-02-19 03:54:37.631437	[INFO]	goods_manager.py	响应时间:325ms	湖南省	长沙市	这里是日志信息......
2024-02-19 03:54:37.631452	[INFO]	goods_manager.py	响应时间:102ms	重庆市	九龙坡区	这里是日志信息......
2024-02-19 03:54:37.631466	[WARN]	goods_manager.py	响应时间:543ms	湖北省	恩施土家族苗族自治州	这里是日志信息......
2024-02-19 03:54:37.631480	[WARN]	shop_manager.py	响应时间:177ms	重庆市	涪陵区	这里是日志信息......
2024-02-19 03:54:37.631495	[ERROR]	shop_manager.py	响应时间:464ms	天津市	宝坻区	这里是日志信息......
2024-02-19 03:54:37.631509	[INFO]	orders_service.py	响应时间:459ms	上海市	普陀区	这里是日志信息......
2024-02-19 03:54:37.631523	[INFO]	orders_service.py	响应时间:152ms	安徽省	铜陵市	这里是日志信息......
2024-02-19 03:54:37.631538	[INFO]	base_network.py	响应时间:115ms	湖南省	长沙市	这里是日志信息......
2024-02-19 03:54:37.631552	[INFO]	goods_manager.py	响应时间:187ms	重庆市	南岸区	这里是日志信息......
2024-02-19 03:54:37.631566	[INFO]	orders_service.py	响应时间:443ms	湖北省	恩施土家族苗族自治州	这里是日志信息......
2024-02-19 03:54:37.631580	[INFO]	goods_manager.py	响应时间:369ms	湖北省	武汉市	这里是日志信息......
2024-02-19 03:54:37.631595	[INFO]	orders_service.py	响应时间:819ms	浙江省	嘉兴市	这里是日志信息......
2024-02-19 03:54:37.631609	[INFO]	shop_manager.py	响应时间:21ms	湖北省	武汉市	这里是日志信息......
2024-02-19 03:54:37.631623	[INFO]	base_network.py	响应时间:456ms	重庆市	涪陵区	这里是日志信息......
2024-02-19 03:54:37.631638	[INFO]	event.py	响应时间:198ms	湖南省	长沙市	这里是日志信息......
2024-02-19 03:54:37.631652	[INFO]	orders_service.py	响应时间:319ms	江苏省	苏州市	这里是日志信息......
2024-02-19 03:54:37.631666	[INFO]	user_manager.py	响应时间:267ms	天津市	宝坻区	这里是日志信息......
2024-02-19 03:54:37.631680	[INFO]	user_manager.py	响应时间:580ms	江苏省	南京市	这里是日志信息......
2024-02-19 03:54:37.631694	[WARN]	goods_manager.py	响应时间:904ms	山东省	济南市	这里是日志信息......
2024-02-19 03:54:37.631708	[WARN]	user_manager.py	响应时间:216ms	安徽省	芜湖市	这里是日志信息......
2024-02-19 03:54:37.631723	[INFO]	goods_manager.py	响应时间:948ms	北京市	昌平区	这里是日志信息......
2024-02-19 03:54:37.631759	[INFO]	event.py	响应时间:493ms	广东省	深圳市	这里是日志信息......
2024-02-19 03:54:37.631775	[INFO]	goods_manager.py	响应时间:204ms	广东省	广州市	这里是日志信息......
2024-02-19 03:54:37.631790	[INFO]	goods_manager.py	响应时间:280ms	天津市	和平区	这里是日志信息......
2024-02-19 03:54:37.631804	[INFO]	goods_manager.py	响应时间:867ms	安徽省	芜湖市	这里是日志信息......
2024-02-19 03:54:37.631819	[INFO]	event.py	响应时间:97ms	安徽省	芜湖市	这里是日志信息......
2024-02-19 03:54:37.631833	[INFO]	base_network.py	响应时间:53ms	上海市	浦东新区	这里是日志信息......
2024-02-19 03:54:37.631848	[INFO]	event.py	响应时间:453ms	广东省	广州市	这里是日志信息......
2024-02-19 03:54:37.631862	[INFO]	user_manager.py	响应时间:651ms	安徽省	六安市	这里是日志信息......
2024-02-19 03:54:37.631876	[INFO]	event.py	响应时间:422ms	广东省	深圳市	这里是日志信息......
2024-02-19 03:54:37.631891	[ERROR]	event.py	响应时间:204ms	湖北省	武汉市	这里是日志信息......
2024-02-19 03:54:37.631905	[INFO]	event.py	响应时间:790ms	天津市	河东区	这里是日志信息......
2024-02-19 03:54:37.631919	[INFO]	user_manager.py	响应时间:565ms	北京市	丰台区	这里是日志信息......
2024-02-19 03:54:37.631934	[INFO]	orders_service.py	响应时间:138ms	安徽省	池州市	这里是日志信息......
2024-02-19 03:54:37.631948	[INFO]	goods_manager.py	响应时间:618ms	天津市	宝坻区	这里是日志信息......
2024-02-19 03:54:37.631962	[INFO]	barcode_service.py	响应时间:568ms	重庆市	万州区	这里是日志信息......
2024-02-19 03:54:37.631977	[WARN]	base_network.py	响应时间:590ms	湖北省	武汉市	这里是日志信息......
2024-02-19 03:54:37.631991	[WARN]	goods_manager.py	响应时间:25ms	湖南省	长沙市	这里是日志信息......
2024-02-19 03:54:37.632005	[INFO]	base_network.py	响应时间:444ms	安徽省	合肥市	这里是日志信息......
2024-02-19 03:54:37.632020	[INFO]	base_network.py	响应时间:722ms	江苏省	常州市	这里是日志信息......
2024-02-19 03:54:37.632034	[INFO]	goods_manager.py	响应时间:632ms	湖南省	长沙市	这里是日志信息......
2024-02-19 03:54:37.632048	[INFO]	event.py	响应时间:24ms	广东省	深圳市	这里是日志信息......
2024-02-19 03:54:37.632064	[INFO]	orders_service.py	响应时间:764ms	湖南省	长沙市	这里是日志信息......
2024-02-19 03:54:37.632078	[INFO]	barcode_service.py	响应时间:609ms	重庆市	九龙坡区	这里是日志信息......
2024-02-19 03:54:37.632092	[INFO]	orders_service.py	响应时间:712ms	湖北省	武汉市	这里是日志信息......
2024-02-19 03:54:37.632107	[INFO]	orders_service.py	响应时间:223ms	湖南省	长沙市	这里是日志信息......
2024-02-19 03:54:37.632122	[INFO]	event.py	响应时间:671ms	上海市	宝山区	这里是日志信息......
2024-02-19 03:54:37.632136	[WARN]	shop_manager.py	响应时间:476ms	广东省	珠海市	这里是日志信息......
2024-02-19 03:54:37.632151	[INFO]	goods_manager.py	响应时间:849ms	湖南省	株洲市	这里是日志信息......
2024-02-19 03:54:37.632165	[INFO]	goods_manager.py	响应时间:551ms	广东省	珠海市	这里是日志信息......
2024-02-19 03:54:37.632179	[INFO]	goods_manager.py	响应时间:174ms	湖北省	恩施土家族苗族自治州	这里是日志信息......
2024-02-19 03:54:37.632193	[INFO]	shop_manager.py	响应时间:505ms	广东省	广州市	这里是日志信息......
2024-02-19 03:54:37.632207	[WARN]	orders_service.py	响应时间:986ms	重庆市	涪陵区	这里是日志信息......
2024-02-19 03:54:37.632221	[INFO]	goods_manager.py	响应时间:781ms	重庆市	九龙坡区	这里是日志信息......
2024-02-19 03:54:37.632236	[INFO]	shop_manager.py	响应时间:162ms	湖北省	恩施土家族苗族自治州	这里是日志信息......
2024-02-19 03:54:37.632250	[ERROR]	goods_manager.py	响应时间:812ms	天津市	宝坻区	这里是日志信息......
2024-02-19 03:54:37.632264	[INFO]	barcode_service.py	响应时间:732ms	广东省	深圳市	这里是日志信息......
2024-02-19 03:54:37.632278	[INFO]	event.py	响应时间:724ms	天津市	河东区	这里是日志信息......
2024-02-19 03:54:37.632292	[ERROR]	event.py	响应时间:4772ms	广东省	广州市	这里是日志信息......
2024-02-19 03:54:37.632307	[INFO]	goods_manager.py	响应时间:573ms	安徽省	阜阳市	这里是日志信息......
2024-02-19 03:54:37.632322	[WARN]	event.py	响应时间:449ms	北京市	丰台区	这里是日志信息......
2024-02-19 03:54:37.632336	[INFO]	barcode_service.py	响应时间:461ms	安徽省	六安市	这里是日志信息......
2024-02-19 03:54:37.632351	[ERROR]	user_manager.py	响应时间:5456ms	安徽省	芜湖市	这里是日志信息......
2024-02-19 03:54:37.632365	[WARN]	user_manager.py	响应时间:248ms	广东省	深圳市	这里是日志信息......
2024-02-19 03:54:37.632379	[INFO]	goods_manager.py	响应时间:8011ms	湖南省	长沙市	这里是日志信息......
2024-02-19 03:54:37.632393	[INFO]	user_manager.py	响应时间:460ms	上海市	宝山区	这里是日志信息......
2024-02-19 03:54:37.632408	[INFO]	event.py	响应时间:858ms	湖南省	长沙市	这里是日志信息......
2024-02-19 03:54:37.632423	[INFO]	user_manager.py	响应时间:437ms	湖南省	长沙市	这里是日志信息......
2024-02-19 03:54:37.632437	[INFO]	event.py	响应时间:934ms	湖南省	长沙市	这里是日志信息......
2024-02-19 03:54:37.632452	[WARN]	barcode_service.py	响应时间:665ms	江苏省	南京市	这里是日志信息......
2024-02-19 03:54:37.632467	[INFO]	goods_manager.py	响应时间:995ms	北京市	海淀区	这里是日志信息......
2024-02-19 03:54:37.632481	[INFO]	event.py	响应时间:920ms	安徽省	合肥市	这里是日志信息......
2024-02-19 03:54:37.632496	[INFO]	event.py	响应时间:304ms	上海市	杨浦区	这里是日志信息......
2024-02-19 03:54:37.632510	[WARN]	goods_manager.py	响应时间:152ms	广东省	深圳市	这里是日志信息......
2024-02-19 03:54:37.632525	[INFO]	event.py	响应时间:699ms	湖南省	常德市	这里是日志信息......
2024-02-19 03:54:37.632540	[INFO]	goods_manager.py	响应时间:671ms	安徽省	阜阳市	这里是日志信息......
2024-02-19 03:54:37.632554	[INFO]	goods_manager.py	响应时间:959ms	上海市	杨浦区	这里是日志信息......
2024-02-19 03:54:37.632569	[INFO]	goods_manager.py	响应时间:53ms	湖南省	长沙市	这里是日志信息......
2024-02-19 03:54:37.632583	[INFO]	orders_service.py	响应时间:713ms	广东省	广州市	这里是日志信息......
2024-02-19 03:54:37.632598	[INFO]	event.py	响应时间:635ms	湖南省	张家界市	这里是日志信息......
2024-02-19 03:54:37.632612	[WARN]	orders_service.py	响应时间:602ms	湖南省	长沙市	这里是日志信息......
2024-02-19 03:54:37.632627	[INFO]	shop_manager.py	响应时间:4381ms	浙江省	丽水市	这里是日志信息......
2024-02-19 03:54:37.632642	[INFO]	user_manager.py	响应时间:4190ms	北京市	怀柔区	这里是日志信息......
2024-02-19 03:54:37.632656	[WARN]	shop_manager.py	响应时间:967ms	山东省	济南市	这里是日志信息......
2024-02-19 03:54:37.632671	[INFO]	user_manager.py	响应时间:683ms	山东省	菏泽市	这里是日志信息......
2024-02-19 03:54:37.632685	[INFO]	user_manager.py	响应时间:533ms	北京市	昌平区	这里是日志信息......
2024-02-19 03:54:37.632699	[INFO]	goods_manager.py	响应时间:600ms	安徽省	合肥市	这里是日志信息......
2024-02-19 03:54:37.632713	[INFO]	shop_manager.py	响应时间:223ms	浙江省	舟山市	这里是日志信息......
2024-02-19 03:54:37.632727	[INFO]	orders_service.py	响应时间:536ms	广东省	深圳市	这里是日志信息......
2024-02-19 03:54:37.632741	[INFO]	goods_manager.py	响应时间:495ms	北京市	大兴区	这里是日志信息......
2024-02-19 03:54:37.632756	[INFO]	user_manager.py	响应时间:171ms	湖北省	十堰市	这里是日志信息......
2024-02-19 03:54:37.632788	[WARN]	goods_manager.py	响应时间:888ms	江苏省	南京市	这里是日志信息......
2024-02-19 03:54:37.632805	[INFO]	event.py	响应时间:144ms	江苏省	张家港市	这里是日志信息......
2024-02-19 03:54:37.632819	[INFO]	barcode_service.py	响应时间:242ms	浙江省	舟山市	这里是日志信息......
2024-02-19 03:54:37.632834	[INFO]	barcode_service.py	响应时间:225ms	山东省	青岛市	这里是日志信息......
2024-02-19 03:54:37.632849	[INFO]	barcode_service.py	响应时间:593ms	山东省	菏泽市	这里是日志信息......
2024-02-19 03:54:37.632863	[WARN]	event.py	响应时间:423ms	上海市	静安区	这里是日志信息......
2024-02-19 03:54:37.632878	[INFO]	orders_service.py	响应时间:516ms	天津市	宝坻区	这里是日志信息......
2024-02-19 03:54:37.632892	[WARN]	event.py	响应时间:628ms	江苏省	南京市	这里是日志信息......
2024-02-19 03:54:37.632906	[INFO]	orders_service.py	响应时间:191ms	山东省	济南市	这里是日志信息......
2024-02-19 03:54:37.632921	[INFO]	goods_manager.py	响应时间:790ms	北京市	朝阳区	这里是日志信息......
2024-02-19 03:54:37.632935	[INFO]	event.py	响应时间:964ms	山东省	济南市	这里是日志信息......
2024-02-19 03:54:37.632949	[WARN]	barcode_service.py	响应时间:526ms	天津市	武清区	这里是日志信息......
2024-02-19 03:54:37.632963	[INFO]	base_network.py	响应时间:832ms	重庆市	万州区	这里是日志信息......
2024-02-19 03:54:37.632977	[WARN]	goods_manager.py	响应时间:348ms	重庆市	南岸区	这里是日志信息......
2024-02-19 03:54:37.632991	[INFO]	user_manager.py	响应时间:531ms	湖南省	常德市	这里是日志信息......
2024-02-19 03:54:37.633005	[INFO]	event.py	响应时间:502ms	江苏省	张家港市	这里是日志信息......
2024-02-19 03:54:37.633020	[INFO]	user_manager.py	响应时间:834ms	江苏省	南京市	这里是日志信息......
2024-02-19 03:54:37.633034	[INFO]	orders_service.py	响应时间:401ms	浙江省	丽水市	这里是日志信息......
2024-02-19 03:54:37.633048	[INFO]	event.py	响应时间:190ms	湖北省	武汉市	这里是日志信息......
2024-02-19 03:54:37.633062	[INFO]	user_manager.py	响应时间:713ms	山东省	菏泽市	这里是日志信息......
2024-02-19 03:54:37.633077	[INFO]	event.py	响应时间:353ms	湖南省	长沙市	这里是日志信息......
2024-02-19 03:54:37.633091	[WARN]	goods_manager.py	响应时间:315ms	浙江省	湖州市	这里是日志信息......
2024-02-19 03:54:37.633105	[INFO]	goods_manager.py	响应时间:255ms	湖南省	长沙市	这里是日志信息......
2024-02-19 03:54:37.633119	[INFO]	event.py	响应时间:691ms	北京市	昌平区	这里是日志信息......
2024-02-19 03:54:37.633134	[INFO]	orders_service.py	响应时间:62ms	湖南省	长沙市	这里是日志信息......
2024-02-19 03:54:37.633148	[INFO]	goods_manager.py	响应时间:951ms	北京市	大兴区	这里是日志信息......
2024-02-19 03:54:37.633162	[INFO]	orders_service.py	响应时间:924ms	天津市	河西区	这里是日志信息......
2024-02-19 03:54:37.633176	[INFO]	user_manager.py	响应时间:382ms	广东省	广州市	这里是日志信息......
2024-02-19 03:54:37.633190	[INFO]	goods_manager.py	响应时间:235ms	北京市	朝阳区	这里是日志信息......
2024-02-19 03:54:37.633204	[INFO]	shop_manager.py	响应时间:757ms	上海市	杨浦区	这里是日志信息......
2024-02-19 03:54:37.633219	[INFO]	orders_service.py	响应时间:936ms	湖北省	荆州市	这里是日志信息......
2024-02-19 03:54:37.633233	[INFO]	goods_manager.py	响应时间:526ms	安徽省	阜阳市	这里是日志信息......
2024-02-19 03:54:37.633249	[INFO]	event.py	响应时间:249ms	湖北省	十堰市	这里是日志信息......
2024-02-19 03:54:37.633263	[INFO]	event.py	响应时间:130ms	安徽省	池州市	这里是日志信息......
2024-02-19 03:54:37.633277	[INFO]	goods_manager.py	响应时间:190ms	上海市	徐汇区	这里是日志信息......
2024-02-19 03:54:37.633291	[INFO]	orders_service.py	响应时间:232ms	山东省	青岛市	这里是日志信息......
2024-02-19 03:54:37.633306	[INFO]	shop_manager.py	响应时间:169ms	北京市	海淀区	这里是日志信息......
2024-02-19 03:54:37.633320	[WARN]	goods_manager.py	响应时间:949ms	湖北省	荆州市	这里是日志信息......
2024-02-19 03:54:37.633335	[INFO]	event.py	响应时间:679ms	天津市	河西区	这里是日志信息......
2024-02-19 03:54:37.633349	[INFO]	event.py	响应时间:609ms	天津市	武清区	这里是日志信息......
2024-02-19 03:54:37.633363	[WARN]	orders_service.py	响应时间:910ms	江苏省	苏州市	这里是日志信息......
2024-02-19 03:54:37.633378	[INFO]	goods_manager.py	响应时间:937ms	上海市	徐汇区	这里是日志信息......
2024-02-19 03:54:37.633392	[WARN]	orders_service.py	响应时间:184ms	江苏省	苏州市	这里是日志信息......
2024-02-19 03:54:37.633406	[INFO]	event.py	响应时间:732ms	北京市	怀柔区	这里是日志信息......
2024-02-19 03:54:37.633421	[INFO]	event.py	响应时间:125ms	湖北省	武汉市	这里是日志信息......
2024-02-19 03:54:37.633436	[INFO]	event.py	响应时间:952ms	安徽省	铜陵市	这里是日志信息......
2024-02-19 03:54:37.633450	[ERROR]	orders_service.py	响应时间:949ms	广东省	深圳市	这里是日志信息......
2024-02-19 03:54:37.633464	[WARN]	event.py	响应时间:571ms	上海市	杨浦区	这里是日志信息......
2024-02-19 03:54:37.633479	[INFO]	event.py	响应时间:980ms	天津市	和平区	这里是日志信息......
2024-02-19 03:54:37.633493	[INFO]	event.py	响应时间:981ms	上海市	宝山区	这里是日志信息......
2024-02-19 03:54:37.633507	[INFO]	base_network.py	响应时间:49ms	重庆市	涪陵区	这里是日志信息......
2024-02-19 03:54:37.633521	[INFO]	orders_service.py	响应时间:125ms	湖北省	十堰市	这里是日志信息......
2024-02-19 03:54:37.633535	[INFO]	event.py	响应时间:273ms	北京市	海淀区	这里是日志信息......
2024-02-19 03:54:37.633550	[ERROR]	event.py	响应时间:984ms	湖北省	武汉市	这里是日志信息......
2024-02-19 03:54:37.633565	[WARN]	goods_manager.py	响应时间:890ms	安徽省	合肥市	这里是日志信息......
2024-02-19 03:54:37.633579	[INFO]	goods_manager.py	响应时间:5492ms	重庆市	沙坪坝区	这里是日志信息......
2024-02-19 03:54:37.633593	[INFO]	base_network.py	响应时间:159ms	浙江省	湖州市	这里是日志信息......
2024-02-19 03:54:37.633607	[INFO]	shop_manager.py	响应时间:513ms	广东省	珠海市	这里是日志信息......
2024-02-19 03:54:37.633621	[INFO]	event.py	响应时间:198ms	北京市	昌平区	这里是日志信息......
2024-02-19 03:54:37.633635	[INFO]	goods_manager.py	响应时间:989ms	湖北省	武汉市	这里是日志信息......
2024-02-19 03:54:37.633649	[INFO]	event.py	响应时间:78ms	天津市	河西区	这里是日志信息......
2024-02-19 03:54:37.633664	[INFO]	base_network.py	响应时间:284ms	广东省	深圳市	这里是日志信息......
2024-02-19 03:54:37.633678	[INFO]	user_manager.py	响应时间:954ms	天津市	宝坻区	这里是日志信息......
2024-02-19 03:54:37.633692	[INFO]	user_manager.py	响应时间:826ms	上海市	静安区	这里是日志信息......
2024-02-19 03:54:37.633706	[INFO]	orders_service.py	响应时间:372ms	山东省	青岛市	这里是日志信息......
2024-02-19 03:54:37.633721	[INFO]	user_manager.py	响应时间:994ms	浙江省	杭州市	这里是日志信息......
2024-02-19 03:54:37.633735	[ERROR]	goods_manager.py	响应时间:885ms	江苏省	常州市	这里是日志信息......
2024-02-19 03:54:37.633750	[INFO]	orders_service.py	响应时间:110ms	广东省	深圳市	这里是日志信息......
2024-02-19 03:54:37.633764	[INFO]	orders_service.py	响应时间:121ms	安徽省	铜陵市	这里是日志信息......
2024-02-19 03:54:37.633778	[INFO]	event.py	响应时间:665ms	北京市	海淀区	这里是日志信息......
2024-02-19 03:54:37.633811	[WARN]	goods_manager.py	响应时间:114ms	广东省	珠海市	这里是日志信息......
2024-02-19 03:54:37.633828	[INFO]	orders_service.py	响应时间:513ms	湖南省	株洲市	这里是日志信息......
2024-02-19 03:54:37.633842	[INFO]	goods_manager.py	响应时间:129ms	山东省	菏泽市	这里是日志信息......
2024-02-19 03:54:37.633857	[INFO]	orders_service.py	响应时间:704ms	广东省	广州市	这里是日志信息......
2024-02-19 03:54:37.633871	[INFO]	orders_service.py	响应时间:672ms	北京市	丰台区	这里是日志信息......
2024-02-19 03:54:37.633885	[INFO]	goods_manager.py	响应时间:541ms	北京市	昌平区	这里是日志信息......
2024-02-19 03:54:37.633899	[WARN]	goods_manager.py	响应时间:698ms	浙江省	杭州市	这里是日志信息......
2024-02-19 03:54:37.633914	[INFO]	orders_service.py	响应时间:81ms	重庆市	渝中区	这里是日志信息......
2024-02-19 03:54:37.633928	[INFO]	event.py	响应时间:857ms	山东省	青岛市	这里是日志信息......
2024-02-19 03:54:37.633942	[INFO]	event.py	响应时间:564ms	北京市	海淀区	这里是日志信息......
2024-02-19 03:54:37.633956	[INFO]	goods_manager.py	响应时间:446ms	江苏省	苏州市	这里是日志信息......
2024-02-19 03:54:37.633970	[WARN]	base_network.py	响应时间:125ms	天津市	和平区	这里是日志信息......
2024-02-19 03:54:37.633984	[INFO]	event.py	响应时间:722ms	江苏省	南京市	这里是日志信息......
2024-02-19 03:54:37.633998	[INFO]	shop_manager.py	响应时间:264ms	江苏省	苏州市	这里是日志信息......
2024-02-19 03:54:37.634012	[INFO]	orders_service.py	响应时间:802ms	天津市	河西区	这里是日志信息......
2024-02-19 03:54:37.634027	[INFO]	goods_manager.py	响应时间:582ms	浙江省	绍兴市	这里是日志信息......
2024-02-19 03:54:37.634041	[INFO]	shop_manager.py	响应时间:746ms	浙江省	丽水市	这里是日志信息......
2024-02-19 03:54:37.634055	[WARN]	event.py	响应时间:304ms	广东省	深圳市	这里是日志信息......
2024-02-19 03:54:37.634069	[INFO]	goods_manager.py	响应时间:253ms	安徽省	阜阳市	这里是日志信息......
2024-02-19 03:54:37.634084	[INFO]	event.py	响应时间:37ms	天津市	河东区	这里是日志信息......
2024-02-19 03:54:37.634098	[INFO]	event.py	响应时间:251ms	山东省	菏泽市	这里是日志信息......
2024-02-19 03:54:37.634112	[INFO]	event.py	响应时间:251ms	天津市	和平区	这里是日志信息......
2024-02-19 03:54:37.634127	[INFO]	goods_manager.py	响应时间:261ms	重庆市	南岸区	这里是日志信息......
2024-02-19 03:54:37.634141	[INFO]	barcode_service.py	响应时间:810ms	重庆市	沙坪坝区	这里是日志信息......
2024-02-19 03:54:37.634155	[INFO]	user_manager.py	响应时间:320ms	上海市	浦东新区	这里是日志信息......
2024-02-19 03:54:37.634169	[INFO]	goods_manager.py	响应时间:721ms	北京市	怀柔区	这里是日志信息......
2024-02-19 03:54:37.634183	[INFO]	barcode_service.py	响应时间:471ms	湖南省	长沙市	这里是日志信息......
2024-02-19 03:54:37.634197	[INFO]	barcode_service.py	响应时间:155ms	湖南省	长沙市	这里是日志信息......
2024-02-19 03:54:37.634211	[INFO]	event.py	响应时间:272ms	江苏省	宿迁市	这里是日志信息......
2024-02-19 03:54:37.634225	[INFO]	goods_manager.py	响应时间:856ms	山东省	菏泽市	这里是日志信息......
2024-02-19 03:54:37.634239	[INFO]	barcode_service.py	响应时间:471ms	湖南省	株洲市	这里是日志信息......
2024-02-19 03:54:37.634254	[INFO]	barcode_service.py	响应时间:911ms	山东省	济南市	这里是日志信息......
2024-02-19 03:54:37.634268	[INFO]	goods_manager.py	响应时间:24ms	浙江省	丽水市	这里是日志信息......
2024-02-19 03:54:37.634282	[INFO]	goods_manager.py	响应时间:718ms	广东省	深圳市	这里是日志信息......
2024-02-19 03:54:37.634297	[INFO]	goods_manager.py	响应时间:392ms	上海市	黄浦区	这里是日志信息......
2024-02-19 03:54:37.634311	[INFO]	event.py	响应时间:226ms	浙江省	嘉兴市	这里是日志信息......
2024-02-19 03:54:37.634325	[INFO]	base_network.py	响应时间:461ms	安徽省	六安市	这里是日志信息......
2024-02-19 03:54:37.634339	[WARN]	barcode_service.py	响应时间:504ms	江苏省	张家港市	这里是日志信息......
2024-02-19 03:54:37.634353	[INFO]	event.py	响应时间:235ms	湖北省	武汉市	这里是日志信息......
2024-02-19 03:54:37.634367	[INFO]	goods_manager.py	响应时间:144ms	江苏省	张家港市	这里是日志信息......
2024-02-19 03:54:37.634381	[WARN]	user_manager.py	响应时间:593ms	湖北省	荆州市	这里是日志信息......
2024-02-19 03:54:37.634396	[INFO]	event.py	响应时间:372ms	安徽省	阜阳市	这里是日志信息......
2024-02-19 03:54:37.634410	[INFO]	barcode_service.py	响应时间:381ms	江苏省	常州市	这里是日志信息......
2024-02-19 03:54:37.634424	[INFO]	barcode_service.py	响应时间:123ms	上海市	静安区	这里是日志信息......
2024-02-19 03:54:37.634438	[INFO]	goods_manager.py	响应时间:704ms	北京市	丰台区	这里是日志信息......
2024-02-19 03:54:37.634452	[INFO]	event.py	响应时间:827ms	北京市	海淀区	这里是日志信息......
2024-02-19 03:54:37.634466	[WARN]	event.py	响应时间:940ms	天津市	河东区	这里是日志信息......
2024-02-19 03:54:37.634481	[INFO]	orders_service.py	响应时间:328ms	湖南省	益阳市	这里是日志信息......
2024-02-19 03:54:37.634496	[INFO]	orders_service.py	响应时间:103ms	浙江省	嘉兴市	这里是日志信息......
2024-02-19 03:54:37.634511	[INFO]	event.py	响应时间:465ms	湖南省	长沙市	这里是日志信息......
2024-02-19 03:54:37.634525	[INFO]	event.py	响应时间:844ms	重庆市	沙坪坝区	这里是日志信息......
2024-02-19 03:54:37.634539	[INFO]	user_manager.py	响应时间:462ms	山东省	济南市	这里是日志信息......
2024-02-19 03:54:37.634554	[INFO]	goods_manager.py	响应时间:507ms	江苏省	苏州市	这里是日志信息......
2024-02-19 03:54:37.634568	[INFO]	goods_manager.py	响应时间:6047ms	浙江省	金华市	这里是日志信息......
2024-02-19 03:54:37.634583	[WARN]	orders_service.py	响应时间:275ms	湖北省	恩施土家族苗族自治州	这里是日志信息......
2024-02-19 03:54:37.634598	[INFO]	shop_manager.py	响应时间:586ms	上海市	黄浦区	这里是日志信息......
2024-02-19 03:54:37.634613	[INFO]	user_manager.py	响应时间:7493ms	北京市	怀柔区	这里是日志信息......
2024-02-19 03:54:37.634627	[INFO]	base_network.py	响应时间:938ms	北京市	海淀区	这里是日志信息......
2024-02-19 03:54:37.634642	[INFO]	barcode_service.py	响应时间:631ms	重庆市	九龙坡区	这里是日志信息......
2024-02-19 03:54:37.634656	[WARN]	orders_service.py	响应时间:822ms	重庆市	涪陵区	这里是日志信息......
2024-02-19 03:54:37.634671	[INFO]	barcode_service.py	响应时间:775ms	山东省	青岛市	这里是日志信息......
2024-02-19 03:54:37.634685	[INFO]	event.py	响应时间:84ms	天津市	武清区	这里是日志信息......
2024-02-19 03:54:37.634700	[INFO]	shop_manager.py	响应时间:428ms	安徽省	阜阳市	这里是日志信息......
2024-02-19 03:54:37.634714	[INFO]	orders_service.py	响应时间:583ms	上海市	浦东新区	这里是日志信息......
2024-02-19 03:54:37.634729	[INFO]	base_network.py	响应时间:366ms	北京市	怀柔区	这里是日志信息......
2024-02-19 03:54:37.634743	[INFO]	user_manager.py	响应时间:4757ms	广东省	深圳市	这里是日志信息......
2024-02-19 03:54:37.634757	[INFO]	event.py	响应时间:563ms	浙江省	舟山市	这里是日志信息......
2024-02-19 03:54:37.634771	[WARN]	goods_manager.py	响应时间:182ms	天津市	和平区	这里是日志信息......
2024-02-19 03:54:37.634785	[INFO]	event.py	响应时间:467ms	北京市	丰台区	这里是日志信息......
2024-02-19 03:54:37.634800	[INFO]	event.py	响应时间:808ms	山东省	青岛市	这里是日志信息......
2024-02-19 03:54:37.634832	[INFO]	event.py	响应时间:674ms	浙江省	金华市	这里是日志信息......
2024-02-19 03:54:37.634849	[INFO]	goods_manager.py	响应时间:72ms	江苏省	张家港市	这里是日志信息......
2024-02-19 03:54:37.634863	[INFO]	user_manager.py	响应时间:679ms	江苏省	宿迁市	这里是日志信息......
2024-02-19 03:54:37.634878	[WARN]	event.py	响应时间:212ms	重庆市	九龙坡区	这里是日志信息......
2024-02-19 03:54:37.634892	[INFO]	barcode_service.py	响应时间:948ms	天津市	河西区	这里是日志信息......
2024-02-19 03:54:37.634906	[INFO]	user_manager.py	响应时间:612ms	重庆市	涪陵区	这里是日志信息......
2024-02-19 03:54:37.634920	[WARN]	user_manager.py	响应时间:803ms	天津市	宝坻区	这里是日志信息......
2024-02-19 03:54:37.634934	[INFO]	user_manager.py	响应时间:590ms	天津市	武清区	这里是日志信息......
2024-02-19 03:54:37.634949	[INFO]	orders_service.py	响应时间:673ms	天津市	和平区	这里是日志信息......
2024-02-19 03:54:37.634963	[ERROR]	orders_service.py	响应时间:767ms	安徽省	芜湖市	这里是日志信息......
2024-02-19 03:54:37.634977	[INFO]	goods_manager.py	响应时间:920ms	江苏省	苏州市	这里是日志信息......
2024-02-19 03:54:37.634992	[INFO]	orders_service.py	响应时间:6694ms	天津市	和平区	这里是日志信息......
2024-02-19 03:54:37.635006	[INFO]	user_manager.py	响应时间:605ms	北京市	海淀区	这里是日志信息......
2024-02-19 03:54:37.635020	[INFO]	event.py	响应时间:5ms	浙江省	湖州市	这里是日志信息......
2024-02-19 03:54:37.635054	[INFO]	orders_service.py	响应时间:968ms	山东省	菏泽市	这里是日志信息......
2024-02-19 03:54:37.635070	[INFO]	goods_manager.py	响应时间:163ms	北京市	昌平区	这里是日志信息......
2024-02-19 03:54:37.635086	[INFO]	event.py	响应时间:61ms	浙江省	杭州市	这里是日志信息......
2024-02-19 03:54:37.635101	[INFO]	shop_manager.py	响应时间:28ms	上海市	浦东新区	这里是日志信息......
2024-02-19 03:54:37.635115	[INFO]	orders_service.py	响应时间:358ms	重庆市	涪陵区	这里是日志信息......
2024-02-19 03:54:37.635130	[INFO]	goods_manager.py	响应时间:311ms	天津市	宝坻区	这里是日志信息......
2024-02-19 03:54:37.635144	[INFO]	event.py	响应时间:9ms	湖北省	武汉市	这里是日志信息......
2024-02-19 03:54:37.635158	[INFO]	goods_manager.py	响应时间:557ms	山东省	青岛市	这里是日志信息......
2024-02-19 03:54:37.635172	[INFO]	orders_service.py	响应时间:65ms	安徽省	合肥市	这里是日志信息......
2024-02-19 03:54:37.635187	[WARN]	orders_service.py	响应时间:194ms	江苏省	张家港市	这里是日志信息......
2024-02-19 03:54:37.635201	[INFO]	event.py	响应时间:187ms	广东省	深圳市	这里是日志信息......
2024-02-19 03:54:37.635215	[WARN]	event.py	响应时间:228ms	广东省	广州市	这里是日志信息......
2024-02-19 03:54:37.635229	[INFO]	goods_manager.py	响应时间:247ms	广东省	广州市	这里是日志信息......
2024-02-19 03:54:37.635244	[INFO]	orders_service.py	响应时间:741ms	上海市	杨浦区	这里是日志信息......
2024-02-19 03:54:37.635258	[INFO]	shop_manager.py	响应时间:786ms	天津市	河东区	这里是日志信息......
2024-02-19 03:54:37.635273	[INFO]	goods_manager.py	响应时间:395ms	安徽省	六安市	这里是日志信息......
2024-02-19 03:54:37.635287	[INFO]	orders_service.py	响应时间:158ms	浙江省	丽水市	这里是日志信息......
2024-02-19 03:54:37.635301	[INFO]	goods_manager.py	响应时间:721ms	湖北省	十堰市	这里是日志信息......
2024-02-19 03:54:37.635316	[WARN]	goods_manager.py	响应时间:562ms	北京市	怀柔区	这里是日志信息......
2024-02-19 03:54:37.635330	[INFO]	user_manager.py	响应时间:900ms	湖北省	荆州市	这里是日志信息......
2024-02-19 03:54:37.635344	[INFO]	shop_manager.py	响应时间:723ms	北京市	海淀区	这里是日志信息......
2024-02-19 03:54:37.635358	[INFO]	barcode_service.py	响应时间:892ms	重庆市	涪陵区	这里是日志信息......
2024-02-19 03:54:37.635372	[INFO]	goods_manager.py	响应时间:688ms	江苏省	南京市	这里是日志信息......
2024-02-19 03:54:37.635386	[INFO]	goods_manager.py	响应时间:249ms	浙江省	金华市	这里是日志信息......
2024-02-19 03:54:37.635400	[INFO]	user_manager.py	响应时间:564ms	山东省	菏泽市	这里是日志信息......
2024-02-19 03:54:37.635415	[INFO]	barcode_service.py	响应时间:877ms	广东省	广州市	这里是日志信息......
2024-02-19 03:54:37.635429	[INFO]	user_manager.py	响应时间:646ms	山东省	青岛市	这里是日志信息......
2024-02-19 03:54:37.635443	[WARN]	goods_manager.py	响应时间:336ms	安徽省	六安市	这里是日志信息......
2024-02-19 03:54:37.635457	[WARN]	user_manager.py	响应时间:411ms	北京市	朝阳区	这里是日志信息......
2024-02-19 03:54:37.635471	[INFO]	barcode_service.py	响应时间:776ms	江苏省	无锡市	这里是日志信息......
2024-02-19 03:54:37.635486	[WARN]	shop_manager.py	响应时间:435ms	北京市	昌平区	这里是日志信息......
2024-02-19 03:54:37.635500	[INFO]	orders_service.py	响应时间:636ms	山东省	菏泽市	这里是日志信息......
2024-02-19 03:54:37.635514	[INFO]	goods_manager.py	响应时间:371ms	天津市	武清区	这里是日志信息......
2024-02-19 03:54:37.635529	[INFO]	user_manager.py	响应时间:313ms	浙江省	杭州市	这里是日志信息......
