2024-02-19 03:54:36.592611	[WARN]	orders_service.py	响应时间:974ms	天津市	和平区	这里是日志信息......
2024-02-19 03:54:36.592670	[WARN]	barcode_service.py	响应时间:462ms	山东省	青岛市	这里是日志信息......
2024-02-19 03:54:36.592700	[INFO]	user_manager.py	响应时间:629ms	湖北省	武汉市	这里是日志信息......
2024-02-19 03:54:36.592728	[INFO]	event.py	响应时间:415ms	重庆市	涪陵区	这里是日志信息......
2024-02-19 03:54:36.592754	[INFO]	goods_manager.py	响应时间:893ms	北京市	海淀区	这里是日志信息......
2024-02-19 03:54:36.592781	[INFO]	event.py	响应时间:339ms	北京市	丰台区	这里是日志信息......
2024-02-19 03:54:36.592807	[INFO]	base_network.py	响应时间:366ms	湖北省	十堰市	这里是日志信息......
2024-02-19 03:54:36.592831	[INFO]	event.py	响应时间:470ms	天津市	宝坻区	这里是日志信息......
2024-02-19 03:54:36.592861	[WARN]	barcode_service.py	响应时间:873ms	湖北省	武汉市	这里是日志信息......
2024-02-19 03:54:36.592895	[INFO]	goods_manager.py	响应时间:621ms	江苏省	张家港市	这里是日志信息......
2024-02-19 03:54:36.592939	[WARN]	user_manager.py	响应时间:567ms	湖北省	荆州市	这里是日志信息......
2024-02-19 03:54:36.592972	[WARN]	orders_service.py	响应时间:155ms	广东省	广州市	这里是日志信息......
2024-02-19 03:54:36.592995	[INFO]	orders_service.py	响应时间:818ms	北京市	怀柔区	这里是日志信息......
2024-02-19 03:54:36.593018	[INFO]	event.py	响应时间:862ms	山东省	菏泽市	这里是日志信息......
2024-02-19 03:54:36.593041	[INFO]	base_network.py	响应时间:399ms	安徽省	阜阳市	这里是日志信息......
2024-02-19 03:54:36.593066	[INFO]	goods_manager.py	响应时间:725ms	浙江省	杭州市	这里是日志信息......
2024-02-19 03:54:36.593097	[INFO]	shop_manager.py	响应时间:998ms	湖南省	长沙市	这里是日志信息......
2024-02-19 03:54:36.593124	[INFO]	user_manager.py	响应时间:395ms	天津市	河西区	这里是日志信息......
2024-02-19 03:54:36.593168	[INFO]	event.py	响应时间:979ms	湖北省	武汉市	这里是日志信息......
2024-02-19 03:54:36.593191	[INFO]	barcode_service.py	响应时间:604ms	山东省	济南市	这里是日志信息......
2024-02-19 03:54:36.593225	[INFO]	user_manager.py	响应时间:611ms	上海市	黄浦区	这里是日志信息......
2024-02-19 03:54:36.593268	[INFO]	goods_manager.py	响应时间:991ms	湖北省	荆州市	这里是日志信息......
2024-02-19 03:54:36.593292	[INFO]	event.py	响应时间:50ms	重庆市	涪陵区	这里是日志信息......
2024-02-19 03:54:36.593315	[INFO]	user_manager.py	响应时间:629ms	安徽省	铜陵市	这里是日志信息......
2024-02-19 03:54:36.593369	[INFO]	goods_manager.py	响应时间:986ms	江苏省	苏州市	这里是日志信息......
2024-02-19 03:54:36.593394	[INFO]	goods_manager.py	响应时间:913ms	上海市	宝山区	这里是日志信息......
2024-02-19 03:54:36.593417	[INFO]	orders_service.py	响应时间:582ms	上海市	宝山区	这里是日志信息......
2024-02-19 03:54:36.593441	[INFO]	event.py	响应时间:322ms	北京市	朝阳区	这里是日志信息......
2024-02-19 03:54:36.593464	[INFO]	goods_manager.py	响应时间:127ms	重庆市	九龙坡区	这里是日志信息......
2024-02-19 03:54:36.593488	[INFO]	goods_manager.py	响应时间:736ms	浙江省	金华市	这里是日志信息......
2024-02-19 03:54:36.593512	[INFO]	shop_manager.py	响应时间:143ms	天津市	河西区	这里是日志信息......
2024-02-19 03:54:36.593536	[INFO]	user_manager.py	响应时间:632ms	重庆市	渝中区	这里是日志信息......
2024-02-19 03:54:36.593558	[INFO]	goods_manager.py	响应时间:964ms	重庆市	南岸区	这里是日志信息......
2024-02-19 03:54:36.593609	[INFO]	orders_service.py	响应时间:861ms	安徽省	芜湖市	这里是日志信息......
2024-02-19 03:54:36.593634	[WARN]	orders_service.py	响应时间:418ms	北京市	怀柔区	这里是日志信息......
2024-02-19 03:54:36.593658	[INFO]	base_network.py	响应时间:403ms	江苏省	南京市	这里是日志信息......
2024-02-19 03:54:36.593681	[INFO]	shop_manager.py	响应时间:263ms	广东省	广州市	这里是日志信息......
2024-02-19 03:54:36.593711	[INFO]	orders_service.py	响应时间:990ms	天津市	河东区	这里是日志信息......
2024-02-19 03:54:36.593734	[INFO]	orders_service.py	响应时间:391ms	安徽省	芜湖市	这里是日志信息......
2024-02-19 03:54:36.593761	[WARN]	base_network.py	响应时间:465ms	重庆市	渝中区	这里是日志信息......
2024-02-19 03:54:36.593784	[INFO]	base_network.py	响应时间:98ms	安徽省	池州市	这里是日志信息......
2024-02-19 03:54:36.593808	[INFO]	goods_manager.py	响应时间:750ms	安徽省	合肥市	这里是日志信息......
2024-02-19 03:54:36.593842	[INFO]	barcode_service.py	响应时间:187ms	浙江省	丽水市	这里是日志信息......
2024-02-19 03:54:36.593866	[WARN]	barcode_service.py	响应时间:255ms	湖南省	长沙市	这里是日志信息......
2024-02-19 03:54:36.593890	[INFO]	orders_service.py	响应时间:432ms	湖北省	武汉市	这里是日志信息......
2024-02-19 03:54:36.593913	[INFO]	orders_service.py	响应时间:484ms	上海市	徐汇区	这里是日志信息......
2024-02-19 03:54:36.593936	[INFO]	orders_service.py	响应时间:917ms	天津市	武清区	这里是日志信息......
2024-02-19 03:54:36.593959	[INFO]	event.py	响应时间:764ms	湖北省	武汉市	这里是日志信息......
2024-02-19 03:54:36.593982	[INFO]	orders_service.py	响应时间:468ms	山东省	济南市	这里是日志信息......
2024-02-19 03:54:36.594005	[INFO]	base_network.py	响应时间:874ms	广东省	广州市	这里是日志信息......
2024-02-19 03:54:36.594028	[INFO]	goods_manager.py	响应时间:329ms	重庆市	九龙坡区	这里是日志信息......
2024-02-19 03:54:36.594053	[INFO]	barcode_service.py	响应时间:733ms	重庆市	沙坪坝区	这里是日志信息......
2024-02-19 03:54:36.594075	[INFO]	event.py	响应时间:253ms	天津市	和平区	这里是日志信息......
2024-02-19 03:54:36.594098	[ERROR]	event.py	响应时间:857ms	安徽省	六安市	这里是日志信息......
2024-02-19 03:54:36.594121	[ERROR]	event.py	响应时间:530ms	北京市	昌平区	这里是日志信息......
2024-02-19 03:54:36.594149	[INFO]	user_manager.py	响应时间:362ms	山东省	青岛市	这里是日志信息......
2024-02-19 03:54:36.594173	[ERROR]	goods_manager.py	响应时间:900ms	上海市	徐汇区	这里是日志信息......
2024-02-19 03:54:36.594197	[INFO]	barcode_service.py	响应时间:445ms	山东省	青岛市	这里是日志信息......
2024-02-19 03:54:36.594219	[INFO]	goods_manager.py	响应时间:918ms	湖北省	武汉市	这里是日志信息......
2024-02-19 03:54:36.594242	[WARN]	event.py	响应时间:539ms	广东省	广州市	这里是日志信息......
2024-02-19 03:54:36.594264	[INFO]	orders_service.py	响应时间:961ms	北京市	昌平区	这里是日志信息......
2024-02-19 03:54:36.594287	[INFO]	goods_manager.py	响应时间:262ms	广东省	深圳市	这里是日志信息......
2024-02-19 03:54:36.594311	[INFO]	event.py	响应时间:934ms	湖北省	十堰市	这里是日志信息......
2024-02-19 03:54:36.594334	[INFO]	event.py	响应时间:274ms	上海市	浦东新区	这里是日志信息......
2024-02-19 03:54:36.594356	[INFO]	goods_manager.py	响应时间:285ms	天津市	武清区	这里是日志信息......
2024-02-19 03:54:36.594380	[ERROR]	user_manager.py	响应时间:651ms	江苏省	常州市	这里是日志信息......
2024-02-19 03:54:36.594413	[INFO]	user_manager.py	响应时间:590ms	湖北省	恩施土家族苗族自治州	这里是日志信息......
2024-02-19 03:54:36.594437	[INFO]	shop_manager.py	响应时间:475ms	天津市	宝坻区	这里是日志信息......
2024-02-19 03:54:36.594460	[INFO]	event.py	响应时间:284ms	湖北省	十堰市	这里是日志信息......
2024-02-19 03:54:36.594483	[ERROR]	goods_manager.py	响应时间:52ms	重庆市	渝中区	这里是日志信息......
2024-02-19 03:54:36.594506	[INFO]	barcode_service.py	响应时间:153ms	北京市	昌平区	这里是日志信息......
2024-02-19 03:54:36.594668	[INFO]	event.py	响应时间:454ms	湖北省	荆州市	这里是日志信息......
2024-02-19 03:54:36.594701	[INFO]	event.py	响应时间:916ms	上海市	杨浦区	这里是日志信息......
2024-02-19 03:54:36.594725	[INFO]	barcode_service.py	响应时间:4687ms	安徽省	阜阳市	这里是日志信息......
2024-02-19 03:54:36.594748	[INFO]	shop_manager.py	响应时间:568ms	浙江省	丽水市	这里是日志信息......
2024-02-19 03:54:36.594771	[INFO]	barcode_service.py	响应时间:89ms	安徽省	合肥市	这里是日志信息......
2024-02-19 03:54:36.594794	[WARN]	user_manager.py	响应时间:8469ms	安徽省	阜阳市	这里是日志信息......
2024-02-19 03:54:36.594817	[INFO]	goods_manager.py	响应时间:774ms	上海市	徐汇区	这里是日志信息......
2024-02-19 03:54:36.594862	[INFO]	orders_service.py	响应时间:563ms	湖南省	长沙市	这里是日志信息......
2024-02-19 03:54:36.594885	[INFO]	event.py	响应时间:215ms	安徽省	合肥市	这里是日志信息......
2024-02-19 03:54:36.594909	[INFO]	event.py	响应时间:811ms	安徽省	合肥市	这里是日志信息......
2024-02-19 03:54:36.594932	[INFO]	barcode_service.py	响应时间:944ms	天津市	河西区	这里是日志信息......
2024-02-19 03:54:36.594955	[INFO]	goods_manager.py	响应时间:888ms	浙江省	舟山市	这里是日志信息......
2024-02-19 03:54:36.594977	[INFO]	user_manager.py	响应时间:16ms	北京市	大兴区	这里是日志信息......
2024-02-19 03:54:36.595000	[INFO]	orders_service.py	响应时间:25ms	天津市	武清区	这里是日志信息......
2024-02-19 03:54:36.595023	[WARN]	orders_service.py	响应时间:539ms	江苏省	苏州市	这里是日志信息......
2024-02-19 03:54:36.595046	[INFO]	goods_manager.py	响应时间:502ms	江苏省	苏州市	这里是日志信息......
2024-02-19 03:54:36.595069	[ERROR]	goods_manager.py	响应时间:5761ms	湖南省	益阳市	这里是日志信息......
2024-02-19 03:54:36.595092	[INFO]	orders_service.py	响应时间:235ms	上海市	黄浦区	这里是日志信息......
2024-02-19 03:54:36.595115	[INFO]	barcode_service.py	响应时间:111ms	上海市	浦东新区	这里是日志信息......
2024-02-19 03:54:36.595139	[INFO]	event.py	响应时间:236ms	安徽省	六安市	这里是日志信息......
2024-02-19 03:54:36.595161	[INFO]	event.py	响应时间:574ms	上海市	浦东新区	这里是日志信息......
2024-02-19 03:54:36.595184	[INFO]	orders_service.py	响应时间:385ms	安徽省	六安市	这里是日志信息......
2024-02-19 03:54:36.595206	[INFO]	orders_service.py	响应时间:571ms	广东省	深圳市	这里是日志信息......
2024-02-19 03:54:36.595229	[INFO]	shop_manager.py	响应时间:136ms	湖南省	长沙市	这里是日志信息......
2024-02-19 03:54:36.595252	[INFO]	goods_manager.py	响应时间:959ms	广东省	广州市	这里是日志信息......
2024-02-19 03:54:36.595275	[INFO]	goods_manager.py	响应时间:215ms	山东省	青岛市	这里是日志信息......
2024-02-19 03:54:36.595298	[INFO]	goods_manager.py	响应时间:207ms	天津市	武清区	这里是日志信息......
2024-02-19 03:54:36.595321	[INFO]	goods_manager.py	响应时间:485ms	天津市	武清区	这里是日志信息......
2024-02-19 03:54:36.595343	[INFO]	user_manager.py	响应时间:131ms	北京市	海淀区	这里是日志信息......
2024-02-19 03:54:36.595366	[ERROR]	orders_service.py	响应时间:50ms	安徽省	六安市	这里是日志信息......
2024-02-19 03:54:36.595388	[INFO]	barcode_service.py	响应时间:547ms	天津市	河东区	这里是日志信息......
2024-02-19 03:54:36.595411	[INFO]	event.py	响应时间:529ms	上海市	杨浦区	这里是日志信息......
2024-02-19 03:54:36.595435	[INFO]	base_network.py	响应时间:54ms	广东省	深圳市	这里是日志信息......
2024-02-19 03:54:36.595458	[WARN]	goods_manager.py	响应时间:222ms	浙江省	嘉兴市	这里是日志信息......
2024-02-19 03:54:36.595481	[INFO]	event.py	响应时间:166ms	山东省	青岛市	这里是日志信息......
2024-02-19 03:54:36.595503	[INFO]	orders_service.py	响应时间:114ms	上海市	浦东新区	这里是日志信息......
2024-02-19 03:54:36.595526	[WARN]	event.py	响应时间:24ms	湖南省	株洲市	这里是日志信息......
2024-02-19 03:54:36.595549	[INFO]	orders_service.py	响应时间:813ms	山东省	青岛市	这里是日志信息......
2024-02-19 03:54:36.595573	[INFO]	user_manager.py	响应时间:726ms	江苏省	常州市	这里是日志信息......
2024-02-19 03:54:36.595596	[INFO]	orders_service.py	响应时间:547ms	湖北省	武汉市	这里是日志信息......
2024-02-19 03:54:36.595618	[INFO]	orders_service.py	响应时间:510ms	北京市	大兴区	这里是日志信息......
2024-02-19 03:54:36.595642	[INFO]	orders_service.py	响应时间:338ms	湖北省	武汉市	这里是日志信息......
2024-02-19 03:54:36.595665	[INFO]	base_network.py	响应时间:295ms	上海市	浦东新区	这里是日志信息......
2024-02-19 03:54:36.595688	[INFO]	orders_service.py	响应时间:311ms	重庆市	沙坪坝区	这里是日志信息......
2024-02-19 03:54:36.595740	[ERROR]	orders_service.py	响应时间:320ms	江苏省	张家港市	这里是日志信息......
2024-02-19 03:54:36.595764	[INFO]	event.py	响应时间:6ms	浙江省	嘉兴市	这里是日志信息......
2024-02-19 03:54:36.595787	[INFO]	event.py	响应时间:242ms	浙江省	金华市	这里是日志信息......
2024-02-19 03:54:36.595811	[INFO]	orders_service.py	响应时间:613ms	北京市	朝阳区	这里是日志信息......
2024-02-19 03:54:36.595833	[INFO]	goods_manager.py	响应时间:798ms	浙江省	金华市	这里是日志信息......
2024-02-19 03:54:36.595856	[INFO]	event.py	响应时间:177ms	山东省	菏泽市	这里是日志信息......
2024-02-19 03:54:36.595879	[WARN]	event.py	响应时间:127ms	上海市	黄浦区	这里是日志信息......
2024-02-19 03:54:36.595902	[INFO]	barcode_service.py	响应时间:836ms	湖南省	长沙市	这里是日志信息......
2024-02-19 03:54:36.595925	[WARN]	goods_manager.py	响应时间:534ms	重庆市	万州区	这里是日志信息......
2024-02-19 03:54:36.595948	[WARN]	orders_service.py	响应时间:3978ms	湖南省	长沙市	这里是日志信息......
2024-02-19 03:54:36.595972	[WARN]	goods_manager.py	响应时间:727ms	重庆市	沙坪坝区	这里是日志信息......
2024-02-19 03:54:36.595994	[INFO]	shop_manager.py	响应时间:21ms	安徽省	合肥市	这里是日志信息......
2024-02-19 03:54:36.596017	[INFO]	user_manager.py	响应时间:26ms	天津市	武清区	这里是日志信息......
2024-02-19 03:54:36.596040	[INFO]	event.py	响应时间:611ms	江苏省	南京市	这里是日志信息......
2024-02-19 03:54:36.596063	[INFO]	event.py	响应时间:415ms	江苏省	南京市	这里是日志信息......
2024-02-19 03:54:36.596085	[ERROR]	event.py	响应时间:155ms	湖南省	长沙市	这里是日志信息......
2024-02-19 03:54:36.596108	[INFO]	event.py	响应时间:249ms	天津市	武清区	这里是日志信息......
2024-02-19 03:54:36.596132	[INFO]	goods_manager.py	响应时间:714ms	北京市	朝阳区	这里是日志信息......
2024-02-19 03:54:36.596155	[INFO]	event.py	响应时间:634ms	安徽省	铜陵市	这里是日志信息......
2024-02-19 03:54:36.596178	[WARN]	orders_service.py	响应时间:589ms	重庆市	沙坪坝区	这里是日志信息......
2024-02-19 03:54:36.596203	[INFO]	orders_service.py	响应时间:447ms	湖南省	长沙市	这里是日志信息......
2024-02-19 03:54:36.596226	[INFO]	orders_service.py	响应时间:761ms	广东省	广州市	这里是日志信息......
2024-02-19 03:54:36.596248	[INFO]	barcode_service.py	响应时间:873ms	湖南省	常德市	这里是日志信息......
2024-02-19 03:54:36.596272	[INFO]	event.py	响应时间:571ms	安徽省	池州市	这里是日志信息......
2024-02-19 03:54:36.596294	[INFO]	goods_manager.py	响应时间:292ms	重庆市	沙坪坝区	这里是日志信息......
2024-02-19 03:54:36.596318	[INFO]	orders_service.py	响应时间:88ms	湖南省	长沙市	这里是日志信息......
2024-02-19 03:54:36.596423	[INFO]	barcode_service.py	响应时间:367ms	江苏省	南京市	这里是日志信息......
2024-02-19 03:54:36.596454	[INFO]	event.py	响应时间:149ms	北京市	海淀区	这里是日志信息......
2024-02-19 03:54:36.596474	[INFO]	orders_service.py	响应时间:818ms	湖北省	武汉市	这里是日志信息......
2024-02-19 03:54:36.596493	[ERROR]	event.py	响应时间:782ms	安徽省	合肥市	这里是日志信息......
2024-02-19 03:54:36.596512	[INFO]	orders_service.py	响应时间:205ms	湖南省	长沙市	这里是日志信息......
2024-02-19 03:54:36.596531	[INFO]	orders_service.py	响应时间:891ms	湖北省	恩施土家族苗族自治州	这里是日志信息......
2024-02-19 03:54:36.596550	[INFO]	base_network.py	响应时间:879ms	广东省	广州市	这里是日志信息......
2024-02-19 03:54:36.596569	[INFO]	event.py	响应时间:773ms	安徽省	合肥市	这里是日志信息......
2024-02-19 03:54:36.596587	[INFO]	goods_manager.py	响应时间:727ms	上海市	浦东新区	这里是日志信息......
2024-02-19 03:54:36.596606	[INFO]	orders_service.py	响应时间:189ms	上海市	静安区	这里是日志信息......
2024-02-19 03:54:36.596625	[INFO]	shop_manager.py	响应时间:508ms	重庆市	九龙坡区	这里是日志信息......
2024-02-19 03:54:36.596643	[INFO]	goods_manager.py	响应时间:198ms	安徽省	阜阳市	这里是日志信息......
2024-02-19 03:54:36.596662	[INFO]	orders_service.py	响应时间:554ms	广东省	深圳市	这里是日志信息......
2024-02-19 03:54:36.596681	[INFO]	shop_manager.py	响应时间:883ms	山东省	济南市	这里是日志信息......
2024-02-19 03:54:36.596699	[INFO]	goods_manager.py	响应时间:837ms	湖北省	武汉市	这里是日志信息......
2024-02-19 03:54:36.596718	[INFO]	user_manager.py	响应时间:908ms	安徽省	六安市	这里是日志信息......
2024-02-19 03:54:36.596736	[INFO]	orders_service.py	响应时间:63ms	江苏省	南京市	这里是日志信息......
2024-02-19 03:54:36.596755	[INFO]	barcode_service.py	响应时间:607ms	湖南省	长沙市	这里是日志信息......
2024-02-19 03:54:36.596774	[INFO]	orders_service.py	响应时间:716ms	天津市	和平区	这里是日志信息......
2024-02-19 03:54:36.596793	[INFO]	event.py	响应时间:113ms	重庆市	渝中区	这里是日志信息......
2024-02-19 03:54:36.596811	[INFO]	event.py	响应时间:8965ms	广东省	深圳市	这里是日志信息......
2024-02-19 03:54:36.596830	[INFO]	event.py	响应时间:456ms	安徽省	合肥市	这里是日志信息......
2024-02-19 03:54:36.596849	[INFO]	barcode_service.py	响应时间:7ms	安徽省	阜阳市	这里是日志信息......
2024-02-19 03:54:36.596867	[WARN]	orders_service.py	响应时间:924ms	广东省	广州市	这里是日志信息......
2024-02-19 03:54:36.596886	[INFO]	orders_service.py	响应时间:752ms	重庆市	沙坪坝区	这里是日志信息......
2024-02-19 03:54:36.596904	[INFO]	orders_service.py	响应时间:274ms	重庆市	渝中区	这里是日志信息......
2024-02-19 03:54:36.596923	[INFO]	event.py	响应时间:360ms	山东省	青岛市	这里是日志信息......
2024-02-19 03:54:36.596941	[INFO]	orders_service.py	响应时间:581ms	重庆市	渝中区	这里是日志信息......
2024-02-19 03:54:36.596960	[INFO]	goods_manager.py	响应时间:904ms	天津市	河东区	这里是日志信息......
2024-02-19 03:54:36.596979	[INFO]	event.py	响应时间:404ms	山东省	菏泽市	这里是日志信息......
2024-02-19 03:54:36.596997	[INFO]	orders_service.py	响应时间:311ms	上海市	宝山区	这里是日志信息......
2024-02-19 03:54:36.597016	[WARN]	orders_service.py	响应时间:201ms	浙江省	舟山市	这里是日志信息......
2024-02-19 03:54:36.597036	[INFO]	orders_service.py	响应时间:728ms	天津市	宝坻区	这里是日志信息......
2024-02-19 03:54:36.597055	[INFO]	goods_manager.py	响应时间:245ms	湖北省	恩施土家族苗族自治州	这里是日志信息......
2024-02-19 03:54:36.597074	[WARN]	user_manager.py	响应时间:246ms	江苏省	苏州市	这里是日志信息......
2024-02-19 03:54:36.597092	[INFO]	event.py	响应时间:166ms	天津市	宝坻区	这里是日志信息......
2024-02-19 03:54:36.597111	[INFO]	barcode_service.py	响应时间:813ms	上海市	徐汇区	这里是日志信息......
2024-02-19 03:54:36.597130	[WARN]	orders_service.py	响应时间:567ms	重庆市	渝中区	这里是日志信息......
2024-02-19 03:54:36.597149	[ERROR]	event.py	响应时间:775ms	江苏省	南京市	这里是日志信息......
2024-02-19 03:54:36.597167	[INFO]	event.py	响应时间:947ms	山东省	济南市	这里是日志信息......
2024-02-19 03:54:36.597186	[INFO]	orders_service.py	响应时间:74ms	江苏省	无锡市	这里是日志信息......
2024-02-19 03:54:36.597205	[INFO]	base_network.py	响应时间:42ms	江苏省	宿迁市	这里是日志信息......
2024-02-19 03:54:36.597224	[INFO]	barcode_service.py	响应时间:63ms	山东省	菏泽市	这里是日志信息......
2024-02-19 03:54:36.597242	[INFO]	orders_service.py	响应时间:990ms	天津市	河西区	这里是日志信息......
2024-02-19 03:54:36.597261	[INFO]	barcode_service.py	响应时间:122ms	天津市	河东区	这里是日志信息......
2024-02-19 03:54:36.597280	[INFO]	orders_service.py	响应时间:770ms	重庆市	南岸区	这里是日志信息......
2024-02-19 03:54:36.597299	[INFO]	orders_service.py	响应时间:625ms	湖北省	荆州市	这里是日志信息......
2024-02-19 03:54:36.597318	[INFO]	orders_service.py	响应时间:555ms	湖南省	常德市	这里是日志信息......
2024-02-19 03:54:36.597337	[INFO]	goods_manager.py	响应时间:355ms	山东省	青岛市	这里是日志信息......
2024-02-19 03:54:36.597355	[INFO]	base_network.py	响应时间:475ms	山东省	济南市	这里是日志信息......
2024-02-19 03:54:36.597374	[INFO]	orders_service.py	响应时间:207ms	上海市	静安区	这里是日志信息......
2024-02-19 03:54:36.597394	[INFO]	orders_service.py	响应时间:766ms	山东省	济南市	这里是日志信息......
2024-02-19 03:54:36.597413	[INFO]	event.py	响应时间:605ms	江苏省	南京市	这里是日志信息......
2024-02-19 03:54:36.597431	[INFO]	shop_manager.py	响应时间:325ms	天津市	宝坻区	这里是日志信息......
2024-02-19 03:54:36.597450	[INFO]	event.py	响应时间:35ms	天津市	河西区	这里是日志信息......
2024-02-19 03:54:36.597469	[INFO]	event.py	响应时间:771ms	广东省	广州市	这里是日志信息......
2024-02-19 03:54:36.597488	[INFO]	event.py	响应时间:84ms	重庆市	沙坪坝区	这里是日志信息......
2024-02-19 03:54:36.597506	[WARN]	user_manager.py	响应时间:193ms	山东省	菏泽市	这里是日志信息......
2024-02-19 03:54:36.597525	[INFO]	event.py	响应时间:324ms	天津市	武清区	这里是日志信息......
2024-02-19 03:54:36.597544	[WARN]	goods_manager.py	响应时间:159ms	湖北省	武汉市	这里是日志信息......
2024-02-19 03:54:36.597562	[INFO]	orders_service.py	响应时间:168ms	湖北省	荆州市	这里是日志信息......
2024-02-19 03:54:36.597581	[WARN]	user_manager.py	响应时间:307ms	江苏省	苏州市	这里是日志信息......
2024-02-19 03:54:36.597600	[INFO]	orders_service.py	响应时间:443ms	上海市	普陀区	这里是日志信息......
2024-02-19 03:54:36.597619	[INFO]	event.py	响应时间:75ms	湖北省	武汉市	这里是日志信息......
2024-02-19 03:54:36.597638	[INFO]	orders_service.py	响应时间:631ms	广东省	广州市	这里是日志信息......
2024-02-19 03:54:36.597657	[INFO]	event.py	响应时间:325ms	湖南省	益阳市	这里是日志信息......
2024-02-19 03:54:36.597675	[WARN]	orders_service.py	响应时间:511ms	湖北省	恩施土家族苗族自治州	这里是日志信息......
2024-02-19 03:54:36.597694	[INFO]	barcode_service.py	响应时间:425ms	广东省	深圳市	这里是日志信息......
2024-02-19 03:54:36.597713	[WARN]	orders_service.py	响应时间:169ms	安徽省	池州市	这里是日志信息......
2024-02-19 03:54:36.597805	[INFO]	goods_manager.py	响应时间:228ms	北京市	丰台区	这里是日志信息......
2024-02-19 03:54:36.597833	[INFO]	orders_service.py	响应时间:426ms	安徽省	阜阳市	这里是日志信息......
2024-02-19 03:54:36.597853	[INFO]	user_manager.py	响应时间:322ms	北京市	海淀区	这里是日志信息......
2024-02-19 03:54:36.597872	[INFO]	barcode_service.py	响应时间:250ms	江苏省	苏州市	这里是日志信息......
2024-02-19 03:54:36.597891	[INFO]	orders_service.py	响应时间:632ms	重庆市	南岸区	这里是日志信息......
2024-02-19 03:54:36.597909	[WARN]	event.py	响应时间:528ms	浙江省	湖州市	这里是日志信息......
2024-02-19 03:54:36.597929	[INFO]	shop_manager.py	响应时间:156ms	浙江省	丽水市	这里是日志信息......
2024-02-19 03:54:36.597947	[WARN]	orders_service.py	响应时间:720ms	北京市	海淀区	这里是日志信息......
2024-02-19 03:54:36.597966	[INFO]	goods_manager.py	响应时间:932ms	广东省	广州市	这里是日志信息......
2024-02-19 03:54:36.597985	[WARN]	orders_service.py	响应时间:765ms	上海市	浦东新区	这里是日志信息......
2024-02-19 03:54:36.598005	[INFO]	event.py	响应时间:116ms	江苏省	张家港市	这里是日志信息......
2024-02-19 03:54:36.598024	[INFO]	orders_service.py	响应时间:653ms	广东省	广州市	这里是日志信息......
2024-02-19 03:54:36.598042	[INFO]	orders_service.py	响应时间:184ms	天津市	河东区	这里是日志信息......
2024-02-19 03:54:36.598061	[WARN]	base_network.py	响应时间:926ms	浙江省	舟山市	这里是日志信息......
2024-02-19 03:54:36.598080	[INFO]	orders_service.py	响应时间:1779ms	山东省	青岛市	这里是日志信息......
2024-02-19 03:54:36.598099	[INFO]	orders_service.py	响应时间:273ms	湖北省	武汉市	这里是日志信息......
2024-02-19 03:54:36.598118	[INFO]	barcode_service.py	响应时间:268ms	湖北省	武汉市	这里是日志信息......
2024-02-19 03:54:36.598145	[INFO]	event.py	响应时间:4098ms	天津市	河西区	这里是日志信息......
2024-02-19 03:54:36.598170	[INFO]	orders_service.py	响应时间:779ms	广东省	深圳市	这里是日志信息......
2024-02-19 03:54:36.598189	[INFO]	user_manager.py	响应时间:932ms	重庆市	涪陵区	这里是日志信息......
2024-02-19 03:54:36.598208	[INFO]	orders_service.py	响应时间:499ms	江苏省	宿迁市	这里是日志信息......
2024-02-19 03:54:36.598227	[INFO]	event.py	响应时间:311ms	重庆市	万州区	这里是日志信息......
2024-02-19 03:54:36.598246	[INFO]	goods_manager.py	响应时间:840ms	北京市	大兴区	这里是日志信息......
2024-02-19 03:54:36.598265	[INFO]	goods_manager.py	响应时间:95ms	上海市	普陀区	这里是日志信息......
2024-02-19 03:54:36.598283	[INFO]	goods_manager.py	响应时间:542ms	广东省	广州市	这里是日志信息......
2024-02-19 03:54:36.598302	[WARN]	goods_manager.py	响应时间:290ms	湖北省	十堰市	这里是日志信息......
2024-02-19 03:54:36.598320	[INFO]	user_manager.py	响应时间:650ms	北京市	丰台区	这里是日志信息......
2024-02-19 03:54:36.598339	[INFO]	user_manager.py	响应时间:8767ms	广东省	广州市	这里是日志信息......
2024-02-19 03:54:36.598357	[INFO]	barcode_service.py	响应时间:622ms	天津市	宝坻区	这里是日志信息......
2024-02-19 03:54:36.598376	[INFO]	orders_service.py	响应时间:11ms	上海市	黄浦区	这里是日志信息......
2024-02-19 03:54:36.598394	[INFO]	event.py	响应时间:898ms	北京市	怀柔区	这里是日志信息......
2024-02-19 03:54:36.598413	[INFO]	orders_service.py	响应时间:198ms	上海市	杨浦区	这里是日志信息......
2024-02-19 03:54:36.598432	[WARN]	orders_service.py	响应时间:823ms	安徽省	铜陵市	这里是日志信息......
2024-02-19 03:54:36.598450	[INFO]	goods_manager.py	响应时间:983ms	广东省	珠海市	这里是日志信息......
2024-02-19 03:54:36.598469	[INFO]	base_network.py	响应时间:152ms	天津市	宝坻区	这里是日志信息......
2024-02-19 03:54:36.598487	[INFO]	user_manager.py	响应时间:9800ms	浙江省	绍兴市	这里是日志信息......
2024-02-19 03:54:36.598506	[INFO]	orders_service.py	响应时间:295ms	天津市	武清区	这里是日志信息......
2024-02-19 03:54:36.598525	[INFO]	event.py	响应时间:753ms	上海市	宝山区	这里是日志信息......
2024-02-19 03:54:36.598545	[ERROR]	goods_manager.py	响应时间:725ms	北京市	大兴区	这里是日志信息......
2024-02-19 03:54:36.598563	[INFO]	orders_service.py	响应时间:442ms	重庆市	沙坪坝区	这里是日志信息......
2024-02-19 03:54:36.598582	[INFO]	event.py	响应时间:263ms	山东省	青岛市	这里是日志信息......
2024-02-19 03:54:36.598601	[INFO]	event.py	响应时间:840ms	天津市	宝坻区	这里是日志信息......
2024-02-19 03:54:36.598620	[INFO]	event.py	响应时间:151ms	安徽省	铜陵市	这里是日志信息......
2024-02-19 03:54:36.598638	[INFO]	shop_manager.py	响应时间:431ms	天津市	武清区	这里是日志信息......
2024-02-19 03:54:36.598657	[INFO]	barcode_service.py	响应时间:837ms	天津市	河西区	这里是日志信息......
2024-02-19 03:54:36.598675	[INFO]	goods_manager.py	响应时间:222ms	北京市	朝阳区	这里是日志信息......
2024-02-19 03:54:36.598694	[INFO]	goods_manager.py	响应时间:8147ms	安徽省	合肥市	这里是日志信息......
2024-02-19 03:54:36.598713	[INFO]	event.py	响应时间:142ms	重庆市	九龙坡区	这里是日志信息......
2024-02-19 03:54:36.598732	[INFO]	event.py	响应时间:703ms	广东省	广州市	这里是日志信息......
2024-02-19 03:54:36.598750	[INFO]	shop_manager.py	响应时间:951ms	重庆市	渝中区	这里是日志信息......
2024-02-19 03:54:36.598769	[INFO]	goods_manager.py	响应时间:119ms	浙江省	嘉兴市	这里是日志信息......
2024-02-19 03:54:36.598788	[INFO]	goods_manager.py	响应时间:81ms	安徽省	六安市	这里是日志信息......
2024-02-19 03:54:36.598806	[INFO]	user_manager.py	响应时间:254ms	上海市	普陀区	这里是日志信息......
2024-02-19 03:54:36.598825	[INFO]	orders_service.py	响应时间:355ms	天津市	河西区	这里是日志信息......
2024-02-19 03:54:36.598844	[INFO]	orders_service.py	响应时间:799ms	山东省	青岛市	这里是日志信息......
2024-02-19 03:54:36.598863	[INFO]	event.py	响应时间:936ms	重庆市	渝中区	这里是日志信息......
2024-02-19 03:54:36.598881	[ERROR]	event.py	响应时间:2372ms	天津市	宝坻区	这里是日志信息......
2024-02-19 03:54:36.598900	[INFO]	event.py	响应时间:702ms	广东省	深圳市	这里是日志信息......
2024-02-19 03:54:36.598919	[INFO]	barcode_service.py	响应时间:502ms	广东省	深圳市	这里是日志信息......
2024-02-19 03:54:36.598937	[WARN]	orders_service.py	响应时间:315ms	北京市	朝阳区	这里是日志信息......
2024-02-19 03:54:36.598956	[INFO]	event.py	响应时间:880ms	安徽省	铜陵市	这里是日志信息......
2024-02-19 03:54:36.598974	[WARN]	goods_manager.py	响应时间:909ms	北京市	朝阳区	这里是日志信息......
2024-02-19 03:54:36.598993	[INFO]	user_manager.py	响应时间:185ms	安徽省	阜阳市	这里是日志信息......
2024-02-19 03:54:36.599011	[INFO]	orders_service.py	响应时间:108ms	安徽省	合肥市	这里是日志信息......
2024-02-19 03:54:36.599030	[INFO]	shop_manager.py	响应时间:45ms	湖南省	长沙市	这里是日志信息......
2024-02-19 03:54:36.599049	[INFO]	event.py	响应时间:102ms	浙江省	嘉兴市	这里是日志信息......
2024-02-19 03:54:36.599067	[INFO]	barcode_service.py	响应时间:230ms	江苏省	南京市	这里是日志信息......
2024-02-19 03:54:36.599086	[INFO]	event.py	响应时间:117ms	浙江省	嘉兴市	这里是日志信息......
2024-02-19 03:54:36.599104	[INFO]	orders_service.py	响应时间:825ms	天津市	武清区	这里是日志信息......
2024-02-19 03:54:36.599122	[INFO]	goods_manager.py	响应时间:465ms	安徽省	阜阳市	这里是日志信息......
2024-02-19 03:54:36.599215	[INFO]	user_manager.py	响应时间:824ms	湖北省	荆州市	这里是日志信息......
2024-02-19 03:54:36.599241	[INFO]	orders_service.py	响应时间:56ms	山东省	青岛市	这里是日志信息......
2024-02-19 03:54:36.599260	[ERROR]	orders_service.py	响应时间:649ms	重庆市	沙坪坝区	这里是日志信息......
2024-02-19 03:54:36.599279	[INFO]	user_manager.py	响应时间:45ms	山东省	青岛市	这里是日志信息......
2024-02-19 03:54:36.599299	[INFO]	base_network.py	响应时间:212ms	天津市	武清区	这里是日志信息......
2024-02-19 03:54:36.599317	[INFO]	event.py	响应时间:70ms	浙江省	绍兴市	这里是日志信息......
2024-02-19 03:54:36.599336	[INFO]	event.py	响应时间:355ms	湖北省	武汉市	这里是日志信息......
2024-02-19 03:54:36.599355	[WARN]	event.py	响应时间:494ms	北京市	海淀区	这里是日志信息......
2024-02-19 03:54:36.599374	[INFO]	user_manager.py	响应时间:571ms	山东省	青岛市	这里是日志信息......
2024-02-19 03:54:36.599392	[INFO]	user_manager.py	响应时间:781ms	重庆市	九龙坡区	这里是日志信息......
2024-02-19 03:54:36.599411	[INFO]	event.py	响应时间:333ms	上海市	宝山区	这里是日志信息......
2024-02-19 03:54:36.599430	[INFO]	shop_manager.py	响应时间:236ms	安徽省	阜阳市	这里是日志信息......
2024-02-19 03:54:36.599448	[INFO]	base_network.py	响应时间:935ms	山东省	济南市	这里是日志信息......
2024-02-19 03:54:36.599467	[INFO]	orders_service.py	响应时间:704ms	湖北省	武汉市	这里是日志信息......
2024-02-19 03:54:36.599486	[INFO]	goods_manager.py	响应时间:396ms	北京市	海淀区	这里是日志信息......
2024-02-19 03:54:36.599504	[INFO]	user_manager.py	响应时间:16ms	天津市	和平区	这里是日志信息......
2024-02-19 03:54:36.599523	[ERROR]	event.py	响应时间:4320ms	浙江省	绍兴市	这里是日志信息......
2024-02-19 03:54:36.599543	[INFO]	user_manager.py	响应时间:12ms	湖北省	武汉市	这里是日志信息......
2024-02-19 03:54:36.599561	[WARN]	event.py	响应时间:744ms	湖南省	长沙市	这里是日志信息......
2024-02-19 03:54:36.599580	[WARN]	base_network.py	响应时间:754ms	湖南省	长沙市	这里是日志信息......
2024-02-19 03:54:36.599598	[WARN]	barcode_service.py	响应时间:9711ms	浙江省	湖州市	这里是日志信息......
2024-02-19 03:54:36.599618	[INFO]	orders_service.py	响应时间:811ms	上海市	黄浦区	这里是日志信息......
2024-02-19 03:54:36.599636	[WARN]	shop_manager.py	响应时间:106ms	上海市	杨浦区	这里是日志信息......
2024-02-19 03:54:36.599656	[WARN]	shop_manager.py	响应时间:608ms	天津市	武清区	这里是日志信息......
2024-02-19 03:54:36.599675	[INFO]	orders_service.py	响应时间:435ms	天津市	河东区	这里是日志信息......
2024-02-19 03:54:36.599694	[INFO]	event.py	响应时间:306ms	天津市	河东区	这里是日志信息......
2024-02-19 03:54:36.599713	[INFO]	event.py	响应时间:975ms	北京市	丰台区	这里是日志信息......
2024-02-19 03:54:36.599732	[INFO]	user_manager.py	响应时间:624ms	湖南省	长沙市	这里是日志信息......
2024-02-19 03:54:36.599750	[INFO]	event.py	响应时间:910ms	广东省	广州市	这里是日志信息......
2024-02-19 03:54:36.599769	[ERROR]	barcode_service.py	响应时间:378ms	北京市	海淀区	这里是日志信息......
2024-02-19 03:54:36.599788	[INFO]	orders_service.py	响应时间:680ms	上海市	宝山区	这里是日志信息......
2024-02-19 03:54:36.599806	[INFO]	event.py	响应时间:768ms	北京市	昌平区	这里是日志信息......
2024-02-19 03:54:36.599825	[INFO]	user_manager.py	响应时间:891ms	山东省	青岛市	这里是日志信息......
2024-02-19 03:54:36.599844	[INFO]	orders_service.py	响应时间:317ms	湖南省	益阳市	这里是日志信息......
2024-02-19 03:54:36.599863	[INFO]	goods_manager.py	响应时间:986ms	重庆市	沙坪坝区	这里是日志信息......
2024-02-19 03:54:36.599881	[INFO]	orders_service.py	响应时间:393ms	重庆市	渝中区	这里是日志信息......
2024-02-19 03:54:36.599900	[INFO]	event.py	响应时间:352ms	天津市	河东区	这里是日志信息......
2024-02-19 03:54:36.599919	[INFO]	barcode_service.py	响应时间:228ms	江苏省	南京市	这里是日志信息......
2024-02-19 03:54:36.599938	[INFO]	shop_manager.py	响应时间:355ms	广东省	深圳市	这里是日志信息......
2024-02-19 03:54:36.599957	[INFO]	goods_manager.py	响应时间:509ms	天津市	武清区	这里是日志信息......
2024-02-19 03:54:36.599975	[INFO]	orders_service.py	响应时间:242ms	北京市	海淀区	这里是日志信息......
2024-02-19 03:54:36.599994	[INFO]	goods_manager.py	响应时间:263ms	重庆市	南岸区	这里是日志信息......
2024-02-19 03:54:36.600012	[INFO]	base_network.py	响应时间:855ms	浙江省	丽水市	这里是日志信息......
2024-02-19 03:54:36.600030	[INFO]	orders_service.py	响应时间:944ms	湖北省	武汉市	这里是日志信息......
2024-02-19 03:54:36.600049	[INFO]	event.py	响应时间:949ms	安徽省	六安市	这里是日志信息......
2024-02-19 03:54:36.600067	[WARN]	shop_manager.py	响应时间:985ms	江苏省	南京市	这里是日志信息......
2024-02-19 03:54:36.600086	[INFO]	orders_service.py	响应时间:550ms	安徽省	阜阳市	这里是日志信息......
2024-02-19 03:54:36.600105	[WARN]	user_manager.py	响应时间:936ms	湖南省	长沙市	这里是日志信息......
2024-02-19 03:54:36.600123	[INFO]	orders_service.py	响应时间:858ms	重庆市	涪陵区	这里是日志信息......
2024-02-19 03:54:36.600142	[INFO]	shop_manager.py	响应时间:269ms	江苏省	南京市	这里是日志信息......
2024-02-19 03:54:36.600160	[ERROR]	orders_service.py	响应时间:986ms	浙江省	舟山市	这里是日志信息......
2024-02-19 03:54:36.600179	[ERROR]	orders_service.py	响应时间:545ms	重庆市	万州区	这里是日志信息......
2024-02-19 03:54:36.600198	[INFO]	orders_service.py	响应时间:470ms	浙江省	金华市	这里是日志信息......
2024-02-19 03:54:36.600216	[INFO]	goods_manager.py	响应时间:631ms	浙江省	绍兴市	这里是日志信息......
2024-02-19 03:54:36.600235	[INFO]	orders_service.py	响应时间:533ms	山东省	青岛市	这里是日志信息......
2024-02-19 03:54:36.600254	[INFO]	goods_manager.py	响应时间:466ms	江苏省	无锡市	这里是日志信息......
2024-02-19 03:54:36.600274	[INFO]	goods_manager.py	响应时间:759ms	湖南省	长沙市	这里是日志信息......
2024-02-19 03:54:36.600293	[INFO]	user_manager.py	响应时间:382ms	重庆市	涪陵区	这里是日志信息......
2024-02-19 03:54:36.600312	[INFO]	event.py	响应时间:149ms	天津市	河东区	这里是日志信息......
2024-02-19 03:54:36.600330	[INFO]	orders_service.py	响应时间:811ms	湖北省	十堰市	这里是日志信息......
2024-02-19 03:54:36.600349	[ERROR]	user_manager.py	响应时间:110ms	湖南省	常德市	这里是日志信息......
2024-02-19 03:54:36.600470	[INFO]	barcode_service.py	响应时间:50ms	浙江省	杭州市	这里是日志信息......
2024-02-19 03:54:36.600579	[INFO]	user_manager.py	响应时间:517ms	重庆市	万州区	这里是日志信息......
2024-02-19 03:54:36.600607	[INFO]	barcode_service.py	响应时间:269ms	广东省	深圳市	这里是日志信息......
2024-02-19 03:54:36.600634	[INFO]	event.py	响应时间:368ms	安徽省	六安市	这里是日志信息......
2024-02-19 03:54:36.600658	[INFO]	orders_service.py	响应时间:813ms	北京市	丰台区	这里是日志信息......
2024-02-19 03:54:36.600682	[INFO]	shop_manager.py	响应时间:917ms	江苏省	南京市	这里是日志信息......
2024-02-19 03:54:36.600705	[INFO]	orders_service.py	响应时间:927ms	湖北省	武汉市	这里是日志信息......
2024-02-19 03:54:36.600728	[INFO]	orders_service.py	响应时间:454ms	湖南省	长沙市	这里是日志信息......
2024-02-19 03:54:36.600751	[WARN]	event.py	响应时间:912ms	江苏省	苏州市	这里是日志信息......
2024-02-19 03:54:36.600935	[INFO]	goods_manager.py	响应时间:948ms	浙江省	绍兴市	这里是日志信息......
2024-02-19 03:54:36.600988	[WARN]	goods_manager.py	响应时间:63ms	安徽省	合肥市	这里是日志信息......
2024-02-19 03:54:36.601012	[INFO]	barcode_service.py	响应时间:744ms	广东省	深圳市	这里是日志信息......
2024-02-19 03:54:36.601035	[INFO]	event.py	响应时间:820ms	安徽省	阜阳市	这里是日志信息......
2024-02-19 03:54:36.601059	[INFO]	user_manager.py	响应时间:321ms	江苏省	南京市	这里是日志信息......
2024-02-19 03:54:36.601082	[WARN]	event.py	响应时间:461ms	山东省	济南市	这里是日志信息......
2024-02-19 03:54:36.601105	[WARN]	orders_service.py	响应时间:570ms	重庆市	渝中区	这里是日志信息......
2024-02-19 03:54:36.601128	[INFO]	user_manager.py	响应时间:311ms	山东省	青岛市	这里是日志信息......
2024-02-19 03:54:36.601150	[INFO]	orders_service.py	响应时间:674ms	重庆市	沙坪坝区	这里是日志信息......
2024-02-19 03:54:36.601172	[WARN]	goods_manager.py	响应时间:925ms	山东省	菏泽市	这里是日志信息......
2024-02-19 03:54:36.601195	[INFO]	orders_service.py	响应时间:272ms	重庆市	万州区	这里是日志信息......
2024-02-19 03:54:36.601217	[WARN]	barcode_service.py	响应时间:219ms	安徽省	阜阳市	这里是日志信息......
2024-02-19 03:54:36.601239	[WARN]	goods_manager.py	响应时间:452ms	上海市	普陀区	这里是日志信息......
2024-02-19 03:54:36.601262	[WARN]	user_manager.py	响应时间:260ms	湖北省	荆州市	这里是日志信息......
2024-02-19 03:54:36.601283	[WARN]	barcode_service.py	响应时间:756ms	浙江省	湖州市	这里是日志信息......
2024-02-19 03:54:36.601305	[INFO]	goods_manager.py	响应时间:6376ms	山东省	菏泽市	这里是日志信息......
2024-02-19 03:54:36.601329	[INFO]	event.py	响应时间:673ms	江苏省	苏州市	这里是日志信息......
2024-02-19 03:54:36.601351	[INFO]	event.py	响应时间:801ms	北京市	大兴区	这里是日志信息......
2024-02-19 03:54:36.601373	[INFO]	shop_manager.py	响应时间:338ms	上海市	黄浦区	这里是日志信息......
2024-02-19 03:54:36.601399	[INFO]	orders_service.py	响应时间:277ms	山东省	济南市	这里是日志信息......
2024-02-19 03:54:36.601425	[INFO]	event.py	响应时间:672ms	江苏省	南京市	这里是日志信息......
2024-02-19 03:54:36.601447	[INFO]	orders_service.py	响应时间:684ms	天津市	河东区	这里是日志信息......
2024-02-19 03:54:36.601472	[INFO]	goods_manager.py	响应时间:162ms	天津市	和平区	这里是日志信息......
2024-02-19 03:54:36.601497	[INFO]	barcode_service.py	响应时间:977ms	湖南省	长沙市	这里是日志信息......
2024-02-19 03:54:36.601519	[INFO]	orders_service.py	响应时间:818ms	北京市	丰台区	这里是日志信息......
2024-02-19 03:54:36.601544	[INFO]	barcode_service.py	响应时间:63ms	山东省	青岛市	这里是日志信息......
2024-02-19 03:54:36.601570	[INFO]	orders_service.py	响应时间:477ms	安徽省	芜湖市	这里是日志信息......
2024-02-19 03:54:36.601592	[INFO]	orders_service.py	响应时间:839ms	安徽省	合肥市	这里是日志信息......
2024-02-19 03:54:36.601613	[WARN]	goods_manager.py	响应时间:893ms	湖北省	恩施土家族苗族自治州	这里是日志信息......
2024-02-19 03:54:36.601635	[WARN]	goods_manager.py	响应时间:263ms	天津市	和平区	这里是日志信息......
2024-02-19 03:54:36.601661	[INFO]	event.py	响应时间:591ms	浙江省	嘉兴市	这里是日志信息......
2024-02-19 03:54:36.601683	[INFO]	orders_service.py	响应时间:772ms	浙江省	杭州市	这里是日志信息......
2024-02-19 03:54:36.601724	[INFO]	event.py	响应时间:845ms	安徽省	合肥市	这里是日志信息......
2024-02-19 03:54:36.601752	[INFO]	orders_service.py	响应时间:834ms	北京市	丰台区	这里是日志信息......
2024-02-19 03:54:36.601774	[INFO]	base_network.py	响应时间:855ms	湖北省	荆州市	这里是日志信息......
2024-02-19 03:54:36.601797	[INFO]	user_manager.py	响应时间:863ms	山东省	青岛市	这里是日志信息......
2024-02-19 03:54:36.601818	[INFO]	event.py	响应时间:936ms	天津市	河东区	这里是日志信息......
2024-02-19 03:54:36.601842	[INFO]	user_manager.py	响应时间:455ms	山东省	青岛市	这里是日志信息......
2024-02-19 03:54:36.601878	[INFO]	base_network.py	响应时间:156ms	浙江省	嘉兴市	这里是日志信息......
2024-02-19 03:54:36.601901	[ERROR]	orders_service.py	响应时间:101ms	江苏省	宿迁市	这里是日志信息......
2024-02-19 03:54:36.601923	[INFO]	event.py	响应时间:225ms	山东省	青岛市	这里是日志信息......
2024-02-19 03:54:36.601944	[INFO]	event.py	响应时间:649ms	江苏省	南京市	这里是日志信息......
2024-02-19 03:54:36.601967	[INFO]	goods_manager.py	响应时间:7ms	江苏省	南京市	这里是日志信息......
2024-02-19 03:54:36.601999	[INFO]	goods_manager.py	响应时间:677ms	江苏省	苏州市	这里是日志信息......
2024-02-19 03:54:36.602021	[INFO]	base_network.py	响应时间:429ms	上海市	宝山区	这里是日志信息......
2024-02-19 03:54:36.602042	[INFO]	barcode_service.py	响应时间:239ms	湖北省	武汉市	这里是日志信息......
2024-02-19 03:54:36.602072	[INFO]	goods_manager.py	响应时间:422ms	广东省	深圳市	这里是日志信息......
2024-02-19 03:54:36.602094	[INFO]	event.py	响应时间:596ms	山东省	济南市	这里是日志信息......
2024-02-19 03:54:36.602116	[INFO]	base_network.py	响应时间:926ms	广东省	珠海市	这里是日志信息......
2024-02-19 03:54:36.602139	[INFO]	event.py	响应时间:744ms	安徽省	合肥市	这里是日志信息......
2024-02-19 03:54:36.602161	[INFO]	goods_manager.py	响应时间:5ms	山东省	菏泽市	这里是日志信息......
2024-02-19 03:54:36.602184	[WARN]	event.py	响应时间:765ms	浙江省	嘉兴市	这里是日志信息......
2024-02-19 03:54:36.602209	[INFO]	barcode_service.py	响应时间:119ms	湖北省	武汉市	这里是日志信息......
2024-02-19 03:54:36.602231	[INFO]	orders_service.py	响应时间:665ms	重庆市	涪陵区	这里是日志信息......
2024-02-19 03:54:36.602264	[INFO]	barcode_service.py	响应时间:553ms	重庆市	九龙坡区	这里是日志信息......
2024-02-19 03:54:36.602286	[INFO]	orders_service.py	响应时间:407ms	湖北省	武汉市	这里是日志信息......
2024-02-19 03:54:36.602308	[ERROR]	orders_service.py	响应时间:7690ms	山东省	菏泽市	这里是日志信息......
2024-02-19 03:54:36.602331	[INFO]	goods_manager.py	响应时间:282ms	江苏省	苏州市	这里是日志信息......
2024-02-19 03:54:36.602349	[INFO]	event.py	响应时间:5ms	山东省	济南市	这里是日志信息......
2024-02-19 03:54:36.602366	[INFO]	goods_manager.py	响应时间:538ms	浙江省	杭州市	这里是日志信息......
2024-02-19 03:54:36.602386	[INFO]	event.py	响应时间:822ms	重庆市	渝中区	这里是日志信息......
2024-02-19 03:54:36.602403	[INFO]	goods_manager.py	响应时间:784ms	湖北省	武汉市	这里是日志信息......
2024-02-19 03:54:36.602420	[INFO]	event.py	响应时间:377ms	天津市	河西区	这里是日志信息......
2024-02-19 03:54:36.602437	[INFO]	user_manager.py	响应时间:369ms	湖北省	恩施土家族苗族自治州	这里是日志信息......
2024-02-19 03:54:36.602456	[INFO]	goods_manager.py	响应时间:779ms	北京市	怀柔区	这里是日志信息......
2024-02-19 03:54:36.602474	[INFO]	user_manager.py	响应时间:883ms	重庆市	万州区	这里是日志信息......
2024-02-19 03:54:36.602491	[INFO]	event.py	响应时间:160ms	重庆市	九龙坡区	这里是日志信息......
2024-02-19 03:54:36.602508	[INFO]	user_manager.py	响应时间:364ms	浙江省	绍兴市	这里是日志信息......
2024-02-19 03:54:36.602525	[INFO]	event.py	响应时间:221ms	广东省	深圳市	这里是日志信息......
2024-02-19 03:54:36.602542	[WARN]	event.py	响应时间:879ms	江苏省	无锡市	这里是日志信息......
2024-02-19 03:54:36.602594	[INFO]	user_manager.py	响应时间:704ms	山东省	青岛市	这里是日志信息......
2024-02-19 03:54:36.602615	[INFO]	event.py	响应时间:230ms	北京市	丰台区	这里是日志信息......
2024-02-19 03:54:36.602633	[INFO]	base_network.py	响应时间:585ms	北京市	海淀区	这里是日志信息......
2024-02-19 03:54:36.602651	[INFO]	goods_manager.py	响应时间:189ms	天津市	河西区	这里是日志信息......
2024-02-19 03:54:36.602668	[INFO]	goods_manager.py	响应时间:621ms	北京市	昌平区	这里是日志信息......
2024-02-19 03:54:36.602686	[INFO]	barcode_service.py	响应时间:940ms	安徽省	合肥市	这里是日志信息......
2024-02-19 03:54:36.602704	[INFO]	shop_manager.py	响应时间:295ms	广东省	深圳市	这里是日志信息......
2024-02-19 03:54:36.602721	[INFO]	orders_service.py	响应时间:150ms	天津市	河西区	这里是日志信息......
2024-02-19 03:54:36.602741	[INFO]	goods_manager.py	响应时间:300ms	浙江省	舟山市	这里是日志信息......
2024-02-19 03:54:36.602758	[INFO]	user_manager.py	响应时间:118ms	浙江省	杭州市	这里是日志信息......
2024-02-19 03:54:36.602775	[INFO]	goods_manager.py	响应时间:261ms	北京市	昌平区	这里是日志信息......
2024-02-19 03:54:36.602792	[INFO]	goods_manager.py	响应时间:46ms	湖北省	荆州市	这里是日志信息......
2024-02-19 03:54:36.602809	[INFO]	event.py	响应时间:832ms	上海市	静安区	这里是日志信息......
2024-02-19 03:54:36.602827	[INFO]	goods_manager.py	响应时间:471ms	北京市	海淀区	这里是日志信息......
2024-02-19 03:54:36.602844	[INFO]	goods_manager.py	响应时间:389ms	广东省	广州市	这里是日志信息......
2024-02-19 03:54:36.602861	[INFO]	orders_service.py	响应时间:200ms	江苏省	南京市	这里是日志信息......
2024-02-19 03:54:36.602878	[INFO]	user_manager.py	响应时间:988ms	安徽省	池州市	这里是日志信息......
2024-02-19 03:54:36.602896	[WARN]	orders_service.py	响应时间:389ms	重庆市	沙坪坝区	这里是日志信息......
2024-02-19 03:54:36.602913	[WARN]	event.py	响应时间:981ms	安徽省	铜陵市	这里是日志信息......
2024-02-19 03:54:36.602930	[ERROR]	user_manager.py	响应时间:81ms	广东省	广州市	这里是日志信息......
2024-02-19 03:54:36.602948	[WARN]	orders_service.py	响应时间:787ms	北京市	大兴区	这里是日志信息......
2024-02-19 03:54:36.602965	[INFO]	goods_manager.py	响应时间:494ms	广东省	深圳市	这里是日志信息......
2024-02-19 03:54:36.602982	[INFO]	goods_manager.py	响应时间:139ms	上海市	静安区	这里是日志信息......
2024-02-19 03:54:36.603007	[INFO]	event.py	响应时间:362ms	浙江省	杭州市	这里是日志信息......
2024-02-19 03:54:36.603024	[INFO]	goods_manager.py	响应时间:47ms	天津市	河东区	这里是日志信息......
2024-02-19 03:54:36.603041	[INFO]	orders_service.py	响应时间:452ms	重庆市	万州区	这里是日志信息......
2024-02-19 03:54:36.603058	[INFO]	base_network.py	响应时间:826ms	安徽省	芜湖市	这里是日志信息......
2024-02-19 03:54:36.603076	[INFO]	barcode_service.py	响应时间:886ms	广东省	珠海市	这里是日志信息......
2024-02-19 03:54:36.603093	[INFO]	orders_service.py	响应时间:545ms	重庆市	渝中区	这里是日志信息......
2024-02-19 03:54:36.603110	[INFO]	event.py	响应时间:238ms	重庆市	万州区	这里是日志信息......
2024-02-19 03:54:36.603128	[INFO]	event.py	响应时间:29ms	上海市	杨浦区	这里是日志信息......
2024-02-19 03:54:36.603145	[INFO]	orders_service.py	响应时间:665ms	山东省	济南市	这里是日志信息......
2024-02-19 03:54:36.603163	[INFO]	barcode_service.py	响应时间:803ms	湖北省	恩施土家族苗族自治州	这里是日志信息......
2024-02-19 03:54:36.603188	[INFO]	user_manager.py	响应时间:43ms	北京市	丰台区	这里是日志信息......
2024-02-19 03:54:36.603205	[WARN]	goods_manager.py	响应时间:663ms	湖南省	株洲市	这里是日志信息......
2024-02-19 03:54:36.603222	[ERROR]	barcode_service.py	响应时间:678ms	安徽省	阜阳市	这里是日志信息......
2024-02-19 03:54:36.603239	[INFO]	goods_manager.py	响应时间:22ms	湖北省	荆州市	这里是日志信息......
2024-02-19 03:54:36.603256	[INFO]	orders_service.py	响应时间:926ms	重庆市	万州区	这里是日志信息......
2024-02-19 03:54:36.603275	[INFO]	event.py	响应时间:480ms	安徽省	合肥市	这里是日志信息......
2024-02-19 03:54:36.603292	[INFO]	goods_manager.py	响应时间:704ms	湖北省	武汉市	这里是日志信息......
2024-02-19 03:54:36.603309	[INFO]	goods_manager.py	响应时间:268ms	湖北省	武汉市	这里是日志信息......
2024-02-19 03:54:36.603337	[INFO]	event.py	响应时间:559ms	重庆市	涪陵区	这里是日志信息......
2024-02-19 03:54:36.603355	[INFO]	event.py	响应时间:616ms	安徽省	合肥市	这里是日志信息......
2024-02-19 03:54:36.603372	[INFO]	event.py	响应时间:643ms	重庆市	沙坪坝区	这里是日志信息......
2024-02-19 03:54:36.603389	[INFO]	goods_manager.py	响应时间:369ms	江苏省	无锡市	这里是日志信息......
2024-02-19 03:54:36.603406	[INFO]	orders_service.py	响应时间:539ms	北京市	昌平区	这里是日志信息......
2024-02-19 03:54:36.603424	[INFO]	event.py	响应时间:659ms	浙江省	杭州市	这里是日志信息......
2024-02-19 03:54:36.603442	[INFO]	orders_service.py	响应时间:35ms	天津市	河西区	这里是日志信息......
2024-02-19 03:54:36.603459	[INFO]	user_manager.py	响应时间:28ms	安徽省	合肥市	这里是日志信息......
2024-02-19 03:54:36.603477	[INFO]	base_network.py	响应时间:63ms	湖南省	长沙市	这里是日志信息......
2024-02-19 03:54:36.603494	[INFO]	event.py	响应时间:155ms	天津市	河东区	这里是日志信息......
2024-02-19 03:54:36.603511	[WARN]	event.py	响应时间:401ms	山东省	济南市	这里是日志信息......
2024-02-19 03:54:36.603530	[INFO]	user_manager.py	响应时间:598ms	湖北省	武汉市	这里是日志信息......
2024-02-19 03:54:36.603549	[WARN]	orders_service.py	响应时间:672ms	安徽省	铜陵市	这里是日志信息......
2024-02-19 03:54:36.603568	[INFO]	goods_manager.py	响应时间:709ms	江苏省	常州市	这里是日志信息......
2024-02-19 03:54:36.603587	[INFO]	event.py	响应时间:452ms	天津市	宝坻区	这里是日志信息......
2024-02-19 03:54:36.603605	[WARN]	orders_service.py	响应时间:398ms	湖南省	长沙市	这里是日志信息......
2024-02-19 03:54:36.603624	[INFO]	event.py	响应时间:557ms	山东省	青岛市	这里是日志信息......
2024-02-19 03:54:36.603643	[INFO]	goods_manager.py	响应时间:230ms	江苏省	南京市	这里是日志信息......
2024-02-19 03:54:36.603661	[INFO]	goods_manager.py	响应时间:221ms	浙江省	杭州市	这里是日志信息......
2024-02-19 03:54:36.603679	[INFO]	orders_service.py	响应时间:852ms	安徽省	铜陵市	这里是日志信息......
2024-02-19 03:54:36.603698	[INFO]	goods_manager.py	响应时间:66ms	广东省	广州市	这里是日志信息......
2024-02-19 03:54:36.603716	[ERROR]	base_network.py	响应时间:735ms	江苏省	南京市	这里是日志信息......
2024-02-19 03:54:36.603736	[INFO]	orders_service.py	响应时间:360ms	重庆市	万州区	这里是日志信息......
2024-02-19 03:54:36.603755	[ERROR]	orders_service.py	响应时间:9615ms	上海市	宝山区	这里是日志信息......
2024-02-19 03:54:36.603773	[INFO]	base_network.py	响应时间:293ms	浙江省	湖州市	这里是日志信息......
2024-02-19 03:54:36.603791	[INFO]	event.py	响应时间:531ms	广东省	广州市	这里是日志信息......
2024-02-19 03:54:36.603809	[INFO]	orders_service.py	响应时间:49ms	重庆市	渝中区	这里是日志信息......
2024-02-19 03:54:36.603826	[INFO]	barcode_service.py	响应时间:412ms	湖北省	十堰市	这里是日志信息......
2024-02-19 03:54:36.603844	[INFO]	user_manager.py	响应时间:756ms	天津市	河东区	这里是日志信息......
2024-02-19 03:54:36.603892	[INFO]	goods_manager.py	响应时间:921ms	重庆市	涪陵区	这里是日志信息......
2024-02-19 03:54:36.603913	[INFO]	event.py	响应时间:9544ms	江苏省	南京市	这里是日志信息......
2024-02-19 03:54:36.603932	[WARN]	goods_manager.py	响应时间:578ms	重庆市	九龙坡区	这里是日志信息......
2024-02-19 03:54:36.603950	[INFO]	orders_service.py	响应时间:209ms	北京市	丰台区	这里是日志信息......
2024-02-19 03:54:36.603968	[INFO]	orders_service.py	响应时间:630ms	湖北省	荆州市	这里是日志信息......
2024-02-19 03:54:36.603985	[ERROR]	event.py	响应时间:600ms	重庆市	九龙坡区	这里是日志信息......
2024-02-19 03:54:36.604004	[WARN]	event.py	响应时间:780ms	湖南省	长沙市	这里是日志信息......
2024-02-19 03:54:36.604022	[INFO]	orders_service.py	响应时间:748ms	江苏省	苏州市	这里是日志信息......
2024-02-19 03:54:36.604040	[INFO]	goods_manager.py	响应时间:492ms	上海市	静安区	这里是日志信息......
2024-02-19 03:54:36.604058	[INFO]	barcode_service.py	响应时间:883ms	广东省	深圳市	这里是日志信息......
2024-02-19 03:54:36.604077	[INFO]	goods_manager.py	响应时间:160ms	湖北省	荆州市	这里是日志信息......
2024-02-19 03:54:36.604096	[INFO]	orders_service.py	响应时间:451ms	浙江省	绍兴市	这里是日志信息......
2024-02-19 03:54:36.604113	[INFO]	barcode_service.py	响应时间:179ms	浙江省	嘉兴市	这里是日志信息......
2024-02-19 03:54:36.604130	[INFO]	barcode_service.py	响应时间:446ms	北京市	昌平区	这里是日志信息......
2024-02-19 03:54:36.604147	[INFO]	orders_service.py	响应时间:308ms	重庆市	渝中区	这里是日志信息......
2024-02-19 03:54:36.604165	[INFO]	barcode_service.py	响应时间:303ms	山东省	济南市	这里是日志信息......
2024-02-19 03:54:36.604183	[INFO]	goods_manager.py	响应时间:810ms	山东省	青岛市	这里是日志信息......
2024-02-19 03:54:36.604201	[INFO]	goods_manager.py	响应时间:359ms	上海市	普陀区	这里是日志信息......
2024-02-19 03:54:36.604218	[INFO]	event.py	响应时间:240ms	重庆市	万州区	这里是日志信息......
2024-02-19 03:54:36.604235	[INFO]	orders_service.py	响应时间:233ms	江苏省	苏州市	这里是日志信息......
2024-02-19 03:54:36.604254	[INFO]	event.py	响应时间:471ms	北京市	丰台区	这里是日志信息......
2024-02-19 03:54:36.604271	[INFO]	shop_manager.py	响应时间:880ms	江苏省	南京市	这里是日志信息......
2024-02-19 03:54:36.604289	[WARN]	barcode_service.py	响应时间:891ms	广东省	珠海市	这里是日志信息......
2024-02-19 03:54:36.604306	[INFO]	goods_manager.py	响应时间:842ms	安徽省	池州市	这里是日志信息......
2024-02-19 03:54:36.604323	[ERROR]	event.py	响应时间:198ms	湖南省	益阳市	这里是日志信息......
2024-02-19 03:54:36.604341	[INFO]	event.py	响应时间:673ms	上海市	宝山区	这里是日志信息......
2024-02-19 03:54:36.604358	[INFO]	event.py	响应时间:744ms	上海市	普陀区	这里是日志信息......
2024-02-19 03:54:36.604376	[INFO]	shop_manager.py	响应时间:776ms	重庆市	渝中区	这里是日志信息......
2024-02-19 03:54:36.604393	[WARN]	orders_service.py	响应时间:71ms	广东省	广州市	这里是日志信息......
2024-02-19 03:54:36.604411	[INFO]	user_manager.py	响应时间:143ms	北京市	朝阳区	这里是日志信息......
2024-02-19 03:54:36.604428	[INFO]	goods_manager.py	响应时间:522ms	湖南省	长沙市	这里是日志信息......
2024-02-19 03:54:36.604445	[INFO]	shop_manager.py	响应时间:560ms	山东省	青岛市	这里是日志信息......
2024-02-19 03:54:36.604462	[WARN]	event.py	响应时间:75ms	北京市	大兴区	这里是日志信息......
2024-02-19 03:54:36.604480	[INFO]	goods_manager.py	响应时间:846ms	江苏省	苏州市	这里是日志信息......
2024-02-19 03:54:36.604497	[INFO]	barcode_service.py	响应时间:893ms	浙江省	嘉兴市	这里是日志信息......
2024-02-19 03:54:36.604514	[INFO]	event.py	响应时间:137ms	广东省	广州市	这里是日志信息......
2024-02-19 03:54:36.604531	[INFO]	user_manager.py	响应时间:887ms	北京市	怀柔区	这里是日志信息......
2024-02-19 03:54:36.604549	[INFO]	goods_manager.py	响应时间:739ms	山东省	青岛市	这里是日志信息......
2024-02-19 03:54:36.604567	[INFO]	event.py	响应时间:8ms	天津市	河东区	这里是日志信息......
2024-02-19 03:54:36.604584	[INFO]	goods_manager.py	响应时间:606ms	天津市	宝坻区	这里是日志信息......
2024-02-19 03:54:36.604601	[INFO]	base_network.py	响应时间:9231ms	广东省	珠海市	这里是日志信息......
2024-02-19 03:54:36.604618	[INFO]	user_manager.py	响应时间:412ms	广东省	深圳市	这里是日志信息......
2024-02-19 03:54:36.604636	[INFO]	event.py	响应时间:642ms	浙江省	绍兴市	这里是日志信息......
2024-02-19 03:54:36.604653	[WARN]	barcode_service.py	响应时间:527ms	上海市	徐汇区	这里是日志信息......
2024-02-19 03:54:36.604670	[ERROR]	goods_manager.py	响应时间:4ms	湖北省	荆州市	这里是日志信息......
2024-02-19 03:54:36.604688	[INFO]	barcode_service.py	响应时间:815ms	北京市	海淀区	这里是日志信息......
2024-02-19 03:54:36.604706	[INFO]	orders_service.py	响应时间:138ms	天津市	河东区	这里是日志信息......
2024-02-19 03:54:36.604723	[INFO]	barcode_service.py	响应时间:710ms	山东省	青岛市	这里是日志信息......
2024-02-19 03:54:36.604741	[INFO]	orders_service.py	响应时间:105ms	浙江省	舟山市	这里是日志信息......
2024-02-19 03:54:36.604758	[WARN]	orders_service.py	响应时间:268ms	广东省	广州市	这里是日志信息......
2024-02-19 03:54:36.604775	[INFO]	orders_service.py	响应时间:682ms	重庆市	涪陵区	这里是日志信息......
2024-02-19 03:54:36.604792	[INFO]	event.py	响应时间:438ms	湖南省	张家界市	这里是日志信息......
2024-02-19 03:54:36.604810	[INFO]	event.py	响应时间:133ms	广东省	广州市	这里是日志信息......
2024-02-19 03:54:36.604827	[WARN]	orders_service.py	响应时间:620ms	江苏省	南京市	这里是日志信息......
2024-02-19 03:54:36.604845	[INFO]	shop_manager.py	响应时间:959ms	北京市	海淀区	这里是日志信息......
2024-02-19 03:54:36.604862	[INFO]	goods_manager.py	响应时间:689ms	北京市	丰台区	这里是日志信息......
2024-02-19 03:54:36.604880	[INFO]	goods_manager.py	响应时间:123ms	重庆市	涪陵区	这里是日志信息......
2024-02-19 03:54:36.604897	[INFO]	orders_service.py	响应时间:528ms	湖北省	武汉市	这里是日志信息......
2024-02-19 03:54:36.604914	[INFO]	event.py	响应时间:797ms	湖南省	张家界市	这里是日志信息......
2024-02-19 03:54:36.604932	[INFO]	event.py	响应时间:852ms	天津市	河东区	这里是日志信息......
2024-02-19 03:54:36.604949	[INFO]	orders_service.py	响应时间:943ms	山东省	济南市	这里是日志信息......
2024-02-19 03:54:36.604967	[ERROR]	orders_service.py	响应时间:842ms	重庆市	南岸区	这里是日志信息......
2024-02-19 03:54:36.604984	[INFO]	goods_manager.py	响应时间:192ms	广东省	深圳市	这里是日志信息......
2024-02-19 03:54:36.605001	[INFO]	goods_manager.py	响应时间:72ms	广东省	深圳市	这里是日志信息......
2024-02-19 03:54:36.605018	[INFO]	orders_service.py	响应时间:813ms	天津市	和平区	这里是日志信息......
2024-02-19 03:54:36.605036	[INFO]	barcode_service.py	响应时间:270ms	安徽省	芜湖市	这里是日志信息......
2024-02-19 03:54:36.605055	[INFO]	orders_service.py	响应时间:205ms	山东省	青岛市	这里是日志信息......
2024-02-19 03:54:36.605073	[INFO]	goods_manager.py	响应时间:200ms	重庆市	南岸区	这里是日志信息......
2024-02-19 03:54:36.605090	[INFO]	orders_service.py	响应时间:174ms	湖南省	长沙市	这里是日志信息......
2024-02-19 03:54:36.605108	[INFO]	shop_manager.py	响应时间:371ms	北京市	海淀区	这里是日志信息......
2024-02-19 03:54:36.605150	[INFO]	event.py	响应时间:272ms	广东省	广州市	这里是日志信息......
2024-02-19 03:54:36.605171	[INFO]	goods_manager.py	响应时间:385ms	安徽省	阜阳市	这里是日志信息......
2024-02-19 03:54:36.605189	[WARN]	orders_service.py	响应时间:494ms	山东省	青岛市	这里是日志信息......
2024-02-19 03:54:36.605206	[INFO]	goods_manager.py	响应时间:980ms	湖北省	武汉市	这里是日志信息......
2024-02-19 03:54:36.605224	[INFO]	shop_manager.py	响应时间:569ms	山东省	青岛市	这里是日志信息......
2024-02-19 03:54:36.605241	[INFO]	event.py	响应时间:483ms	浙江省	舟山市	这里是日志信息......
2024-02-19 03:54:36.605258	[ERROR]	goods_manager.py	响应时间:218ms	安徽省	合肥市	这里是日志信息......
2024-02-19 03:54:36.605276	[INFO]	orders_service.py	响应时间:497ms	天津市	河西区	这里是日志信息......
2024-02-19 03:54:36.605293	[INFO]	user_manager.py	响应时间:874ms	上海市	浦东新区	这里是日志信息......
2024-02-19 03:54:36.605310	[INFO]	goods_manager.py	响应时间:348ms	天津市	和平区	这里是日志信息......
2024-02-19 03:54:36.605328	[INFO]	user_manager.py	响应时间:165ms	天津市	宝坻区	这里是日志信息......
2024-02-19 03:54:36.605345	[WARN]	event.py	响应时间:204ms	江苏省	苏州市	这里是日志信息......
2024-02-19 03:54:36.605362	[INFO]	event.py	响应时间:828ms	湖北省	武汉市	这里是日志信息......
2024-02-19 03:54:36.605379	[INFO]	event.py	响应时间:317ms	上海市	黄浦区	这里是日志信息......
2024-02-19 03:54:36.605396	[INFO]	event.py	响应时间:657ms	上海市	静安区	这里是日志信息......
2024-02-19 03:54:36.605413	[INFO]	barcode_service.py	响应时间:401ms	江苏省	常州市	这里是日志信息......
2024-02-19 03:54:36.605431	[INFO]	barcode_service.py	响应时间:961ms	山东省	青岛市	这里是日志信息......
2024-02-19 03:54:36.605448	[INFO]	goods_manager.py	响应时间:385ms	北京市	海淀区	这里是日志信息......
2024-02-19 03:54:36.605465	[INFO]	barcode_service.py	响应时间:581ms	重庆市	九龙坡区	这里是日志信息......
2024-02-19 03:54:36.605482	[INFO]	user_manager.py	响应时间:829ms	广东省	广州市	这里是日志信息......
2024-02-19 03:54:36.605499	[WARN]	shop_manager.py	响应时间:326ms	浙江省	舟山市	这里是日志信息......
2024-02-19 03:54:36.605517	[INFO]	goods_manager.py	响应时间:546ms	湖南省	常德市	这里是日志信息......
2024-02-19 03:54:36.605534	[INFO]	goods_manager.py	响应时间:808ms	湖南省	益阳市	这里是日志信息......
2024-02-19 03:54:36.605551	[INFO]	event.py	响应时间:65ms	北京市	怀柔区	这里是日志信息......
2024-02-19 03:54:36.605569	[INFO]	event.py	响应时间:836ms	山东省	济南市	这里是日志信息......
2024-02-19 03:54:36.605586	[INFO]	orders_service.py	响应时间:810ms	湖南省	张家界市	这里是日志信息......
2024-02-19 03:54:36.605603	[INFO]	barcode_service.py	响应时间:677ms	湖南省	长沙市	这里是日志信息......
2024-02-19 03:54:36.605621	[INFO]	shop_manager.py	响应时间:506ms	上海市	浦东新区	这里是日志信息......
2024-02-19 03:54:36.605638	[WARN]	barcode_service.py	响应时间:175ms	江苏省	南京市	这里是日志信息......
2024-02-19 03:54:36.605656	[INFO]	shop_manager.py	响应时间:531ms	浙江省	杭州市	这里是日志信息......
2024-02-19 03:54:36.605674	[INFO]	user_manager.py	响应时间:521ms	湖北省	武汉市	这里是日志信息......
2024-02-19 03:54:36.605691	[INFO]	orders_service.py	响应时间:185ms	浙江省	杭州市	这里是日志信息......
2024-02-19 03:54:36.605709	[INFO]	event.py	响应时间:143ms	北京市	海淀区	这里是日志信息......
2024-02-19 03:54:36.605726	[WARN]	goods_manager.py	响应时间:962ms	湖南省	常德市	这里是日志信息......
2024-02-19 03:54:36.605744	[WARN]	event.py	响应时间:827ms	湖南省	益阳市	这里是日志信息......
2024-02-19 03:54:36.605762	[INFO]	goods_manager.py	响应时间:404ms	湖南省	长沙市	这里是日志信息......
2024-02-19 03:54:36.605779	[INFO]	shop_manager.py	响应时间:286ms	广东省	深圳市	这里是日志信息......
2024-02-19 03:54:36.605796	[INFO]	goods_manager.py	响应时间:344ms	湖南省	益阳市	这里是日志信息......
2024-02-19 03:54:36.605813	[INFO]	event.py	响应时间:54ms	江苏省	张家港市	这里是日志信息......
2024-02-19 03:54:36.605831	[INFO]	base_network.py	响应时间:413ms	江苏省	南京市	这里是日志信息......
2024-02-19 03:54:36.605848	[WARN]	event.py	响应时间:785ms	山东省	济南市	这里是日志信息......
2024-02-19 03:54:36.605865	[INFO]	user_manager.py	响应时间:176ms	天津市	河东区	这里是日志信息......
2024-02-19 03:54:36.605883	[INFO]	orders_service.py	响应时间:813ms	上海市	静安区	这里是日志信息......
2024-02-19 03:54:36.605900	[INFO]	event.py	响应时间:618ms	湖北省	武汉市	这里是日志信息......
2024-02-19 03:54:36.605918	[INFO]	barcode_service.py	响应时间:522ms	安徽省	铜陵市	这里是日志信息......
2024-02-19 03:54:36.605935	[INFO]	shop_manager.py	响应时间:920ms	湖北省	武汉市	这里是日志信息......
2024-02-19 03:54:36.605952	[INFO]	orders_service.py	响应时间:29ms	安徽省	阜阳市	这里是日志信息......
2024-02-19 03:54:36.605970	[WARN]	shop_manager.py	响应时间:1ms	安徽省	阜阳市	这里是日志信息......
2024-02-19 03:54:36.605987	[WARN]	user_manager.py	响应时间:189ms	上海市	静安区	这里是日志信息......
2024-02-19 03:54:36.606004	[WARN]	barcode_service.py	响应时间:942ms	安徽省	合肥市	这里是日志信息......
2024-02-19 03:54:36.606022	[INFO]	user_manager.py	响应时间:402ms	山东省	菏泽市	这里是日志信息......
2024-02-19 03:54:36.606039	[INFO]	shop_manager.py	响应时间:749ms	广东省	广州市	这里是日志信息......
2024-02-19 03:54:36.606057	[INFO]	orders_service.py	响应时间:98ms	湖北省	武汉市	这里是日志信息......
2024-02-19 03:54:36.606073	[INFO]	event.py	响应时间:163ms	上海市	普陀区	这里是日志信息......
2024-02-19 03:54:36.606091	[INFO]	goods_manager.py	响应时间:103ms	山东省	青岛市	这里是日志信息......
2024-02-19 03:54:36.606108	[INFO]	user_manager.py	响应时间:8175ms	重庆市	万州区	这里是日志信息......
2024-02-19 03:54:36.606125	[INFO]	goods_manager.py	响应时间:607ms	天津市	宝坻区	这里是日志信息......
2024-02-19 03:54:36.606142	[INFO]	orders_service.py	响应时间:875ms	上海市	徐汇区	这里是日志信息......
2024-02-19 03:54:36.606159	[INFO]	base_network.py	响应时间:318ms	浙江省	杭州市	这里是日志信息......
2024-02-19 03:54:36.606176	[INFO]	orders_service.py	响应时间:214ms	重庆市	南岸区	这里是日志信息......
2024-02-19 03:54:36.606193	[INFO]	goods_manager.py	响应时间:85ms	山东省	菏泽市	这里是日志信息......
2024-02-19 03:54:36.606210	[INFO]	shop_manager.py	响应时间:131ms	天津市	河西区	这里是日志信息......
2024-02-19 03:54:36.606227	[INFO]	base_network.py	响应时间:748ms	山东省	青岛市	这里是日志信息......
2024-02-19 03:54:36.606244	[INFO]	barcode_service.py	响应时间:303ms	安徽省	合肥市	这里是日志信息......
2024-02-19 03:54:36.606263	[INFO]	event.py	响应时间:870ms	山东省	菏泽市	这里是日志信息......
2024-02-19 03:54:36.606280	[INFO]	orders_service.py	响应时间:378ms	广东省	深圳市	这里是日志信息......
2024-02-19 03:54:36.606297	[INFO]	event.py	响应时间:158ms	江苏省	张家港市	这里是日志信息......
2024-02-19 03:54:36.606313	[INFO]	user_manager.py	响应时间:102ms	上海市	普陀区	这里是日志信息......
2024-02-19 03:54:36.606330	[INFO]	user_manager.py	响应时间:457ms	浙江省	舟山市	这里是日志信息......
2024-02-19 03:54:36.606348	[INFO]	event.py	响应时间:668ms	广东省	广州市	这里是日志信息......
2024-02-19 03:54:36.606393	[INFO]	barcode_service.py	响应时间:607ms	上海市	黄浦区	这里是日志信息......
2024-02-19 03:54:36.606413	[INFO]	orders_service.py	响应时间:322ms	湖北省	武汉市	这里是日志信息......
2024-02-19 03:54:36.606430	[ERROR]	barcode_service.py	响应时间:83ms	广东省	广州市	这里是日志信息......
2024-02-19 03:54:36.606448	[INFO]	shop_manager.py	响应时间:862ms	山东省	济南市	这里是日志信息......
2024-02-19 03:54:36.606466	[INFO]	orders_service.py	响应时间:552ms	上海市	徐汇区	这里是日志信息......
2024-02-19 03:54:36.606482	[INFO]	event.py	响应时间:289ms	浙江省	嘉兴市	这里是日志信息......
2024-02-19 03:54:36.606500	[INFO]	event.py	响应时间:222ms	湖南省	长沙市	这里是日志信息......
2024-02-19 03:54:36.606517	[ERROR]	event.py	响应时间:172ms	山东省	青岛市	这里是日志信息......
2024-02-19 03:54:36.606535	[INFO]	event.py	响应时间:533ms	上海市	浦东新区	这里是日志信息......
2024-02-19 03:54:36.606552	[ERROR]	goods_manager.py	响应时间:655ms	浙江省	丽水市	这里是日志信息......
2024-02-19 03:54:36.606571	[INFO]	orders_service.py	响应时间:875ms	北京市	朝阳区	这里是日志信息......
2024-02-19 03:54:36.606588	[INFO]	shop_manager.py	响应时间:566ms	重庆市	万州区	这里是日志信息......
2024-02-19 03:54:36.606606	[INFO]	shop_manager.py	响应时间:965ms	天津市	宝坻区	这里是日志信息......
2024-02-19 03:54:36.606623	[WARN]	event.py	响应时间:740ms	重庆市	万州区	这里是日志信息......
2024-02-19 03:54:36.606640	[INFO]	user_manager.py	响应时间:454ms	重庆市	九龙坡区	这里是日志信息......
2024-02-19 03:54:36.606656	[INFO]	event.py	响应时间:107ms	山东省	济南市	这里是日志信息......
2024-02-19 03:54:36.606674	[ERROR]	user_manager.py	响应时间:74ms	上海市	黄浦区	这里是日志信息......
2024-02-19 03:54:36.606691	[WARN]	event.py	响应时间:502ms	广东省	珠海市	这里是日志信息......
2024-02-19 03:54:36.606708	[INFO]	base_network.py	响应时间:945ms	天津市	河西区	这里是日志信息......
2024-02-19 03:54:36.606725	[INFO]	orders_service.py	响应时间:53ms	湖北省	荆州市	这里是日志信息......
2024-02-19 03:54:36.606742	[INFO]	goods_manager.py	响应时间:450ms	重庆市	渝中区	这里是日志信息......
2024-02-19 03:54:36.606759	[INFO]	goods_manager.py	响应时间:752ms	广东省	广州市	这里是日志信息......
2024-02-19 03:54:36.606777	[WARN]	shop_manager.py	响应时间:567ms	北京市	昌平区	这里是日志信息......
2024-02-19 03:54:36.606794	[INFO]	user_manager.py	响应时间:409ms	江苏省	常州市	这里是日志信息......
2024-02-19 03:54:36.606811	[WARN]	barcode_service.py	响应时间:561ms	江苏省	南京市	这里是日志信息......
2024-02-19 03:54:36.606828	[INFO]	event.py	响应时间:839ms	北京市	昌平区	这里是日志信息......
2024-02-19 03:54:36.606846	[INFO]	goods_manager.py	响应时间:130ms	江苏省	苏州市	这里是日志信息......
2024-02-19 03:54:36.606863	[INFO]	orders_service.py	响应时间:398ms	广东省	广州市	这里是日志信息......
2024-02-19 03:54:36.606880	[INFO]	goods_manager.py	响应时间:224ms	湖北省	十堰市	这里是日志信息......
2024-02-19 03:54:36.606898	[INFO]	event.py	响应时间:53ms	湖北省	荆州市	这里是日志信息......
2024-02-19 03:54:36.606915	[INFO]	goods_manager.py	响应时间:284ms	广东省	广州市	这里是日志信息......
2024-02-19 03:54:36.606932	[ERROR]	user_manager.py	响应时间:4143ms	上海市	静安区	这里是日志信息......
2024-02-19 03:54:36.606950	[WARN]	base_network.py	响应时间:977ms	天津市	宝坻区	这里是日志信息......
2024-02-19 03:54:36.606968	[INFO]	orders_service.py	响应时间:248ms	山东省	青岛市	这里是日志信息......
2024-02-19 03:54:36.606985	[INFO]	goods_manager.py	响应时间:919ms	广东省	广州市	这里是日志信息......
2024-02-19 03:54:36.607002	[INFO]	orders_service.py	响应时间:369ms	湖南省	益阳市	这里是日志信息......
2024-02-19 03:54:36.607019	[INFO]	shop_manager.py	响应时间:183ms	安徽省	合肥市	这里是日志信息......
2024-02-19 03:54:36.607036	[INFO]	barcode_service.py	响应时间:609ms	广东省	广州市	这里是日志信息......
2024-02-19 03:54:36.607055	[INFO]	orders_service.py	响应时间:5524ms	上海市	杨浦区	这里是日志信息......
2024-02-19 03:54:36.607072	[INFO]	orders_service.py	响应时间:965ms	浙江省	嘉兴市	这里是日志信息......
2024-02-19 03:54:36.607089	[INFO]	goods_manager.py	响应时间:491ms	上海市	宝山区	这里是日志信息......
2024-02-19 03:54:36.607106	[INFO]	user_manager.py	响应时间:871ms	天津市	河西区	这里是日志信息......
2024-02-19 03:54:36.607123	[INFO]	goods_manager.py	响应时间:975ms	江苏省	南京市	这里是日志信息......
2024-02-19 03:54:36.607141	[INFO]	orders_service.py	响应时间:912ms	北京市	海淀区	这里是日志信息......
2024-02-19 03:54:36.607158	[INFO]	goods_manager.py	响应时间:300ms	北京市	怀柔区	这里是日志信息......
2024-02-19 03:54:36.607175	[WARN]	goods_manager.py	响应时间:50ms	重庆市	涪陵区	这里是日志信息......
2024-02-19 03:54:36.607193	[INFO]	orders_service.py	响应时间:578ms	江苏省	南京市	这里是日志信息......
2024-02-19 03:54:36.607210	[INFO]	goods_manager.py	响应时间:274ms	浙江省	舟山市	这里是日志信息......
2024-02-19 03:54:36.607227	[INFO]	barcode_service.py	响应时间:864ms	山东省	青岛市	这里是日志信息......
2024-02-19 03:54:36.607245	[INFO]	barcode_service.py	响应时间:355ms	广东省	深圳市	这里是日志信息......
2024-02-19 03:54:36.607262	[INFO]	barcode_service.py	响应时间:517ms	重庆市	渝中区	这里是日志信息......
2024-02-19 03:54:36.607279	[INFO]	goods_manager.py	响应时间:175ms	天津市	武清区	这里是日志信息......
2024-02-19 03:54:36.607296	[INFO]	event.py	响应时间:722ms	湖北省	荆州市	这里是日志信息......
2024-02-19 03:54:36.607314	[WARN]	goods_manager.py	响应时间:441ms	安徽省	芜湖市	这里是日志信息......
2024-02-19 03:54:36.607331	[INFO]	barcode_service.py	响应时间:961ms	湖南省	长沙市	这里是日志信息......
2024-02-19 03:54:36.607349	[INFO]	base_network.py	响应时间:214ms	山东省	菏泽市	这里是日志信息......
2024-02-19 03:54:36.607366	[INFO]	barcode_service.py	响应时间:773ms	湖南省	益阳市	这里是日志信息......
2024-02-19 03:54:36.607383	[INFO]	user_manager.py	响应时间:292ms	广东省	深圳市	这里是日志信息......
2024-02-19 03:54:36.607400	[INFO]	event.py	响应时间:797ms	湖南省	长沙市	这里是日志信息......
2024-02-19 03:54:36.607418	[INFO]	event.py	响应时间:519ms	重庆市	涪陵区	这里是日志信息......
2024-02-19 03:54:36.607435	[WARN]	goods_manager.py	响应时间:181ms	重庆市	涪陵区	这里是日志信息......
2024-02-19 03:54:36.607453	[WARN]	orders_service.py	响应时间:750ms	天津市	河东区	这里是日志信息......
2024-02-19 03:54:36.607470	[INFO]	event.py	响应时间:753ms	安徽省	铜陵市	这里是日志信息......
2024-02-19 03:54:36.607487	[INFO]	orders_service.py	响应时间:384ms	上海市	黄浦区	这里是日志信息......
2024-02-19 03:54:36.607505	[INFO]	goods_manager.py	响应时间:851ms	浙江省	嘉兴市	这里是日志信息......
2024-02-19 03:54:36.607522	[INFO]	event.py	响应时间:750ms	安徽省	合肥市	这里是日志信息......
2024-02-19 03:54:36.607539	[INFO]	user_manager.py	响应时间:548ms	山东省	青岛市	这里是日志信息......
2024-02-19 03:54:36.607556	[WARN]	orders_service.py	响应时间:960ms	江苏省	宿迁市	这里是日志信息......
2024-02-19 03:54:36.607573	[INFO]	event.py	响应时间:1ms	浙江省	金华市	这里是日志信息......
2024-02-19 03:54:36.607606	[INFO]	shop_manager.py	响应时间:167ms	天津市	河西区	这里是日志信息......
2024-02-19 03:54:36.607646	[INFO]	goods_manager.py	响应时间:905ms	安徽省	阜阳市	这里是日志信息......
2024-02-19 03:54:36.607666	[INFO]	orders_service.py	响应时间:698ms	湖南省	张家界市	这里是日志信息......
2024-02-19 03:54:36.607684	[INFO]	goods_manager.py	响应时间:3609ms	上海市	黄浦区	这里是日志信息......
2024-02-19 03:54:36.607702	[INFO]	base_network.py	响应时间:309ms	山东省	菏泽市	这里是日志信息......
2024-02-19 03:54:36.607719	[INFO]	event.py	响应时间:153ms	湖北省	武汉市	这里是日志信息......
2024-02-19 03:54:36.607736	[WARN]	base_network.py	响应时间:230ms	浙江省	绍兴市	这里是日志信息......
2024-02-19 03:54:36.607753	[INFO]	user_manager.py	响应时间:108ms	山东省	青岛市	这里是日志信息......
2024-02-19 03:54:36.607771	[INFO]	event.py	响应时间:85ms	江苏省	苏州市	这里是日志信息......
2024-02-19 03:54:36.607788	[INFO]	barcode_service.py	响应时间:442ms	上海市	普陀区	这里是日志信息......
2024-02-19 03:54:36.607805	[INFO]	user_manager.py	响应时间:285ms	广东省	广州市	这里是日志信息......
2024-02-19 03:54:36.607822	[WARN]	event.py	响应时间:264ms	湖南省	长沙市	这里是日志信息......
2024-02-19 03:54:36.607840	[INFO]	event.py	响应时间:823ms	安徽省	铜陵市	这里是日志信息......
2024-02-19 03:54:36.607858	[INFO]	barcode_service.py	响应时间:363ms	湖南省	张家界市	这里是日志信息......
2024-02-19 03:54:36.607875	[INFO]	goods_manager.py	响应时间:460ms	山东省	菏泽市	这里是日志信息......
2024-02-19 03:54:36.607892	[INFO]	orders_service.py	响应时间:56ms	安徽省	芜湖市	这里是日志信息......
2024-02-19 03:54:36.607909	[INFO]	goods_manager.py	响应时间:200ms	江苏省	南京市	这里是日志信息......
2024-02-19 03:54:36.607927	[INFO]	event.py	响应时间:97ms	北京市	海淀区	这里是日志信息......
2024-02-19 03:54:36.607952	[INFO]	goods_manager.py	响应时间:114ms	天津市	河东区	这里是日志信息......
2024-02-19 03:54:36.607969	[INFO]	event.py	响应时间:466ms	山东省	青岛市	这里是日志信息......
2024-02-19 03:54:36.607986	[INFO]	orders_service.py	响应时间:149ms	安徽省	合肥市	这里是日志信息......
2024-02-19 03:54:36.608003	[INFO]	base_network.py	响应时间:147ms	湖北省	武汉市	这里是日志信息......
2024-02-19 03:54:36.608020	[INFO]	user_manager.py	响应时间:576ms	湖南省	张家界市	这里是日志信息......
2024-02-19 03:54:36.608037	[INFO]	orders_service.py	响应时间:66ms	北京市	大兴区	这里是日志信息......
2024-02-19 03:54:36.608054	[INFO]	base_network.py	响应时间:345ms	天津市	宝坻区	这里是日志信息......
2024-02-19 03:54:36.608071	[INFO]	base_network.py	响应时间:800ms	广东省	广州市	这里是日志信息......
2024-02-19 03:54:36.608089	[INFO]	shop_manager.py	响应时间:4901ms	山东省	青岛市	这里是日志信息......
2024-02-19 03:54:36.608107	[INFO]	goods_manager.py	响应时间:2562ms	上海市	徐汇区	这里是日志信息......
2024-02-19 03:54:36.608124	[INFO]	event.py	响应时间:692ms	北京市	怀柔区	这里是日志信息......
2024-02-19 03:54:36.608141	[ERROR]	orders_service.py	响应时间:846ms	天津市	武清区	这里是日志信息......
2024-02-19 03:54:36.608159	[WARN]	shop_manager.py	响应时间:7251ms	湖南省	常德市	这里是日志信息......
2024-02-19 03:54:36.608176	[INFO]	user_manager.py	响应时间:349ms	上海市	普陀区	这里是日志信息......
2024-02-19 03:54:36.608193	[INFO]	event.py	响应时间:4ms	湖南省	张家界市	这里是日志信息......
2024-02-19 03:54:36.608211	[INFO]	orders_service.py	响应时间:317ms	天津市	和平区	这里是日志信息......
2024-02-19 03:54:36.608228	[INFO]	goods_manager.py	响应时间:73ms	安徽省	阜阳市	这里是日志信息......
2024-02-19 03:54:36.608246	[WARN]	event.py	响应时间:40ms	广东省	深圳市	这里是日志信息......
2024-02-19 03:54:36.608263	[ERROR]	event.py	响应时间:857ms	广东省	深圳市	这里是日志信息......
2024-02-19 03:54:36.608280	[INFO]	goods_manager.py	响应时间:659ms	湖北省	恩施土家族苗族自治州	这里是日志信息......
2024-02-19 03:54:36.608298	[INFO]	user_manager.py	响应时间:868ms	广东省	广州市	这里是日志信息......
2024-02-19 03:54:36.608316	[INFO]	user_manager.py	响应时间:899ms	上海市	宝山区	这里是日志信息......
2024-02-19 03:54:36.608334	[INFO]	goods_manager.py	响应时间:519ms	北京市	朝阳区	这里是日志信息......
2024-02-19 03:54:36.608351	[INFO]	goods_manager.py	响应时间:243ms	江苏省	南京市	这里是日志信息......
2024-02-19 03:54:36.608368	[INFO]	goods_manager.py	响应时间:394ms	湖北省	武汉市	这里是日志信息......
2024-02-19 03:54:36.608386	[WARN]	base_network.py	响应时间:653ms	湖北省	恩施土家族苗族自治州	这里是日志信息......
2024-02-19 03:54:36.608403	[ERROR]	user_manager.py	响应时间:420ms	浙江省	嘉兴市	这里是日志信息......
2024-02-19 03:54:36.608421	[WARN]	goods_manager.py	响应时间:629ms	浙江省	杭州市	这里是日志信息......
2024-02-19 03:54:36.608438	[WARN]	user_manager.py	响应时间:830ms	山东省	菏泽市	这里是日志信息......
2024-02-19 03:54:36.608456	[INFO]	goods_manager.py	响应时间:560ms	湖南省	长沙市	这里是日志信息......
2024-02-19 03:54:36.608473	[INFO]	event.py	响应时间:388ms	湖北省	武汉市	这里是日志信息......
2024-02-19 03:54:36.608490	[INFO]	base_network.py	响应时间:602ms	山东省	青岛市	这里是日志信息......
2024-02-19 03:54:36.608508	[INFO]	shop_manager.py	响应时间:472ms	上海市	浦东新区	这里是日志信息......
2024-02-19 03:54:36.608525	[INFO]	barcode_service.py	响应时间:383ms	重庆市	万州区	这里是日志信息......
2024-02-19 03:54:36.608548	[ERROR]	base_network.py	响应时间:733ms	北京市	昌平区	这里是日志信息......
2024-02-19 03:54:36.608565	[INFO]	orders_service.py	响应时间:311ms	安徽省	六安市	这里是日志信息......
2024-02-19 03:54:36.608583	[INFO]	barcode_service.py	响应时间:67ms	广东省	珠海市	这里是日志信息......
2024-02-19 03:54:36.608600	[INFO]	orders_service.py	响应时间:358ms	上海市	宝山区	这里是日志信息......
2024-02-19 03:54:36.608617	[WARN]	goods_manager.py	响应时间:496ms	重庆市	沙坪坝区	这里是日志信息......
2024-02-19 03:54:36.608634	[INFO]	orders_service.py	响应时间:585ms	安徽省	六安市	这里是日志信息......
2024-02-19 03:54:36.608651	[INFO]	barcode_service.py	响应时间:637ms	湖北省	武汉市	这里是日志信息......
2024-02-19 03:54:36.608668	[INFO]	user_manager.py	响应时间:807ms	安徽省	阜阳市	这里是日志信息......
2024-02-19 03:54:36.608685	[WARN]	orders_service.py	响应时间:925ms	广东省	深圳市	这里是日志信息......
2024-02-19 03:54:36.608702	[INFO]	base_network.py	响应时间:33ms	北京市	朝阳区	这里是日志信息......
2024-02-19 03:54:36.608719	[INFO]	goods_manager.py	响应时间:340ms	安徽省	合肥市	这里是日志信息......
2024-02-19 03:54:36.608736	[INFO]	base_network.py	响应时间:561ms	浙江省	绍兴市	这里是日志信息......
2024-02-19 03:54:36.608753	[INFO]	orders_service.py	响应时间:17ms	安徽省	芜湖市	这里是日志信息......
2024-02-19 03:54:36.608771	[INFO]	shop_manager.py	响应时间:682ms	安徽省	合肥市	这里是日志信息......
2024-02-19 03:54:36.608789	[ERROR]	shop_manager.py	响应时间:826ms	浙江省	舟山市	这里是日志信息......
2024-02-19 03:54:36.608806	[INFO]	user_manager.py	响应时间:51ms	北京市	丰台区	这里是日志信息......
2024-02-19 03:54:36.608824	[INFO]	goods_manager.py	响应时间:58ms	上海市	杨浦区	这里是日志信息......
2024-02-19 03:54:36.608841	[INFO]	goods_manager.py	响应时间:579ms	湖南省	长沙市	这里是日志信息......
2024-02-19 03:54:36.608885	[ERROR]	event.py	响应时间:825ms	江苏省	苏州市	这里是日志信息......
2024-02-19 03:54:36.608905	[INFO]	orders_service.py	响应时间:783ms	湖北省	武汉市	这里是日志信息......
2024-02-19 03:54:36.608923	[INFO]	barcode_service.py	响应时间:830ms	广东省	珠海市	这里是日志信息......
2024-02-19 03:54:36.608940	[INFO]	base_network.py	响应时间:978ms	山东省	菏泽市	这里是日志信息......
2024-02-19 03:54:36.608958	[ERROR]	goods_manager.py	响应时间:175ms	重庆市	万州区	这里是日志信息......
2024-02-19 03:54:36.608975	[INFO]	event.py	响应时间:178ms	广东省	珠海市	这里是日志信息......
2024-02-19 03:54:36.608992	[WARN]	event.py	响应时间:283ms	天津市	河西区	这里是日志信息......
2024-02-19 03:54:36.609010	[INFO]	orders_service.py	响应时间:314ms	安徽省	阜阳市	这里是日志信息......
2024-02-19 03:54:36.609027	[INFO]	event.py	响应时间:190ms	重庆市	沙坪坝区	这里是日志信息......
2024-02-19 03:54:36.609044	[INFO]	orders_service.py	响应时间:8ms	湖北省	武汉市	这里是日志信息......
2024-02-19 03:54:36.609061	[INFO]	orders_service.py	响应时间:704ms	江苏省	宿迁市	这里是日志信息......
2024-02-19 03:54:36.609078	[WARN]	goods_manager.py	响应时间:735ms	北京市	大兴区	这里是日志信息......
2024-02-19 03:54:36.609095	[INFO]	goods_manager.py	响应时间:451ms	重庆市	涪陵区	这里是日志信息......
2024-02-19 03:54:36.609112	[INFO]	barcode_service.py	响应时间:672ms	山东省	济南市	这里是日志信息......
2024-02-19 03:54:36.609130	[INFO]	event.py	响应时间:850ms	山东省	菏泽市	这里是日志信息......
2024-02-19 03:54:36.609147	[WARN]	event.py	响应时间:952ms	山东省	济南市	这里是日志信息......
2024-02-19 03:54:36.609165	[INFO]	goods_manager.py	响应时间:949ms	天津市	武清区	这里是日志信息......
2024-02-19 03:54:36.609182	[WARN]	event.py	响应时间:512ms	山东省	青岛市	这里是日志信息......
2024-02-19 03:54:36.609200	[WARN]	base_network.py	响应时间:54ms	上海市	静安区	这里是日志信息......
2024-02-19 03:54:36.609217	[INFO]	user_manager.py	响应时间:548ms	浙江省	杭州市	这里是日志信息......
2024-02-19 03:54:36.609235	[INFO]	user_manager.py	响应时间:909ms	湖南省	长沙市	这里是日志信息......
2024-02-19 03:54:36.609252	[INFO]	goods_manager.py	响应时间:100ms	江苏省	张家港市	这里是日志信息......
2024-02-19 03:54:36.609269	[ERROR]	barcode_service.py	响应时间:981ms	湖南省	张家界市	这里是日志信息......
2024-02-19 03:54:36.609287	[INFO]	barcode_service.py	响应时间:683ms	浙江省	绍兴市	这里是日志信息......
2024-02-19 03:54:36.609304	[INFO]	user_manager.py	响应时间:616ms	重庆市	渝中区	这里是日志信息......
2024-02-19 03:54:36.609321	[INFO]	orders_service.py	响应时间:484ms	广东省	珠海市	这里是日志信息......
2024-02-19 03:54:36.609338	[WARN]	orders_service.py	响应时间:21ms	广东省	广州市	这里是日志信息......
2024-02-19 03:54:36.609355	[INFO]	base_network.py	响应时间:401ms	北京市	海淀区	这里是日志信息......
2024-02-19 03:54:36.609372	[INFO]	orders_service.py	响应时间:660ms	湖北省	十堰市	这里是日志信息......
2024-02-19 03:54:36.609389	[INFO]	barcode_service.py	响应时间:467ms	天津市	河西区	这里是日志信息......
2024-02-19 03:54:36.609406	[WARN]	goods_manager.py	响应时间:997ms	上海市	杨浦区	这里是日志信息......
2024-02-19 03:54:36.609425	[INFO]	event.py	响应时间:488ms	上海市	浦东新区	这里是日志信息......
2024-02-19 03:54:36.609442	[INFO]	user_manager.py	响应时间:645ms	山东省	青岛市	这里是日志信息......
2024-02-19 03:54:36.609460	[ERROR]	goods_manager.py	响应时间:900ms	湖南省	长沙市	这里是日志信息......
2024-02-19 03:54:36.609477	[INFO]	goods_manager.py	响应时间:297ms	上海市	徐汇区	这里是日志信息......
2024-02-19 03:54:36.609494	[INFO]	event.py	响应时间:501ms	湖南省	长沙市	这里是日志信息......
2024-02-19 03:54:36.609511	[INFO]	base_network.py	响应时间:424ms	安徽省	六安市	这里是日志信息......
2024-02-19 03:54:36.609529	[ERROR]	goods_manager.py	响应时间:901ms	广东省	广州市	这里是日志信息......
2024-02-19 03:54:36.609547	[INFO]	user_manager.py	响应时间:732ms	上海市	浦东新区	这里是日志信息......
2024-02-19 03:54:36.609564	[INFO]	goods_manager.py	响应时间:501ms	广东省	珠海市	这里是日志信息......
2024-02-19 03:54:36.609583	[INFO]	orders_service.py	响应时间:887ms	北京市	朝阳区	这里是日志信息......
2024-02-19 03:54:36.609601	[WARN]	user_manager.py	响应时间:554ms	湖南省	长沙市	这里是日志信息......
2024-02-19 03:54:36.609618	[INFO]	event.py	响应时间:116ms	江苏省	常州市	这里是日志信息......
2024-02-19 03:54:36.609635	[INFO]	orders_service.py	响应时间:589ms	湖南省	常德市	这里是日志信息......
2024-02-19 03:54:36.609653	[INFO]	shop_manager.py	响应时间:939ms	上海市	普陀区	这里是日志信息......
2024-02-19 03:54:36.609670	[INFO]	event.py	响应时间:675ms	北京市	丰台区	这里是日志信息......
2024-02-19 03:54:36.609687	[INFO]	base_network.py	响应时间:334ms	上海市	徐汇区	这里是日志信息......
2024-02-19 03:54:36.609705	[WARN]	shop_manager.py	响应时间:977ms	山东省	青岛市	这里是日志信息......
2024-02-19 03:54:36.609722	[INFO]	event.py	响应时间:732ms	山东省	济南市	这里是日志信息......
2024-02-19 03:54:36.609739	[INFO]	event.py	响应时间:629ms	湖南省	张家界市	这里是日志信息......
2024-02-19 03:54:36.609757	[INFO]	event.py	响应时间:909ms	浙江省	绍兴市	这里是日志信息......
2024-02-19 03:54:36.609774	[INFO]	base_network.py	响应时间:497ms	重庆市	渝中区	这里是日志信息......
2024-02-19 03:54:36.609791	[INFO]	orders_service.py	响应时间:23ms	上海市	浦东新区	这里是日志信息......
2024-02-19 03:54:36.609809	[INFO]	event.py	响应时间:774ms	湖南省	张家界市	这里是日志信息......
2024-02-19 03:54:36.609826	[ERROR]	orders_service.py	响应时间:950ms	安徽省	合肥市	这里是日志信息......
2024-02-19 03:54:36.609843	[INFO]	user_manager.py	响应时间:285ms	天津市	和平区	这里是日志信息......
2024-02-19 03:54:36.609860	[INFO]	orders_service.py	响应时间:326ms	浙江省	舟山市	这里是日志信息......
2024-02-19 03:54:36.609877	[INFO]	barcode_service.py	响应时间:69ms	安徽省	合肥市	这里是日志信息......
2024-02-19 03:54:36.609894	[INFO]	orders_service.py	响应时间:516ms	广东省	珠海市	这里是日志信息......
2024-02-19 03:54:36.609911	[INFO]	orders_service.py	响应时间:805ms	天津市	武清区	这里是日志信息......
2024-02-19 03:54:36.609928	[INFO]	goods_manager.py	响应时间:653ms	北京市	昌平区	这里是日志信息......
2024-02-19 03:54:36.609945	[INFO]	user_manager.py	响应时间:765ms	安徽省	铜陵市	这里是日志信息......
2024-02-19 03:54:36.609962	[WARN]	orders_service.py	响应时间:492ms	湖南省	长沙市	这里是日志信息......
2024-02-19 03:54:36.609979	[INFO]	orders_service.py	响应时间:141ms	江苏省	南京市	这里是日志信息......
2024-02-19 03:54:36.609997	[INFO]	shop_manager.py	响应时间:332ms	山东省	青岛市	这里是日志信息......
2024-02-19 03:54:36.610014	[INFO]	event.py	响应时间:796ms	北京市	大兴区	这里是日志信息......
2024-02-19 03:54:36.610032	[ERROR]	orders_service.py	响应时间:48ms	湖北省	十堰市	这里是日志信息......
2024-02-19 03:54:36.610050	[INFO]	event.py	响应时间:14ms	湖南省	长沙市	这里是日志信息......
2024-02-19 03:54:36.610067	[INFO]	goods_manager.py	响应时间:359ms	北京市	丰台区	这里是日志信息......
2024-02-19 03:54:36.610084	[INFO]	goods_manager.py	响应时间:70ms	广东省	珠海市	这里是日志信息......
2024-02-19 03:54:36.610122	[INFO]	orders_service.py	响应时间:694ms	湖北省	武汉市	这里是日志信息......
2024-02-19 03:54:36.610142	[INFO]	orders_service.py	响应时间:593ms	重庆市	涪陵区	这里是日志信息......
2024-02-19 03:54:36.610159	[INFO]	goods_manager.py	响应时间:651ms	山东省	青岛市	这里是日志信息......
2024-02-19 03:54:36.610176	[INFO]	event.py	响应时间:633ms	重庆市	九龙坡区	这里是日志信息......
2024-02-19 03:54:36.610194	[INFO]	user_manager.py	响应时间:156ms	上海市	宝山区	这里是日志信息......
2024-02-19 03:54:36.610211	[INFO]	orders_service.py	响应时间:528ms	湖北省	荆州市	这里是日志信息......
2024-02-19 03:54:36.610228	[ERROR]	event.py	响应时间:735ms	湖南省	张家界市	这里是日志信息......
2024-02-19 03:54:36.610246	[INFO]	event.py	响应时间:815ms	江苏省	南京市	这里是日志信息......
2024-02-19 03:54:36.610264	[INFO]	event.py	响应时间:269ms	重庆市	沙坪坝区	这里是日志信息......
2024-02-19 03:54:36.610281	[WARN]	event.py	响应时间:933ms	浙江省	金华市	这里是日志信息......
2024-02-19 03:54:36.610298	[INFO]	orders_service.py	响应时间:224ms	重庆市	涪陵区	这里是日志信息......
2024-02-19 03:54:36.610316	[INFO]	goods_manager.py	响应时间:324ms	重庆市	九龙坡区	这里是日志信息......
2024-02-19 03:54:36.610333	[INFO]	event.py	响应时间:918ms	上海市	浦东新区	这里是日志信息......
2024-02-19 03:54:36.610350	[INFO]	orders_service.py	响应时间:9537ms	湖北省	武汉市	这里是日志信息......
2024-02-19 03:54:36.610367	[INFO]	orders_service.py	响应时间:304ms	浙江省	丽水市	这里是日志信息......
2024-02-19 03:54:36.610385	[INFO]	goods_manager.py	响应时间:591ms	湖北省	武汉市	这里是日志信息......
2024-02-19 03:54:36.610402	[INFO]	goods_manager.py	响应时间:107ms	安徽省	阜阳市	这里是日志信息......
2024-02-19 03:54:36.610419	[INFO]	goods_manager.py	响应时间:790ms	重庆市	万州区	这里是日志信息......
2024-02-19 03:54:36.610436	[INFO]	goods_manager.py	响应时间:562ms	广东省	广州市	这里是日志信息......
2024-02-19 03:54:36.610453	[WARN]	goods_manager.py	响应时间:177ms	上海市	静安区	这里是日志信息......
2024-02-19 03:54:36.610470	[INFO]	goods_manager.py	响应时间:460ms	上海市	浦东新区	这里是日志信息......
2024-02-19 03:54:36.610487	[INFO]	goods_manager.py	响应时间:976ms	江苏省	南京市	这里是日志信息......
2024-02-19 03:54:36.610504	[INFO]	user_manager.py	响应时间:657ms	上海市	徐汇区	这里是日志信息......
2024-02-19 03:54:36.610521	[WARN]	event.py	响应时间:229ms	北京市	大兴区	这里是日志信息......
2024-02-19 03:54:36.610539	[ERROR]	orders_service.py	响应时间:301ms	广东省	广州市	这里是日志信息......
2024-02-19 03:54:36.610556	[INFO]	goods_manager.py	响应时间:3510ms	湖南省	常德市	这里是日志信息......
2024-02-19 03:54:36.610573	[INFO]	event.py	响应时间:618ms	广东省	深圳市	这里是日志信息......
2024-02-19 03:54:36.610591	[INFO]	shop_manager.py	响应时间:5918ms	北京市	海淀区	这里是日志信息......
2024-02-19 03:54:36.610608	[INFO]	shop_manager.py	响应时间:693ms	北京市	朝阳区	这里是日志信息......
2024-02-19 03:54:36.610625	[INFO]	event.py	响应时间:815ms	湖北省	恩施土家族苗族自治州	这里是日志信息......
2024-02-19 03:54:36.610642	[WARN]	event.py	响应时间:236ms	天津市	武清区	这里是日志信息......
2024-02-19 03:54:36.610660	[WARN]	orders_service.py	响应时间:419ms	北京市	怀柔区	这里是日志信息......
2024-02-19 03:54:36.610677	[INFO]	goods_manager.py	响应时间:704ms	安徽省	合肥市	这里是日志信息......
2024-02-19 03:54:36.610694	[INFO]	goods_manager.py	响应时间:324ms	浙江省	舟山市	这里是日志信息......
2024-02-19 03:54:36.610712	[INFO]	barcode_service.py	响应时间:109ms	湖北省	武汉市	这里是日志信息......
2024-02-19 03:54:36.610729	[INFO]	event.py	响应时间:453ms	湖北省	武汉市	这里是日志信息......
2024-02-19 03:54:36.610746	[INFO]	orders_service.py	响应时间:479ms	浙江省	舟山市	这里是日志信息......
2024-02-19 03:54:36.610763	[INFO]	orders_service.py	响应时间:352ms	安徽省	合肥市	这里是日志信息......
2024-02-19 03:54:36.610781	[INFO]	event.py	响应时间:836ms	山东省	青岛市	这里是日志信息......
2024-02-19 03:54:36.610798	[WARN]	orders_service.py	响应时间:226ms	广东省	广州市	这里是日志信息......
2024-02-19 03:54:36.610816	[INFO]	orders_service.py	响应时间:135ms	安徽省	合肥市	这里是日志信息......
2024-02-19 03:54:36.610833	[INFO]	orders_service.py	响应时间:340ms	上海市	杨浦区	这里是日志信息......
2024-02-19 03:54:36.610850	[INFO]	barcode_service.py	响应时间:127ms	湖北省	武汉市	这里是日志信息......
2024-02-19 03:54:36.610867	[WARN]	goods_manager.py	响应时间:577ms	江苏省	张家港市	这里是日志信息......
2024-02-19 03:54:36.610884	[INFO]	event.py	响应时间:621ms	湖北省	荆州市	这里是日志信息......
2024-02-19 03:54:36.610901	[INFO]	user_manager.py	响应时间:847ms	湖北省	荆州市	这里是日志信息......
2024-02-19 03:54:36.610919	[INFO]	user_manager.py	响应时间:373ms	天津市	武清区	这里是日志信息......
2024-02-19 03:54:36.610936	[WARN]	user_manager.py	响应时间:605ms	山东省	菏泽市	这里是日志信息......
2024-02-19 03:54:36.610953	[ERROR]	user_manager.py	响应时间:64ms	山东省	青岛市	这里是日志信息......
2024-02-19 03:54:36.610971	[INFO]	event.py	响应时间:57ms	安徽省	芜湖市	这里是日志信息......
2024-02-19 03:54:36.610989	[WARN]	event.py	响应时间:297ms	湖南省	长沙市	这里是日志信息......
2024-02-19 03:54:36.611006	[WARN]	orders_service.py	响应时间:512ms	江苏省	无锡市	这里是日志信息......
2024-02-19 03:54:36.611024	[INFO]	barcode_service.py	响应时间:675ms	江苏省	无锡市	这里是日志信息......
2024-02-19 03:54:36.611041	[ERROR]	goods_manager.py	响应时间:608ms	湖北省	十堰市	这里是日志信息......
2024-02-19 03:54:36.611061	[INFO]	orders_service.py	响应时间:7ms	湖南省	长沙市	这里是日志信息......
2024-02-19 03:54:36.611078	[INFO]	barcode_service.py	响应时间:160ms	安徽省	合肥市	这里是日志信息......
2024-02-19 03:54:36.611096	[INFO]	user_manager.py	响应时间:490ms	广东省	珠海市	这里是日志信息......
2024-02-19 03:54:36.611113	[WARN]	goods_manager.py	响应时间:451ms	重庆市	沙坪坝区	这里是日志信息......
2024-02-19 03:54:36.611130	[INFO]	event.py	响应时间:771ms	北京市	大兴区	这里是日志信息......
2024-02-19 03:54:36.611147	[INFO]	goods_manager.py	响应时间:2ms	湖北省	武汉市	这里是日志信息......
2024-02-19 03:54:36.611165	[INFO]	event.py	响应时间:345ms	江苏省	常州市	这里是日志信息......
2024-02-19 03:54:36.611182	[ERROR]	event.py	响应时间:669ms	天津市	武清区	这里是日志信息......
2024-02-19 03:54:36.611199	[WARN]	goods_manager.py	响应时间:738ms	山东省	济南市	这里是日志信息......
2024-02-19 03:54:36.611216	[INFO]	orders_service.py	响应时间:982ms	重庆市	万州区	这里是日志信息......
2024-02-19 03:54:36.611234	[INFO]	orders_service.py	响应时间:922ms	安徽省	池州市	这里是日志信息......
2024-02-19 03:54:36.611251	[INFO]	shop_manager.py	响应时间:835ms	安徽省	铜陵市	这里是日志信息......
2024-02-19 03:54:36.611268	[INFO]	goods_manager.py	响应时间:921ms	天津市	和平区	这里是日志信息......
2024-02-19 03:54:36.611286	[INFO]	event.py	响应时间:321ms	广东省	广州市	这里是日志信息......
2024-02-19 03:54:36.611303	[WARN]	goods_manager.py	响应时间:18ms	安徽省	合肥市	这里是日志信息......
2024-02-19 03:54:36.611320	[INFO]	event.py	响应时间:202ms	北京市	海淀区	这里是日志信息......
2024-02-19 03:54:36.611360	[INFO]	orders_service.py	响应时间:752ms	山东省	青岛市	这里是日志信息......
2024-02-19 03:54:36.611380	[INFO]	event.py	响应时间:544ms	湖北省	恩施土家族苗族自治州	这里是日志信息......
2024-02-19 03:54:36.611397	[INFO]	orders_service.py	响应时间:959ms	山东省	青岛市	这里是日志信息......
2024-02-19 03:54:36.611415	[INFO]	user_manager.py	响应时间:560ms	重庆市	渝中区	这里是日志信息......
2024-02-19 03:54:36.611432	[INFO]	user_manager.py	响应时间:663ms	江苏省	苏州市	这里是日志信息......
2024-02-19 03:54:36.611449	[INFO]	event.py	响应时间:426ms	广东省	广州市	这里是日志信息......
2024-02-19 03:54:36.611467	[INFO]	barcode_service.py	响应时间:235ms	北京市	海淀区	这里是日志信息......
2024-02-19 03:54:36.611484	[WARN]	user_manager.py	响应时间:685ms	天津市	河西区	这里是日志信息......
2024-02-19 03:54:36.611501	[INFO]	event.py	响应时间:833ms	湖北省	荆州市	这里是日志信息......
2024-02-19 03:54:36.611518	[INFO]	shop_manager.py	响应时间:405ms	浙江省	金华市	这里是日志信息......
2024-02-19 03:54:36.611536	[INFO]	goods_manager.py	响应时间:617ms	重庆市	渝中区	这里是日志信息......
2024-02-19 03:54:36.611553	[INFO]	orders_service.py	响应时间:865ms	山东省	青岛市	这里是日志信息......
2024-02-19 03:54:36.611570	[INFO]	orders_service.py	响应时间:716ms	天津市	河东区	这里是日志信息......
2024-02-19 03:54:36.611587	[INFO]	goods_manager.py	响应时间:968ms	天津市	武清区	这里是日志信息......
2024-02-19 03:54:36.611604	[WARN]	goods_manager.py	响应时间:265ms	江苏省	南京市	这里是日志信息......
2024-02-19 03:54:36.611621	[INFO]	orders_service.py	响应时间:408ms	广东省	深圳市	这里是日志信息......
2024-02-19 03:54:36.611639	[INFO]	base_network.py	响应时间:813ms	湖南省	长沙市	这里是日志信息......
2024-02-19 03:54:36.611657	[INFO]	event.py	响应时间:642ms	江苏省	苏州市	这里是日志信息......
2024-02-19 03:54:36.611674	[INFO]	shop_manager.py	响应时间:544ms	天津市	宝坻区	这里是日志信息......
2024-02-19 03:54:36.611691	[INFO]	event.py	响应时间:865ms	浙江省	杭州市	这里是日志信息......
2024-02-19 03:54:36.611708	[INFO]	orders_service.py	响应时间:729ms	重庆市	南岸区	这里是日志信息......
2024-02-19 03:54:36.611726	[INFO]	user_manager.py	响应时间:657ms	重庆市	万州区	这里是日志信息......
2024-02-19 03:54:36.611743	[INFO]	goods_manager.py	响应时间:294ms	江苏省	张家港市	这里是日志信息......
2024-02-19 03:54:36.611760	[INFO]	goods_manager.py	响应时间:471ms	江苏省	苏州市	这里是日志信息......
2024-02-19 03:54:36.611777	[INFO]	event.py	响应时间:116ms	广东省	珠海市	这里是日志信息......
2024-02-19 03:54:36.611795	[INFO]	barcode_service.py	响应时间:166ms	天津市	河东区	这里是日志信息......
2024-02-19 03:54:36.611812	[WARN]	orders_service.py	响应时间:704ms	浙江省	金华市	这里是日志信息......
2024-02-19 03:54:36.611829	[INFO]	goods_manager.py	响应时间:714ms	重庆市	九龙坡区	这里是日志信息......
2024-02-19 03:54:36.611846	[INFO]	barcode_service.py	响应时间:595ms	天津市	和平区	这里是日志信息......
2024-02-19 03:54:36.611864	[INFO]	user_manager.py	响应时间:436ms	上海市	杨浦区	这里是日志信息......
2024-02-19 03:54:36.611881	[ERROR]	orders_service.py	响应时间:927ms	重庆市	涪陵区	这里是日志信息......
2024-02-19 03:54:36.611898	[INFO]	event.py	响应时间:989ms	天津市	河西区	这里是日志信息......
2024-02-19 03:54:36.611916	[WARN]	goods_manager.py	响应时间:206ms	山东省	青岛市	这里是日志信息......
2024-02-19 03:54:36.611933	[INFO]	user_manager.py	响应时间:943ms	安徽省	阜阳市	这里是日志信息......
2024-02-19 03:54:36.611950	[ERROR]	goods_manager.py	响应时间:9923ms	山东省	济南市	这里是日志信息......
2024-02-19 03:54:36.611967	[INFO]	goods_manager.py	响应时间:637ms	上海市	杨浦区	这里是日志信息......
2024-02-19 03:54:36.611988	[WARN]	event.py	响应时间:8674ms	湖北省	恩施土家族苗族自治州	这里是日志信息......
2024-02-19 03:54:36.612006	[INFO]	goods_manager.py	响应时间:345ms	山东省	青岛市	这里是日志信息......
2024-02-19 03:54:36.612024	[WARN]	goods_manager.py	响应时间:10ms	湖南省	益阳市	这里是日志信息......
2024-02-19 03:54:36.612041	[INFO]	shop_manager.py	响应时间:989ms	江苏省	张家港市	这里是日志信息......
2024-02-19 03:54:36.612058	[INFO]	base_network.py	响应时间:431ms	山东省	菏泽市	这里是日志信息......
2024-02-19 03:54:36.612075	[INFO]	orders_service.py	响应时间:650ms	湖北省	武汉市	这里是日志信息......
2024-02-19 03:54:36.612093	[INFO]	orders_service.py	响应时间:840ms	山东省	青岛市	这里是日志信息......
2024-02-19 03:54:36.612110	[INFO]	event.py	响应时间:323ms	湖北省	荆州市	这里是日志信息......
2024-02-19 03:54:36.612127	[INFO]	goods_manager.py	响应时间:953ms	湖北省	荆州市	这里是日志信息......
2024-02-19 03:54:36.612145	[INFO]	user_manager.py	响应时间:309ms	安徽省	池州市	这里是日志信息......
2024-02-19 03:54:36.612162	[INFO]	orders_service.py	响应时间:194ms	山东省	济南市	这里是日志信息......
2024-02-19 03:54:36.612180	[INFO]	base_network.py	响应时间:120ms	北京市	海淀区	这里是日志信息......
2024-02-19 03:54:36.612197	[INFO]	shop_manager.py	响应时间:477ms	湖南省	长沙市	这里是日志信息......
2024-02-19 03:54:36.612214	[WARN]	event.py	响应时间:339ms	天津市	和平区	这里是日志信息......
2024-02-19 03:54:36.612231	[INFO]	orders_service.py	响应时间:741ms	重庆市	九龙坡区	这里是日志信息......
2024-02-19 03:54:36.612249	[INFO]	event.py	响应时间:470ms	江苏省	南京市	这里是日志信息......
2024-02-19 03:54:36.612264	[WARN]	orders_service.py	响应时间:130ms	北京市	海淀区	这里是日志信息......
2024-02-19 03:54:36.612278	[INFO]	event.py	响应时间:287ms	江苏省	张家港市	这里是日志信息......
2024-02-19 03:54:36.612292	[INFO]	barcode_service.py	响应时间:280ms	湖南省	长沙市	这里是日志信息......
2024-02-19 03:54:36.612306	[WARN]	barcode_service.py	响应时间:682ms	江苏省	苏州市	这里是日志信息......
2024-02-19 03:54:36.612320	[INFO]	goods_manager.py	响应时间:918ms	湖北省	武汉市	这里是日志信息......
2024-02-19 03:54:36.612334	[INFO]	orders_service.py	响应时间:845ms	浙江省	金华市	这里是日志信息......
2024-02-19 03:54:36.612349	[INFO]	shop_manager.py	响应时间:28ms	重庆市	渝中区	这里是日志信息......
2024-02-19 03:54:36.612362	[INFO]	orders_service.py	响应时间:605ms	安徽省	铜陵市	这里是日志信息......
2024-02-19 03:54:36.612377	[ERROR]	user_manager.py	响应时间:891ms	安徽省	合肥市	这里是日志信息......
2024-02-19 03:54:36.612391	[INFO]	shop_manager.py	响应时间:88ms	天津市	和平区	这里是日志信息......
2024-02-19 03:54:36.612406	[INFO]	base_network.py	响应时间:229ms	湖南省	常德市	这里是日志信息......
2024-02-19 03:54:36.612420	[INFO]	event.py	响应时间:965ms	湖北省	武汉市	这里是日志信息......
2024-02-19 03:54:36.612434	[INFO]	base_network.py	响应时间:27ms	重庆市	涪陵区	这里是日志信息......
2024-02-19 03:54:36.612448	[INFO]	event.py	响应时间:784ms	安徽省	池州市	这里是日志信息......
2024-02-19 03:54:36.612463	[INFO]	goods_manager.py	响应时间:336ms	浙江省	舟山市	这里是日志信息......
2024-02-19 03:54:36.612477	[INFO]	event.py	响应时间:456ms	北京市	昌平区	这里是日志信息......
2024-02-19 03:54:36.612492	[INFO]	event.py	响应时间:838ms	北京市	海淀区	这里是日志信息......
2024-02-19 03:54:36.612506	[INFO]	goods_manager.py	响应时间:294ms	天津市	河东区	这里是日志信息......
2024-02-19 03:54:36.612540	[INFO]	orders_service.py	响应时间:1ms	上海市	黄浦区	这里是日志信息......
2024-02-19 03:54:36.612556	[INFO]	orders_service.py	响应时间:3147ms	湖南省	长沙市	这里是日志信息......
2024-02-19 03:54:36.612571	[INFO]	goods_manager.py	响应时间:190ms	重庆市	涪陵区	这里是日志信息......
2024-02-19 03:54:36.612586	[INFO]	goods_manager.py	响应时间:448ms	北京市	朝阳区	这里是日志信息......
2024-02-19 03:54:36.612600	[INFO]	event.py	响应时间:730ms	广东省	深圳市	这里是日志信息......
2024-02-19 03:54:36.612614	[INFO]	event.py	响应时间:733ms	湖北省	武汉市	这里是日志信息......
2024-02-19 03:54:36.612628	[INFO]	orders_service.py	响应时间:465ms	湖南省	长沙市	这里是日志信息......
2024-02-19 03:54:36.612642	[INFO]	goods_manager.py	响应时间:857ms	江苏省	南京市	这里是日志信息......
2024-02-19 03:54:36.612657	[INFO]	goods_manager.py	响应时间:643ms	安徽省	合肥市	这里是日志信息......
2024-02-19 03:54:36.612671	[INFO]	user_manager.py	响应时间:790ms	江苏省	南京市	这里是日志信息......
2024-02-19 03:54:36.612685	[INFO]	event.py	响应时间:360ms	浙江省	湖州市	这里是日志信息......
2024-02-19 03:54:36.612699	[INFO]	user_manager.py	响应时间:384ms	江苏省	南京市	这里是日志信息......
2024-02-19 03:54:36.612713	[ERROR]	user_manager.py	响应时间:612ms	广东省	深圳市	这里是日志信息......
2024-02-19 03:54:36.612728	[ERROR]	base_network.py	响应时间:618ms	上海市	宝山区	这里是日志信息......
2024-02-19 03:54:36.612742	[WARN]	orders_service.py	响应时间:941ms	安徽省	合肥市	这里是日志信息......
2024-02-19 03:54:36.612756	[INFO]	goods_manager.py	响应时间:744ms	上海市	浦东新区	这里是日志信息......
2024-02-19 03:54:36.612770	[INFO]	goods_manager.py	响应时间:581ms	浙江省	丽水市	这里是日志信息......
2024-02-19 03:54:36.612784	[INFO]	base_network.py	响应时间:145ms	上海市	浦东新区	这里是日志信息......
2024-02-19 03:54:36.612799	[WARN]	orders_service.py	响应时间:142ms	浙江省	嘉兴市	这里是日志信息......
2024-02-19 03:54:36.612813	[ERROR]	goods_manager.py	响应时间:860ms	山东省	菏泽市	这里是日志信息......
2024-02-19 03:54:36.612827	[INFO]	shop_manager.py	响应时间:604ms	重庆市	九龙坡区	这里是日志信息......
2024-02-19 03:54:36.612842	[INFO]	orders_service.py	响应时间:185ms	广东省	深圳市	这里是日志信息......
2024-02-19 03:54:36.612856	[INFO]	base_network.py	响应时间:977ms	湖南省	长沙市	这里是日志信息......
2024-02-19 03:54:36.612871	[INFO]	goods_manager.py	响应时间:33ms	北京市	丰台区	这里是日志信息......
2024-02-19 03:54:36.612885	[INFO]	event.py	响应时间:478ms	湖南省	益阳市	这里是日志信息......
2024-02-19 03:54:36.612899	[INFO]	event.py	响应时间:438ms	山东省	青岛市	这里是日志信息......
2024-02-19 03:54:36.612913	[INFO]	barcode_service.py	响应时间:373ms	重庆市	南岸区	这里是日志信息......
2024-02-19 03:54:36.612927	[INFO]	shop_manager.py	响应时间:287ms	浙江省	杭州市	这里是日志信息......
2024-02-19 03:54:36.612941	[INFO]	goods_manager.py	响应时间:941ms	湖北省	武汉市	这里是日志信息......
2024-02-19 03:54:36.612955	[INFO]	event.py	响应时间:411ms	湖南省	长沙市	这里是日志信息......
2024-02-19 03:54:36.612969	[INFO]	barcode_service.py	响应时间:739ms	湖南省	长沙市	这里是日志信息......
2024-02-19 03:54:36.612984	[INFO]	goods_manager.py	响应时间:657ms	湖南省	张家界市	这里是日志信息......
2024-02-19 03:54:36.612998	[INFO]	base_network.py	响应时间:542ms	重庆市	渝中区	这里是日志信息......
2024-02-19 03:54:36.613012	[INFO]	barcode_service.py	响应时间:595ms	安徽省	合肥市	这里是日志信息......
2024-02-19 03:54:36.613027	[INFO]	shop_manager.py	响应时间:548ms	江苏省	苏州市	这里是日志信息......
2024-02-19 03:54:36.613041	[ERROR]	user_manager.py	响应时间:200ms	天津市	河西区	这里是日志信息......
2024-02-19 03:54:36.613055	[INFO]	orders_service.py	响应时间:976ms	上海市	黄浦区	这里是日志信息......
2024-02-19 03:54:36.613070	[INFO]	shop_manager.py	响应时间:554ms	广东省	深圳市	这里是日志信息......
2024-02-19 03:54:36.613084	[INFO]	event.py	响应时间:744ms	上海市	浦东新区	这里是日志信息......
2024-02-19 03:54:36.613099	[INFO]	shop_manager.py	响应时间:332ms	重庆市	万州区	这里是日志信息......
2024-02-19 03:54:36.613113	[INFO]	barcode_service.py	响应时间:965ms	湖南省	张家界市	这里是日志信息......
2024-02-19 03:54:36.613127	[INFO]	event.py	响应时间:921ms	山东省	青岛市	这里是日志信息......
2024-02-19 03:54:36.613141	[WARN]	event.py	响应时间:249ms	上海市	徐汇区	这里是日志信息......
2024-02-19 03:54:36.613156	[INFO]	shop_manager.py	响应时间:373ms	浙江省	金华市	这里是日志信息......
2024-02-19 03:54:36.613170	[INFO]	barcode_service.py	响应时间:975ms	山东省	济南市	这里是日志信息......
