2024-02-19 03:54:35.569581	[INFO]	event.py	响应时间:217ms	北京市	海淀区	这里是日志信息......
2024-02-19 03:54:35.569610	[INFO]	goods_manager.py	响应时间:418ms	上海市	宝山区	这里是日志信息......
2024-02-19 03:54:35.569624	[ERROR]	orders_service.py	响应时间:8ms	江苏省	苏州市	这里是日志信息......
2024-02-19 03:54:35.569635	[WARN]	orders_service.py	响应时间:75ms	重庆市	渝中区	这里是日志信息......
2024-02-19 03:54:35.569645	[INFO]	barcode_service.py	响应时间:257ms	天津市	河东区	这里是日志信息......
2024-02-19 03:54:35.569656	[INFO]	orders_service.py	响应时间:10ms	北京市	海淀区	这里是日志信息......
2024-02-19 03:54:35.569666	[INFO]	orders_service.py	响应时间:345ms	湖北省	恩施土家族苗族自治州	这里是日志信息......
2024-02-19 03:54:35.569676	[WARN]	barcode_service.py	响应时间:158ms	山东省	青岛市	这里是日志信息......
2024-02-19 03:54:35.569686	[INFO]	event.py	响应时间:682ms	湖南省	长沙市	这里是日志信息......
2024-02-19 03:54:35.569696	[INFO]	goods_manager.py	响应时间:192ms	天津市	河西区	这里是日志信息......
2024-02-19 03:54:35.569706	[ERROR]	orders_service.py	响应时间:539ms	北京市	怀柔区	这里是日志信息......
2024-02-19 03:54:35.569716	[WARN]	base_network.py	响应时间:87ms	湖南省	长沙市	这里是日志信息......
2024-02-19 03:54:35.569726	[INFO]	goods_manager.py	响应时间:724ms	山东省	青岛市	这里是日志信息......
2024-02-19 03:54:35.569737	[INFO]	user_manager.py	响应时间:291ms	上海市	浦东新区	这里是日志信息......
2024-02-19 03:54:35.569747	[INFO]	event.py	响应时间:439ms	江苏省	无锡市	这里是日志信息......
2024-02-19 03:54:35.569757	[INFO]	event.py	响应时间:323ms	上海市	静安区	这里是日志信息......
2024-02-19 03:54:35.569766	[INFO]	barcode_service.py	响应时间:211ms	湖北省	十堰市	这里是日志信息......
2024-02-19 03:54:35.569776	[INFO]	barcode_service.py	响应时间:211ms	天津市	宝坻区	这里是日志信息......
2024-02-19 03:54:35.569786	[INFO]	goods_manager.py	响应时间:866ms	安徽省	阜阳市	这里是日志信息......
2024-02-19 03:54:35.569796	[INFO]	goods_manager.py	响应时间:988ms	湖北省	荆州市	这里是日志信息......
2024-02-19 03:54:35.569806	[INFO]	goods_manager.py	响应时间:822ms	江苏省	南京市	这里是日志信息......
2024-02-19 03:54:35.569815	[INFO]	user_manager.py	响应时间:196ms	上海市	普陀区	这里是日志信息......
2024-02-19 03:54:35.569825	[INFO]	barcode_service.py	响应时间:210ms	上海市	浦东新区	这里是日志信息......
2024-02-19 03:54:35.569835	[INFO]	event.py	响应时间:378ms	北京市	海淀区	这里是日志信息......
2024-02-19 03:54:35.569844	[WARN]	goods_manager.py	响应时间:556ms	安徽省	合肥市	这里是日志信息......
2024-02-19 03:54:35.569854	[INFO]	shop_manager.py	响应时间:554ms	广东省	珠海市	这里是日志信息......
2024-02-19 03:54:35.569864	[INFO]	event.py	响应时间:699ms	江苏省	张家港市	这里是日志信息......
2024-02-19 03:54:35.569874	[INFO]	orders_service.py	响应时间:326ms	上海市	浦东新区	这里是日志信息......
2024-02-19 03:54:35.569884	[INFO]	base_network.py	响应时间:588ms	上海市	徐汇区	这里是日志信息......
2024-02-19 03:54:35.569893	[INFO]	orders_service.py	响应时间:323ms	天津市	河东区	这里是日志信息......
2024-02-19 03:54:35.569903	[INFO]	barcode_service.py	响应时间:381ms	湖北省	荆州市	这里是日志信息......
2024-02-19 03:54:35.569913	[INFO]	orders_service.py	响应时间:690ms	上海市	杨浦区	这里是日志信息......
2024-02-19 03:54:35.569923	[ERROR]	shop_manager.py	响应时间:42ms	天津市	宝坻区	这里是日志信息......
2024-02-19 03:54:35.569933	[INFO]	shop_manager.py	响应时间:209ms	湖北省	恩施土家族苗族自治州	这里是日志信息......
2024-02-19 03:54:35.569942	[INFO]	event.py	响应时间:536ms	湖南省	常德市	这里是日志信息......
2024-02-19 03:54:35.569952	[INFO]	goods_manager.py	响应时间:9990ms	天津市	武清区	这里是日志信息......
2024-02-19 03:54:35.569962	[INFO]	event.py	响应时间:918ms	江苏省	无锡市	这里是日志信息......
2024-02-19 03:54:35.569972	[INFO]	event.py	响应时间:542ms	山东省	济南市	这里是日志信息......
2024-02-19 03:54:35.569982	[ERROR]	event.py	响应时间:237ms	北京市	大兴区	这里是日志信息......
2024-02-19 03:54:35.569993	[INFO]	orders_service.py	响应时间:162ms	江苏省	常州市	这里是日志信息......
2024-02-19 03:54:35.570003	[WARN]	barcode_service.py	响应时间:464ms	天津市	河西区	这里是日志信息......
2024-02-19 03:54:35.570013	[INFO]	barcode_service.py	响应时间:453ms	湖南省	长沙市	这里是日志信息......
2024-02-19 03:54:35.570023	[INFO]	event.py	响应时间:241ms	安徽省	合肥市	这里是日志信息......
2024-02-19 03:54:35.570033	[INFO]	user_manager.py	响应时间:258ms	湖北省	荆州市	这里是日志信息......
2024-02-19 03:54:35.570043	[INFO]	event.py	响应时间:525ms	广东省	广州市	这里是日志信息......
2024-02-19 03:54:35.570055	[INFO]	event.py	响应时间:550ms	天津市	河西区	这里是日志信息......
2024-02-19 03:54:35.570065	[INFO]	user_manager.py	响应时间:292ms	广东省	广州市	这里是日志信息......
2024-02-19 03:54:35.570076	[INFO]	event.py	响应时间:699ms	湖南省	长沙市	这里是日志信息......
2024-02-19 03:54:35.570087	[INFO]	event.py	响应时间:128ms	北京市	怀柔区	这里是日志信息......
2024-02-19 03:54:35.570098	[INFO]	goods_manager.py	响应时间:901ms	安徽省	芜湖市	这里是日志信息......
2024-02-19 03:54:35.570110	[INFO]	goods_manager.py	响应时间:240ms	江苏省	无锡市	这里是日志信息......
2024-02-19 03:54:35.570121	[INFO]	orders_service.py	响应时间:624ms	上海市	静安区	这里是日志信息......
2024-02-19 03:54:35.570133	[INFO]	orders_service.py	响应时间:7322ms	天津市	河西区	这里是日志信息......
2024-02-19 03:54:35.570144	[WARN]	user_manager.py	响应时间:659ms	湖南省	长沙市	这里是日志信息......
2024-02-19 03:54:35.570155	[INFO]	event.py	响应时间:574ms	重庆市	九龙坡区	这里是日志信息......
2024-02-19 03:54:35.570167	[INFO]	orders_service.py	响应时间:772ms	上海市	徐汇区	这里是日志信息......
2024-02-19 03:54:35.570178	[INFO]	base_network.py	响应时间:259ms	重庆市	万州区	这里是日志信息......
2024-02-19 03:54:35.570189	[WARN]	event.py	响应时间:341ms	安徽省	六安市	这里是日志信息......
2024-02-19 03:54:35.570200	[ERROR]	event.py	响应时间:967ms	安徽省	阜阳市	这里是日志信息......
2024-02-19 03:54:35.570211	[INFO]	orders_service.py	响应时间:932ms	天津市	河东区	这里是日志信息......
2024-02-19 03:54:35.570222	[INFO]	orders_service.py	响应时间:599ms	湖北省	恩施土家族苗族自治州	这里是日志信息......
2024-02-19 03:54:35.570233	[INFO]	event.py	响应时间:870ms	天津市	宝坻区	这里是日志信息......
2024-02-19 03:54:35.570244	[INFO]	event.py	响应时间:552ms	江苏省	南京市	这里是日志信息......
2024-02-19 03:54:35.570256	[INFO]	user_manager.py	响应时间:660ms	北京市	海淀区	这里是日志信息......
2024-02-19 03:54:35.570267	[INFO]	user_manager.py	响应时间:198ms	江苏省	南京市	这里是日志信息......
2024-02-19 03:54:35.570279	[INFO]	orders_service.py	响应时间:710ms	湖南省	张家界市	这里是日志信息......
2024-02-19 03:54:35.570290	[INFO]	user_manager.py	响应时间:380ms	湖南省	长沙市	这里是日志信息......
2024-02-19 03:54:35.570301	[INFO]	event.py	响应时间:631ms	江苏省	南京市	这里是日志信息......
2024-02-19 03:54:35.570312	[INFO]	user_manager.py	响应时间:822ms	上海市	黄浦区	这里是日志信息......
2024-02-19 03:54:35.570323	[INFO]	goods_manager.py	响应时间:379ms	安徽省	铜陵市	这里是日志信息......
2024-02-19 03:54:35.570334	[WARN]	goods_manager.py	响应时间:294ms	江苏省	苏州市	这里是日志信息......
2024-02-19 03:54:35.570426	[INFO]	goods_manager.py	响应时间:110ms	北京市	海淀区	这里是日志信息......
2024-02-19 03:54:35.570442	[INFO]	user_manager.py	响应时间:342ms	湖北省	恩施土家族苗族自治州	这里是日志信息......
2024-02-19 03:54:35.570454	[INFO]	orders_service.py	响应时间:276ms	广东省	广州市	这里是日志信息......
2024-02-19 03:54:35.570465	[INFO]	event.py	响应时间:452ms	湖北省	武汉市	这里是日志信息......
2024-02-19 03:54:35.570476	[INFO]	user_manager.py	响应时间:543ms	湖北省	武汉市	这里是日志信息......
2024-02-19 03:54:35.570487	[INFO]	event.py	响应时间:773ms	湖南省	长沙市	这里是日志信息......
2024-02-19 03:54:35.570498	[INFO]	goods_manager.py	响应时间:438ms	山东省	济南市	这里是日志信息......
2024-02-19 03:54:35.570510	[INFO]	goods_manager.py	响应时间:543ms	重庆市	涪陵区	这里是日志信息......
2024-02-19 03:54:35.570521	[ERROR]	barcode_service.py	响应时间:3290ms	上海市	静安区	这里是日志信息......
2024-02-19 03:54:35.570532	[INFO]	event.py	响应时间:416ms	湖北省	武汉市	这里是日志信息......
2024-02-19 03:54:35.570543	[INFO]	goods_manager.py	响应时间:488ms	安徽省	六安市	这里是日志信息......
2024-02-19 03:54:35.570555	[ERROR]	orders_service.py	响应时间:854ms	湖北省	武汉市	这里是日志信息......
2024-02-19 03:54:35.570567	[INFO]	goods_manager.py	响应时间:810ms	上海市	宝山区	这里是日志信息......
2024-02-19 03:54:35.570579	[INFO]	goods_manager.py	响应时间:430ms	广东省	珠海市	这里是日志信息......
2024-02-19 03:54:35.570590	[WARN]	orders_service.py	响应时间:851ms	山东省	济南市	这里是日志信息......
2024-02-19 03:54:35.570601	[INFO]	event.py	响应时间:488ms	湖南省	长沙市	这里是日志信息......
2024-02-19 03:54:35.570612	[INFO]	event.py	响应时间:866ms	广东省	广州市	这里是日志信息......
2024-02-19 03:54:35.570624	[INFO]	event.py	响应时间:439ms	广东省	深圳市	这里是日志信息......
2024-02-19 03:54:35.570635	[INFO]	orders_service.py	响应时间:235ms	北京市	丰台区	这里是日志信息......
2024-02-19 03:54:35.570646	[INFO]	goods_manager.py	响应时间:984ms	湖北省	十堰市	这里是日志信息......
2024-02-19 03:54:35.570657	[INFO]	goods_manager.py	响应时间:91ms	浙江省	杭州市	这里是日志信息......
2024-02-19 03:54:35.570669	[INFO]	orders_service.py	响应时间:145ms	上海市	浦东新区	这里是日志信息......
2024-02-19 03:54:35.570680	[INFO]	goods_manager.py	响应时间:117ms	浙江省	金华市	这里是日志信息......
2024-02-19 03:54:35.570691	[INFO]	event.py	响应时间:510ms	安徽省	合肥市	这里是日志信息......
2024-02-19 03:54:35.570702	[INFO]	orders_service.py	响应时间:537ms	天津市	武清区	这里是日志信息......
2024-02-19 03:54:35.570714	[INFO]	event.py	响应时间:325ms	北京市	海淀区	这里是日志信息......
2024-02-19 03:54:35.570725	[INFO]	event.py	响应时间:9816ms	浙江省	湖州市	这里是日志信息......
2024-02-19 03:54:35.570737	[INFO]	shop_manager.py	响应时间:223ms	天津市	武清区	这里是日志信息......
2024-02-19 03:54:35.570748	[INFO]	user_manager.py	响应时间:137ms	湖北省	武汉市	这里是日志信息......
2024-02-19 03:54:35.570759	[INFO]	user_manager.py	响应时间:621ms	浙江省	金华市	这里是日志信息......
2024-02-19 03:54:35.570770	[WARN]	goods_manager.py	响应时间:967ms	浙江省	嘉兴市	这里是日志信息......
2024-02-19 03:54:35.570781	[INFO]	event.py	响应时间:183ms	广东省	深圳市	这里是日志信息......
2024-02-19 03:54:35.570792	[WARN]	orders_service.py	响应时间:371ms	安徽省	合肥市	这里是日志信息......
2024-02-19 03:54:35.570803	[WARN]	orders_service.py	响应时间:664ms	江苏省	南京市	这里是日志信息......
2024-02-19 03:54:35.570814	[WARN]	base_network.py	响应时间:200ms	重庆市	南岸区	这里是日志信息......
2024-02-19 03:54:35.570824	[INFO]	shop_manager.py	响应时间:233ms	重庆市	渝中区	这里是日志信息......
2024-02-19 03:54:35.570835	[INFO]	event.py	响应时间:660ms	江苏省	南京市	这里是日志信息......
2024-02-19 03:54:35.570847	[INFO]	goods_manager.py	响应时间:715ms	天津市	河东区	这里是日志信息......
2024-02-19 03:54:35.570858	[INFO]	barcode_service.py	响应时间:659ms	湖南省	长沙市	这里是日志信息......
2024-02-19 03:54:35.570870	[INFO]	user_manager.py	响应时间:297ms	湖南省	常德市	这里是日志信息......
2024-02-19 03:54:35.570880	[INFO]	event.py	响应时间:354ms	北京市	怀柔区	这里是日志信息......
2024-02-19 03:54:35.570891	[INFO]	base_network.py	响应时间:370ms	北京市	大兴区	这里是日志信息......
2024-02-19 03:54:35.570902	[ERROR]	orders_service.py	响应时间:826ms	安徽省	合肥市	这里是日志信息......
2024-02-19 03:54:35.570913	[INFO]	goods_manager.py	响应时间:591ms	湖南省	长沙市	这里是日志信息......
2024-02-19 03:54:35.570924	[INFO]	orders_service.py	响应时间:332ms	浙江省	杭州市	这里是日志信息......
2024-02-19 03:54:35.570935	[INFO]	event.py	响应时间:8842ms	北京市	海淀区	这里是日志信息......
2024-02-19 03:54:35.570947	[INFO]	orders_service.py	响应时间:296ms	上海市	普陀区	这里是日志信息......
2024-02-19 03:54:35.570957	[INFO]	event.py	响应时间:880ms	北京市	怀柔区	这里是日志信息......
2024-02-19 03:54:35.570969	[WARN]	orders_service.py	响应时间:675ms	江苏省	宿迁市	这里是日志信息......
2024-02-19 03:54:35.570980	[INFO]	goods_manager.py	响应时间:6074ms	湖南省	长沙市	这里是日志信息......
2024-02-19 03:54:35.570991	[INFO]	orders_service.py	响应时间:123ms	湖南省	株洲市	这里是日志信息......
2024-02-19 03:54:35.571003	[INFO]	barcode_service.py	响应时间:80ms	江苏省	宿迁市	这里是日志信息......
2024-02-19 03:54:35.571014	[INFO]	event.py	响应时间:57ms	上海市	宝山区	这里是日志信息......
2024-02-19 03:54:35.571025	[WARN]	goods_manager.py	响应时间:7949ms	广东省	广州市	这里是日志信息......
2024-02-19 03:54:35.571037	[WARN]	user_manager.py	响应时间:710ms	浙江省	绍兴市	这里是日志信息......
2024-02-19 03:54:35.571048	[INFO]	orders_service.py	响应时间:6999ms	山东省	青岛市	这里是日志信息......
2024-02-19 03:54:35.571059	[INFO]	goods_manager.py	响应时间:346ms	北京市	海淀区	这里是日志信息......
2024-02-19 03:54:35.571070	[INFO]	orders_service.py	响应时间:113ms	湖南省	常德市	这里是日志信息......
2024-02-19 03:54:35.571081	[INFO]	base_network.py	响应时间:138ms	上海市	浦东新区	这里是日志信息......
2024-02-19 03:54:35.571092	[INFO]	goods_manager.py	响应时间:55ms	上海市	杨浦区	这里是日志信息......
2024-02-19 03:54:35.571103	[INFO]	orders_service.py	响应时间:789ms	浙江省	舟山市	这里是日志信息......
2024-02-19 03:54:35.571114	[ERROR]	orders_service.py	响应时间:2474ms	广东省	广州市	这里是日志信息......
2024-02-19 03:54:35.571126	[INFO]	user_manager.py	响应时间:708ms	安徽省	阜阳市	这里是日志信息......
2024-02-19 03:54:35.571137	[INFO]	goods_manager.py	响应时间:15ms	天津市	河东区	这里是日志信息......
2024-02-19 03:54:35.571149	[INFO]	event.py	响应时间:306ms	北京市	海淀区	这里是日志信息......
2024-02-19 03:54:35.571160	[INFO]	orders_service.py	响应时间:663ms	广东省	深圳市	这里是日志信息......
2024-02-19 03:54:35.571170	[INFO]	orders_service.py	响应时间:579ms	安徽省	六安市	这里是日志信息......
2024-02-19 03:54:35.571181	[INFO]	event.py	响应时间:57ms	重庆市	沙坪坝区	这里是日志信息......
2024-02-19 03:54:35.571192	[INFO]	base_network.py	响应时间:30ms	浙江省	杭州市	这里是日志信息......
2024-02-19 03:54:35.571203	[INFO]	orders_service.py	响应时间:998ms	重庆市	九龙坡区	这里是日志信息......
2024-02-19 03:54:35.571241	[INFO]	base_network.py	响应时间:325ms	江苏省	南京市	这里是日志信息......
2024-02-19 03:54:35.571255	[ERROR]	user_manager.py	响应时间:732ms	湖北省	荆州市	这里是日志信息......
2024-02-19 03:54:35.571267	[INFO]	orders_service.py	响应时间:580ms	广东省	深圳市	这里是日志信息......
2024-02-19 03:54:35.571277	[INFO]	shop_manager.py	响应时间:696ms	山东省	青岛市	这里是日志信息......
2024-02-19 03:54:35.571289	[INFO]	orders_service.py	响应时间:296ms	江苏省	苏州市	这里是日志信息......
2024-02-19 03:54:35.571300	[INFO]	barcode_service.py	响应时间:861ms	重庆市	南岸区	这里是日志信息......
2024-02-19 03:54:35.571310	[INFO]	user_manager.py	响应时间:125ms	上海市	浦东新区	这里是日志信息......
2024-02-19 03:54:35.571321	[WARN]	goods_manager.py	响应时间:95ms	重庆市	渝中区	这里是日志信息......
2024-02-19 03:54:35.571332	[INFO]	orders_service.py	响应时间:497ms	安徽省	合肥市	这里是日志信息......
2024-02-19 03:54:35.571343	[WARN]	orders_service.py	响应时间:960ms	浙江省	丽水市	这里是日志信息......
2024-02-19 03:54:35.571353	[INFO]	goods_manager.py	响应时间:763ms	重庆市	沙坪坝区	这里是日志信息......
2024-02-19 03:54:35.571365	[INFO]	orders_service.py	响应时间:844ms	湖南省	长沙市	这里是日志信息......
2024-02-19 03:54:35.571376	[INFO]	user_manager.py	响应时间:477ms	湖北省	恩施土家族苗族自治州	这里是日志信息......
2024-02-19 03:54:35.571387	[INFO]	goods_manager.py	响应时间:207ms	广东省	广州市	这里是日志信息......
2024-02-19 03:54:35.571399	[INFO]	orders_service.py	响应时间:879ms	广东省	深圳市	这里是日志信息......
2024-02-19 03:54:35.571410	[INFO]	event.py	响应时间:457ms	山东省	济南市	这里是日志信息......
2024-02-19 03:54:35.571421	[WARN]	base_network.py	响应时间:885ms	北京市	怀柔区	这里是日志信息......
2024-02-19 03:54:35.571433	[INFO]	user_manager.py	响应时间:399ms	湖南省	长沙市	这里是日志信息......
2024-02-19 03:54:35.571444	[INFO]	event.py	响应时间:210ms	北京市	怀柔区	这里是日志信息......
2024-02-19 03:54:35.571456	[WARN]	event.py	响应时间:770ms	天津市	和平区	这里是日志信息......
2024-02-19 03:54:35.571468	[INFO]	base_network.py	响应时间:356ms	山东省	菏泽市	这里是日志信息......
2024-02-19 03:54:35.571479	[INFO]	goods_manager.py	响应时间:662ms	广东省	深圳市	这里是日志信息......
2024-02-19 03:54:35.571490	[INFO]	base_network.py	响应时间:660ms	湖南省	益阳市	这里是日志信息......
2024-02-19 03:54:35.571501	[INFO]	goods_manager.py	响应时间:652ms	浙江省	杭州市	这里是日志信息......
2024-02-19 03:54:35.571512	[INFO]	event.py	响应时间:990ms	浙江省	嘉兴市	这里是日志信息......
2024-02-19 03:54:35.571523	[INFO]	base_network.py	响应时间:721ms	浙江省	丽水市	这里是日志信息......
2024-02-19 03:54:35.571535	[INFO]	orders_service.py	响应时间:404ms	山东省	青岛市	这里是日志信息......
2024-02-19 03:54:35.571545	[INFO]	event.py	响应时间:309ms	浙江省	绍兴市	这里是日志信息......
2024-02-19 03:54:35.571557	[INFO]	goods_manager.py	响应时间:885ms	北京市	海淀区	这里是日志信息......
2024-02-19 03:54:35.571567	[INFO]	orders_service.py	响应时间:133ms	上海市	静安区	这里是日志信息......
2024-02-19 03:54:35.571580	[INFO]	goods_manager.py	响应时间:516ms	安徽省	芜湖市	这里是日志信息......
2024-02-19 03:54:35.571591	[INFO]	event.py	响应时间:206ms	浙江省	丽水市	这里是日志信息......
2024-02-19 03:54:35.571602	[INFO]	barcode_service.py	响应时间:759ms	山东省	济南市	这里是日志信息......
2024-02-19 03:54:35.571612	[INFO]	goods_manager.py	响应时间:124ms	江苏省	南京市	这里是日志信息......
2024-02-19 03:54:35.571623	[INFO]	orders_service.py	响应时间:520ms	广东省	深圳市	这里是日志信息......
2024-02-19 03:54:35.571634	[INFO]	base_network.py	响应时间:555ms	重庆市	万州区	这里是日志信息......
2024-02-19 03:54:35.571644	[INFO]	base_network.py	响应时间:676ms	湖南省	长沙市	这里是日志信息......
2024-02-19 03:54:35.571655	[INFO]	orders_service.py	响应时间:157ms	湖北省	武汉市	这里是日志信息......
2024-02-19 03:54:35.571666	[INFO]	barcode_service.py	响应时间:35ms	广东省	珠海市	这里是日志信息......
2024-02-19 03:54:35.571677	[INFO]	user_manager.py	响应时间:83ms	天津市	和平区	这里是日志信息......
2024-02-19 03:54:35.571688	[INFO]	goods_manager.py	响应时间:493ms	安徽省	合肥市	这里是日志信息......
2024-02-19 03:54:35.571698	[INFO]	base_network.py	响应时间:174ms	湖北省	武汉市	这里是日志信息......
2024-02-19 03:54:35.571709	[WARN]	event.py	响应时间:330ms	山东省	青岛市	这里是日志信息......
2024-02-19 03:54:35.571720	[INFO]	event.py	响应时间:447ms	浙江省	丽水市	这里是日志信息......
2024-02-19 03:54:35.571731	[INFO]	goods_manager.py	响应时间:835ms	湖北省	武汉市	这里是日志信息......
2024-02-19 03:54:35.571743	[INFO]	event.py	响应时间:81ms	湖南省	益阳市	这里是日志信息......
2024-02-19 03:54:35.571754	[INFO]	event.py	响应时间:260ms	北京市	丰台区	这里是日志信息......
2024-02-19 03:54:35.571765	[INFO]	goods_manager.py	响应时间:465ms	湖北省	武汉市	这里是日志信息......
2024-02-19 03:54:35.571777	[INFO]	event.py	响应时间:622ms	山东省	青岛市	这里是日志信息......
2024-02-19 03:54:35.571788	[INFO]	goods_manager.py	响应时间:826ms	浙江省	杭州市	这里是日志信息......
2024-02-19 03:54:35.571799	[INFO]	orders_service.py	响应时间:145ms	安徽省	阜阳市	这里是日志信息......
2024-02-19 03:54:35.571810	[INFO]	event.py	响应时间:235ms	湖南省	张家界市	这里是日志信息......
2024-02-19 03:54:35.571821	[WARN]	orders_service.py	响应时间:310ms	湖北省	武汉市	这里是日志信息......
2024-02-19 03:54:35.571832	[INFO]	user_manager.py	响应时间:199ms	湖北省	荆州市	这里是日志信息......
2024-02-19 03:54:35.571843	[INFO]	orders_service.py	响应时间:623ms	上海市	徐汇区	这里是日志信息......
2024-02-19 03:54:35.571854	[INFO]	goods_manager.py	响应时间:612ms	重庆市	万州区	这里是日志信息......
2024-02-19 03:54:35.571865	[INFO]	user_manager.py	响应时间:542ms	山东省	济南市	这里是日志信息......
2024-02-19 03:54:35.571876	[INFO]	event.py	响应时间:192ms	湖北省	荆州市	这里是日志信息......
2024-02-19 03:54:35.571887	[INFO]	goods_manager.py	响应时间:337ms	安徽省	阜阳市	这里是日志信息......
2024-02-19 03:54:35.571898	[INFO]	barcode_service.py	响应时间:863ms	浙江省	舟山市	这里是日志信息......
2024-02-19 03:54:35.571909	[INFO]	orders_service.py	响应时间:659ms	重庆市	九龙坡区	这里是日志信息......
2024-02-19 03:54:35.571920	[INFO]	shop_manager.py	响应时间:410ms	山东省	青岛市	这里是日志信息......
2024-02-19 03:54:35.571931	[INFO]	user_manager.py	响应时间:87ms	江苏省	苏州市	这里是日志信息......
2024-02-19 03:54:35.571942	[INFO]	barcode_service.py	响应时间:286ms	上海市	浦东新区	这里是日志信息......
2024-02-19 03:54:35.571953	[INFO]	event.py	响应时间:529ms	安徽省	合肥市	这里是日志信息......
2024-02-19 03:54:35.571963	[INFO]	base_network.py	响应时间:943ms	上海市	浦东新区	这里是日志信息......
2024-02-19 03:54:35.571974	[INFO]	goods_manager.py	响应时间:121ms	江苏省	南京市	这里是日志信息......
2024-02-19 03:54:35.571985	[INFO]	goods_manager.py	响应时间:248ms	安徽省	池州市	这里是日志信息......
2024-02-19 03:54:35.571996	[INFO]	event.py	响应时间:399ms	上海市	浦东新区	这里是日志信息......
2024-02-19 03:54:35.572007	[INFO]	orders_service.py	响应时间:828ms	浙江省	杭州市	这里是日志信息......
2024-02-19 03:54:35.572038	[INFO]	goods_manager.py	响应时间:319ms	山东省	青岛市	这里是日志信息......
2024-02-19 03:54:35.572052	[INFO]	event.py	响应时间:634ms	安徽省	阜阳市	这里是日志信息......
2024-02-19 03:54:35.572063	[INFO]	orders_service.py	响应时间:6760ms	山东省	济南市	这里是日志信息......
2024-02-19 03:54:35.572074	[ERROR]	orders_service.py	响应时间:809ms	山东省	济南市	这里是日志信息......
2024-02-19 03:54:35.572085	[WARN]	user_manager.py	响应时间:858ms	山东省	青岛市	这里是日志信息......
2024-02-19 03:54:35.572096	[INFO]	goods_manager.py	响应时间:179ms	浙江省	舟山市	这里是日志信息......
2024-02-19 03:54:35.572108	[INFO]	event.py	响应时间:102ms	江苏省	宿迁市	这里是日志信息......
2024-02-19 03:54:35.572118	[INFO]	goods_manager.py	响应时间:588ms	江苏省	常州市	这里是日志信息......
2024-02-19 03:54:35.572130	[INFO]	goods_manager.py	响应时间:535ms	山东省	青岛市	这里是日志信息......
2024-02-19 03:54:35.572140	[INFO]	orders_service.py	响应时间:97ms	湖南省	长沙市	这里是日志信息......
2024-02-19 03:54:35.572152	[INFO]	barcode_service.py	响应时间:101ms	浙江省	湖州市	这里是日志信息......
2024-02-19 03:54:35.572162	[INFO]	user_manager.py	响应时间:3726ms	广东省	深圳市	这里是日志信息......
2024-02-19 03:54:35.572174	[INFO]	orders_service.py	响应时间:136ms	上海市	浦东新区	这里是日志信息......
2024-02-19 03:54:35.572185	[INFO]	base_network.py	响应时间:839ms	上海市	徐汇区	这里是日志信息......
2024-02-19 03:54:35.572195	[INFO]	user_manager.py	响应时间:955ms	湖南省	长沙市	这里是日志信息......
2024-02-19 03:54:35.572207	[INFO]	orders_service.py	响应时间:497ms	上海市	徐汇区	这里是日志信息......
2024-02-19 03:54:35.572217	[INFO]	orders_service.py	响应时间:948ms	湖南省	长沙市	这里是日志信息......
2024-02-19 03:54:35.572228	[INFO]	goods_manager.py	响应时间:102ms	安徽省	芜湖市	这里是日志信息......
2024-02-19 03:54:35.572239	[INFO]	user_manager.py	响应时间:727ms	天津市	和平区	这里是日志信息......
2024-02-19 03:54:35.572250	[WARN]	barcode_service.py	响应时间:899ms	北京市	丰台区	这里是日志信息......
2024-02-19 03:54:35.572261	[INFO]	orders_service.py	响应时间:308ms	江苏省	南京市	这里是日志信息......
2024-02-19 03:54:35.572272	[INFO]	event.py	响应时间:17ms	安徽省	合肥市	这里是日志信息......
2024-02-19 03:54:35.572283	[INFO]	event.py	响应时间:408ms	广东省	深圳市	这里是日志信息......
2024-02-19 03:54:35.572293	[INFO]	event.py	响应时间:4425ms	湖南省	长沙市	这里是日志信息......
2024-02-19 03:54:35.572305	[INFO]	goods_manager.py	响应时间:476ms	安徽省	池州市	这里是日志信息......
2024-02-19 03:54:35.572316	[INFO]	user_manager.py	响应时间:893ms	湖南省	长沙市	这里是日志信息......
2024-02-19 03:54:35.572327	[INFO]	orders_service.py	响应时间:681ms	湖南省	长沙市	这里是日志信息......
2024-02-19 03:54:35.572337	[WARN]	goods_manager.py	响应时间:1677ms	重庆市	万州区	这里是日志信息......
2024-02-19 03:54:35.572348	[WARN]	orders_service.py	响应时间:854ms	重庆市	万州区	这里是日志信息......
2024-02-19 03:54:35.572359	[INFO]	goods_manager.py	响应时间:372ms	北京市	海淀区	这里是日志信息......
2024-02-19 03:54:35.572370	[INFO]	event.py	响应时间:232ms	北京市	大兴区	这里是日志信息......
2024-02-19 03:54:35.572381	[INFO]	goods_manager.py	响应时间:12ms	广东省	广州市	这里是日志信息......
2024-02-19 03:54:35.572393	[INFO]	user_manager.py	响应时间:651ms	湖南省	益阳市	这里是日志信息......
2024-02-19 03:54:35.572403	[INFO]	goods_manager.py	响应时间:873ms	安徽省	合肥市	这里是日志信息......
2024-02-19 03:54:35.572414	[INFO]	goods_manager.py	响应时间:599ms	江苏省	南京市	这里是日志信息......
2024-02-19 03:54:35.572425	[INFO]	orders_service.py	响应时间:327ms	重庆市	渝中区	这里是日志信息......
2024-02-19 03:54:35.572436	[INFO]	event.py	响应时间:946ms	山东省	济南市	这里是日志信息......
2024-02-19 03:54:35.572446	[INFO]	shop_manager.py	响应时间:620ms	江苏省	苏州市	这里是日志信息......
2024-02-19 03:54:35.572458	[INFO]	user_manager.py	响应时间:247ms	重庆市	涪陵区	这里是日志信息......
2024-02-19 03:54:35.572469	[INFO]	orders_service.py	响应时间:472ms	天津市	河东区	这里是日志信息......
2024-02-19 03:54:35.572480	[INFO]	orders_service.py	响应时间:537ms	天津市	宝坻区	这里是日志信息......
2024-02-19 03:54:35.572490	[WARN]	goods_manager.py	响应时间:839ms	安徽省	合肥市	这里是日志信息......
2024-02-19 03:54:35.572502	[INFO]	event.py	响应时间:474ms	湖北省	恩施土家族苗族自治州	这里是日志信息......
2024-02-19 03:54:35.572513	[INFO]	shop_manager.py	响应时间:239ms	江苏省	南京市	这里是日志信息......
2024-02-19 03:54:35.572524	[INFO]	user_manager.py	响应时间:863ms	江苏省	南京市	这里是日志信息......
2024-02-19 03:54:35.572535	[INFO]	orders_service.py	响应时间:628ms	湖南省	常德市	这里是日志信息......
2024-02-19 03:54:35.572546	[INFO]	event.py	响应时间:130ms	上海市	杨浦区	这里是日志信息......
2024-02-19 03:54:35.572557	[WARN]	event.py	响应时间:377ms	天津市	河西区	这里是日志信息......
2024-02-19 03:54:35.572568	[INFO]	event.py	响应时间:764ms	天津市	和平区	这里是日志信息......
2024-02-19 03:54:35.572580	[INFO]	orders_service.py	响应时间:480ms	湖南省	常德市	这里是日志信息......
2024-02-19 03:54:35.572591	[INFO]	base_network.py	响应时间:904ms	湖北省	十堰市	这里是日志信息......
2024-02-19 03:54:35.572602	[INFO]	base_network.py	响应时间:746ms	浙江省	嘉兴市	这里是日志信息......
2024-02-19 03:54:35.572613	[INFO]	event.py	响应时间:547ms	山东省	青岛市	这里是日志信息......
2024-02-19 03:54:35.572624	[INFO]	user_manager.py	响应时间:569ms	天津市	河东区	这里是日志信息......
2024-02-19 03:54:35.572636	[INFO]	goods_manager.py	响应时间:713ms	广东省	深圳市	这里是日志信息......
2024-02-19 03:54:35.572646	[WARN]	orders_service.py	响应时间:220ms	江苏省	常州市	这里是日志信息......
2024-02-19 03:54:35.572656	[INFO]	orders_service.py	响应时间:201ms	湖南省	张家界市	这里是日志信息......
2024-02-19 03:54:35.572668	[INFO]	goods_manager.py	响应时间:901ms	湖南省	长沙市	这里是日志信息......
2024-02-19 03:54:35.572679	[ERROR]	event.py	响应时间:303ms	江苏省	苏州市	这里是日志信息......
2024-02-19 03:54:35.572690	[INFO]	event.py	响应时间:278ms	安徽省	铜陵市	这里是日志信息......
2024-02-19 03:54:35.572701	[INFO]	goods_manager.py	响应时间:139ms	江苏省	南京市	这里是日志信息......
2024-02-19 03:54:35.572712	[INFO]	barcode_service.py	响应时间:812ms	北京市	大兴区	这里是日志信息......
2024-02-19 03:54:35.572722	[INFO]	orders_service.py	响应时间:602ms	上海市	黄浦区	这里是日志信息......
2024-02-19 03:54:35.572733	[ERROR]	event.py	响应时间:960ms	北京市	海淀区	这里是日志信息......
2024-02-19 03:54:35.572744	[INFO]	user_manager.py	响应时间:948ms	天津市	河西区	这里是日志信息......
2024-02-19 03:54:35.572754	[INFO]	orders_service.py	响应时间:689ms	上海市	徐汇区	这里是日志信息......
2024-02-19 03:54:35.572765	[INFO]	user_manager.py	响应时间:920ms	上海市	浦东新区	这里是日志信息......
2024-02-19 03:54:35.572776	[INFO]	base_network.py	响应时间:769ms	广东省	广州市	这里是日志信息......
2024-02-19 03:54:35.572787	[INFO]	orders_service.py	响应时间:994ms	湖北省	恩施土家族苗族自治州	这里是日志信息......
2024-02-19 03:54:35.572815	[ERROR]	event.py	响应时间:179ms	安徽省	合肥市	这里是日志信息......
2024-02-19 03:54:35.572828	[INFO]	user_manager.py	响应时间:746ms	重庆市	九龙坡区	这里是日志信息......
2024-02-19 03:54:35.572838	[INFO]	user_manager.py	响应时间:220ms	山东省	青岛市	这里是日志信息......
2024-02-19 03:54:35.572849	[ERROR]	event.py	响应时间:764ms	湖北省	武汉市	这里是日志信息......
2024-02-19 03:54:35.572860	[INFO]	goods_manager.py	响应时间:319ms	北京市	怀柔区	这里是日志信息......
2024-02-19 03:54:35.572871	[INFO]	orders_service.py	响应时间:782ms	天津市	河东区	这里是日志信息......
2024-02-19 03:54:35.572882	[INFO]	event.py	响应时间:943ms	湖南省	长沙市	这里是日志信息......
2024-02-19 03:54:35.572893	[INFO]	event.py	响应时间:68ms	山东省	青岛市	这里是日志信息......
2024-02-19 03:54:35.572904	[INFO]	orders_service.py	响应时间:150ms	浙江省	嘉兴市	这里是日志信息......
2024-02-19 03:54:35.572915	[INFO]	base_network.py	响应时间:844ms	安徽省	铜陵市	这里是日志信息......
2024-02-19 03:54:35.572927	[INFO]	orders_service.py	响应时间:194ms	广东省	广州市	这里是日志信息......
2024-02-19 03:54:35.572938	[INFO]	orders_service.py	响应时间:194ms	浙江省	丽水市	这里是日志信息......
2024-02-19 03:54:35.572948	[INFO]	user_manager.py	响应时间:833ms	江苏省	张家港市	这里是日志信息......
2024-02-19 03:54:35.572960	[INFO]	shop_manager.py	响应时间:130ms	北京市	海淀区	这里是日志信息......
2024-02-19 03:54:35.572971	[INFO]	goods_manager.py	响应时间:69ms	上海市	浦东新区	这里是日志信息......
2024-02-19 03:54:35.572982	[INFO]	orders_service.py	响应时间:642ms	湖北省	武汉市	这里是日志信息......
2024-02-19 03:54:35.572993	[INFO]	user_manager.py	响应时间:553ms	浙江省	绍兴市	这里是日志信息......
2024-02-19 03:54:35.573004	[INFO]	orders_service.py	响应时间:968ms	江苏省	苏州市	这里是日志信息......
2024-02-19 03:54:35.573015	[WARN]	event.py	响应时间:310ms	北京市	怀柔区	这里是日志信息......
2024-02-19 03:54:35.573026	[INFO]	orders_service.py	响应时间:742ms	安徽省	合肥市	这里是日志信息......
2024-02-19 03:54:35.573038	[INFO]	barcode_service.py	响应时间:797ms	山东省	青岛市	这里是日志信息......
2024-02-19 03:54:35.573049	[INFO]	event.py	响应时间:724ms	浙江省	丽水市	这里是日志信息......
2024-02-19 03:54:35.573060	[INFO]	orders_service.py	响应时间:467ms	江苏省	宿迁市	这里是日志信息......
2024-02-19 03:54:35.573071	[INFO]	base_network.py	响应时间:335ms	重庆市	万州区	这里是日志信息......
2024-02-19 03:54:35.573082	[INFO]	event.py	响应时间:940ms	广东省	广州市	这里是日志信息......
2024-02-19 03:54:35.573093	[INFO]	user_manager.py	响应时间:169ms	浙江省	舟山市	这里是日志信息......
2024-02-19 03:54:35.573103	[INFO]	shop_manager.py	响应时间:377ms	山东省	青岛市	这里是日志信息......
2024-02-19 03:54:35.573114	[INFO]	barcode_service.py	响应时间:571ms	北京市	怀柔区	这里是日志信息......
2024-02-19 03:54:35.573125	[INFO]	user_manager.py	响应时间:912ms	上海市	静安区	这里是日志信息......
2024-02-19 03:54:35.573135	[INFO]	event.py	响应时间:57ms	广东省	广州市	这里是日志信息......
2024-02-19 03:54:35.573146	[WARN]	event.py	响应时间:167ms	湖南省	长沙市	这里是日志信息......
2024-02-19 03:54:35.573157	[INFO]	event.py	响应时间:394ms	重庆市	涪陵区	这里是日志信息......
2024-02-19 03:54:35.573169	[INFO]	goods_manager.py	响应时间:479ms	湖南省	长沙市	这里是日志信息......
2024-02-19 03:54:35.573180	[INFO]	event.py	响应时间:379ms	广东省	深圳市	这里是日志信息......
2024-02-19 03:54:35.573190	[INFO]	orders_service.py	响应时间:59ms	上海市	宝山区	这里是日志信息......
2024-02-19 03:54:35.573201	[INFO]	orders_service.py	响应时间:20ms	广东省	珠海市	这里是日志信息......
2024-02-19 03:54:35.573212	[INFO]	event.py	响应时间:744ms	重庆市	南岸区	这里是日志信息......
2024-02-19 03:54:35.573222	[WARN]	event.py	响应时间:4ms	浙江省	金华市	这里是日志信息......
2024-02-19 03:54:35.573233	[WARN]	event.py	响应时间:358ms	江苏省	宿迁市	这里是日志信息......
2024-02-19 03:54:35.573244	[INFO]	barcode_service.py	响应时间:436ms	天津市	和平区	这里是日志信息......
2024-02-19 03:54:35.573267	[INFO]	barcode_service.py	响应时间:683ms	山东省	青岛市	这里是日志信息......
2024-02-19 03:54:35.573278	[INFO]	orders_service.py	响应时间:84ms	浙江省	嘉兴市	这里是日志信息......
2024-02-19 03:54:35.573289	[INFO]	event.py	响应时间:233ms	重庆市	九龙坡区	这里是日志信息......
2024-02-19 03:54:35.573300	[INFO]	event.py	响应时间:102ms	湖南省	株洲市	这里是日志信息......
2024-02-19 03:54:35.573311	[INFO]	event.py	响应时间:585ms	湖南省	长沙市	这里是日志信息......
2024-02-19 03:54:35.573321	[INFO]	base_network.py	响应时间:929ms	湖南省	长沙市	这里是日志信息......
2024-02-19 03:54:35.573332	[WARN]	event.py	响应时间:726ms	湖南省	益阳市	这里是日志信息......
2024-02-19 03:54:35.573343	[INFO]	goods_manager.py	响应时间:535ms	北京市	海淀区	这里是日志信息......
2024-02-19 03:54:35.573355	[INFO]	event.py	响应时间:20ms	湖北省	武汉市	这里是日志信息......
2024-02-19 03:54:35.573366	[INFO]	event.py	响应时间:744ms	北京市	朝阳区	这里是日志信息......
2024-02-19 03:54:35.573376	[ERROR]	orders_service.py	响应时间:11ms	山东省	济南市	这里是日志信息......
2024-02-19 03:54:35.573387	[INFO]	event.py	响应时间:536ms	重庆市	涪陵区	这里是日志信息......
2024-02-19 03:54:35.573398	[INFO]	base_network.py	响应时间:708ms	安徽省	阜阳市	这里是日志信息......
2024-02-19 03:54:35.573408	[INFO]	orders_service.py	响应时间:731ms	天津市	河东区	这里是日志信息......
2024-02-19 03:54:35.573420	[WARN]	event.py	响应时间:301ms	浙江省	嘉兴市	这里是日志信息......
2024-02-19 03:54:35.573431	[INFO]	barcode_service.py	响应时间:23ms	安徽省	六安市	这里是日志信息......
2024-02-19 03:54:35.573441	[INFO]	user_manager.py	响应时间:480ms	山东省	青岛市	这里是日志信息......
2024-02-19 03:54:35.573452	[INFO]	barcode_service.py	响应时间:786ms	安徽省	阜阳市	这里是日志信息......
2024-02-19 03:54:35.573463	[INFO]	event.py	响应时间:858ms	北京市	朝阳区	这里是日志信息......
2024-02-19 03:54:35.573474	[INFO]	goods_manager.py	响应时间:797ms	湖南省	长沙市	这里是日志信息......
2024-02-19 03:54:35.573484	[INFO]	user_manager.py	响应时间:4748ms	浙江省	杭州市	这里是日志信息......
2024-02-19 03:54:35.573495	[INFO]	goods_manager.py	响应时间:993ms	浙江省	杭州市	这里是日志信息......
2024-02-19 03:54:35.573506	[INFO]	event.py	响应时间:246ms	浙江省	金华市	这里是日志信息......
2024-02-19 03:54:35.573516	[INFO]	base_network.py	响应时间:585ms	安徽省	池州市	这里是日志信息......
2024-02-19 03:54:35.573527	[INFO]	event.py	响应时间:379ms	重庆市	沙坪坝区	这里是日志信息......
2024-02-19 03:54:35.573537	[INFO]	base_network.py	响应时间:646ms	湖北省	武汉市	这里是日志信息......
2024-02-19 03:54:35.573548	[INFO]	shop_manager.py	响应时间:943ms	浙江省	杭州市	这里是日志信息......
2024-02-19 03:54:35.573559	[INFO]	goods_manager.py	响应时间:230ms	天津市	宝坻区	这里是日志信息......
2024-02-19 03:54:35.573569	[INFO]	event.py	响应时间:765ms	重庆市	南岸区	这里是日志信息......
2024-02-19 03:54:35.573580	[INFO]	goods_manager.py	响应时间:710ms	广东省	广州市	这里是日志信息......
2024-02-19 03:54:35.573627	[INFO]	base_network.py	响应时间:925ms	重庆市	万州区	这里是日志信息......
2024-02-19 03:54:35.573644	[ERROR]	shop_manager.py	响应时间:304ms	安徽省	六安市	这里是日志信息......
2024-02-19 03:54:35.573655	[INFO]	event.py	响应时间:135ms	湖北省	十堰市	这里是日志信息......
2024-02-19 03:54:35.573666	[INFO]	shop_manager.py	响应时间:530ms	上海市	黄浦区	这里是日志信息......
2024-02-19 03:54:35.573678	[WARN]	base_network.py	响应时间:494ms	上海市	杨浦区	这里是日志信息......
2024-02-19 03:54:35.573689	[INFO]	barcode_service.py	响应时间:347ms	天津市	河东区	这里是日志信息......
2024-02-19 03:54:35.573700	[WARN]	orders_service.py	响应时间:760ms	广东省	深圳市	这里是日志信息......
2024-02-19 03:54:35.573710	[INFO]	orders_service.py	响应时间:760ms	江苏省	南京市	这里是日志信息......
2024-02-19 03:54:35.573721	[INFO]	shop_manager.py	响应时间:147ms	重庆市	涪陵区	这里是日志信息......
2024-02-19 03:54:35.573732	[INFO]	goods_manager.py	响应时间:860ms	天津市	河西区	这里是日志信息......
2024-02-19 03:54:35.573743	[INFO]	event.py	响应时间:211ms	天津市	武清区	这里是日志信息......
2024-02-19 03:54:35.573753	[INFO]	orders_service.py	响应时间:799ms	安徽省	六安市	这里是日志信息......
2024-02-19 03:54:35.573764	[INFO]	event.py	响应时间:132ms	山东省	青岛市	这里是日志信息......
2024-02-19 03:54:35.573775	[INFO]	goods_manager.py	响应时间:14ms	重庆市	涪陵区	这里是日志信息......
2024-02-19 03:54:35.573785	[INFO]	goods_manager.py	响应时间:660ms	浙江省	湖州市	这里是日志信息......
2024-02-19 03:54:35.573796	[INFO]	goods_manager.py	响应时间:390ms	重庆市	万州区	这里是日志信息......
2024-02-19 03:54:35.573807	[INFO]	event.py	响应时间:334ms	安徽省	阜阳市	这里是日志信息......
2024-02-19 03:54:35.573817	[WARN]	event.py	响应时间:469ms	重庆市	九龙坡区	这里是日志信息......
2024-02-19 03:54:35.573828	[INFO]	orders_service.py	响应时间:453ms	天津市	宝坻区	这里是日志信息......
2024-02-19 03:54:35.573839	[INFO]	base_network.py	响应时间:103ms	湖南省	长沙市	这里是日志信息......
2024-02-19 03:54:35.573850	[WARN]	goods_manager.py	响应时间:416ms	广东省	深圳市	这里是日志信息......
2024-02-19 03:54:35.573860	[INFO]	orders_service.py	响应时间:692ms	北京市	昌平区	这里是日志信息......
2024-02-19 03:54:35.573871	[WARN]	event.py	响应时间:478ms	浙江省	舟山市	这里是日志信息......
2024-02-19 03:54:35.573882	[INFO]	goods_manager.py	响应时间:870ms	江苏省	常州市	这里是日志信息......
2024-02-19 03:54:35.573892	[INFO]	orders_service.py	响应时间:730ms	山东省	青岛市	这里是日志信息......
2024-02-19 03:54:35.573903	[INFO]	goods_manager.py	响应时间:670ms	湖南省	长沙市	这里是日志信息......
2024-02-19 03:54:35.573914	[INFO]	event.py	响应时间:9130ms	浙江省	嘉兴市	这里是日志信息......
2024-02-19 03:54:35.573925	[INFO]	event.py	响应时间:3879ms	江苏省	常州市	这里是日志信息......
2024-02-19 03:54:35.573935	[INFO]	base_network.py	响应时间:545ms	上海市	黄浦区	这里是日志信息......
2024-02-19 03:54:35.573946	[INFO]	orders_service.py	响应时间:504ms	湖北省	武汉市	这里是日志信息......
2024-02-19 03:54:35.573957	[WARN]	user_manager.py	响应时间:467ms	北京市	海淀区	这里是日志信息......
2024-02-19 03:54:35.573968	[WARN]	shop_manager.py	响应时间:319ms	浙江省	杭州市	这里是日志信息......
2024-02-19 03:54:35.573979	[INFO]	base_network.py	响应时间:805ms	上海市	普陀区	这里是日志信息......
2024-02-19 03:54:35.573990	[WARN]	goods_manager.py	响应时间:162ms	湖南省	长沙市	这里是日志信息......
2024-02-19 03:54:35.574001	[INFO]	barcode_service.py	响应时间:116ms	山东省	济南市	这里是日志信息......
2024-02-19 03:54:35.574012	[INFO]	goods_manager.py	响应时间:861ms	广东省	深圳市	这里是日志信息......
2024-02-19 03:54:35.574023	[INFO]	event.py	响应时间:254ms	湖南省	长沙市	这里是日志信息......
2024-02-19 03:54:35.574034	[INFO]	event.py	响应时间:472ms	安徽省	合肥市	这里是日志信息......
2024-02-19 03:54:35.574045	[INFO]	goods_manager.py	响应时间:314ms	广东省	珠海市	这里是日志信息......
2024-02-19 03:54:35.574055	[INFO]	base_network.py	响应时间:168ms	江苏省	宿迁市	这里是日志信息......
2024-02-19 03:54:35.574066	[INFO]	barcode_service.py	响应时间:371ms	上海市	黄浦区	这里是日志信息......
2024-02-19 03:54:35.574077	[INFO]	barcode_service.py	响应时间:541ms	湖南省	长沙市	这里是日志信息......
2024-02-19 03:54:35.574087	[INFO]	base_network.py	响应时间:380ms	广东省	广州市	这里是日志信息......
2024-02-19 03:54:35.574098	[INFO]	orders_service.py	响应时间:489ms	湖南省	长沙市	这里是日志信息......
2024-02-19 03:54:35.574108	[ERROR]	event.py	响应时间:917ms	湖北省	恩施土家族苗族自治州	这里是日志信息......
2024-02-19 03:54:35.574119	[INFO]	shop_manager.py	响应时间:582ms	山东省	青岛市	这里是日志信息......
2024-02-19 03:54:35.574130	[INFO]	event.py	响应时间:899ms	北京市	朝阳区	这里是日志信息......
2024-02-19 03:54:35.574140	[WARN]	orders_service.py	响应时间:817ms	山东省	菏泽市	这里是日志信息......
2024-02-19 03:54:35.574156	[INFO]	shop_manager.py	响应时间:209ms	湖南省	长沙市	这里是日志信息......
2024-02-19 03:54:35.574167	[INFO]	orders_service.py	响应时间:493ms	湖南省	株洲市	这里是日志信息......
2024-02-19 03:54:35.574178	[INFO]	goods_manager.py	响应时间:281ms	广东省	广州市	这里是日志信息......
2024-02-19 03:54:35.574189	[INFO]	event.py	响应时间:758ms	天津市	宝坻区	这里是日志信息......
2024-02-19 03:54:35.574200	[INFO]	base_network.py	响应时间:243ms	天津市	河东区	这里是日志信息......
2024-02-19 03:54:35.574210	[INFO]	user_manager.py	响应时间:683ms	天津市	河西区	这里是日志信息......
2024-02-19 03:54:35.574221	[INFO]	event.py	响应时间:722ms	广东省	深圳市	这里是日志信息......
2024-02-19 03:54:35.574232	[INFO]	orders_service.py	响应时间:321ms	浙江省	湖州市	这里是日志信息......
2024-02-19 03:54:35.574243	[INFO]	orders_service.py	响应时间:828ms	天津市	河西区	这里是日志信息......
2024-02-19 03:54:35.574253	[INFO]	event.py	响应时间:732ms	重庆市	万州区	这里是日志信息......
2024-02-19 03:54:35.574264	[INFO]	event.py	响应时间:915ms	安徽省	池州市	这里是日志信息......
2024-02-19 03:54:35.574274	[INFO]	event.py	响应时间:265ms	天津市	武清区	这里是日志信息......
2024-02-19 03:54:35.574285	[WARN]	shop_manager.py	响应时间:979ms	湖南省	长沙市	这里是日志信息......
2024-02-19 03:54:35.574296	[INFO]	event.py	响应时间:856ms	广东省	深圳市	这里是日志信息......
2024-02-19 03:54:35.574307	[INFO]	orders_service.py	响应时间:962ms	广东省	深圳市	这里是日志信息......
2024-02-19 03:54:35.574318	[ERROR]	orders_service.py	响应时间:854ms	浙江省	绍兴市	这里是日志信息......
2024-02-19 03:54:35.574329	[INFO]	user_manager.py	响应时间:911ms	湖北省	武汉市	这里是日志信息......
2024-02-19 03:54:35.574339	[INFO]	user_manager.py	响应时间:762ms	北京市	怀柔区	这里是日志信息......
2024-02-19 03:54:35.574350	[INFO]	orders_service.py	响应时间:400ms	天津市	河西区	这里是日志信息......
2024-02-19 03:54:35.574360	[INFO]	user_manager.py	响应时间:870ms	北京市	海淀区	这里是日志信息......
2024-02-19 03:54:35.574371	[INFO]	user_manager.py	响应时间:262ms	天津市	和平区	这里是日志信息......
2024-02-19 03:54:35.574382	[INFO]	event.py	响应时间:70ms	上海市	浦东新区	这里是日志信息......
2024-02-19 03:54:35.574409	[INFO]	barcode_service.py	响应时间:582ms	北京市	昌平区	这里是日志信息......
2024-02-19 03:54:35.574422	[INFO]	orders_service.py	响应时间:637ms	上海市	杨浦区	这里是日志信息......
2024-02-19 03:54:35.574433	[INFO]	event.py	响应时间:680ms	上海市	杨浦区	这里是日志信息......
2024-02-19 03:54:35.574444	[ERROR]	user_manager.py	响应时间:521ms	天津市	河西区	这里是日志信息......
2024-02-19 03:54:35.574455	[INFO]	orders_service.py	响应时间:818ms	重庆市	南岸区	这里是日志信息......
2024-02-19 03:54:35.574475	[INFO]	orders_service.py	响应时间:677ms	天津市	河东区	这里是日志信息......
2024-02-19 03:54:35.574487	[INFO]	user_manager.py	响应时间:205ms	安徽省	池州市	这里是日志信息......
2024-02-19 03:54:35.574498	[INFO]	orders_service.py	响应时间:366ms	上海市	杨浦区	这里是日志信息......
2024-02-19 03:54:35.574508	[INFO]	event.py	响应时间:843ms	浙江省	金华市	这里是日志信息......
2024-02-19 03:54:35.574519	[INFO]	orders_service.py	响应时间:176ms	江苏省	张家港市	这里是日志信息......
2024-02-19 03:54:35.574530	[WARN]	goods_manager.py	响应时间:499ms	上海市	徐汇区	这里是日志信息......
2024-02-19 03:54:35.574540	[INFO]	event.py	响应时间:253ms	山东省	青岛市	这里是日志信息......
2024-02-19 03:54:35.574551	[INFO]	event.py	响应时间:708ms	浙江省	绍兴市	这里是日志信息......
2024-02-19 03:54:35.574562	[INFO]	event.py	响应时间:528ms	北京市	大兴区	这里是日志信息......
2024-02-19 03:54:35.574572	[WARN]	event.py	响应时间:706ms	安徽省	芜湖市	这里是日志信息......
2024-02-19 03:54:35.574583	[INFO]	goods_manager.py	响应时间:240ms	安徽省	阜阳市	这里是日志信息......
2024-02-19 03:54:35.574594	[INFO]	event.py	响应时间:185ms	北京市	丰台区	这里是日志信息......
2024-02-19 03:54:35.574604	[INFO]	event.py	响应时间:853ms	天津市	河西区	这里是日志信息......
2024-02-19 03:54:35.574615	[INFO]	event.py	响应时间:687ms	重庆市	涪陵区	这里是日志信息......
2024-02-19 03:54:35.574626	[ERROR]	base_network.py	响应时间:443ms	山东省	青岛市	这里是日志信息......
2024-02-19 03:54:35.574637	[INFO]	shop_manager.py	响应时间:873ms	北京市	大兴区	这里是日志信息......
2024-02-19 03:54:35.574648	[INFO]	orders_service.py	响应时间:765ms	上海市	浦东新区	这里是日志信息......
2024-02-19 03:54:35.574659	[WARN]	orders_service.py	响应时间:166ms	山东省	菏泽市	这里是日志信息......
2024-02-19 03:54:35.574669	[INFO]	barcode_service.py	响应时间:133ms	湖北省	恩施土家族苗族自治州	这里是日志信息......
2024-02-19 03:54:35.574681	[INFO]	user_manager.py	响应时间:787ms	山东省	青岛市	这里是日志信息......
2024-02-19 03:54:35.574692	[INFO]	orders_service.py	响应时间:344ms	江苏省	南京市	这里是日志信息......
2024-02-19 03:54:35.574703	[INFO]	goods_manager.py	响应时间:665ms	山东省	济南市	这里是日志信息......
2024-02-19 03:54:35.574714	[INFO]	user_manager.py	响应时间:812ms	天津市	宝坻区	这里是日志信息......
2024-02-19 03:54:35.574724	[INFO]	goods_manager.py	响应时间:966ms	天津市	河西区	这里是日志信息......
2024-02-19 03:54:35.574735	[ERROR]	event.py	响应时间:887ms	北京市	海淀区	这里是日志信息......
2024-02-19 03:54:35.574747	[INFO]	event.py	响应时间:193ms	湖北省	恩施土家族苗族自治州	这里是日志信息......
2024-02-19 03:54:35.574758	[ERROR]	user_manager.py	响应时间:5445ms	浙江省	湖州市	这里是日志信息......
2024-02-19 03:54:35.574770	[INFO]	shop_manager.py	响应时间:346ms	湖南省	长沙市	这里是日志信息......
2024-02-19 03:54:35.574782	[INFO]	goods_manager.py	响应时间:546ms	江苏省	宿迁市	这里是日志信息......
2024-02-19 03:54:35.574793	[INFO]	orders_service.py	响应时间:758ms	上海市	静安区	这里是日志信息......
2024-02-19 03:54:35.574804	[INFO]	event.py	响应时间:765ms	北京市	海淀区	这里是日志信息......
2024-02-19 03:54:35.574843	[ERROR]	base_network.py	响应时间:386ms	山东省	青岛市	这里是日志信息......
2024-02-19 03:54:35.574858	[WARN]	goods_manager.py	响应时间:675ms	湖南省	长沙市	这里是日志信息......
2024-02-19 03:54:35.574870	[INFO]	base_network.py	响应时间:847ms	江苏省	宿迁市	这里是日志信息......
2024-02-19 03:54:35.574881	[INFO]	orders_service.py	响应时间:324ms	重庆市	渝中区	这里是日志信息......
2024-02-19 03:54:35.574944	[INFO]	orders_service.py	响应时间:836ms	天津市	河东区	这里是日志信息......
2024-02-19 03:54:35.574997	[INFO]	goods_manager.py	响应时间:965ms	湖南省	常德市	这里是日志信息......
2024-02-19 03:54:35.575075	[INFO]	barcode_service.py	响应时间:175ms	山东省	青岛市	这里是日志信息......
2024-02-19 03:54:35.575091	[ERROR]	event.py	响应时间:565ms	安徽省	合肥市	这里是日志信息......
2024-02-19 03:54:35.575105	[INFO]	event.py	响应时间:786ms	安徽省	池州市	这里是日志信息......
2024-02-19 03:54:35.575117	[INFO]	goods_manager.py	响应时间:27ms	山东省	青岛市	这里是日志信息......
2024-02-19 03:54:35.575130	[INFO]	event.py	响应时间:540ms	山东省	青岛市	这里是日志信息......
2024-02-19 03:54:35.575141	[INFO]	orders_service.py	响应时间:388ms	山东省	青岛市	这里是日志信息......
2024-02-19 03:54:35.575153	[INFO]	goods_manager.py	响应时间:301ms	湖南省	长沙市	这里是日志信息......
2024-02-19 03:54:35.575164	[INFO]	event.py	响应时间:843ms	江苏省	张家港市	这里是日志信息......
2024-02-19 03:54:35.575175	[INFO]	orders_service.py	响应时间:909ms	湖南省	长沙市	这里是日志信息......
2024-02-19 03:54:35.575186	[INFO]	goods_manager.py	响应时间:186ms	广东省	深圳市	这里是日志信息......
2024-02-19 03:54:35.575198	[INFO]	orders_service.py	响应时间:448ms	广东省	广州市	这里是日志信息......
2024-02-19 03:54:35.575209	[INFO]	barcode_service.py	响应时间:363ms	山东省	济南市	这里是日志信息......
2024-02-19 03:54:35.575221	[INFO]	orders_service.py	响应时间:266ms	湖南省	株洲市	这里是日志信息......
2024-02-19 03:54:35.575233	[INFO]	event.py	响应时间:764ms	浙江省	金华市	这里是日志信息......
2024-02-19 03:54:35.575243	[INFO]	goods_manager.py	响应时间:535ms	重庆市	万州区	这里是日志信息......
2024-02-19 03:54:35.575254	[INFO]	orders_service.py	响应时间:9066ms	浙江省	杭州市	这里是日志信息......
2024-02-19 03:54:35.575266	[INFO]	event.py	响应时间:615ms	安徽省	合肥市	这里是日志信息......
2024-02-19 03:54:35.575277	[INFO]	orders_service.py	响应时间:2051ms	上海市	宝山区	这里是日志信息......
2024-02-19 03:54:35.575289	[INFO]	orders_service.py	响应时间:888ms	浙江省	杭州市	这里是日志信息......
2024-02-19 03:54:35.575300	[ERROR]	event.py	响应时间:917ms	安徽省	合肥市	这里是日志信息......
2024-02-19 03:54:35.575311	[INFO]	user_manager.py	响应时间:3185ms	湖北省	十堰市	这里是日志信息......
2024-02-19 03:54:35.575322	[WARN]	goods_manager.py	响应时间:886ms	上海市	杨浦区	这里是日志信息......
2024-02-19 03:54:35.575334	[INFO]	event.py	响应时间:234ms	天津市	武清区	这里是日志信息......
2024-02-19 03:54:35.575389	[INFO]	orders_service.py	响应时间:344ms	北京市	海淀区	这里是日志信息......
2024-02-19 03:54:35.575406	[INFO]	goods_manager.py	响应时间:196ms	山东省	济南市	这里是日志信息......
2024-02-19 03:54:35.575419	[INFO]	orders_service.py	响应时间:208ms	浙江省	杭州市	这里是日志信息......
2024-02-19 03:54:35.575431	[INFO]	goods_manager.py	响应时间:910ms	湖北省	十堰市	这里是日志信息......
2024-02-19 03:54:35.575443	[INFO]	orders_service.py	响应时间:26ms	浙江省	丽水市	这里是日志信息......
2024-02-19 03:54:35.575535	[INFO]	base_network.py	响应时间:827ms	安徽省	阜阳市	这里是日志信息......
2024-02-19 03:54:35.575552	[INFO]	event.py	响应时间:328ms	浙江省	杭州市	这里是日志信息......
2024-02-19 03:54:35.575563	[INFO]	barcode_service.py	响应时间:25ms	江苏省	南京市	这里是日志信息......
2024-02-19 03:54:35.575575	[INFO]	user_manager.py	响应时间:910ms	上海市	杨浦区	这里是日志信息......
2024-02-19 03:54:35.575587	[INFO]	orders_service.py	响应时间:707ms	天津市	宝坻区	这里是日志信息......
2024-02-19 03:54:35.575598	[WARN]	goods_manager.py	响应时间:669ms	广东省	广州市	这里是日志信息......
2024-02-19 03:54:35.575609	[INFO]	shop_manager.py	响应时间:47ms	安徽省	铜陵市	这里是日志信息......
2024-02-19 03:54:35.575621	[INFO]	goods_manager.py	响应时间:60ms	重庆市	万州区	这里是日志信息......
2024-02-19 03:54:35.575633	[WARN]	goods_manager.py	响应时间:188ms	天津市	宝坻区	这里是日志信息......
2024-02-19 03:54:35.575644	[ERROR]	orders_service.py	响应时间:234ms	湖南省	长沙市	这里是日志信息......
2024-02-19 03:54:35.575656	[ERROR]	shop_manager.py	响应时间:6453ms	安徽省	六安市	这里是日志信息......
2024-02-19 03:54:35.575668	[INFO]	base_network.py	响应时间:609ms	重庆市	万州区	这里是日志信息......
2024-02-19 03:54:35.575679	[WARN]	base_network.py	响应时间:659ms	安徽省	合肥市	这里是日志信息......
2024-02-19 03:54:35.575690	[INFO]	orders_service.py	响应时间:195ms	浙江省	杭州市	这里是日志信息......
2024-02-19 03:54:35.575701	[INFO]	goods_manager.py	响应时间:872ms	安徽省	池州市	这里是日志信息......
2024-02-19 03:54:35.575712	[INFO]	goods_manager.py	响应时间:13ms	山东省	青岛市	这里是日志信息......
2024-02-19 03:54:35.575723	[INFO]	event.py	响应时间:212ms	山东省	菏泽市	这里是日志信息......
2024-02-19 03:54:35.575767	[INFO]	orders_service.py	响应时间:84ms	浙江省	杭州市	这里是日志信息......
2024-02-19 03:54:35.575785	[INFO]	user_manager.py	响应时间:365ms	山东省	青岛市	这里是日志信息......
2024-02-19 03:54:35.575797	[INFO]	event.py	响应时间:581ms	广东省	深圳市	这里是日志信息......
2024-02-19 03:54:35.575809	[INFO]	goods_manager.py	响应时间:538ms	上海市	杨浦区	这里是日志信息......
2024-02-19 03:54:35.575820	[INFO]	event.py	响应时间:563ms	浙江省	金华市	这里是日志信息......
2024-02-19 03:54:35.575832	[WARN]	goods_manager.py	响应时间:8869ms	北京市	大兴区	这里是日志信息......
2024-02-19 03:54:35.575844	[INFO]	orders_service.py	响应时间:658ms	天津市	宝坻区	这里是日志信息......
2024-02-19 03:54:35.575855	[INFO]	goods_manager.py	响应时间:516ms	江苏省	无锡市	这里是日志信息......
2024-02-19 03:54:35.575867	[INFO]	orders_service.py	响应时间:582ms	浙江省	绍兴市	这里是日志信息......
2024-02-19 03:54:35.575878	[ERROR]	event.py	响应时间:221ms	浙江省	嘉兴市	这里是日志信息......
2024-02-19 03:54:35.575891	[ERROR]	event.py	响应时间:997ms	山东省	青岛市	这里是日志信息......
2024-02-19 03:54:35.575903	[INFO]	user_manager.py	响应时间:493ms	浙江省	嘉兴市	这里是日志信息......
2024-02-19 03:54:35.575914	[INFO]	goods_manager.py	响应时间:20ms	上海市	静安区	这里是日志信息......
2024-02-19 03:54:35.575925	[INFO]	shop_manager.py	响应时间:155ms	安徽省	合肥市	这里是日志信息......
2024-02-19 03:54:35.575939	[INFO]	shop_manager.py	响应时间:949ms	北京市	大兴区	这里是日志信息......
2024-02-19 03:54:35.575951	[INFO]	event.py	响应时间:78ms	江苏省	南京市	这里是日志信息......
2024-02-19 03:54:35.575963	[INFO]	base_network.py	响应时间:55ms	天津市	宝坻区	这里是日志信息......
2024-02-19 03:54:35.575974	[INFO]	goods_manager.py	响应时间:603ms	浙江省	绍兴市	这里是日志信息......
2024-02-19 03:54:35.575985	[INFO]	goods_manager.py	响应时间:940ms	湖南省	长沙市	这里是日志信息......
2024-02-19 03:54:35.576027	[INFO]	goods_manager.py	响应时间:389ms	湖北省	武汉市	这里是日志信息......
2024-02-19 03:54:35.576078	[WARN]	event.py	响应时间:759ms	江苏省	苏州市	这里是日志信息......
2024-02-19 03:54:35.576095	[INFO]	event.py	响应时间:63ms	天津市	宝坻区	这里是日志信息......
2024-02-19 03:54:35.576106	[INFO]	event.py	响应时间:56ms	上海市	宝山区	这里是日志信息......
2024-02-19 03:54:35.576118	[INFO]	goods_manager.py	响应时间:455ms	重庆市	涪陵区	这里是日志信息......
2024-02-19 03:54:35.576161	[INFO]	goods_manager.py	响应时间:656ms	安徽省	铜陵市	这里是日志信息......
2024-02-19 03:54:35.576263	[INFO]	user_manager.py	响应时间:862ms	天津市	河西区	这里是日志信息......
2024-02-19 03:54:35.576346	[INFO]	goods_manager.py	响应时间:810ms	浙江省	金华市	这里是日志信息......
2024-02-19 03:54:35.576359	[INFO]	goods_manager.py	响应时间:314ms	江苏省	张家港市	这里是日志信息......
2024-02-19 03:54:35.576370	[INFO]	goods_manager.py	响应时间:16ms	江苏省	常州市	这里是日志信息......
2024-02-19 03:54:35.576382	[INFO]	user_manager.py	响应时间:63ms	重庆市	沙坪坝区	这里是日志信息......
2024-02-19 03:54:35.576393	[INFO]	goods_manager.py	响应时间:350ms	江苏省	南京市	这里是日志信息......
2024-02-19 03:54:35.576450	[INFO]	event.py	响应时间:264ms	天津市	武清区	这里是日志信息......
2024-02-19 03:54:35.576529	[INFO]	user_manager.py	响应时间:534ms	湖北省	十堰市	这里是日志信息......
2024-02-19 03:54:35.576596	[INFO]	user_manager.py	响应时间:283ms	湖北省	武汉市	这里是日志信息......
2024-02-19 03:54:35.576616	[INFO]	event.py	响应时间:167ms	湖北省	武汉市	这里是日志信息......
2024-02-19 03:54:35.576660	[INFO]	orders_service.py	响应时间:99ms	山东省	菏泽市	这里是日志信息......
2024-02-19 03:54:35.576704	[INFO]	base_network.py	响应时间:269ms	山东省	济南市	这里是日志信息......
2024-02-19 03:54:35.576721	[INFO]	event.py	响应时间:293ms	天津市	和平区	这里是日志信息......
2024-02-19 03:54:35.576734	[INFO]	orders_service.py	响应时间:178ms	北京市	大兴区	这里是日志信息......
2024-02-19 03:54:35.576765	[WARN]	goods_manager.py	响应时间:633ms	山东省	菏泽市	这里是日志信息......
2024-02-19 03:54:35.576796	[INFO]	user_manager.py	响应时间:472ms	江苏省	苏州市	这里是日志信息......
2024-02-19 03:54:35.576811	[INFO]	orders_service.py	响应时间:76ms	上海市	黄浦区	这里是日志信息......
2024-02-19 03:54:35.576823	[INFO]	event.py	响应时间:460ms	江苏省	常州市	这里是日志信息......
2024-02-19 03:54:35.576835	[INFO]	shop_manager.py	响应时间:468ms	广东省	广州市	这里是日志信息......
2024-02-19 03:54:35.576846	[INFO]	barcode_service.py	响应时间:570ms	天津市	武清区	这里是日志信息......
2024-02-19 03:54:35.576857	[INFO]	orders_service.py	响应时间:269ms	上海市	静安区	这里是日志信息......
2024-02-19 03:54:35.576869	[INFO]	event.py	响应时间:90ms	上海市	静安区	这里是日志信息......
2024-02-19 03:54:35.576881	[INFO]	goods_manager.py	响应时间:230ms	天津市	和平区	这里是日志信息......
2024-02-19 03:54:35.576893	[INFO]	goods_manager.py	响应时间:934ms	北京市	海淀区	这里是日志信息......
2024-02-19 03:54:35.576952	[INFO]	goods_manager.py	响应时间:174ms	浙江省	湖州市	这里是日志信息......
2024-02-19 03:54:35.577000	[ERROR]	goods_manager.py	响应时间:9734ms	广东省	深圳市	这里是日志信息......
2024-02-19 03:54:35.577018	[INFO]	user_manager.py	响应时间:5ms	江苏省	南京市	这里是日志信息......
2024-02-19 03:54:35.577030	[INFO]	barcode_service.py	响应时间:724ms	湖北省	荆州市	这里是日志信息......
2024-02-19 03:54:35.577064	[INFO]	event.py	响应时间:295ms	山东省	济南市	这里是日志信息......
2024-02-19 03:54:35.577078	[INFO]	goods_manager.py	响应时间:694ms	江苏省	南京市	这里是日志信息......
2024-02-19 03:54:35.577090	[INFO]	base_network.py	响应时间:426ms	湖南省	长沙市	这里是日志信息......
2024-02-19 03:54:35.577101	[INFO]	barcode_service.py	响应时间:217ms	北京市	昌平区	这里是日志信息......
2024-02-19 03:54:35.577113	[WARN]	shop_manager.py	响应时间:526ms	天津市	河东区	这里是日志信息......
2024-02-19 03:54:35.577124	[INFO]	user_manager.py	响应时间:32ms	浙江省	湖州市	这里是日志信息......
2024-02-19 03:54:35.577136	[INFO]	orders_service.py	响应时间:729ms	浙江省	舟山市	这里是日志信息......
2024-02-19 03:54:35.577148	[INFO]	goods_manager.py	响应时间:707ms	广东省	广州市	这里是日志信息......
2024-02-19 03:54:35.577159	[INFO]	orders_service.py	响应时间:13ms	江苏省	苏州市	这里是日志信息......
2024-02-19 03:54:35.577170	[INFO]	barcode_service.py	响应时间:535ms	北京市	昌平区	这里是日志信息......
2024-02-19 03:54:35.577218	[WARN]	event.py	响应时间:736ms	江苏省	苏州市	这里是日志信息......
2024-02-19 03:54:35.577236	[INFO]	goods_manager.py	响应时间:835ms	天津市	河东区	这里是日志信息......
2024-02-19 03:54:35.577247	[WARN]	orders_service.py	响应时间:283ms	天津市	河东区	这里是日志信息......
2024-02-19 03:54:35.577259	[INFO]	orders_service.py	响应时间:953ms	北京市	昌平区	这里是日志信息......
2024-02-19 03:54:35.577272	[INFO]	orders_service.py	响应时间:142ms	北京市	大兴区	这里是日志信息......
2024-02-19 03:54:35.577283	[INFO]	orders_service.py	响应时间:176ms	北京市	怀柔区	这里是日志信息......
2024-02-19 03:54:35.577295	[INFO]	barcode_service.py	响应时间:905ms	浙江省	金华市	这里是日志信息......
2024-02-19 03:54:35.577306	[INFO]	base_network.py	响应时间:630ms	山东省	菏泽市	这里是日志信息......
2024-02-19 03:54:35.577316	[INFO]	event.py	响应时间:59ms	湖南省	常德市	这里是日志信息......
2024-02-19 03:54:35.577329	[INFO]	shop_manager.py	响应时间:554ms	山东省	青岛市	这里是日志信息......
2024-02-19 03:54:35.577341	[INFO]	orders_service.py	响应时间:682ms	上海市	宝山区	这里是日志信息......
2024-02-19 03:54:35.577352	[INFO]	barcode_service.py	响应时间:386ms	湖南省	张家界市	这里是日志信息......
2024-02-19 03:54:35.577363	[INFO]	event.py	响应时间:824ms	湖南省	张家界市	这里是日志信息......
2024-02-19 03:54:35.577404	[WARN]	user_manager.py	响应时间:692ms	山东省	菏泽市	这里是日志信息......
2024-02-19 03:54:35.577439	[INFO]	orders_service.py	响应时间:791ms	重庆市	万州区	这里是日志信息......
2024-02-19 03:54:35.577504	[INFO]	barcode_service.py	响应时间:571ms	湖南省	益阳市	这里是日志信息......
2024-02-19 03:54:35.577518	[INFO]	base_network.py	响应时间:611ms	广东省	珠海市	这里是日志信息......
2024-02-19 03:54:35.577530	[INFO]	shop_manager.py	响应时间:130ms	浙江省	杭州市	这里是日志信息......
2024-02-19 03:54:35.577588	[INFO]	base_network.py	响应时间:474ms	山东省	青岛市	这里是日志信息......
2024-02-19 03:54:35.577618	[INFO]	goods_manager.py	响应时间:847ms	广东省	深圳市	这里是日志信息......
2024-02-19 03:54:35.577630	[INFO]	event.py	响应时间:367ms	重庆市	万州区	这里是日志信息......
2024-02-19 03:54:35.577689	[INFO]	orders_service.py	响应时间:9972ms	安徽省	合肥市	这里是日志信息......
2024-02-19 03:54:35.577705	[INFO]	user_manager.py	响应时间:710ms	重庆市	南岸区	这里是日志信息......
2024-02-19 03:54:35.577717	[INFO]	goods_manager.py	响应时间:976ms	浙江省	舟山市	这里是日志信息......
2024-02-19 03:54:35.577728	[WARN]	barcode_service.py	响应时间:963ms	安徽省	合肥市	这里是日志信息......
2024-02-19 03:54:35.577773	[INFO]	event.py	响应时间:483ms	山东省	济南市	这里是日志信息......
2024-02-19 03:54:35.577786	[INFO]	goods_manager.py	响应时间:367ms	安徽省	合肥市	这里是日志信息......
2024-02-19 03:54:35.577798	[INFO]	goods_manager.py	响应时间:935ms	天津市	河西区	这里是日志信息......
2024-02-19 03:54:35.577811	[INFO]	event.py	响应时间:608ms	湖北省	荆州市	这里是日志信息......
2024-02-19 03:54:35.577823	[INFO]	event.py	响应时间:974ms	湖北省	武汉市	这里是日志信息......
2024-02-19 03:54:35.577834	[INFO]	orders_service.py	响应时间:477ms	广东省	广州市	这里是日志信息......
2024-02-19 03:54:35.577845	[INFO]	goods_manager.py	响应时间:379ms	天津市	河西区	这里是日志信息......
2024-02-19 03:54:35.577856	[INFO]	goods_manager.py	响应时间:636ms	上海市	黄浦区	这里是日志信息......
2024-02-19 03:54:35.577868	[INFO]	barcode_service.py	响应时间:773ms	安徽省	阜阳市	这里是日志信息......
2024-02-19 03:54:35.577880	[INFO]	event.py	响应时间:289ms	浙江省	嘉兴市	这里是日志信息......
2024-02-19 03:54:35.577892	[INFO]	orders_service.py	响应时间:644ms	北京市	大兴区	这里是日志信息......
2024-02-19 03:54:35.577903	[INFO]	user_manager.py	响应时间:473ms	天津市	河西区	这里是日志信息......
2024-02-19 03:54:35.577915	[INFO]	user_manager.py	响应时间:102ms	上海市	静安区	这里是日志信息......
2024-02-19 03:54:35.577926	[INFO]	goods_manager.py	响应时间:1ms	上海市	普陀区	这里是日志信息......
2024-02-19 03:54:35.577937	[INFO]	goods_manager.py	响应时间:278ms	山东省	菏泽市	这里是日志信息......
2024-02-19 03:54:35.577949	[INFO]	goods_manager.py	响应时间:49ms	山东省	青岛市	这里是日志信息......
2024-02-19 03:54:35.577960	[INFO]	goods_manager.py	响应时间:371ms	上海市	普陀区	这里是日志信息......
2024-02-19 03:54:35.578093	[WARN]	orders_service.py	响应时间:36ms	江苏省	苏州市	这里是日志信息......
2024-02-19 03:54:35.578106	[INFO]	goods_manager.py	响应时间:957ms	重庆市	南岸区	这里是日志信息......
2024-02-19 03:54:35.578118	[WARN]	base_network.py	响应时间:983ms	广东省	珠海市	这里是日志信息......
2024-02-19 03:54:35.578154	[WARN]	base_network.py	响应时间:601ms	重庆市	沙坪坝区	这里是日志信息......
2024-02-19 03:54:35.578171	[INFO]	event.py	响应时间:920ms	天津市	武清区	这里是日志信息......
2024-02-19 03:54:35.578204	[INFO]	barcode_service.py	响应时间:5848ms	重庆市	南岸区	这里是日志信息......
2024-02-19 03:54:35.578218	[INFO]	barcode_service.py	响应时间:22ms	北京市	海淀区	这里是日志信息......
2024-02-19 03:54:35.578229	[INFO]	base_network.py	响应时间:206ms	广东省	深圳市	这里是日志信息......
2024-02-19 03:54:35.578240	[INFO]	goods_manager.py	响应时间:846ms	北京市	海淀区	这里是日志信息......
2024-02-19 03:54:35.578251	[WARN]	base_network.py	响应时间:814ms	北京市	昌平区	这里是日志信息......
2024-02-19 03:54:35.578262	[INFO]	user_manager.py	响应时间:470ms	湖南省	长沙市	这里是日志信息......
2024-02-19 03:54:35.578273	[INFO]	goods_manager.py	响应时间:401ms	重庆市	九龙坡区	这里是日志信息......
2024-02-19 03:54:35.578285	[INFO]	goods_manager.py	响应时间:24ms	上海市	普陀区	这里是日志信息......
2024-02-19 03:54:35.578296	[INFO]	base_network.py	响应时间:402ms	湖南省	长沙市	这里是日志信息......
2024-02-19 03:54:35.578341	[INFO]	goods_manager.py	响应时间:643ms	江苏省	宿迁市	这里是日志信息......
2024-02-19 03:54:35.578353	[INFO]	goods_manager.py	响应时间:314ms	重庆市	万州区	这里是日志信息......
2024-02-19 03:54:35.578365	[INFO]	event.py	响应时间:340ms	安徽省	六安市	这里是日志信息......
2024-02-19 03:54:35.578376	[INFO]	user_manager.py	响应时间:387ms	重庆市	万州区	这里是日志信息......
2024-02-19 03:54:35.578472	[WARN]	goods_manager.py	响应时间:420ms	湖南省	长沙市	这里是日志信息......
2024-02-19 03:54:35.578492	[INFO]	orders_service.py	响应时间:223ms	重庆市	沙坪坝区	这里是日志信息......
2024-02-19 03:54:35.578505	[INFO]	event.py	响应时间:536ms	北京市	朝阳区	这里是日志信息......
2024-02-19 03:54:35.578553	[WARN]	event.py	响应时间:368ms	天津市	河东区	这里是日志信息......
2024-02-19 03:54:35.578568	[INFO]	shop_manager.py	响应时间:767ms	北京市	海淀区	这里是日志信息......
2024-02-19 03:54:35.578580	[WARN]	user_manager.py	响应时间:507ms	北京市	丰台区	这里是日志信息......
2024-02-19 03:54:35.578591	[INFO]	user_manager.py	响应时间:411ms	江苏省	张家港市	这里是日志信息......
2024-02-19 03:54:35.578603	[INFO]	event.py	响应时间:641ms	安徽省	阜阳市	这里是日志信息......
2024-02-19 03:54:35.578617	[WARN]	orders_service.py	响应时间:299ms	广东省	深圳市	这里是日志信息......
2024-02-19 03:54:35.578628	[INFO]	event.py	响应时间:835ms	湖南省	长沙市	这里是日志信息......
2024-02-19 03:54:35.578640	[INFO]	orders_service.py	响应时间:35ms	浙江省	嘉兴市	这里是日志信息......
2024-02-19 03:54:35.578651	[INFO]	user_manager.py	响应时间:810ms	广东省	深圳市	这里是日志信息......
2024-02-19 03:54:35.578662	[INFO]	event.py	响应时间:508ms	广东省	深圳市	这里是日志信息......
2024-02-19 03:54:35.578673	[INFO]	orders_service.py	响应时间:809ms	上海市	杨浦区	这里是日志信息......
2024-02-19 03:54:35.578685	[INFO]	barcode_service.py	响应时间:2535ms	广东省	广州市	这里是日志信息......
2024-02-19 03:54:35.578717	[INFO]	event.py	响应时间:632ms	山东省	青岛市	这里是日志信息......
2024-02-19 03:54:35.578784	[INFO]	orders_service.py	响应时间:723ms	重庆市	万州区	这里是日志信息......
2024-02-19 03:54:35.578798	[INFO]	user_manager.py	响应时间:47ms	江苏省	苏州市	这里是日志信息......
2024-02-19 03:54:35.578842	[INFO]	user_manager.py	响应时间:33ms	湖北省	恩施土家族苗族自治州	这里是日志信息......
2024-02-19 03:54:35.578857	[INFO]	orders_service.py	响应时间:871ms	上海市	宝山区	这里是日志信息......
2024-02-19 03:54:35.578868	[INFO]	goods_manager.py	响应时间:571ms	上海市	黄浦区	这里是日志信息......
2024-02-19 03:54:35.578880	[INFO]	event.py	响应时间:276ms	广东省	广州市	这里是日志信息......
2024-02-19 03:54:35.578891	[INFO]	goods_manager.py	响应时间:786ms	湖南省	长沙市	这里是日志信息......
2024-02-19 03:54:35.578984	[INFO]	event.py	响应时间:514ms	浙江省	杭州市	这里是日志信息......
2024-02-19 03:54:35.578997	[INFO]	goods_manager.py	响应时间:430ms	广东省	深圳市	这里是日志信息......
2024-02-19 03:54:35.579061	[WARN]	user_manager.py	响应时间:694ms	湖南省	长沙市	这里是日志信息......
2024-02-19 03:54:35.579075	[INFO]	goods_manager.py	响应时间:789ms	湖南省	株洲市	这里是日志信息......
2024-02-19 03:54:35.579087	[INFO]	orders_service.py	响应时间:8501ms	湖南省	长沙市	这里是日志信息......
2024-02-19 03:54:35.579098	[INFO]	orders_service.py	响应时间:680ms	安徽省	合肥市	这里是日志信息......
2024-02-19 03:54:35.579121	[INFO]	event.py	响应时间:398ms	北京市	海淀区	这里是日志信息......
2024-02-19 03:54:35.579136	[WARN]	base_network.py	响应时间:115ms	湖北省	恩施土家族苗族自治州	这里是日志信息......
2024-02-19 03:54:35.579177	[INFO]	event.py	响应时间:940ms	安徽省	阜阳市	这里是日志信息......
2024-02-19 03:54:35.579232	[WARN]	event.py	响应时间:48ms	天津市	和平区	这里是日志信息......
2024-02-19 03:54:35.579244	[INFO]	goods_manager.py	响应时间:64ms	天津市	武清区	这里是日志信息......
2024-02-19 03:54:35.579301	[INFO]	goods_manager.py	响应时间:571ms	广东省	珠海市	这里是日志信息......
2024-02-19 03:54:35.579314	[INFO]	goods_manager.py	响应时间:499ms	湖北省	十堰市	这里是日志信息......
2024-02-19 03:54:35.579326	[WARN]	event.py	响应时间:991ms	上海市	黄浦区	这里是日志信息......
2024-02-19 03:54:35.579361	[INFO]	orders_service.py	响应时间:216ms	安徽省	阜阳市	这里是日志信息......
2024-02-19 03:54:35.579374	[INFO]	event.py	响应时间:507ms	天津市	河西区	这里是日志信息......
2024-02-19 03:54:35.579386	[INFO]	barcode_service.py	响应时间:946ms	天津市	宝坻区	这里是日志信息......
2024-02-19 03:54:35.579397	[INFO]	goods_manager.py	响应时间:748ms	江苏省	常州市	这里是日志信息......
2024-02-19 03:54:35.579408	[INFO]	event.py	响应时间:20ms	重庆市	万州区	这里是日志信息......
2024-02-19 03:54:35.579419	[WARN]	goods_manager.py	响应时间:481ms	江苏省	无锡市	这里是日志信息......
2024-02-19 03:54:35.579431	[INFO]	shop_manager.py	响应时间:12ms	北京市	丰台区	这里是日志信息......
2024-02-19 03:54:35.579442	[INFO]	event.py	响应时间:590ms	湖北省	恩施土家族苗族自治州	这里是日志信息......
2024-02-19 03:54:35.579453	[INFO]	orders_service.py	响应时间:191ms	湖南省	长沙市	这里是日志信息......
2024-02-19 03:54:35.579465	[INFO]	orders_service.py	响应时间:265ms	湖北省	恩施土家族苗族自治州	这里是日志信息......
2024-02-19 03:54:35.579476	[INFO]	orders_service.py	响应时间:246ms	浙江省	湖州市	这里是日志信息......
2024-02-19 03:54:35.579497	[INFO]	orders_service.py	响应时间:931ms	上海市	静安区	这里是日志信息......
2024-02-19 03:54:35.579511	[INFO]	base_network.py	响应时间:880ms	湖南省	长沙市	这里是日志信息......
2024-02-19 03:54:35.579545	[INFO]	orders_service.py	响应时间:879ms	安徽省	合肥市	这里是日志信息......
2024-02-19 03:54:35.579573	[INFO]	orders_service.py	响应时间:482ms	北京市	大兴区	这里是日志信息......
2024-02-19 03:54:35.579595	[WARN]	user_manager.py	响应时间:931ms	安徽省	铜陵市	这里是日志信息......
2024-02-19 03:54:35.579609	[INFO]	orders_service.py	响应时间:713ms	湖南省	长沙市	这里是日志信息......
2024-02-19 03:54:35.579620	[WARN]	goods_manager.py	响应时间:927ms	江苏省	苏州市	这里是日志信息......
2024-02-19 03:54:35.579646	[INFO]	goods_manager.py	响应时间:864ms	天津市	河东区	这里是日志信息......
2024-02-19 03:54:35.579660	[WARN]	event.py	响应时间:697ms	湖北省	武汉市	这里是日志信息......
2024-02-19 03:54:35.579672	[INFO]	goods_manager.py	响应时间:410ms	上海市	静安区	这里是日志信息......
2024-02-19 03:54:35.579683	[INFO]	barcode_service.py	响应时间:448ms	浙江省	丽水市	这里是日志信息......
2024-02-19 03:54:35.579694	[INFO]	event.py	响应时间:892ms	天津市	宝坻区	这里是日志信息......
2024-02-19 03:54:35.579705	[WARN]	goods_manager.py	响应时间:102ms	广东省	广州市	这里是日志信息......
2024-02-19 03:54:35.579717	[INFO]	user_manager.py	响应时间:535ms	浙江省	绍兴市	这里是日志信息......
2024-02-19 03:54:35.579728	[INFO]	goods_manager.py	响应时间:973ms	安徽省	芜湖市	这里是日志信息......
2024-02-19 03:54:35.579739	[WARN]	orders_service.py	响应时间:744ms	上海市	浦东新区	这里是日志信息......
2024-02-19 03:54:35.579797	[INFO]	event.py	响应时间:912ms	北京市	大兴区	这里是日志信息......
2024-02-19 03:54:35.579971	[INFO]	shop_manager.py	响应时间:788ms	安徽省	合肥市	这里是日志信息......
2024-02-19 03:54:35.580077	[INFO]	event.py	响应时间:110ms	上海市	浦东新区	这里是日志信息......
2024-02-19 03:54:35.580156	[INFO]	event.py	响应时间:662ms	上海市	静安区	这里是日志信息......
2024-02-19 03:54:35.580189	[INFO]	event.py	响应时间:218ms	湖北省	荆州市	这里是日志信息......
2024-02-19 03:54:35.580231	[INFO]	barcode_service.py	响应时间:4445ms	浙江省	绍兴市	这里是日志信息......
2024-02-19 03:54:35.580245	[INFO]	event.py	响应时间:194ms	安徽省	阜阳市	这里是日志信息......
2024-02-19 03:54:35.580257	[INFO]	user_manager.py	响应时间:905ms	湖北省	武汉市	这里是日志信息......
2024-02-19 03:54:35.580269	[INFO]	goods_manager.py	响应时间:307ms	安徽省	池州市	这里是日志信息......
2024-02-19 03:54:35.580294	[WARN]	orders_service.py	响应时间:464ms	湖南省	长沙市	这里是日志信息......
2024-02-19 03:54:35.580311	[INFO]	goods_manager.py	响应时间:865ms	山东省	青岛市	这里是日志信息......
2024-02-19 03:54:35.580322	[INFO]	goods_manager.py	响应时间:664ms	广东省	广州市	这里是日志信息......
2024-02-19 03:54:35.580334	[INFO]	barcode_service.py	响应时间:726ms	浙江省	嘉兴市	这里是日志信息......
2024-02-19 03:54:35.580345	[INFO]	event.py	响应时间:265ms	天津市	武清区	这里是日志信息......
2024-02-19 03:54:35.580357	[WARN]	user_manager.py	响应时间:333ms	重庆市	渝中区	这里是日志信息......
2024-02-19 03:54:35.580368	[INFO]	orders_service.py	响应时间:83ms	山东省	青岛市	这里是日志信息......
2024-02-19 03:54:35.580379	[WARN]	orders_service.py	响应时间:620ms	安徽省	阜阳市	这里是日志信息......
2024-02-19 03:54:35.580390	[INFO]	event.py	响应时间:545ms	江苏省	南京市	这里是日志信息......
2024-02-19 03:54:35.580413	[WARN]	event.py	响应时间:829ms	江苏省	宿迁市	这里是日志信息......
2024-02-19 03:54:35.580428	[INFO]	orders_service.py	响应时间:431ms	湖北省	恩施土家族苗族自治州	这里是日志信息......
2024-02-19 03:54:35.580440	[INFO]	event.py	响应时间:265ms	天津市	和平区	这里是日志信息......
2024-02-19 03:54:35.580460	[INFO]	barcode_service.py	响应时间:631ms	重庆市	万州区	这里是日志信息......
2024-02-19 03:54:35.580472	[INFO]	goods_manager.py	响应时间:722ms	湖北省	武汉市	这里是日志信息......
2024-02-19 03:54:35.580484	[WARN]	event.py	响应时间:689ms	重庆市	涪陵区	这里是日志信息......
2024-02-19 03:54:35.580496	[WARN]	event.py	响应时间:103ms	天津市	宝坻区	这里是日志信息......
2024-02-19 03:54:35.580508	[INFO]	shop_manager.py	响应时间:457ms	上海市	浦东新区	这里是日志信息......
2024-02-19 03:54:35.580521	[WARN]	event.py	响应时间:765ms	山东省	青岛市	这里是日志信息......
2024-02-19 03:54:35.580532	[INFO]	barcode_service.py	响应时间:93ms	湖南省	张家界市	这里是日志信息......
2024-02-19 03:54:35.580543	[INFO]	base_network.py	响应时间:881ms	江苏省	南京市	这里是日志信息......
2024-02-19 03:54:35.580555	[INFO]	goods_manager.py	响应时间:597ms	天津市	河西区	这里是日志信息......
2024-02-19 03:54:35.580566	[WARN]	orders_service.py	响应时间:29ms	安徽省	合肥市	这里是日志信息......
2024-02-19 03:54:35.580578	[WARN]	orders_service.py	响应时间:64ms	湖北省	武汉市	这里是日志信息......
2024-02-19 03:54:35.580590	[INFO]	base_network.py	响应时间:414ms	广东省	广州市	这里是日志信息......
2024-02-19 03:54:35.580602	[INFO]	barcode_service.py	响应时间:697ms	山东省	济南市	这里是日志信息......
2024-02-19 03:54:35.580614	[INFO]	goods_manager.py	响应时间:540ms	湖北省	武汉市	这里是日志信息......
2024-02-19 03:54:35.580625	[INFO]	shop_manager.py	响应时间:554ms	安徽省	六安市	这里是日志信息......
2024-02-19 03:54:35.580667	[INFO]	event.py	响应时间:932ms	重庆市	万州区	这里是日志信息......
2024-02-19 03:54:35.580680	[ERROR]	event.py	响应时间:6933ms	广东省	深圳市	这里是日志信息......
2024-02-19 03:54:35.580693	[INFO]	barcode_service.py	响应时间:404ms	江苏省	南京市	这里是日志信息......
2024-02-19 03:54:35.580725	[INFO]	event.py	响应时间:138ms	北京市	怀柔区	这里是日志信息......
2024-02-19 03:54:35.580736	[INFO]	user_manager.py	响应时间:159ms	安徽省	阜阳市	这里是日志信息......
2024-02-19 03:54:35.580748	[INFO]	goods_manager.py	响应时间:394ms	浙江省	杭州市	这里是日志信息......
2024-02-19 03:54:35.580759	[INFO]	event.py	响应时间:479ms	重庆市	涪陵区	这里是日志信息......
2024-02-19 03:54:35.580770	[INFO]	user_manager.py	响应时间:912ms	山东省	青岛市	这里是日志信息......
2024-02-19 03:54:35.580782	[WARN]	goods_manager.py	响应时间:179ms	重庆市	渝中区	这里是日志信息......
2024-02-19 03:54:35.580794	[ERROR]	event.py	响应时间:334ms	重庆市	渝中区	这里是日志信息......
2024-02-19 03:54:35.580805	[INFO]	goods_manager.py	响应时间:446ms	天津市	宝坻区	这里是日志信息......
2024-02-19 03:54:35.580817	[WARN]	orders_service.py	响应时间:955ms	重庆市	九龙坡区	这里是日志信息......
2024-02-19 03:54:35.580827	[INFO]	orders_service.py	响应时间:918ms	浙江省	嘉兴市	这里是日志信息......
2024-02-19 03:54:35.580857	[ERROR]	goods_manager.py	响应时间:8248ms	天津市	河西区	这里是日志信息......
2024-02-19 03:54:35.580870	[INFO]	event.py	响应时间:505ms	山东省	济南市	这里是日志信息......
2024-02-19 03:54:35.580881	[WARN]	goods_manager.py	响应时间:587ms	山东省	青岛市	这里是日志信息......
2024-02-19 03:54:35.580893	[ERROR]	base_network.py	响应时间:49ms	上海市	普陀区	这里是日志信息......
2024-02-19 03:54:35.580906	[INFO]	event.py	响应时间:577ms	天津市	宝坻区	这里是日志信息......
2024-02-19 03:54:35.580918	[INFO]	event.py	响应时间:412ms	北京市	海淀区	这里是日志信息......
2024-02-19 03:54:35.580930	[WARN]	orders_service.py	响应时间:420ms	湖北省	武汉市	这里是日志信息......
2024-02-19 03:54:35.580941	[INFO]	goods_manager.py	响应时间:377ms	北京市	海淀区	这里是日志信息......
2024-02-19 03:54:35.580982	[INFO]	event.py	响应时间:90ms	广东省	广州市	这里是日志信息......
2024-02-19 03:54:35.580995	[INFO]	shop_manager.py	响应时间:252ms	天津市	河西区	这里是日志信息......
2024-02-19 03:54:35.581017	[INFO]	event.py	响应时间:622ms	湖北省	荆州市	这里是日志信息......
2024-02-19 03:54:35.581030	[INFO]	event.py	响应时间:672ms	广东省	深圳市	这里是日志信息......
2024-02-19 03:54:35.581041	[INFO]	event.py	响应时间:966ms	湖北省	荆州市	这里是日志信息......
2024-02-19 03:54:35.581081	[INFO]	event.py	响应时间:868ms	上海市	杨浦区	这里是日志信息......
2024-02-19 03:54:35.581096	[INFO]	shop_manager.py	响应时间:200ms	重庆市	万州区	这里是日志信息......
2024-02-19 03:54:35.581108	[INFO]	event.py	响应时间:727ms	浙江省	杭州市	这里是日志信息......
2024-02-19 03:54:35.581120	[INFO]	event.py	响应时间:977ms	上海市	普陀区	这里是日志信息......
2024-02-19 03:54:35.581132	[INFO]	event.py	响应时间:725ms	山东省	青岛市	这里是日志信息......
2024-02-19 03:54:35.581143	[INFO]	orders_service.py	响应时间:82ms	上海市	浦东新区	这里是日志信息......
2024-02-19 03:54:35.581154	[INFO]	orders_service.py	响应时间:475ms	湖北省	十堰市	这里是日志信息......
2024-02-19 03:54:35.581166	[WARN]	shop_manager.py	响应时间:754ms	北京市	丰台区	这里是日志信息......
2024-02-19 03:54:35.581179	[INFO]	goods_manager.py	响应时间:452ms	安徽省	阜阳市	这里是日志信息......
2024-02-19 03:54:35.581190	[WARN]	shop_manager.py	响应时间:24ms	湖南省	常德市	这里是日志信息......
2024-02-19 03:54:35.581201	[ERROR]	shop_manager.py	响应时间:735ms	江苏省	苏州市	这里是日志信息......
2024-02-19 03:54:35.581213	[INFO]	shop_manager.py	响应时间:767ms	安徽省	阜阳市	这里是日志信息......
2024-02-19 03:54:35.581226	[INFO]	shop_manager.py	响应时间:541ms	浙江省	金华市	这里是日志信息......
2024-02-19 03:54:35.581237	[WARN]	base_network.py	响应时间:293ms	上海市	杨浦区	这里是日志信息......
2024-02-19 03:54:35.581302	[INFO]	orders_service.py	响应时间:61ms	天津市	宝坻区	这里是日志信息......
2024-02-19 03:54:35.581316	[INFO]	shop_manager.py	响应时间:604ms	山东省	青岛市	这里是日志信息......
2024-02-19 03:54:35.581328	[INFO]	goods_manager.py	响应时间:961ms	天津市	和平区	这里是日志信息......
2024-02-19 03:54:35.581339	[WARN]	goods_manager.py	响应时间:5778ms	上海市	浦东新区	这里是日志信息......
2024-02-19 03:54:35.581351	[WARN]	event.py	响应时间:312ms	广东省	广州市	这里是日志信息......
2024-02-19 03:54:35.581391	[INFO]	orders_service.py	响应时间:818ms	浙江省	绍兴市	这里是日志信息......
2024-02-19 03:54:35.581405	[INFO]	base_network.py	响应时间:539ms	北京市	丰台区	这里是日志信息......
2024-02-19 03:54:35.581417	[INFO]	user_manager.py	响应时间:598ms	江苏省	苏州市	这里是日志信息......
2024-02-19 03:54:35.581429	[INFO]	goods_manager.py	响应时间:737ms	湖南省	长沙市	这里是日志信息......
2024-02-19 03:54:35.581440	[INFO]	event.py	响应时间:884ms	广东省	广州市	这里是日志信息......
2024-02-19 03:54:35.581451	[ERROR]	goods_manager.py	响应时间:983ms	江苏省	苏州市	这里是日志信息......
2024-02-19 03:54:35.581462	[WARN]	orders_service.py	响应时间:117ms	湖北省	恩施土家族苗族自治州	这里是日志信息......
2024-02-19 03:54:35.581475	[INFO]	event.py	响应时间:771ms	湖北省	荆州市	这里是日志信息......
2024-02-19 03:54:35.581486	[INFO]	event.py	响应时间:914ms	北京市	怀柔区	这里是日志信息......
2024-02-19 03:54:35.581498	[INFO]	goods_manager.py	响应时间:157ms	江苏省	苏州市	这里是日志信息......
2024-02-19 03:54:35.581509	[INFO]	event.py	响应时间:29ms	山东省	济南市	这里是日志信息......
2024-02-19 03:54:35.581536	[ERROR]	orders_service.py	响应时间:115ms	湖南省	长沙市	这里是日志信息......
2024-02-19 03:54:35.581553	[INFO]	event.py	响应时间:716ms	天津市	宝坻区	这里是日志信息......
2024-02-19 03:54:35.581564	[INFO]	user_manager.py	响应时间:555ms	上海市	普陀区	这里是日志信息......
2024-02-19 03:54:35.581576	[WARN]	goods_manager.py	响应时间:822ms	安徽省	铜陵市	这里是日志信息......
2024-02-19 03:54:35.581587	[INFO]	user_manager.py	响应时间:790ms	安徽省	铜陵市	这里是日志信息......
2024-02-19 03:54:35.581599	[WARN]	orders_service.py	响应时间:67ms	安徽省	阜阳市	这里是日志信息......
2024-02-19 03:54:35.581610	[INFO]	event.py	响应时间:819ms	安徽省	合肥市	这里是日志信息......
2024-02-19 03:54:35.581622	[INFO]	base_network.py	响应时间:562ms	江苏省	南京市	这里是日志信息......
2024-02-19 03:54:35.581632	[ERROR]	goods_manager.py	响应时间:704ms	江苏省	南京市	这里是日志信息......
2024-02-19 03:54:35.581644	[WARN]	event.py	响应时间:780ms	上海市	杨浦区	这里是日志信息......
2024-02-19 03:54:35.581655	[INFO]	event.py	响应时间:884ms	山东省	济南市	这里是日志信息......
2024-02-19 03:54:35.581666	[INFO]	barcode_service.py	响应时间:8773ms	上海市	浦东新区	这里是日志信息......
2024-02-19 03:54:35.581677	[WARN]	barcode_service.py	响应时间:632ms	浙江省	舟山市	这里是日志信息......
2024-02-19 03:54:35.581823	[INFO]	orders_service.py	响应时间:282ms	安徽省	阜阳市	这里是日志信息......
2024-02-19 03:54:35.581855	[INFO]	barcode_service.py	响应时间:924ms	江苏省	苏州市	这里是日志信息......
2024-02-19 03:54:35.581868	[INFO]	barcode_service.py	响应时间:968ms	浙江省	湖州市	这里是日志信息......
2024-02-19 03:54:35.581881	[INFO]	orders_service.py	响应时间:293ms	广东省	珠海市	这里是日志信息......
2024-02-19 03:54:35.581892	[INFO]	base_network.py	响应时间:7683ms	安徽省	池州市	这里是日志信息......
2024-02-19 03:54:35.581904	[INFO]	shop_manager.py	响应时间:281ms	安徽省	池州市	这里是日志信息......
2024-02-19 03:54:35.581916	[INFO]	shop_manager.py	响应时间:312ms	天津市	武清区	这里是日志信息......
2024-02-19 03:54:35.581927	[INFO]	goods_manager.py	响应时间:364ms	北京市	怀柔区	这里是日志信息......
2024-02-19 03:54:35.581938	[INFO]	base_network.py	响应时间:1053ms	上海市	宝山区	这里是日志信息......
2024-02-19 03:54:35.581950	[WARN]	goods_manager.py	响应时间:982ms	浙江省	嘉兴市	这里是日志信息......
2024-02-19 03:54:35.581983	[INFO]	orders_service.py	响应时间:7087ms	湖南省	常德市	这里是日志信息......
2024-02-19 03:54:35.581999	[INFO]	orders_service.py	响应时间:152ms	江苏省	南京市	这里是日志信息......
2024-02-19 03:54:35.582011	[INFO]	event.py	响应时间:680ms	广东省	广州市	这里是日志信息......
2024-02-19 03:54:35.582023	[INFO]	event.py	响应时间:575ms	江苏省	南京市	这里是日志信息......
2024-02-19 03:54:35.582034	[INFO]	goods_manager.py	响应时间:864ms	浙江省	舟山市	这里是日志信息......
2024-02-19 03:54:35.582046	[INFO]	goods_manager.py	响应时间:484ms	重庆市	渝中区	这里是日志信息......
2024-02-19 03:54:35.582057	[INFO]	base_network.py	响应时间:215ms	重庆市	南岸区	这里是日志信息......
2024-02-19 03:54:35.582069	[INFO]	user_manager.py	响应时间:1952ms	上海市	徐汇区	这里是日志信息......
2024-02-19 03:54:35.582081	[INFO]	orders_service.py	响应时间:798ms	天津市	和平区	这里是日志信息......
2024-02-19 03:54:35.582092	[INFO]	orders_service.py	响应时间:603ms	湖南省	株洲市	这里是日志信息......
2024-02-19 03:54:35.582104	[INFO]	event.py	响应时间:225ms	山东省	青岛市	这里是日志信息......
2024-02-19 03:54:35.582115	[INFO]	event.py	响应时间:6771ms	湖北省	恩施土家族苗族自治州	这里是日志信息......
2024-02-19 03:54:35.582126	[INFO]	user_manager.py	响应时间:822ms	江苏省	南京市	这里是日志信息......
2024-02-19 03:54:35.582138	[INFO]	goods_manager.py	响应时间:593ms	浙江省	舟山市	这里是日志信息......
2024-02-19 03:54:35.582149	[INFO]	goods_manager.py	响应时间:956ms	北京市	大兴区	这里是日志信息......
2024-02-19 03:54:35.582161	[INFO]	base_network.py	响应时间:775ms	上海市	宝山区	这里是日志信息......
2024-02-19 03:54:35.582172	[INFO]	orders_service.py	响应时间:189ms	湖北省	武汉市	这里是日志信息......
2024-02-19 03:54:35.582183	[INFO]	user_manager.py	响应时间:780ms	北京市	怀柔区	这里是日志信息......
2024-02-19 03:54:35.582194	[INFO]	orders_service.py	响应时间:122ms	北京市	怀柔区	这里是日志信息......
2024-02-19 03:54:35.582205	[INFO]	orders_service.py	响应时间:301ms	湖南省	长沙市	这里是日志信息......
2024-02-19 03:54:35.582218	[INFO]	event.py	响应时间:4715ms	湖北省	十堰市	这里是日志信息......
2024-02-19 03:54:35.582229	[WARN]	event.py	响应时间:621ms	浙江省	湖州市	这里是日志信息......
2024-02-19 03:54:35.582240	[INFO]	event.py	响应时间:960ms	天津市	河西区	这里是日志信息......
2024-02-19 03:54:35.582251	[WARN]	user_manager.py	响应时间:134ms	山东省	菏泽市	这里是日志信息......
2024-02-19 03:54:35.582262	[INFO]	orders_service.py	响应时间:757ms	湖南省	长沙市	这里是日志信息......
2024-02-19 03:54:35.582274	[INFO]	barcode_service.py	响应时间:962ms	湖南省	株洲市	这里是日志信息......
2024-02-19 03:54:35.582285	[INFO]	orders_service.py	响应时间:497ms	山东省	菏泽市	这里是日志信息......
2024-02-19 03:54:35.582296	[INFO]	goods_manager.py	响应时间:493ms	广东省	珠海市	这里是日志信息......
2024-02-19 03:54:35.582307	[INFO]	event.py	响应时间:105ms	北京市	朝阳区	这里是日志信息......
2024-02-19 03:54:35.582318	[WARN]	goods_manager.py	响应时间:470ms	天津市	武清区	这里是日志信息......
2024-02-19 03:54:35.582329	[ERROR]	orders_service.py	响应时间:887ms	江苏省	宿迁市	这里是日志信息......
2024-02-19 03:54:35.582365	[ERROR]	goods_manager.py	响应时间:243ms	江苏省	无锡市	这里是日志信息......
2024-02-19 03:54:35.582378	[INFO]	event.py	响应时间:217ms	广东省	深圳市	这里是日志信息......
2024-02-19 03:54:35.582389	[INFO]	orders_service.py	响应时间:672ms	浙江省	嘉兴市	这里是日志信息......
2024-02-19 03:54:35.582415	[WARN]	orders_service.py	响应时间:261ms	浙江省	杭州市	这里是日志信息......
2024-02-19 03:54:35.582430	[INFO]	base_network.py	响应时间:859ms	山东省	菏泽市	这里是日志信息......
2024-02-19 03:54:35.582442	[INFO]	goods_manager.py	响应时间:60ms	天津市	河东区	这里是日志信息......
2024-02-19 03:54:35.582453	[WARN]	goods_manager.py	响应时间:561ms	湖北省	武汉市	这里是日志信息......
2024-02-19 03:54:35.582464	[WARN]	goods_manager.py	响应时间:911ms	广东省	深圳市	这里是日志信息......
2024-02-19 03:54:35.582475	[WARN]	user_manager.py	响应时间:881ms	湖南省	益阳市	这里是日志信息......
2024-02-19 03:54:35.582486	[INFO]	orders_service.py	响应时间:315ms	上海市	浦东新区	这里是日志信息......
2024-02-19 03:54:35.582498	[INFO]	event.py	响应时间:785ms	广东省	广州市	这里是日志信息......
2024-02-19 03:54:35.582509	[INFO]	goods_manager.py	响应时间:834ms	安徽省	铜陵市	这里是日志信息......
2024-02-19 03:54:35.582521	[INFO]	goods_manager.py	响应时间:791ms	上海市	静安区	这里是日志信息......
2024-02-19 03:54:35.582532	[INFO]	event.py	响应时间:174ms	上海市	徐汇区	这里是日志信息......
2024-02-19 03:54:35.582606	[INFO]	event.py	响应时间:88ms	湖北省	十堰市	这里是日志信息......
2024-02-19 03:54:35.582618	[INFO]	orders_service.py	响应时间:556ms	天津市	河东区	这里是日志信息......
2024-02-19 03:54:35.582659	[INFO]	orders_service.py	响应时间:239ms	江苏省	宿迁市	这里是日志信息......
2024-02-19 03:54:35.582677	[INFO]	event.py	响应时间:149ms	湖北省	武汉市	这里是日志信息......
2024-02-19 03:54:35.582688	[WARN]	shop_manager.py	响应时间:507ms	重庆市	南岸区	这里是日志信息......
2024-02-19 03:54:35.582700	[INFO]	orders_service.py	响应时间:370ms	北京市	海淀区	这里是日志信息......
2024-02-19 03:54:35.582770	[INFO]	shop_manager.py	响应时间:636ms	重庆市	九龙坡区	这里是日志信息......
2024-02-19 03:54:35.582784	[WARN]	event.py	响应时间:679ms	山东省	济南市	这里是日志信息......
2024-02-19 03:54:35.582795	[INFO]	barcode_service.py	响应时间:291ms	重庆市	九龙坡区	这里是日志信息......
2024-02-19 03:54:35.582806	[INFO]	user_manager.py	响应时间:433ms	重庆市	万州区	这里是日志信息......
2024-02-19 03:54:35.582817	[INFO]	base_network.py	响应时间:713ms	浙江省	金华市	这里是日志信息......
2024-02-19 03:54:35.582828	[INFO]	barcode_service.py	响应时间:400ms	山东省	济南市	这里是日志信息......
2024-02-19 03:54:35.582839	[INFO]	event.py	响应时间:65ms	北京市	朝阳区	这里是日志信息......
2024-02-19 03:54:35.582850	[INFO]	orders_service.py	响应时间:369ms	北京市	大兴区	这里是日志信息......
2024-02-19 03:54:35.582861	[INFO]	event.py	响应时间:932ms	湖北省	恩施土家族苗族自治州	这里是日志信息......
2024-02-19 03:54:35.582873	[INFO]	orders_service.py	响应时间:180ms	湖北省	恩施土家族苗族自治州	这里是日志信息......
2024-02-19 03:54:35.582967	[INFO]	orders_service.py	响应时间:570ms	天津市	河西区	这里是日志信息......
2024-02-19 03:54:35.582996	[INFO]	barcode_service.py	响应时间:369ms	安徽省	池州市	这里是日志信息......
2024-02-19 03:54:35.583011	[INFO]	orders_service.py	响应时间:592ms	天津市	武清区	这里是日志信息......
2024-02-19 03:54:35.583023	[INFO]	user_manager.py	响应时间:965ms	广东省	深圳市	这里是日志信息......
2024-02-19 03:54:35.583034	[INFO]	user_manager.py	响应时间:650ms	天津市	河西区	这里是日志信息......
2024-02-19 03:54:35.583071	[INFO]	event.py	响应时间:526ms	浙江省	舟山市	这里是日志信息......
2024-02-19 03:54:35.583098	[INFO]	orders_service.py	响应时间:785ms	湖北省	武汉市	这里是日志信息......
2024-02-19 03:54:35.583112	[INFO]	goods_manager.py	响应时间:479ms	广东省	深圳市	这里是日志信息......
2024-02-19 03:54:35.583246	[INFO]	orders_service.py	响应时间:660ms	安徽省	阜阳市	这里是日志信息......
2024-02-19 03:54:35.583277	[INFO]	goods_manager.py	响应时间:396ms	山东省	青岛市	这里是日志信息......
2024-02-19 03:54:35.583288	[WARN]	orders_service.py	响应时间:609ms	重庆市	万州区	这里是日志信息......
2024-02-19 03:54:35.583300	[INFO]	goods_manager.py	响应时间:828ms	浙江省	杭州市	这里是日志信息......
2024-02-19 03:54:35.583312	[INFO]	shop_manager.py	响应时间:193ms	浙江省	杭州市	这里是日志信息......
2024-02-19 03:54:35.583331	[WARN]	event.py	响应时间:148ms	湖北省	恩施土家族苗族自治州	这里是日志信息......
2024-02-19 03:54:35.583343	[INFO]	user_manager.py	响应时间:424ms	北京市	丰台区	这里是日志信息......
2024-02-19 03:54:35.583354	[INFO]	orders_service.py	响应时间:223ms	上海市	普陀区	这里是日志信息......
2024-02-19 03:54:35.583366	[WARN]	shop_manager.py	响应时间:88ms	上海市	杨浦区	这里是日志信息......
2024-02-19 03:54:35.583377	[INFO]	user_manager.py	响应时间:1881ms	天津市	河西区	这里是日志信息......
2024-02-19 03:54:35.583426	[WARN]	base_network.py	响应时间:919ms	上海市	浦东新区	这里是日志信息......
2024-02-19 03:54:35.583438	[INFO]	event.py	响应时间:139ms	湖北省	荆州市	这里是日志信息......
2024-02-19 03:54:35.583449	[ERROR]	user_manager.py	响应时间:870ms	山东省	济南市	这里是日志信息......
2024-02-19 03:54:35.583461	[INFO]	user_manager.py	响应时间:563ms	浙江省	舟山市	这里是日志信息......
2024-02-19 03:54:35.583472	[INFO]	orders_service.py	响应时间:681ms	天津市	武清区	这里是日志信息......
2024-02-19 03:54:35.583513	[INFO]	orders_service.py	响应时间:793ms	浙江省	金华市	这里是日志信息......
2024-02-19 03:54:35.583526	[INFO]	base_network.py	响应时间:933ms	浙江省	嘉兴市	这里是日志信息......
2024-02-19 03:54:35.583537	[INFO]	event.py	响应时间:559ms	湖北省	武汉市	这里是日志信息......
2024-02-19 03:54:35.583548	[INFO]	goods_manager.py	响应时间:667ms	广东省	珠海市	这里是日志信息......
2024-02-19 03:54:35.583560	[INFO]	event.py	响应时间:784ms	湖北省	武汉市	这里是日志信息......
2024-02-19 03:54:35.583571	[INFO]	barcode_service.py	响应时间:888ms	江苏省	张家港市	这里是日志信息......
2024-02-19 03:54:35.583582	[INFO]	event.py	响应时间:519ms	上海市	黄浦区	这里是日志信息......
2024-02-19 03:54:35.583611	[INFO]	event.py	响应时间:862ms	湖北省	荆州市	这里是日志信息......
2024-02-19 03:54:35.583622	[INFO]	barcode_service.py	响应时间:518ms	北京市	海淀区	这里是日志信息......
2024-02-19 03:54:35.583633	[INFO]	barcode_service.py	响应时间:61ms	浙江省	湖州市	这里是日志信息......
2024-02-19 03:54:35.583644	[INFO]	shop_manager.py	响应时间:608ms	重庆市	万州区	这里是日志信息......
2024-02-19 03:54:35.583655	[INFO]	event.py	响应时间:255ms	北京市	昌平区	这里是日志信息......
2024-02-19 03:54:35.583666	[INFO]	user_manager.py	响应时间:417ms	北京市	海淀区	这里是日志信息......
2024-02-19 03:54:35.583678	[INFO]	orders_service.py	响应时间:599ms	湖北省	恩施土家族苗族自治州	这里是日志信息......
2024-02-19 03:54:35.583689	[INFO]	event.py	响应时间:638ms	江苏省	常州市	这里是日志信息......
2024-02-19 03:54:35.583699	[INFO]	base_network.py	响应时间:696ms	广东省	深圳市	这里是日志信息......
2024-02-19 03:54:35.583778	[INFO]	event.py	响应时间:716ms	北京市	丰台区	这里是日志信息......
2024-02-19 03:54:35.583797	[INFO]	event.py	响应时间:646ms	浙江省	杭州市	这里是日志信息......
2024-02-19 03:54:35.583809	[INFO]	user_manager.py	响应时间:529ms	江苏省	无锡市	这里是日志信息......
2024-02-19 03:54:35.583848	[INFO]	barcode_service.py	响应时间:506ms	湖南省	张家界市	这里是日志信息......
2024-02-19 03:54:35.583863	[INFO]	event.py	响应时间:907ms	浙江省	湖州市	这里是日志信息......
2024-02-19 03:54:35.583875	[WARN]	goods_manager.py	响应时间:338ms	广东省	广州市	这里是日志信息......
2024-02-19 03:54:35.583887	[WARN]	goods_manager.py	响应时间:612ms	上海市	普陀区	这里是日志信息......
2024-02-19 03:54:35.583900	[INFO]	event.py	响应时间:727ms	江苏省	无锡市	这里是日志信息......
2024-02-19 03:54:35.583911	[WARN]	user_manager.py	响应时间:6ms	上海市	杨浦区	这里是日志信息......
2024-02-19 03:54:35.583923	[INFO]	event.py	响应时间:1328ms	安徽省	阜阳市	这里是日志信息......
2024-02-19 03:54:35.583935	[INFO]	event.py	响应时间:592ms	广东省	深圳市	这里是日志信息......
2024-02-19 03:54:35.583946	[WARN]	orders_service.py	响应时间:921ms	浙江省	绍兴市	这里是日志信息......
2024-02-19 03:54:35.583957	[INFO]	shop_manager.py	响应时间:538ms	广东省	珠海市	这里是日志信息......
2024-02-19 03:54:35.583968	[ERROR]	user_manager.py	响应时间:418ms	天津市	河西区	这里是日志信息......
2024-02-19 03:54:35.583979	[INFO]	goods_manager.py	响应时间:140ms	山东省	济南市	这里是日志信息......
2024-02-19 03:54:35.584031	[INFO]	event.py	响应时间:436ms	重庆市	南岸区	这里是日志信息......
2024-02-19 03:54:35.584045	[WARN]	event.py	响应时间:705ms	江苏省	南京市	这里是日志信息......
2024-02-19 03:54:35.584056	[INFO]	user_manager.py	响应时间:862ms	湖北省	武汉市	这里是日志信息......
2024-02-19 03:54:35.584067	[INFO]	event.py	响应时间:351ms	广东省	广州市	这里是日志信息......
2024-02-19 03:54:35.584104	[INFO]	base_network.py	响应时间:952ms	天津市	宝坻区	这里是日志信息......
2024-02-19 03:54:35.584132	[INFO]	event.py	响应时间:420ms	安徽省	合肥市	这里是日志信息......
2024-02-19 03:54:35.584144	[INFO]	orders_service.py	响应时间:614ms	安徽省	铜陵市	这里是日志信息......
2024-02-19 03:54:35.584155	[WARN]	barcode_service.py	响应时间:931ms	湖南省	长沙市	这里是日志信息......
2024-02-19 03:54:35.584166	[INFO]	barcode_service.py	响应时间:1701ms	天津市	和平区	这里是日志信息......
2024-02-19 03:54:35.584178	[INFO]	event.py	响应时间:211ms	上海市	徐汇区	这里是日志信息......
2024-02-19 03:54:35.584189	[INFO]	orders_service.py	响应时间:492ms	上海市	杨浦区	这里是日志信息......
2024-02-19 03:54:35.584202	[ERROR]	event.py	响应时间:409ms	湖北省	恩施土家族苗族自治州	这里是日志信息......
2024-02-19 03:54:35.584214	[INFO]	user_manager.py	响应时间:286ms	重庆市	涪陵区	这里是日志信息......
2024-02-19 03:54:35.584225	[INFO]	orders_service.py	响应时间:237ms	湖南省	株洲市	这里是日志信息......
2024-02-19 03:54:35.584236	[ERROR]	user_manager.py	响应时间:867ms	重庆市	渝中区	这里是日志信息......
2024-02-19 03:54:35.584247	[INFO]	shop_manager.py	响应时间:38ms	天津市	宝坻区	这里是日志信息......
2024-02-19 03:54:35.584258	[INFO]	orders_service.py	响应时间:296ms	江苏省	南京市	这里是日志信息......
2024-02-19 03:54:35.584270	[INFO]	base_network.py	响应时间:800ms	重庆市	万州区	这里是日志信息......
2024-02-19 03:54:35.584280	[INFO]	user_manager.py	响应时间:818ms	北京市	海淀区	这里是日志信息......
2024-02-19 03:54:35.584379	[WARN]	goods_manager.py	响应时间:593ms	广东省	深圳市	这里是日志信息......
2024-02-19 03:54:35.584393	[INFO]	orders_service.py	响应时间:771ms	山东省	菏泽市	这里是日志信息......
2024-02-19 03:54:35.584405	[INFO]	base_network.py	响应时间:159ms	湖南省	株洲市	这里是日志信息......
2024-02-19 03:54:35.584416	[INFO]	goods_manager.py	响应时间:117ms	广东省	广州市	这里是日志信息......
2024-02-19 03:54:35.584429	[INFO]	orders_service.py	响应时间:405ms	湖北省	恩施土家族苗族自治州	这里是日志信息......
2024-02-19 03:54:35.584440	[INFO]	barcode_service.py	响应时间:877ms	浙江省	杭州市	这里是日志信息......
2024-02-19 03:54:35.584468	[INFO]	goods_manager.py	响应时间:330ms	山东省	青岛市	这里是日志信息......
2024-02-19 03:54:35.584501	[INFO]	goods_manager.py	响应时间:882ms	湖北省	荆州市	这里是日志信息......
2024-02-19 03:54:35.584512	[INFO]	event.py	响应时间:717ms	北京市	海淀区	这里是日志信息......
2024-02-19 03:54:35.584596	[INFO]	barcode_service.py	响应时间:465ms	北京市	丰台区	这里是日志信息......
2024-02-19 03:54:35.584615	[ERROR]	event.py	响应时间:190ms	天津市	和平区	这里是日志信息......
2024-02-19 03:54:35.584627	[WARN]	event.py	响应时间:887ms	重庆市	涪陵区	这里是日志信息......
2024-02-19 03:54:35.584639	[WARN]	goods_manager.py	响应时间:636ms	山东省	青岛市	这里是日志信息......
2024-02-19 03:54:35.584650	[INFO]	goods_manager.py	响应时间:273ms	重庆市	涪陵区	这里是日志信息......
2024-02-19 03:54:35.584708	[INFO]	shop_manager.py	响应时间:958ms	重庆市	万州区	这里是日志信息......
2024-02-19 03:54:35.584755	[INFO]	orders_service.py	响应时间:151ms	安徽省	合肥市	这里是日志信息......
2024-02-19 03:54:35.584787	[WARN]	base_network.py	响应时间:53ms	上海市	杨浦区	这里是日志信息......
2024-02-19 03:54:35.584799	[INFO]	goods_manager.py	响应时间:77ms	重庆市	沙坪坝区	这里是日志信息......
2024-02-19 03:54:35.584852	[INFO]	orders_service.py	响应时间:860ms	浙江省	绍兴市	这里是日志信息......
2024-02-19 03:54:35.584864	[INFO]	user_manager.py	响应时间:962ms	天津市	河西区	这里是日志信息......
2024-02-19 03:54:35.584877	[INFO]	goods_manager.py	响应时间:443ms	重庆市	沙坪坝区	这里是日志信息......
2024-02-19 03:54:35.584888	[INFO]	user_manager.py	响应时间:458ms	广东省	广州市	这里是日志信息......
2024-02-19 03:54:35.584963	[WARN]	goods_manager.py	响应时间:314ms	北京市	昌平区	这里是日志信息......
2024-02-19 03:54:35.585043	[INFO]	event.py	响应时间:294ms	湖南省	长沙市	这里是日志信息......
2024-02-19 03:54:35.585057	[INFO]	orders_service.py	响应时间:363ms	湖北省	武汉市	这里是日志信息......
2024-02-19 03:54:35.585094	[INFO]	event.py	响应时间:681ms	湖南省	长沙市	这里是日志信息......
2024-02-19 03:54:35.585192	[INFO]	goods_manager.py	响应时间:435ms	湖南省	益阳市	这里是日志信息......
2024-02-19 03:54:35.585218	[INFO]	user_manager.py	响应时间:106ms	湖北省	武汉市	这里是日志信息......
2024-02-19 03:54:35.585236	[ERROR]	barcode_service.py	响应时间:484ms	浙江省	金华市	这里是日志信息......
2024-02-19 03:54:35.585248	[INFO]	goods_manager.py	响应时间:404ms	北京市	怀柔区	这里是日志信息......
2024-02-19 03:54:35.585259	[WARN]	user_manager.py	响应时间:10ms	天津市	武清区	这里是日志信息......
2024-02-19 03:54:35.585271	[INFO]	user_manager.py	响应时间:975ms	山东省	济南市	这里是日志信息......
2024-02-19 03:54:35.585282	[INFO]	user_manager.py	响应时间:900ms	湖南省	长沙市	这里是日志信息......
2024-02-19 03:54:35.585294	[INFO]	barcode_service.py	响应时间:489ms	湖北省	武汉市	这里是日志信息......
2024-02-19 03:54:35.585305	[INFO]	goods_manager.py	响应时间:6237ms	天津市	河东区	这里是日志信息......
2024-02-19 03:54:35.585316	[INFO]	barcode_service.py	响应时间:933ms	浙江省	绍兴市	这里是日志信息......
2024-02-19 03:54:35.585443	[INFO]	event.py	响应时间:770ms	重庆市	南岸区	这里是日志信息......
2024-02-19 03:54:35.585498	[INFO]	event.py	响应时间:136ms	天津市	和平区	这里是日志信息......
2024-02-19 03:54:35.585511	[WARN]	goods_manager.py	响应时间:641ms	安徽省	阜阳市	这里是日志信息......
2024-02-19 03:54:35.585523	[INFO]	goods_manager.py	响应时间:38ms	浙江省	舟山市	这里是日志信息......
2024-02-19 03:54:35.585615	[INFO]	event.py	响应时间:733ms	上海市	黄浦区	这里是日志信息......
2024-02-19 03:54:35.585634	[INFO]	barcode_service.py	响应时间:612ms	安徽省	阜阳市	这里是日志信息......
2024-02-19 03:54:35.585646	[INFO]	base_network.py	响应时间:671ms	山东省	青岛市	这里是日志信息......
2024-02-19 03:54:35.585657	[INFO]	event.py	响应时间:378ms	重庆市	南岸区	这里是日志信息......
2024-02-19 03:54:35.585756	[INFO]	goods_manager.py	响应时间:885ms	山东省	菏泽市	这里是日志信息......
2024-02-19 03:54:35.585772	[INFO]	base_network.py	响应时间:310ms	广东省	广州市	这里是日志信息......
2024-02-19 03:54:35.585783	[WARN]	goods_manager.py	响应时间:117ms	上海市	浦东新区	这里是日志信息......
2024-02-19 03:54:35.585794	[INFO]	user_manager.py	响应时间:255ms	湖南省	益阳市	这里是日志信息......
2024-02-19 03:54:35.585807	[ERROR]	barcode_service.py	响应时间:646ms	江苏省	苏州市	这里是日志信息......
2024-02-19 03:54:35.585819	[INFO]	event.py	响应时间:143ms	上海市	浦东新区	这里是日志信息......
2024-02-19 03:54:35.585830	[INFO]	event.py	响应时间:541ms	山东省	青岛市	这里是日志信息......
2024-02-19 03:54:35.585841	[INFO]	base_network.py	响应时间:210ms	湖南省	长沙市	这里是日志信息......
2024-02-19 03:54:35.585875	[INFO]	goods_manager.py	响应时间:723ms	浙江省	舟山市	这里是日志信息......
2024-02-19 03:54:35.585888	[INFO]	user_manager.py	响应时间:633ms	山东省	济南市	这里是日志信息......
2024-02-19 03:54:35.585899	[INFO]	orders_service.py	响应时间:78ms	天津市	河西区	这里是日志信息......
2024-02-19 03:54:35.585911	[INFO]	orders_service.py	响应时间:504ms	浙江省	嘉兴市	这里是日志信息......
2024-02-19 03:54:35.585952	[INFO]	event.py	响应时间:132ms	天津市	宝坻区	这里是日志信息......
2024-02-19 03:54:35.586011	[INFO]	goods_manager.py	响应时间:923ms	浙江省	舟山市	这里是日志信息......
2024-02-19 03:54:35.586076	[WARN]	orders_service.py	响应时间:337ms	江苏省	南京市	这里是日志信息......
2024-02-19 03:54:35.586093	[WARN]	base_network.py	响应时间:965ms	上海市	徐汇区	这里是日志信息......
2024-02-19 03:54:35.586114	[INFO]	base_network.py	响应时间:674ms	安徽省	六安市	这里是日志信息......
2024-02-19 03:54:35.586127	[WARN]	barcode_service.py	响应时间:560ms	北京市	怀柔区	这里是日志信息......
2024-02-19 03:54:35.586138	[WARN]	shop_manager.py	响应时间:332ms	上海市	黄浦区	这里是日志信息......
2024-02-19 03:54:35.586150	[INFO]	event.py	响应时间:304ms	上海市	普陀区	这里是日志信息......
2024-02-19 03:54:35.586161	[INFO]	barcode_service.py	响应时间:561ms	安徽省	阜阳市	这里是日志信息......
2024-02-19 03:54:35.586227	[INFO]	goods_manager.py	响应时间:464ms	湖南省	长沙市	这里是日志信息......
2024-02-19 03:54:35.586336	[INFO]	event.py	响应时间:566ms	安徽省	六安市	这里是日志信息......
2024-02-19 03:54:35.586365	[INFO]	event.py	响应时间:867ms	上海市	徐汇区	这里是日志信息......
2024-02-19 03:54:35.586420	[INFO]	barcode_service.py	响应时间:348ms	湖南省	常德市	这里是日志信息......
2024-02-19 03:54:35.586436	[INFO]	event.py	响应时间:164ms	北京市	大兴区	这里是日志信息......
2024-02-19 03:54:35.586448	[INFO]	barcode_service.py	响应时间:297ms	天津市	和平区	这里是日志信息......
2024-02-19 03:54:35.586459	[INFO]	orders_service.py	响应时间:863ms	湖北省	武汉市	这里是日志信息......
2024-02-19 03:54:35.586472	[INFO]	event.py	响应时间:299ms	北京市	丰台区	这里是日志信息......
2024-02-19 03:54:35.586483	[INFO]	goods_manager.py	响应时间:332ms	湖北省	武汉市	这里是日志信息......
2024-02-19 03:54:35.586561	[INFO]	event.py	响应时间:20ms	浙江省	绍兴市	这里是日志信息......
2024-02-19 03:54:35.586617	[INFO]	goods_manager.py	响应时间:562ms	天津市	河东区	这里是日志信息......
2024-02-19 03:54:35.586662	[ERROR]	event.py	响应时间:913ms	安徽省	阜阳市	这里是日志信息......
2024-02-19 03:54:35.586674	[INFO]	base_network.py	响应时间:979ms	北京市	海淀区	这里是日志信息......
2024-02-19 03:54:35.586685	[ERROR]	base_network.py	响应时间:197ms	北京市	怀柔区	这里是日志信息......
2024-02-19 03:54:35.586696	[INFO]	user_manager.py	响应时间:507ms	上海市	浦东新区	这里是日志信息......
2024-02-19 03:54:35.586707	[INFO]	base_network.py	响应时间:82ms	北京市	昌平区	这里是日志信息......
