2024-02-19 03:54:38.641738	[INFO]	orders_service.py	响应时间:208ms	北京市	昌平区	这里是日志信息......
2024-02-19 03:54:38.641868	[INFO]	base_network.py	响应时间:601ms	山东省	济南市	这里是日志信息......
2024-02-19 03:54:38.641922	[INFO]	barcode_service.py	响应时间:92ms	湖南省	长沙市	这里是日志信息......
2024-02-19 03:54:38.641987	[INFO]	event.py	响应时间:794ms	重庆市	九龙坡区	这里是日志信息......
2024-02-19 03:54:38.642038	[INFO]	event.py	响应时间:332ms	广东省	广州市	这里是日志信息......
2024-02-19 03:54:38.642081	[INFO]	barcode_service.py	响应时间:153ms	湖南省	长沙市	这里是日志信息......
2024-02-19 03:54:38.642122	[WARN]	orders_service.py	响应时间:593ms	江苏省	常州市	这里是日志信息......
2024-02-19 03:54:38.642151	[ERROR]	goods_manager.py	响应时间:4815ms	湖南省	长沙市	这里是日志信息......
2024-02-19 03:54:38.642171	[INFO]	user_manager.py	响应时间:776ms	北京市	大兴区	这里是日志信息......
2024-02-19 03:54:38.642191	[ERROR]	event.py	响应时间:458ms	江苏省	无锡市	这里是日志信息......
2024-02-19 03:54:38.642211	[INFO]	goods_manager.py	响应时间:473ms	山东省	青岛市	这里是日志信息......
2024-02-19 03:54:38.642233	[INFO]	orders_service.py	响应时间:470ms	安徽省	芜湖市	这里是日志信息......
2024-02-19 03:54:38.642253	[INFO]	orders_service.py	响应时间:443ms	湖南省	长沙市	这里是日志信息......
2024-02-19 03:54:38.642275	[INFO]	orders_service.py	响应时间:243ms	江苏省	苏州市	这里是日志信息......
2024-02-19 03:54:38.642296	[INFO]	orders_service.py	响应时间:322ms	北京市	丰台区	这里是日志信息......
2024-02-19 03:54:38.642315	[INFO]	event.py	响应时间:621ms	浙江省	绍兴市	这里是日志信息......
2024-02-19 03:54:38.642334	[INFO]	orders_service.py	响应时间:595ms	安徽省	阜阳市	这里是日志信息......
2024-02-19 03:54:38.642354	[INFO]	goods_manager.py	响应时间:412ms	重庆市	万州区	这里是日志信息......
2024-02-19 03:54:38.642373	[INFO]	goods_manager.py	响应时间:97ms	江苏省	苏州市	这里是日志信息......
2024-02-19 03:54:38.642393	[INFO]	user_manager.py	响应时间:577ms	江苏省	南京市	这里是日志信息......
2024-02-19 03:54:38.642412	[INFO]	event.py	响应时间:865ms	天津市	和平区	这里是日志信息......
2024-02-19 03:54:38.642432	[INFO]	orders_service.py	响应时间:898ms	天津市	武清区	这里是日志信息......
2024-02-19 03:54:38.642453	[INFO]	event.py	响应时间:508ms	浙江省	湖州市	这里是日志信息......
2024-02-19 03:54:38.642472	[INFO]	event.py	响应时间:282ms	上海市	徐汇区	这里是日志信息......
2024-02-19 03:54:38.642493	[INFO]	base_network.py	响应时间:69ms	广东省	深圳市	这里是日志信息......
2024-02-19 03:54:38.642513	[INFO]	shop_manager.py	响应时间:306ms	广东省	广州市	这里是日志信息......
2024-02-19 03:54:38.642533	[INFO]	event.py	响应时间:213ms	广东省	珠海市	这里是日志信息......
2024-02-19 03:54:38.642554	[INFO]	barcode_service.py	响应时间:882ms	江苏省	南京市	这里是日志信息......
2024-02-19 03:54:38.642573	[INFO]	user_manager.py	响应时间:136ms	湖南省	长沙市	这里是日志信息......
2024-02-19 03:54:38.642593	[WARN]	event.py	响应时间:514ms	上海市	杨浦区	这里是日志信息......
2024-02-19 03:54:38.642612	[INFO]	orders_service.py	响应时间:51ms	湖北省	恩施土家族苗族自治州	这里是日志信息......
2024-02-19 03:54:38.642632	[INFO]	shop_manager.py	响应时间:913ms	江苏省	苏州市	这里是日志信息......
2024-02-19 03:54:38.642652	[INFO]	shop_manager.py	响应时间:8141ms	天津市	河东区	这里是日志信息......
2024-02-19 03:54:38.642680	[INFO]	event.py	响应时间:442ms	安徽省	六安市	这里是日志信息......
2024-02-19 03:54:38.642701	[WARN]	user_manager.py	响应时间:571ms	安徽省	六安市	这里是日志信息......
2024-02-19 03:54:38.642720	[INFO]	base_network.py	响应时间:634ms	上海市	静安区	这里是日志信息......
2024-02-19 03:54:38.642739	[ERROR]	event.py	响应时间:296ms	重庆市	沙坪坝区	这里是日志信息......
2024-02-19 03:54:38.642758	[INFO]	goods_manager.py	响应时间:823ms	山东省	菏泽市	这里是日志信息......
2024-02-19 03:54:38.642777	[ERROR]	orders_service.py	响应时间:597ms	北京市	丰台区	这里是日志信息......
2024-02-19 03:54:38.642827	[INFO]	orders_service.py	响应时间:203ms	广东省	深圳市	这里是日志信息......
2024-02-19 03:54:38.642865	[WARN]	orders_service.py	响应时间:891ms	北京市	大兴区	这里是日志信息......
2024-02-19 03:54:38.642887	[INFO]	goods_manager.py	响应时间:612ms	浙江省	嘉兴市	这里是日志信息......
2024-02-19 03:54:38.642907	[INFO]	barcode_service.py	响应时间:168ms	山东省	青岛市	这里是日志信息......
2024-02-19 03:54:38.642927	[INFO]	orders_service.py	响应时间:544ms	浙江省	丽水市	这里是日志信息......
2024-02-19 03:54:38.642946	[INFO]	orders_service.py	响应时间:35ms	山东省	青岛市	这里是日志信息......
2024-02-19 03:54:38.642966	[INFO]	event.py	响应时间:322ms	湖北省	武汉市	这里是日志信息......
2024-02-19 03:54:38.642985	[INFO]	user_manager.py	响应时间:909ms	山东省	青岛市	这里是日志信息......
2024-02-19 03:54:38.643004	[INFO]	barcode_service.py	响应时间:8183ms	天津市	河东区	这里是日志信息......
2024-02-19 03:54:38.643024	[INFO]	event.py	响应时间:989ms	山东省	青岛市	这里是日志信息......
2024-02-19 03:54:38.643043	[INFO]	goods_manager.py	响应时间:561ms	湖南省	长沙市	这里是日志信息......
2024-02-19 03:54:38.643061	[WARN]	event.py	响应时间:4173ms	广东省	广州市	这里是日志信息......
2024-02-19 03:54:38.643081	[INFO]	goods_manager.py	响应时间:3552ms	广东省	广州市	这里是日志信息......
2024-02-19 03:54:38.643100	[INFO]	event.py	响应时间:827ms	广东省	深圳市	这里是日志信息......
2024-02-19 03:54:38.643119	[INFO]	shop_manager.py	响应时间:457ms	上海市	浦东新区	这里是日志信息......
2024-02-19 03:54:38.643139	[INFO]	base_network.py	响应时间:193ms	安徽省	合肥市	这里是日志信息......
2024-02-19 03:54:38.643159	[INFO]	user_manager.py	响应时间:706ms	上海市	宝山区	这里是日志信息......
2024-02-19 03:54:38.643178	[WARN]	barcode_service.py	响应时间:874ms	上海市	宝山区	这里是日志信息......
2024-02-19 03:54:38.643197	[INFO]	barcode_service.py	响应时间:201ms	山东省	济南市	这里是日志信息......
2024-02-19 03:54:38.643216	[ERROR]	orders_service.py	响应时间:669ms	广东省	广州市	这里是日志信息......
2024-02-19 03:54:38.643235	[WARN]	event.py	响应时间:430ms	湖北省	十堰市	这里是日志信息......
2024-02-19 03:54:38.643254	[INFO]	orders_service.py	响应时间:449ms	湖北省	武汉市	这里是日志信息......
2024-02-19 03:54:38.643272	[INFO]	barcode_service.py	响应时间:617ms	北京市	海淀区	这里是日志信息......
2024-02-19 03:54:38.643291	[INFO]	user_manager.py	响应时间:906ms	山东省	济南市	这里是日志信息......
2024-02-19 03:54:38.643309	[INFO]	base_network.py	响应时间:458ms	江苏省	宿迁市	这里是日志信息......
2024-02-19 03:54:38.643328	[INFO]	orders_service.py	响应时间:966ms	山东省	青岛市	这里是日志信息......
2024-02-19 03:54:38.643348	[WARN]	goods_manager.py	响应时间:653ms	重庆市	南岸区	这里是日志信息......
2024-02-19 03:54:38.643367	[INFO]	event.py	响应时间:719ms	浙江省	杭州市	这里是日志信息......
2024-02-19 03:54:38.643386	[INFO]	event.py	响应时间:63ms	浙江省	杭州市	这里是日志信息......
2024-02-19 03:54:38.643405	[INFO]	barcode_service.py	响应时间:623ms	安徽省	合肥市	这里是日志信息......
2024-02-19 03:54:38.643424	[INFO]	barcode_service.py	响应时间:758ms	上海市	普陀区	这里是日志信息......
2024-02-19 03:54:38.643443	[INFO]	shop_manager.py	响应时间:705ms	天津市	河西区	这里是日志信息......
2024-02-19 03:54:38.643616	[INFO]	event.py	响应时间:403ms	重庆市	渝中区	这里是日志信息......
2024-02-19 03:54:38.643645	[WARN]	base_network.py	响应时间:58ms	上海市	普陀区	这里是日志信息......
2024-02-19 03:54:38.643665	[INFO]	orders_service.py	响应时间:933ms	山东省	青岛市	这里是日志信息......
2024-02-19 03:54:38.643684	[INFO]	shop_manager.py	响应时间:455ms	湖南省	常德市	这里是日志信息......
2024-02-19 03:54:38.643703	[WARN]	orders_service.py	响应时间:438ms	安徽省	合肥市	这里是日志信息......
2024-02-19 03:54:38.643723	[INFO]	event.py	响应时间:94ms	广东省	深圳市	这里是日志信息......
2024-02-19 03:54:38.643741	[INFO]	orders_service.py	响应时间:436ms	上海市	黄浦区	这里是日志信息......
2024-02-19 03:54:38.643761	[ERROR]	orders_service.py	响应时间:319ms	北京市	丰台区	这里是日志信息......
2024-02-19 03:54:38.643780	[INFO]	goods_manager.py	响应时间:960ms	湖南省	长沙市	这里是日志信息......
2024-02-19 03:54:38.643799	[INFO]	shop_manager.py	响应时间:366ms	上海市	静安区	这里是日志信息......
2024-02-19 03:54:38.643818	[INFO]	orders_service.py	响应时间:734ms	山东省	济南市	这里是日志信息......
2024-02-19 03:54:38.643837	[WARN]	shop_manager.py	响应时间:123ms	天津市	和平区	这里是日志信息......
2024-02-19 03:54:38.643862	[INFO]	barcode_service.py	响应时间:372ms	北京市	海淀区	这里是日志信息......
2024-02-19 03:54:38.643881	[INFO]	base_network.py	响应时间:960ms	浙江省	湖州市	这里是日志信息......
2024-02-19 03:54:38.643900	[INFO]	user_manager.py	响应时间:409ms	山东省	青岛市	这里是日志信息......
2024-02-19 03:54:38.643918	[INFO]	orders_service.py	响应时间:683ms	上海市	普陀区	这里是日志信息......
2024-02-19 03:54:38.643937	[INFO]	event.py	响应时间:556ms	北京市	海淀区	这里是日志信息......
2024-02-19 03:54:38.643956	[INFO]	barcode_service.py	响应时间:601ms	广东省	广州市	这里是日志信息......
2024-02-19 03:54:38.643975	[INFO]	goods_manager.py	响应时间:336ms	重庆市	渝中区	这里是日志信息......
2024-02-19 03:54:38.643993	[INFO]	goods_manager.py	响应时间:24ms	江苏省	苏州市	这里是日志信息......
2024-02-19 03:54:38.644027	[WARN]	user_manager.py	响应时间:451ms	上海市	宝山区	这里是日志信息......
2024-02-19 03:54:38.644046	[INFO]	barcode_service.py	响应时间:333ms	广东省	广州市	这里是日志信息......
2024-02-19 03:54:38.644064	[INFO]	orders_service.py	响应时间:970ms	广东省	深圳市	这里是日志信息......
2024-02-19 03:54:38.644083	[INFO]	event.py	响应时间:597ms	天津市	河西区	这里是日志信息......
2024-02-19 03:54:38.644101	[INFO]	goods_manager.py	响应时间:320ms	重庆市	涪陵区	这里是日志信息......
2024-02-19 03:54:38.644126	[INFO]	event.py	响应时间:255ms	湖南省	益阳市	这里是日志信息......
2024-02-19 03:54:38.644158	[INFO]	goods_manager.py	响应时间:373ms	重庆市	万州区	这里是日志信息......
2024-02-19 03:54:38.644177	[INFO]	orders_service.py	响应时间:698ms	北京市	昌平区	这里是日志信息......
2024-02-19 03:54:38.644209	[INFO]	barcode_service.py	响应时间:72ms	湖北省	恩施土家族苗族自治州	这里是日志信息......
2024-02-19 03:54:38.644228	[INFO]	goods_manager.py	响应时间:640ms	重庆市	万州区	这里是日志信息......
2024-02-19 03:54:38.644246	[INFO]	orders_service.py	响应时间:879ms	重庆市	沙坪坝区	这里是日志信息......
2024-02-19 03:54:38.644270	[INFO]	goods_manager.py	响应时间:229ms	湖北省	武汉市	这里是日志信息......
2024-02-19 03:54:38.644290	[INFO]	shop_manager.py	响应时间:901ms	湖南省	张家界市	这里是日志信息......
2024-02-19 03:54:38.644309	[INFO]	event.py	响应时间:123ms	安徽省	合肥市	这里是日志信息......
2024-02-19 03:54:38.644328	[INFO]	event.py	响应时间:227ms	山东省	青岛市	这里是日志信息......
2024-02-19 03:54:38.644348	[INFO]	shop_manager.py	响应时间:84ms	湖北省	十堰市	这里是日志信息......
2024-02-19 03:54:38.644367	[INFO]	barcode_service.py	响应时间:961ms	浙江省	湖州市	这里是日志信息......
2024-02-19 03:54:38.644393	[WARN]	goods_manager.py	响应时间:951ms	湖南省	长沙市	这里是日志信息......
2024-02-19 03:54:38.644413	[INFO]	user_manager.py	响应时间:664ms	上海市	静安区	这里是日志信息......
2024-02-19 03:54:38.644432	[INFO]	base_network.py	响应时间:788ms	湖北省	武汉市	这里是日志信息......
2024-02-19 03:54:38.644451	[INFO]	base_network.py	响应时间:546ms	天津市	和平区	这里是日志信息......
2024-02-19 03:54:38.644470	[WARN]	event.py	响应时间:428ms	湖南省	张家界市	这里是日志信息......
2024-02-19 03:54:38.644488	[INFO]	goods_manager.py	响应时间:212ms	广东省	珠海市	这里是日志信息......
2024-02-19 03:54:38.644514	[INFO]	goods_manager.py	响应时间:7ms	浙江省	嘉兴市	这里是日志信息......
2024-02-19 03:54:38.644533	[INFO]	goods_manager.py	响应时间:630ms	浙江省	绍兴市	这里是日志信息......
2024-02-19 03:54:38.644553	[INFO]	event.py	响应时间:290ms	天津市	和平区	这里是日志信息......
2024-02-19 03:54:38.644572	[INFO]	goods_manager.py	响应时间:84ms	浙江省	湖州市	这里是日志信息......
2024-02-19 03:54:38.644598	[INFO]	shop_manager.py	响应时间:78ms	湖北省	武汉市	这里是日志信息......
2024-02-19 03:54:38.644617	[INFO]	user_manager.py	响应时间:599ms	浙江省	丽水市	这里是日志信息......
2024-02-19 03:54:38.644636	[WARN]	orders_service.py	响应时间:823ms	浙江省	绍兴市	这里是日志信息......
2024-02-19 03:54:38.644655	[INFO]	goods_manager.py	响应时间:191ms	浙江省	金华市	这里是日志信息......
2024-02-19 03:54:38.644679	[INFO]	user_manager.py	响应时间:523ms	江苏省	南京市	这里是日志信息......
2024-02-19 03:54:38.644698	[INFO]	orders_service.py	响应时间:137ms	上海市	杨浦区	这里是日志信息......
2024-02-19 03:54:38.644735	[INFO]	orders_service.py	响应时间:906ms	重庆市	沙坪坝区	这里是日志信息......
2024-02-19 03:54:38.644755	[WARN]	event.py	响应时间:402ms	湖北省	武汉市	这里是日志信息......
2024-02-19 03:54:38.644775	[INFO]	user_manager.py	响应时间:514ms	北京市	海淀区	这里是日志信息......
2024-02-19 03:54:38.644793	[WARN]	goods_manager.py	响应时间:425ms	上海市	静安区	这里是日志信息......
2024-02-19 03:54:38.644812	[INFO]	goods_manager.py	响应时间:880ms	天津市	宝坻区	这里是日志信息......
2024-02-19 03:54:38.644831	[INFO]	user_manager.py	响应时间:0ms	湖南省	长沙市	这里是日志信息......
2024-02-19 03:54:38.644849	[INFO]	barcode_service.py	响应时间:658ms	北京市	朝阳区	这里是日志信息......
2024-02-19 03:54:38.644868	[INFO]	event.py	响应时间:846ms	山东省	济南市	这里是日志信息......
2024-02-19 03:54:38.644887	[INFO]	event.py	响应时间:935ms	湖北省	恩施土家族苗族自治州	这里是日志信息......
2024-02-19 03:54:38.644905	[WARN]	barcode_service.py	响应时间:979ms	北京市	丰台区	这里是日志信息......
2024-02-19 03:54:38.644924	[INFO]	shop_manager.py	响应时间:828ms	江苏省	无锡市	这里是日志信息......
2024-02-19 03:54:38.644944	[INFO]	orders_service.py	响应时间:708ms	江苏省	南京市	这里是日志信息......
2024-02-19 03:54:38.644963	[INFO]	event.py	响应时间:982ms	江苏省	苏州市	这里是日志信息......
2024-02-19 03:54:38.644982	[INFO]	orders_service.py	响应时间:634ms	湖南省	常德市	这里是日志信息......
2024-02-19 03:54:38.645001	[INFO]	goods_manager.py	响应时间:219ms	江苏省	南京市	这里是日志信息......
2024-02-19 03:54:38.645019	[WARN]	event.py	响应时间:344ms	上海市	杨浦区	这里是日志信息......
2024-02-19 03:54:38.645079	[INFO]	event.py	响应时间:326ms	湖北省	恩施土家族苗族自治州	这里是日志信息......
2024-02-19 03:54:38.645102	[INFO]	orders_service.py	响应时间:148ms	湖北省	荆州市	这里是日志信息......
2024-02-19 03:54:38.645121	[INFO]	event.py	响应时间:2919ms	浙江省	丽水市	这里是日志信息......
2024-02-19 03:54:38.645141	[INFO]	orders_service.py	响应时间:225ms	上海市	浦东新区	这里是日志信息......
2024-02-19 03:54:38.645160	[INFO]	orders_service.py	响应时间:333ms	北京市	怀柔区	这里是日志信息......
2024-02-19 03:54:38.645179	[INFO]	event.py	响应时间:83ms	天津市	宝坻区	这里是日志信息......
2024-02-19 03:54:38.645198	[INFO]	barcode_service.py	响应时间:142ms	天津市	和平区	这里是日志信息......
2024-02-19 03:54:38.645216	[INFO]	orders_service.py	响应时间:970ms	天津市	河东区	这里是日志信息......
2024-02-19 03:54:38.645235	[INFO]	barcode_service.py	响应时间:160ms	上海市	静安区	这里是日志信息......
2024-02-19 03:54:38.645254	[INFO]	barcode_service.py	响应时间:760ms	安徽省	合肥市	这里是日志信息......
2024-02-19 03:54:38.645273	[INFO]	shop_manager.py	响应时间:161ms	浙江省	杭州市	这里是日志信息......
2024-02-19 03:54:38.645292	[INFO]	base_network.py	响应时间:292ms	湖北省	武汉市	这里是日志信息......
2024-02-19 03:54:38.645311	[INFO]	goods_manager.py	响应时间:671ms	重庆市	渝中区	这里是日志信息......
2024-02-19 03:54:38.645329	[INFO]	event.py	响应时间:820ms	山东省	青岛市	这里是日志信息......
2024-02-19 03:54:38.645348	[INFO]	orders_service.py	响应时间:815ms	湖北省	武汉市	这里是日志信息......
2024-02-19 03:54:38.645367	[INFO]	base_network.py	响应时间:65ms	上海市	杨浦区	这里是日志信息......
2024-02-19 03:54:38.645386	[INFO]	barcode_service.py	响应时间:35ms	湖北省	武汉市	这里是日志信息......
2024-02-19 03:54:38.645404	[INFO]	goods_manager.py	响应时间:643ms	江苏省	宿迁市	这里是日志信息......
2024-02-19 03:54:38.645423	[WARN]	barcode_service.py	响应时间:546ms	山东省	济南市	这里是日志信息......
2024-02-19 03:54:38.645442	[INFO]	user_manager.py	响应时间:920ms	安徽省	阜阳市	这里是日志信息......
2024-02-19 03:54:38.645461	[INFO]	base_network.py	响应时间:91ms	重庆市	沙坪坝区	这里是日志信息......
2024-02-19 03:54:38.645480	[INFO]	barcode_service.py	响应时间:419ms	山东省	菏泽市	这里是日志信息......
2024-02-19 03:54:38.645499	[WARN]	orders_service.py	响应时间:559ms	上海市	徐汇区	这里是日志信息......
2024-02-19 03:54:38.645518	[INFO]	orders_service.py	响应时间:617ms	上海市	宝山区	这里是日志信息......
2024-02-19 03:54:38.645537	[INFO]	goods_manager.py	响应时间:979ms	重庆市	万州区	这里是日志信息......
2024-02-19 03:54:38.645555	[INFO]	barcode_service.py	响应时间:261ms	天津市	宝坻区	这里是日志信息......
2024-02-19 03:54:38.645574	[INFO]	event.py	响应时间:183ms	重庆市	万州区	这里是日志信息......
2024-02-19 03:54:38.645593	[INFO]	goods_manager.py	响应时间:738ms	重庆市	渝中区	这里是日志信息......
2024-02-19 03:54:38.645611	[INFO]	event.py	响应时间:272ms	浙江省	舟山市	这里是日志信息......
2024-02-19 03:54:38.645630	[INFO]	orders_service.py	响应时间:8687ms	重庆市	渝中区	这里是日志信息......
2024-02-19 03:54:38.645649	[INFO]	shop_manager.py	响应时间:121ms	北京市	怀柔区	这里是日志信息......
2024-02-19 03:54:38.645668	[INFO]	barcode_service.py	响应时间:589ms	天津市	河西区	这里是日志信息......
2024-02-19 03:54:38.645688	[INFO]	orders_service.py	响应时间:580ms	广东省	深圳市	这里是日志信息......
2024-02-19 03:54:38.645706	[INFO]	goods_manager.py	响应时间:48ms	湖北省	武汉市	这里是日志信息......
2024-02-19 03:54:38.645726	[INFO]	event.py	响应时间:952ms	广东省	深圳市	这里是日志信息......
2024-02-19 03:54:38.645744	[INFO]	orders_service.py	响应时间:7964ms	天津市	宝坻区	这里是日志信息......
2024-02-19 03:54:38.645763	[INFO]	event.py	响应时间:323ms	天津市	和平区	这里是日志信息......
2024-02-19 03:54:38.645783	[INFO]	barcode_service.py	响应时间:627ms	江苏省	南京市	这里是日志信息......
2024-02-19 03:54:38.645802	[ERROR]	event.py	响应时间:218ms	安徽省	芜湖市	这里是日志信息......
2024-02-19 03:54:38.645821	[INFO]	orders_service.py	响应时间:891ms	安徽省	池州市	这里是日志信息......
2024-02-19 03:54:38.645840	[INFO]	goods_manager.py	响应时间:114ms	北京市	海淀区	这里是日志信息......
2024-02-19 03:54:38.645858	[INFO]	barcode_service.py	响应时间:266ms	广东省	深圳市	这里是日志信息......
2024-02-19 03:54:38.645877	[WARN]	barcode_service.py	响应时间:380ms	浙江省	杭州市	这里是日志信息......
2024-02-19 03:54:38.645895	[INFO]	event.py	响应时间:324ms	安徽省	阜阳市	这里是日志信息......
2024-02-19 03:54:38.645914	[INFO]	orders_service.py	响应时间:494ms	上海市	浦东新区	这里是日志信息......
2024-02-19 03:54:38.645933	[INFO]	event.py	响应时间:307ms	天津市	河东区	这里是日志信息......
2024-02-19 03:54:38.645952	[INFO]	event.py	响应时间:864ms	江苏省	南京市	这里是日志信息......
2024-02-19 03:54:38.645970	[INFO]	goods_manager.py	响应时间:504ms	重庆市	沙坪坝区	这里是日志信息......
2024-02-19 03:54:38.645989	[INFO]	event.py	响应时间:969ms	广东省	深圳市	这里是日志信息......
2024-02-19 03:54:38.646007	[INFO]	event.py	响应时间:743ms	重庆市	万州区	这里是日志信息......
2024-02-19 03:54:38.646026	[INFO]	goods_manager.py	响应时间:448ms	广东省	广州市	这里是日志信息......
2024-02-19 03:54:38.646045	[INFO]	event.py	响应时间:853ms	天津市	和平区	这里是日志信息......
2024-02-19 03:54:38.646064	[INFO]	orders_service.py	响应时间:874ms	重庆市	九龙坡区	这里是日志信息......
2024-02-19 03:54:38.646083	[INFO]	goods_manager.py	响应时间:111ms	浙江省	湖州市	这里是日志信息......
2024-02-19 03:54:38.646102	[INFO]	user_manager.py	响应时间:816ms	天津市	河西区	这里是日志信息......
2024-02-19 03:54:38.646121	[INFO]	goods_manager.py	响应时间:443ms	浙江省	绍兴市	这里是日志信息......
2024-02-19 03:54:38.646140	[INFO]	orders_service.py	响应时间:441ms	江苏省	苏州市	这里是日志信息......
2024-02-19 03:54:38.646159	[INFO]	event.py	响应时间:5209ms	湖北省	恩施土家族苗族自治州	这里是日志信息......
2024-02-19 03:54:38.646178	[INFO]	base_network.py	响应时间:226ms	安徽省	六安市	这里是日志信息......
2024-02-19 03:54:38.646196	[INFO]	event.py	响应时间:601ms	湖南省	长沙市	这里是日志信息......
2024-02-19 03:54:38.646215	[INFO]	barcode_service.py	响应时间:468ms	浙江省	舟山市	这里是日志信息......
2024-02-19 03:54:38.646234	[INFO]	barcode_service.py	响应时间:831ms	广东省	珠海市	这里是日志信息......
2024-02-19 03:54:38.646253	[INFO]	orders_service.py	响应时间:339ms	山东省	济南市	这里是日志信息......
2024-02-19 03:54:38.646271	[ERROR]	base_network.py	响应时间:120ms	湖南省	长沙市	这里是日志信息......
2024-02-19 03:54:38.646291	[INFO]	user_manager.py	响应时间:115ms	天津市	河西区	这里是日志信息......
2024-02-19 03:54:38.646309	[WARN]	event.py	响应时间:552ms	山东省	济南市	这里是日志信息......
2024-02-19 03:54:38.646328	[INFO]	event.py	响应时间:536ms	江苏省	苏州市	这里是日志信息......
2024-02-19 03:54:38.646347	[INFO]	base_network.py	响应时间:63ms	江苏省	南京市	这里是日志信息......
2024-02-19 03:54:38.646366	[ERROR]	orders_service.py	响应时间:8383ms	上海市	杨浦区	这里是日志信息......
2024-02-19 03:54:38.646385	[INFO]	base_network.py	响应时间:302ms	广东省	广州市	这里是日志信息......
2024-02-19 03:54:38.646444	[INFO]	shop_manager.py	响应时间:31ms	山东省	济南市	这里是日志信息......
2024-02-19 03:54:38.646468	[INFO]	user_manager.py	响应时间:490ms	湖北省	武汉市	这里是日志信息......
2024-02-19 03:54:38.646487	[INFO]	goods_manager.py	响应时间:552ms	广东省	广州市	这里是日志信息......
2024-02-19 03:54:38.646505	[ERROR]	user_manager.py	响应时间:752ms	广东省	珠海市	这里是日志信息......
2024-02-19 03:54:38.646524	[WARN]	orders_service.py	响应时间:368ms	北京市	朝阳区	这里是日志信息......
2024-02-19 03:54:38.646543	[INFO]	base_network.py	响应时间:852ms	广东省	广州市	这里是日志信息......
2024-02-19 03:54:38.646562	[INFO]	orders_service.py	响应时间:107ms	湖南省	长沙市	这里是日志信息......
2024-02-19 03:54:38.646581	[INFO]	orders_service.py	响应时间:799ms	重庆市	渝中区	这里是日志信息......
2024-02-19 03:54:38.646599	[WARN]	orders_service.py	响应时间:666ms	浙江省	丽水市	这里是日志信息......
2024-02-19 03:54:38.646618	[INFO]	user_manager.py	响应时间:717ms	北京市	海淀区	这里是日志信息......
2024-02-19 03:54:38.646637	[INFO]	goods_manager.py	响应时间:803ms	北京市	朝阳区	这里是日志信息......
2024-02-19 03:54:38.646655	[WARN]	goods_manager.py	响应时间:199ms	江苏省	苏州市	这里是日志信息......
2024-02-19 03:54:38.646674	[INFO]	goods_manager.py	响应时间:721ms	北京市	海淀区	这里是日志信息......
2024-02-19 03:54:38.646692	[INFO]	user_manager.py	响应时间:728ms	湖南省	株洲市	这里是日志信息......
2024-02-19 03:54:38.646711	[INFO]	event.py	响应时间:457ms	湖北省	武汉市	这里是日志信息......
2024-02-19 03:54:38.646730	[INFO]	goods_manager.py	响应时间:893ms	山东省	菏泽市	这里是日志信息......
2024-02-19 03:54:38.646748	[ERROR]	orders_service.py	响应时间:3144ms	北京市	昌平区	这里是日志信息......
2024-02-19 03:54:38.646768	[INFO]	orders_service.py	响应时间:589ms	山东省	青岛市	这里是日志信息......
2024-02-19 03:54:38.646786	[WARN]	event.py	响应时间:6ms	天津市	武清区	这里是日志信息......
2024-02-19 03:54:38.646805	[INFO]	goods_manager.py	响应时间:1349ms	湖北省	荆州市	这里是日志信息......
2024-02-19 03:54:38.646824	[INFO]	barcode_service.py	响应时间:4358ms	安徽省	合肥市	这里是日志信息......
2024-02-19 03:54:38.646843	[INFO]	orders_service.py	响应时间:1788ms	广东省	深圳市	这里是日志信息......
2024-02-19 03:54:38.646862	[INFO]	event.py	响应时间:453ms	安徽省	六安市	这里是日志信息......
2024-02-19 03:54:38.646881	[INFO]	base_network.py	响应时间:766ms	天津市	和平区	这里是日志信息......
2024-02-19 03:54:38.646899	[INFO]	barcode_service.py	响应时间:525ms	安徽省	铜陵市	这里是日志信息......
2024-02-19 03:54:38.646917	[INFO]	event.py	响应时间:722ms	北京市	朝阳区	这里是日志信息......
2024-02-19 03:54:38.646936	[INFO]	orders_service.py	响应时间:637ms	广东省	深圳市	这里是日志信息......
2024-02-19 03:54:38.646954	[INFO]	barcode_service.py	响应时间:970ms	天津市	河东区	这里是日志信息......
2024-02-19 03:54:38.646973	[INFO]	goods_manager.py	响应时间:236ms	山东省	青岛市	这里是日志信息......
2024-02-19 03:54:38.646991	[INFO]	event.py	响应时间:738ms	浙江省	绍兴市	这里是日志信息......
2024-02-19 03:54:38.647011	[INFO]	orders_service.py	响应时间:362ms	安徽省	合肥市	这里是日志信息......
2024-02-19 03:54:38.647029	[INFO]	orders_service.py	响应时间:436ms	上海市	徐汇区	这里是日志信息......
2024-02-19 03:54:38.647048	[INFO]	shop_manager.py	响应时间:545ms	湖北省	十堰市	这里是日志信息......
2024-02-19 03:54:38.647067	[ERROR]	user_manager.py	响应时间:6637ms	江苏省	宿迁市	这里是日志信息......
2024-02-19 03:54:38.647086	[INFO]	orders_service.py	响应时间:82ms	北京市	朝阳区	这里是日志信息......
2024-02-19 03:54:38.647104	[INFO]	goods_manager.py	响应时间:861ms	广东省	深圳市	这里是日志信息......
2024-02-19 03:54:38.647123	[INFO]	orders_service.py	响应时间:901ms	广东省	深圳市	这里是日志信息......
2024-02-19 03:54:38.647141	[INFO]	event.py	响应时间:61ms	湖南省	长沙市	这里是日志信息......
2024-02-19 03:54:38.647160	[ERROR]	orders_service.py	响应时间:359ms	浙江省	绍兴市	这里是日志信息......
2024-02-19 03:54:38.647179	[INFO]	orders_service.py	响应时间:349ms	湖南省	株洲市	这里是日志信息......
2024-02-19 03:54:38.647198	[INFO]	goods_manager.py	响应时间:611ms	广东省	广州市	这里是日志信息......
2024-02-19 03:54:38.647216	[INFO]	goods_manager.py	响应时间:511ms	浙江省	金华市	这里是日志信息......
2024-02-19 03:54:38.647235	[INFO]	event.py	响应时间:804ms	山东省	青岛市	这里是日志信息......
2024-02-19 03:54:38.647254	[INFO]	goods_manager.py	响应时间:205ms	天津市	宝坻区	这里是日志信息......
2024-02-19 03:54:38.647273	[INFO]	barcode_service.py	响应时间:341ms	浙江省	舟山市	这里是日志信息......
2024-02-19 03:54:38.647291	[INFO]	user_manager.py	响应时间:871ms	湖南省	长沙市	这里是日志信息......
2024-02-19 03:54:38.647311	[INFO]	base_network.py	响应时间:68ms	湖南省	长沙市	这里是日志信息......
2024-02-19 03:54:38.647330	[INFO]	barcode_service.py	响应时间:385ms	山东省	青岛市	这里是日志信息......
2024-02-19 03:54:38.647348	[INFO]	base_network.py	响应时间:444ms	湖南省	长沙市	这里是日志信息......
2024-02-19 03:54:38.647368	[INFO]	orders_service.py	响应时间:218ms	山东省	青岛市	这里是日志信息......
2024-02-19 03:54:38.647387	[INFO]	goods_manager.py	响应时间:948ms	浙江省	丽水市	这里是日志信息......
2024-02-19 03:54:38.647406	[INFO]	user_manager.py	响应时间:207ms	江苏省	宿迁市	这里是日志信息......
2024-02-19 03:54:38.647424	[ERROR]	barcode_service.py	响应时间:945ms	安徽省	阜阳市	这里是日志信息......
2024-02-19 03:54:38.647444	[INFO]	event.py	响应时间:167ms	重庆市	万州区	这里是日志信息......
2024-02-19 03:54:38.647463	[INFO]	shop_manager.py	响应时间:117ms	湖北省	武汉市	这里是日志信息......
2024-02-19 03:54:38.647482	[INFO]	event.py	响应时间:47ms	重庆市	南岸区	这里是日志信息......
2024-02-19 03:54:38.647500	[INFO]	event.py	响应时间:668ms	江苏省	常州市	这里是日志信息......
2024-02-19 03:54:38.647519	[INFO]	shop_manager.py	响应时间:535ms	北京市	丰台区	这里是日志信息......
2024-02-19 03:54:38.647538	[INFO]	orders_service.py	响应时间:627ms	广东省	深圳市	这里是日志信息......
2024-02-19 03:54:38.647556	[INFO]	user_manager.py	响应时间:88ms	广东省	深圳市	这里是日志信息......
2024-02-19 03:54:38.647575	[INFO]	goods_manager.py	响应时间:219ms	广东省	珠海市	这里是日志信息......
2024-02-19 03:54:38.647593	[INFO]	goods_manager.py	响应时间:700ms	湖南省	益阳市	这里是日志信息......
2024-02-19 03:54:38.647612	[INFO]	base_network.py	响应时间:608ms	湖南省	益阳市	这里是日志信息......
2024-02-19 03:54:38.647631	[WARN]	goods_manager.py	响应时间:624ms	重庆市	万州区	这里是日志信息......
2024-02-19 03:54:38.647650	[INFO]	event.py	响应时间:185ms	湖南省	长沙市	这里是日志信息......
2024-02-19 03:54:38.647668	[WARN]	orders_service.py	响应时间:437ms	重庆市	万州区	这里是日志信息......
2024-02-19 03:54:38.647687	[ERROR]	base_network.py	响应时间:76ms	浙江省	丽水市	这里是日志信息......
2024-02-19 03:54:38.647705	[INFO]	user_manager.py	响应时间:491ms	安徽省	铜陵市	这里是日志信息......
2024-02-19 03:54:38.647724	[INFO]	goods_manager.py	响应时间:40ms	江苏省	无锡市	这里是日志信息......
2024-02-19 03:54:38.647743	[WARN]	goods_manager.py	响应时间:989ms	湖北省	武汉市	这里是日志信息......
2024-02-19 03:54:38.647807	[WARN]	barcode_service.py	响应时间:357ms	上海市	浦东新区	这里是日志信息......
2024-02-19 03:54:38.647916	[INFO]	orders_service.py	响应时间:422ms	广东省	珠海市	这里是日志信息......
2024-02-19 03:54:38.647996	[WARN]	orders_service.py	响应时间:103ms	上海市	浦东新区	这里是日志信息......
2024-02-19 03:54:38.648024	[INFO]	goods_manager.py	响应时间:535ms	天津市	武清区	这里是日志信息......
2024-02-19 03:54:38.648051	[WARN]	shop_manager.py	响应时间:440ms	安徽省	阜阳市	这里是日志信息......
2024-02-19 03:54:38.648077	[INFO]	user_manager.py	响应时间:93ms	天津市	和平区	这里是日志信息......
2024-02-19 03:54:38.648101	[INFO]	event.py	响应时间:396ms	山东省	济南市	这里是日志信息......
2024-02-19 03:54:38.648124	[INFO]	orders_service.py	响应时间:330ms	安徽省	阜阳市	这里是日志信息......
2024-02-19 03:54:38.648147	[INFO]	barcode_service.py	响应时间:42ms	广东省	广州市	这里是日志信息......
2024-02-19 03:54:38.648170	[INFO]	goods_manager.py	响应时间:774ms	广东省	广州市	这里是日志信息......
2024-02-19 03:54:38.648192	[INFO]	orders_service.py	响应时间:175ms	北京市	大兴区	这里是日志信息......
2024-02-19 03:54:38.648215	[INFO]	goods_manager.py	响应时间:422ms	上海市	静安区	这里是日志信息......
2024-02-19 03:54:38.648239	[INFO]	orders_service.py	响应时间:694ms	湖北省	武汉市	这里是日志信息......
2024-02-19 03:54:38.648261	[INFO]	base_network.py	响应时间:673ms	江苏省	宿迁市	这里是日志信息......
2024-02-19 03:54:38.648283	[INFO]	orders_service.py	响应时间:875ms	湖北省	武汉市	这里是日志信息......
2024-02-19 03:54:38.648305	[INFO]	orders_service.py	响应时间:994ms	上海市	宝山区	这里是日志信息......
2024-02-19 03:54:38.648327	[INFO]	event.py	响应时间:606ms	广东省	深圳市	这里是日志信息......
2024-02-19 03:54:38.648349	[INFO]	goods_manager.py	响应时间:2150ms	湖南省	长沙市	这里是日志信息......
2024-02-19 03:54:38.648375	[INFO]	goods_manager.py	响应时间:983ms	山东省	青岛市	这里是日志信息......
2024-02-19 03:54:38.648398	[INFO]	user_manager.py	响应时间:628ms	山东省	菏泽市	这里是日志信息......
2024-02-19 03:54:38.648423	[WARN]	base_network.py	响应时间:953ms	湖北省	荆州市	这里是日志信息......
2024-02-19 03:54:38.648445	[INFO]	orders_service.py	响应时间:265ms	湖北省	武汉市	这里是日志信息......
2024-02-19 03:54:38.648467	[INFO]	event.py	响应时间:65ms	安徽省	六安市	这里是日志信息......
2024-02-19 03:54:38.648490	[INFO]	goods_manager.py	响应时间:275ms	湖南省	长沙市	这里是日志信息......
2024-02-19 03:54:38.648512	[WARN]	orders_service.py	响应时间:842ms	江苏省	南京市	这里是日志信息......
2024-02-19 03:54:38.648535	[INFO]	event.py	响应时间:627ms	天津市	河东区	这里是日志信息......
2024-02-19 03:54:38.648558	[INFO]	event.py	响应时间:451ms	湖南省	张家界市	这里是日志信息......
2024-02-19 03:54:38.648581	[INFO]	orders_service.py	响应时间:2582ms	湖北省	恩施土家族苗族自治州	这里是日志信息......
2024-02-19 03:54:38.648605	[INFO]	goods_manager.py	响应时间:362ms	湖南省	常德市	这里是日志信息......
2024-02-19 03:54:38.648628	[INFO]	event.py	响应时间:49ms	湖北省	武汉市	这里是日志信息......
2024-02-19 03:54:38.648650	[INFO]	orders_service.py	响应时间:586ms	上海市	杨浦区	这里是日志信息......
2024-02-19 03:54:38.648672	[INFO]	goods_manager.py	响应时间:50ms	湖南省	长沙市	这里是日志信息......
2024-02-19 03:54:38.648721	[INFO]	event.py	响应时间:769ms	安徽省	铜陵市	这里是日志信息......
2024-02-19 03:54:38.648743	[INFO]	user_manager.py	响应时间:550ms	安徽省	芜湖市	这里是日志信息......
2024-02-19 03:54:38.648771	[INFO]	shop_manager.py	响应时间:576ms	广东省	珠海市	这里是日志信息......
2024-02-19 03:54:38.648793	[INFO]	goods_manager.py	响应时间:58ms	湖南省	长沙市	这里是日志信息......
2024-02-19 03:54:38.648816	[INFO]	orders_service.py	响应时间:532ms	浙江省	嘉兴市	这里是日志信息......
2024-02-19 03:54:38.648841	[INFO]	event.py	响应时间:920ms	江苏省	无锡市	这里是日志信息......
2024-02-19 03:54:38.648886	[INFO]	event.py	响应时间:120ms	湖北省	武汉市	这里是日志信息......
2024-02-19 03:54:38.648912	[INFO]	barcode_service.py	响应时间:537ms	湖南省	长沙市	这里是日志信息......
2024-02-19 03:54:38.648938	[ERROR]	goods_manager.py	响应时间:884ms	重庆市	九龙坡区	这里是日志信息......
2024-02-19 03:54:38.648960	[INFO]	event.py	响应时间:526ms	山东省	青岛市	这里是日志信息......
2024-02-19 03:54:38.648985	[WARN]	barcode_service.py	响应时间:521ms	浙江省	杭州市	这里是日志信息......
2024-02-19 03:54:38.649007	[INFO]	goods_manager.py	响应时间:55ms	上海市	杨浦区	这里是日志信息......
2024-02-19 03:54:38.649029	[WARN]	base_network.py	响应时间:980ms	重庆市	渝中区	这里是日志信息......
2024-02-19 03:54:38.649051	[INFO]	base_network.py	响应时间:394ms	上海市	宝山区	这里是日志信息......
2024-02-19 03:54:38.649083	[WARN]	goods_manager.py	响应时间:821ms	江苏省	南京市	这里是日志信息......
2024-02-19 03:54:38.649105	[WARN]	barcode_service.py	响应时间:25ms	浙江省	杭州市	这里是日志信息......
2024-02-19 03:54:38.649131	[WARN]	user_manager.py	响应时间:302ms	江苏省	宿迁市	这里是日志信息......
2024-02-19 03:54:38.649152	[WARN]	user_manager.py	响应时间:542ms	广东省	珠海市	这里是日志信息......
2024-02-19 03:54:38.649175	[ERROR]	user_manager.py	响应时间:555ms	广东省	深圳市	这里是日志信息......
2024-02-19 03:54:38.649198	[WARN]	goods_manager.py	响应时间:280ms	天津市	武清区	这里是日志信息......
2024-02-19 03:54:38.649223	[INFO]	orders_service.py	响应时间:563ms	浙江省	绍兴市	这里是日志信息......
2024-02-19 03:54:38.649245	[INFO]	event.py	响应时间:27ms	湖南省	常德市	这里是日志信息......
2024-02-19 03:54:38.649278	[WARN]	event.py	响应时间:206ms	北京市	大兴区	这里是日志信息......
2024-02-19 03:54:38.649300	[ERROR]	orders_service.py	响应时间:481ms	安徽省	铜陵市	这里是日志信息......
2024-02-19 03:54:38.649323	[ERROR]	event.py	响应时间:420ms	北京市	昌平区	这里是日志信息......
2024-02-19 03:54:38.649345	[INFO]	user_manager.py	响应时间:512ms	江苏省	苏州市	这里是日志信息......
2024-02-19 03:54:38.649367	[INFO]	event.py	响应时间:981ms	山东省	青岛市	这里是日志信息......
2024-02-19 03:54:38.649390	[INFO]	barcode_service.py	响应时间:956ms	上海市	普陀区	这里是日志信息......
2024-02-19 03:54:38.649414	[INFO]	barcode_service.py	响应时间:915ms	上海市	普陀区	这里是日志信息......
2024-02-19 03:54:38.649436	[INFO]	user_manager.py	响应时间:292ms	重庆市	万州区	这里是日志信息......
2024-02-19 03:54:38.649458	[INFO]	orders_service.py	响应时间:419ms	山东省	青岛市	这里是日志信息......
2024-02-19 03:54:38.649480	[INFO]	orders_service.py	响应时间:984ms	上海市	浦东新区	这里是日志信息......
2024-02-19 03:54:38.649503	[WARN]	event.py	响应时间:822ms	北京市	大兴区	这里是日志信息......
2024-02-19 03:54:38.649526	[INFO]	goods_manager.py	响应时间:369ms	山东省	青岛市	这里是日志信息......
2024-02-19 03:54:38.649551	[INFO]	orders_service.py	响应时间:360ms	广东省	广州市	这里是日志信息......
2024-02-19 03:54:38.649595	[INFO]	orders_service.py	响应时间:422ms	浙江省	金华市	这里是日志信息......
2024-02-19 03:54:38.649618	[INFO]	event.py	响应时间:556ms	湖北省	武汉市	这里是日志信息......
2024-02-19 03:54:38.649640	[INFO]	base_network.py	响应时间:499ms	湖北省	武汉市	这里是日志信息......
2024-02-19 03:54:38.649742	[WARN]	event.py	响应时间:579ms	浙江省	嘉兴市	这里是日志信息......
2024-02-19 03:54:38.649772	[INFO]	user_manager.py	响应时间:416ms	广东省	广州市	这里是日志信息......
2024-02-19 03:54:38.649795	[INFO]	user_manager.py	响应时间:405ms	北京市	昌平区	这里是日志信息......
2024-02-19 03:54:38.649817	[INFO]	base_network.py	响应时间:362ms	广东省	深圳市	这里是日志信息......
2024-02-19 03:54:38.649839	[ERROR]	barcode_service.py	响应时间:338ms	安徽省	六安市	这里是日志信息......
2024-02-19 03:54:38.649860	[INFO]	event.py	响应时间:665ms	上海市	杨浦区	这里是日志信息......
2024-02-19 03:54:38.649877	[INFO]	orders_service.py	响应时间:657ms	湖南省	益阳市	这里是日志信息......
2024-02-19 03:54:38.649894	[INFO]	barcode_service.py	响应时间:110ms	江苏省	张家港市	这里是日志信息......
2024-02-19 03:54:38.649911	[INFO]	base_network.py	响应时间:28ms	湖北省	武汉市	这里是日志信息......
2024-02-19 03:54:38.649928	[INFO]	base_network.py	响应时间:655ms	重庆市	九龙坡区	这里是日志信息......
2024-02-19 03:54:38.649946	[INFO]	shop_manager.py	响应时间:709ms	重庆市	沙坪坝区	这里是日志信息......
2024-02-19 03:54:38.649963	[INFO]	barcode_service.py	响应时间:645ms	广东省	广州市	这里是日志信息......
2024-02-19 03:54:38.649980	[WARN]	barcode_service.py	响应时间:135ms	山东省	菏泽市	这里是日志信息......
2024-02-19 03:54:38.649998	[INFO]	goods_manager.py	响应时间:848ms	重庆市	涪陵区	这里是日志信息......
2024-02-19 03:54:38.650015	[INFO]	user_manager.py	响应时间:240ms	天津市	宝坻区	这里是日志信息......
2024-02-19 03:54:38.650033	[INFO]	shop_manager.py	响应时间:669ms	山东省	菏泽市	这里是日志信息......
2024-02-19 03:54:38.650050	[INFO]	event.py	响应时间:866ms	安徽省	合肥市	这里是日志信息......
2024-02-19 03:54:38.650068	[ERROR]	event.py	响应时间:5884ms	广东省	深圳市	这里是日志信息......
2024-02-19 03:54:38.650086	[INFO]	base_network.py	响应时间:56ms	浙江省	杭州市	这里是日志信息......
2024-02-19 03:54:38.650103	[INFO]	base_network.py	响应时间:310ms	湖南省	长沙市	这里是日志信息......
2024-02-19 03:54:38.650121	[INFO]	orders_service.py	响应时间:706ms	湖北省	十堰市	这里是日志信息......
2024-02-19 03:54:38.650138	[INFO]	base_network.py	响应时间:422ms	上海市	浦东新区	这里是日志信息......
2024-02-19 03:54:38.650156	[INFO]	orders_service.py	响应时间:532ms	湖南省	长沙市	这里是日志信息......
2024-02-19 03:54:38.650173	[INFO]	barcode_service.py	响应时间:850ms	湖北省	武汉市	这里是日志信息......
2024-02-19 03:54:38.650191	[INFO]	event.py	响应时间:355ms	重庆市	万州区	这里是日志信息......
2024-02-19 03:54:38.650208	[INFO]	user_manager.py	响应时间:851ms	浙江省	杭州市	这里是日志信息......
2024-02-19 03:54:38.650226	[INFO]	event.py	响应时间:381ms	上海市	徐汇区	这里是日志信息......
2024-02-19 03:54:38.650243	[INFO]	orders_service.py	响应时间:11ms	广东省	珠海市	这里是日志信息......
2024-02-19 03:54:38.650260	[INFO]	goods_manager.py	响应时间:270ms	湖南省	长沙市	这里是日志信息......
2024-02-19 03:54:38.650278	[INFO]	event.py	响应时间:386ms	安徽省	合肥市	这里是日志信息......
2024-02-19 03:54:38.650295	[INFO]	user_manager.py	响应时间:750ms	北京市	朝阳区	这里是日志信息......
2024-02-19 03:54:38.650312	[INFO]	shop_manager.py	响应时间:177ms	湖南省	长沙市	这里是日志信息......
2024-02-19 03:54:38.650330	[INFO]	shop_manager.py	响应时间:717ms	北京市	朝阳区	这里是日志信息......
2024-02-19 03:54:38.650347	[INFO]	base_network.py	响应时间:549ms	湖北省	恩施土家族苗族自治州	这里是日志信息......
2024-02-19 03:54:38.650365	[INFO]	event.py	响应时间:385ms	北京市	海淀区	这里是日志信息......
2024-02-19 03:54:38.650382	[INFO]	goods_manager.py	响应时间:143ms	天津市	和平区	这里是日志信息......
2024-02-19 03:54:38.650400	[WARN]	orders_service.py	响应时间:596ms	上海市	浦东新区	这里是日志信息......
2024-02-19 03:54:38.650417	[INFO]	shop_manager.py	响应时间:419ms	北京市	丰台区	这里是日志信息......
2024-02-19 03:54:38.650435	[INFO]	shop_manager.py	响应时间:602ms	北京市	怀柔区	这里是日志信息......
2024-02-19 03:54:38.650452	[INFO]	base_network.py	响应时间:688ms	上海市	徐汇区	这里是日志信息......
2024-02-19 03:54:38.650469	[INFO]	orders_service.py	响应时间:841ms	天津市	武清区	这里是日志信息......
2024-02-19 03:54:38.650487	[INFO]	event.py	响应时间:178ms	安徽省	池州市	这里是日志信息......
2024-02-19 03:54:38.650504	[WARN]	event.py	响应时间:222ms	天津市	河西区	这里是日志信息......
2024-02-19 03:54:38.650521	[INFO]	orders_service.py	响应时间:525ms	上海市	浦东新区	这里是日志信息......
2024-02-19 03:54:38.650539	[INFO]	event.py	响应时间:302ms	北京市	海淀区	这里是日志信息......
2024-02-19 03:54:38.650556	[INFO]	goods_manager.py	响应时间:201ms	浙江省	杭州市	这里是日志信息......
2024-02-19 03:54:38.650573	[INFO]	goods_manager.py	响应时间:308ms	江苏省	宿迁市	这里是日志信息......
2024-02-19 03:54:38.650591	[INFO]	event.py	响应时间:365ms	湖南省	长沙市	这里是日志信息......
2024-02-19 03:54:38.650608	[WARN]	user_manager.py	响应时间:932ms	重庆市	渝中区	这里是日志信息......
2024-02-19 03:54:38.650625	[INFO]	user_manager.py	响应时间:395ms	山东省	青岛市	这里是日志信息......
2024-02-19 03:54:38.650642	[INFO]	event.py	响应时间:860ms	上海市	浦东新区	这里是日志信息......
2024-02-19 03:54:38.650660	[INFO]	event.py	响应时间:485ms	广东省	珠海市	这里是日志信息......
2024-02-19 03:54:38.650678	[INFO]	orders_service.py	响应时间:3825ms	江苏省	常州市	这里是日志信息......
2024-02-19 03:54:38.650696	[INFO]	event.py	响应时间:865ms	天津市	武清区	这里是日志信息......
2024-02-19 03:54:38.650714	[WARN]	barcode_service.py	响应时间:922ms	天津市	宝坻区	这里是日志信息......
2024-02-19 03:54:38.650732	[INFO]	orders_service.py	响应时间:790ms	广东省	广州市	这里是日志信息......
2024-02-19 03:54:38.650749	[INFO]	orders_service.py	响应时间:58ms	北京市	昌平区	这里是日志信息......
2024-02-19 03:54:38.650766	[INFO]	barcode_service.py	响应时间:69ms	湖南省	长沙市	这里是日志信息......
2024-02-19 03:54:38.650783	[INFO]	user_manager.py	响应时间:262ms	安徽省	合肥市	这里是日志信息......
2024-02-19 03:54:38.650800	[INFO]	base_network.py	响应时间:253ms	浙江省	湖州市	这里是日志信息......
2024-02-19 03:54:38.650817	[INFO]	orders_service.py	响应时间:274ms	广东省	珠海市	这里是日志信息......
2024-02-19 03:54:38.650834	[INFO]	orders_service.py	响应时间:3971ms	北京市	海淀区	这里是日志信息......
2024-02-19 03:54:38.650852	[INFO]	shop_manager.py	响应时间:938ms	浙江省	舟山市	这里是日志信息......
2024-02-19 03:54:38.650869	[INFO]	event.py	响应时间:219ms	天津市	和平区	这里是日志信息......
2024-02-19 03:54:38.650887	[ERROR]	goods_manager.py	响应时间:43ms	山东省	青岛市	这里是日志信息......
2024-02-19 03:54:38.650905	[INFO]	user_manager.py	响应时间:276ms	上海市	杨浦区	这里是日志信息......
2024-02-19 03:54:38.650922	[INFO]	goods_manager.py	响应时间:532ms	上海市	宝山区	这里是日志信息......
2024-02-19 03:54:38.650939	[INFO]	orders_service.py	响应时间:145ms	北京市	大兴区	这里是日志信息......
2024-02-19 03:54:38.650956	[INFO]	user_manager.py	响应时间:20ms	重庆市	万州区	这里是日志信息......
2024-02-19 03:54:38.650973	[ERROR]	shop_manager.py	响应时间:389ms	浙江省	嘉兴市	这里是日志信息......
2024-02-19 03:54:38.651018	[INFO]	barcode_service.py	响应时间:839ms	山东省	青岛市	这里是日志信息......
2024-02-19 03:54:38.651039	[WARN]	event.py	响应时间:682ms	江苏省	宿迁市	这里是日志信息......
2024-02-19 03:54:38.651057	[INFO]	orders_service.py	响应时间:964ms	浙江省	湖州市	这里是日志信息......
2024-02-19 03:54:38.651074	[WARN]	orders_service.py	响应时间:706ms	重庆市	渝中区	这里是日志信息......
2024-02-19 03:54:38.651093	[INFO]	shop_manager.py	响应时间:634ms	浙江省	舟山市	这里是日志信息......
2024-02-19 03:54:38.651110	[INFO]	goods_manager.py	响应时间:131ms	江苏省	常州市	这里是日志信息......
2024-02-19 03:54:38.651128	[INFO]	event.py	响应时间:313ms	浙江省	舟山市	这里是日志信息......
2024-02-19 03:54:38.651145	[ERROR]	base_network.py	响应时间:450ms	湖南省	长沙市	这里是日志信息......
2024-02-19 03:54:38.651163	[INFO]	shop_manager.py	响应时间:169ms	江苏省	无锡市	这里是日志信息......
2024-02-19 03:54:38.651180	[INFO]	shop_manager.py	响应时间:405ms	浙江省	丽水市	这里是日志信息......
2024-02-19 03:54:38.651198	[INFO]	event.py	响应时间:68ms	重庆市	南岸区	这里是日志信息......
2024-02-19 03:54:38.651215	[INFO]	orders_service.py	响应时间:227ms	湖南省	常德市	这里是日志信息......
2024-02-19 03:54:38.651232	[INFO]	event.py	响应时间:545ms	安徽省	池州市	这里是日志信息......
2024-02-19 03:54:38.651250	[INFO]	user_manager.py	响应时间:875ms	安徽省	合肥市	这里是日志信息......
2024-02-19 03:54:38.651267	[WARN]	barcode_service.py	响应时间:415ms	上海市	宝山区	这里是日志信息......
2024-02-19 03:54:38.651285	[INFO]	event.py	响应时间:399ms	重庆市	万州区	这里是日志信息......
2024-02-19 03:54:38.651302	[INFO]	event.py	响应时间:695ms	江苏省	南京市	这里是日志信息......
2024-02-19 03:54:38.651319	[INFO]	event.py	响应时间:241ms	天津市	宝坻区	这里是日志信息......
2024-02-19 03:54:38.651336	[INFO]	event.py	响应时间:512ms	湖北省	荆州市	这里是日志信息......
2024-02-19 03:54:38.651353	[WARN]	barcode_service.py	响应时间:869ms	上海市	黄浦区	这里是日志信息......
2024-02-19 03:54:38.651370	[INFO]	event.py	响应时间:931ms	天津市	河西区	这里是日志信息......
2024-02-19 03:54:38.651387	[INFO]	base_network.py	响应时间:60ms	安徽省	合肥市	这里是日志信息......
2024-02-19 03:54:38.651404	[WARN]	goods_manager.py	响应时间:790ms	天津市	河西区	这里是日志信息......
2024-02-19 03:54:38.651421	[INFO]	base_network.py	响应时间:104ms	湖北省	荆州市	这里是日志信息......
2024-02-19 03:54:38.651438	[INFO]	orders_service.py	响应时间:489ms	天津市	河西区	这里是日志信息......
2024-02-19 03:54:38.651455	[INFO]	barcode_service.py	响应时间:816ms	山东省	青岛市	这里是日志信息......
2024-02-19 03:54:38.651473	[INFO]	event.py	响应时间:795ms	湖北省	恩施土家族苗族自治州	这里是日志信息......
2024-02-19 03:54:38.651490	[INFO]	goods_manager.py	响应时间:892ms	江苏省	常州市	这里是日志信息......
2024-02-19 03:54:38.651507	[INFO]	orders_service.py	响应时间:101ms	湖南省	益阳市	这里是日志信息......
2024-02-19 03:54:38.651525	[INFO]	event.py	响应时间:261ms	浙江省	杭州市	这里是日志信息......
2024-02-19 03:54:38.651542	[INFO]	goods_manager.py	响应时间:982ms	天津市	河西区	这里是日志信息......
2024-02-19 03:54:38.651559	[INFO]	base_network.py	响应时间:610ms	浙江省	湖州市	这里是日志信息......
2024-02-19 03:54:38.651577	[INFO]	orders_service.py	响应时间:6ms	湖南省	株洲市	这里是日志信息......
2024-02-19 03:54:38.651594	[INFO]	user_manager.py	响应时间:86ms	湖南省	长沙市	这里是日志信息......
2024-02-19 03:54:38.651611	[INFO]	orders_service.py	响应时间:176ms	山东省	济南市	这里是日志信息......
2024-02-19 03:54:38.651629	[INFO]	orders_service.py	响应时间:980ms	湖北省	武汉市	这里是日志信息......
2024-02-19 03:54:38.651646	[WARN]	goods_manager.py	响应时间:232ms	广东省	广州市	这里是日志信息......
2024-02-19 03:54:38.651664	[INFO]	goods_manager.py	响应时间:601ms	浙江省	绍兴市	这里是日志信息......
2024-02-19 03:54:38.651682	[INFO]	orders_service.py	响应时间:864ms	湖南省	株洲市	这里是日志信息......
2024-02-19 03:54:38.651700	[INFO]	base_network.py	响应时间:7696ms	安徽省	芜湖市	这里是日志信息......
2024-02-19 03:54:38.651717	[INFO]	goods_manager.py	响应时间:460ms	安徽省	合肥市	这里是日志信息......
2024-02-19 03:54:38.651734	[INFO]	event.py	响应时间:77ms	湖北省	十堰市	这里是日志信息......
2024-02-19 03:54:38.651751	[INFO]	base_network.py	响应时间:350ms	江苏省	南京市	这里是日志信息......
2024-02-19 03:54:38.651769	[INFO]	orders_service.py	响应时间:630ms	北京市	海淀区	这里是日志信息......
2024-02-19 03:54:38.651786	[INFO]	event.py	响应时间:969ms	上海市	浦东新区	这里是日志信息......
2024-02-19 03:54:38.651804	[INFO]	event.py	响应时间:33ms	上海市	宝山区	这里是日志信息......
2024-02-19 03:54:38.651822	[INFO]	event.py	响应时间:775ms	江苏省	常州市	这里是日志信息......
2024-02-19 03:54:38.651839	[INFO]	base_network.py	响应时间:648ms	北京市	海淀区	这里是日志信息......
2024-02-19 03:54:38.651857	[INFO]	orders_service.py	响应时间:721ms	广东省	深圳市	这里是日志信息......
2024-02-19 03:54:38.651874	[INFO]	shop_manager.py	响应时间:306ms	江苏省	苏州市	这里是日志信息......
2024-02-19 03:54:38.651892	[INFO]	user_manager.py	响应时间:819ms	北京市	丰台区	这里是日志信息......
2024-02-19 03:54:38.651909	[INFO]	event.py	响应时间:912ms	上海市	黄浦区	这里是日志信息......
2024-02-19 03:54:38.651927	[INFO]	event.py	响应时间:871ms	湖南省	长沙市	这里是日志信息......
2024-02-19 03:54:38.651944	[INFO]	orders_service.py	响应时间:484ms	浙江省	金华市	这里是日志信息......
2024-02-19 03:54:38.651962	[INFO]	goods_manager.py	响应时间:714ms	广东省	广州市	这里是日志信息......
2024-02-19 03:54:38.651980	[INFO]	base_network.py	响应时间:202ms	湖南省	长沙市	这里是日志信息......
2024-02-19 03:54:38.651997	[WARN]	user_manager.py	响应时间:166ms	天津市	和平区	这里是日志信息......
2024-02-19 03:54:38.652014	[INFO]	orders_service.py	响应时间:99ms	安徽省	阜阳市	这里是日志信息......
2024-02-19 03:54:38.652032	[ERROR]	orders_service.py	响应时间:610ms	北京市	大兴区	这里是日志信息......
2024-02-19 03:54:38.652050	[ERROR]	event.py	响应时间:352ms	北京市	丰台区	这里是日志信息......
2024-02-19 03:54:38.652067	[INFO]	event.py	响应时间:778ms	上海市	宝山区	这里是日志信息......
2024-02-19 03:54:38.652085	[INFO]	user_manager.py	响应时间:344ms	安徽省	合肥市	这里是日志信息......
2024-02-19 03:54:38.652103	[INFO]	user_manager.py	响应时间:794ms	山东省	济南市	这里是日志信息......
2024-02-19 03:54:38.652120	[INFO]	barcode_service.py	响应时间:535ms	湖南省	长沙市	这里是日志信息......
2024-02-19 03:54:38.652138	[INFO]	event.py	响应时间:467ms	安徽省	池州市	这里是日志信息......
2024-02-19 03:54:38.652155	[INFO]	orders_service.py	响应时间:552ms	湖北省	武汉市	这里是日志信息......
2024-02-19 03:54:38.652173	[INFO]	orders_service.py	响应时间:160ms	北京市	朝阳区	这里是日志信息......
2024-02-19 03:54:38.652190	[INFO]	orders_service.py	响应时间:216ms	重庆市	涪陵区	这里是日志信息......
2024-02-19 03:54:38.652207	[INFO]	event.py	响应时间:403ms	山东省	青岛市	这里是日志信息......
2024-02-19 03:54:38.652224	[INFO]	user_manager.py	响应时间:779ms	北京市	怀柔区	这里是日志信息......
2024-02-19 03:54:38.652272	[INFO]	orders_service.py	响应时间:17ms	北京市	怀柔区	这里是日志信息......
2024-02-19 03:54:38.652293	[INFO]	orders_service.py	响应时间:596ms	浙江省	金华市	这里是日志信息......
2024-02-19 03:54:38.652311	[INFO]	event.py	响应时间:806ms	山东省	青岛市	这里是日志信息......
2024-02-19 03:54:38.652328	[INFO]	event.py	响应时间:656ms	天津市	河西区	这里是日志信息......
2024-02-19 03:54:38.652346	[INFO]	event.py	响应时间:243ms	江苏省	常州市	这里是日志信息......
2024-02-19 03:54:38.652364	[INFO]	goods_manager.py	响应时间:700ms	湖北省	武汉市	这里是日志信息......
2024-02-19 03:54:38.652382	[WARN]	goods_manager.py	响应时间:356ms	山东省	菏泽市	这里是日志信息......
2024-02-19 03:54:38.652399	[INFO]	shop_manager.py	响应时间:7167ms	重庆市	渝中区	这里是日志信息......
2024-02-19 03:54:38.652417	[INFO]	orders_service.py	响应时间:941ms	安徽省	铜陵市	这里是日志信息......
2024-02-19 03:54:38.652435	[INFO]	event.py	响应时间:201ms	湖南省	长沙市	这里是日志信息......
2024-02-19 03:54:38.652452	[INFO]	base_network.py	响应时间:476ms	湖北省	武汉市	这里是日志信息......
2024-02-19 03:54:38.652470	[INFO]	goods_manager.py	响应时间:137ms	广东省	深圳市	这里是日志信息......
2024-02-19 03:54:38.652487	[INFO]	base_network.py	响应时间:722ms	重庆市	万州区	这里是日志信息......
2024-02-19 03:54:38.652505	[INFO]	event.py	响应时间:538ms	广东省	广州市	这里是日志信息......
2024-02-19 03:54:38.652523	[INFO]	orders_service.py	响应时间:599ms	浙江省	嘉兴市	这里是日志信息......
2024-02-19 03:54:38.652540	[INFO]	shop_manager.py	响应时间:725ms	天津市	河西区	这里是日志信息......
2024-02-19 03:54:38.652558	[INFO]	barcode_service.py	响应时间:924ms	广东省	深圳市	这里是日志信息......
2024-02-19 03:54:38.652575	[INFO]	event.py	响应时间:986ms	天津市	宝坻区	这里是日志信息......
2024-02-19 03:54:38.652593	[INFO]	base_network.py	响应时间:231ms	湖北省	十堰市	这里是日志信息......
2024-02-19 03:54:38.652610	[INFO]	goods_manager.py	响应时间:995ms	浙江省	杭州市	这里是日志信息......
2024-02-19 03:54:38.652628	[INFO]	event.py	响应时间:41ms	重庆市	渝中区	这里是日志信息......
2024-02-19 03:54:38.652646	[INFO]	base_network.py	响应时间:108ms	江苏省	南京市	这里是日志信息......
2024-02-19 03:54:38.652663	[INFO]	goods_manager.py	响应时间:726ms	江苏省	无锡市	这里是日志信息......
2024-02-19 03:54:38.652681	[INFO]	goods_manager.py	响应时间:338ms	上海市	徐汇区	这里是日志信息......
2024-02-19 03:54:38.652698	[WARN]	goods_manager.py	响应时间:17ms	重庆市	万州区	这里是日志信息......
2024-02-19 03:54:38.652715	[INFO]	shop_manager.py	响应时间:21ms	上海市	普陀区	这里是日志信息......
2024-02-19 03:54:38.652733	[WARN]	orders_service.py	响应时间:667ms	广东省	广州市	这里是日志信息......
2024-02-19 03:54:38.652750	[INFO]	event.py	响应时间:597ms	湖南省	常德市	这里是日志信息......
2024-02-19 03:54:38.652767	[INFO]	barcode_service.py	响应时间:518ms	上海市	黄浦区	这里是日志信息......
2024-02-19 03:54:38.652785	[INFO]	user_manager.py	响应时间:453ms	山东省	青岛市	这里是日志信息......
2024-02-19 03:54:38.652802	[INFO]	base_network.py	响应时间:587ms	湖南省	长沙市	这里是日志信息......
2024-02-19 03:54:38.652820	[INFO]	goods_manager.py	响应时间:155ms	湖北省	武汉市	这里是日志信息......
2024-02-19 03:54:38.652837	[INFO]	orders_service.py	响应时间:611ms	北京市	大兴区	这里是日志信息......
2024-02-19 03:54:38.652854	[INFO]	user_manager.py	响应时间:965ms	浙江省	舟山市	这里是日志信息......
2024-02-19 03:54:38.652871	[INFO]	goods_manager.py	响应时间:845ms	北京市	怀柔区	这里是日志信息......
2024-02-19 03:54:38.652888	[INFO]	event.py	响应时间:842ms	浙江省	金华市	这里是日志信息......
2024-02-19 03:54:38.652905	[INFO]	user_manager.py	响应时间:830ms	湖南省	长沙市	这里是日志信息......
2024-02-19 03:54:38.652923	[INFO]	event.py	响应时间:411ms	浙江省	绍兴市	这里是日志信息......
2024-02-19 03:54:38.652941	[INFO]	shop_manager.py	响应时间:843ms	天津市	河西区	这里是日志信息......
2024-02-19 03:54:38.652959	[INFO]	orders_service.py	响应时间:150ms	重庆市	九龙坡区	这里是日志信息......
2024-02-19 03:54:38.652976	[INFO]	barcode_service.py	响应时间:181ms	天津市	宝坻区	这里是日志信息......
2024-02-19 03:54:38.652993	[INFO]	event.py	响应时间:789ms	湖南省	长沙市	这里是日志信息......
2024-02-19 03:54:38.653012	[INFO]	event.py	响应时间:47ms	上海市	普陀区	这里是日志信息......
2024-02-19 03:54:38.653029	[INFO]	orders_service.py	响应时间:6871ms	湖南省	长沙市	这里是日志信息......
2024-02-19 03:54:38.653047	[INFO]	event.py	响应时间:354ms	上海市	普陀区	这里是日志信息......
2024-02-19 03:54:38.653064	[INFO]	barcode_service.py	响应时间:497ms	天津市	河西区	这里是日志信息......
2024-02-19 03:54:38.653082	[INFO]	event.py	响应时间:261ms	湖南省	长沙市	这里是日志信息......
2024-02-19 03:54:38.653100	[INFO]	event.py	响应时间:566ms	北京市	丰台区	这里是日志信息......
2024-02-19 03:54:38.653117	[INFO]	barcode_service.py	响应时间:856ms	山东省	济南市	这里是日志信息......
2024-02-19 03:54:38.653134	[INFO]	user_manager.py	响应时间:736ms	广东省	广州市	这里是日志信息......
2024-02-19 03:54:38.653152	[INFO]	orders_service.py	响应时间:819ms	北京市	朝阳区	这里是日志信息......
2024-02-19 03:54:38.653170	[INFO]	barcode_service.py	响应时间:216ms	山东省	青岛市	这里是日志信息......
2024-02-19 03:54:38.653188	[INFO]	user_manager.py	响应时间:709ms	重庆市	渝中区	这里是日志信息......
2024-02-19 03:54:38.653205	[INFO]	event.py	响应时间:84ms	湖南省	常德市	这里是日志信息......
2024-02-19 03:54:38.653223	[INFO]	event.py	响应时间:814ms	上海市	杨浦区	这里是日志信息......
2024-02-19 03:54:38.653240	[INFO]	event.py	响应时间:549ms	湖南省	常德市	这里是日志信息......
2024-02-19 03:54:38.653258	[INFO]	event.py	响应时间:107ms	北京市	朝阳区	这里是日志信息......
2024-02-19 03:54:38.653275	[INFO]	event.py	响应时间:880ms	安徽省	合肥市	这里是日志信息......
2024-02-19 03:54:38.653293	[INFO]	orders_service.py	响应时间:724ms	重庆市	九龙坡区	这里是日志信息......
2024-02-19 03:54:38.653310	[INFO]	event.py	响应时间:338ms	上海市	浦东新区	这里是日志信息......
2024-02-19 03:54:38.653327	[INFO]	orders_service.py	响应时间:250ms	江苏省	南京市	这里是日志信息......
2024-02-19 03:54:38.653344	[INFO]	event.py	响应时间:812ms	江苏省	南京市	这里是日志信息......
2024-02-19 03:54:38.653361	[INFO]	event.py	响应时间:847ms	湖南省	长沙市	这里是日志信息......
2024-02-19 03:54:38.653379	[WARN]	base_network.py	响应时间:875ms	广东省	珠海市	这里是日志信息......
2024-02-19 03:54:38.653397	[INFO]	orders_service.py	响应时间:427ms	山东省	青岛市	这里是日志信息......
2024-02-19 03:54:38.653414	[INFO]	user_manager.py	响应时间:632ms	湖南省	长沙市	这里是日志信息......
2024-02-19 03:54:38.653431	[INFO]	orders_service.py	响应时间:293ms	山东省	济南市	这里是日志信息......
2024-02-19 03:54:38.653448	[INFO]	event.py	响应时间:273ms	北京市	海淀区	这里是日志信息......
2024-02-19 03:54:38.653465	[INFO]	barcode_service.py	响应时间:392ms	山东省	济南市	这里是日志信息......
2024-02-19 03:54:38.653483	[INFO]	barcode_service.py	响应时间:502ms	天津市	宝坻区	这里是日志信息......
2024-02-19 03:54:38.653525	[INFO]	event.py	响应时间:40ms	安徽省	芜湖市	这里是日志信息......
2024-02-19 03:54:38.653546	[INFO]	user_manager.py	响应时间:255ms	湖南省	长沙市	这里是日志信息......
2024-02-19 03:54:38.653564	[INFO]	base_network.py	响应时间:931ms	江苏省	宿迁市	这里是日志信息......
2024-02-19 03:54:38.653581	[INFO]	event.py	响应时间:997ms	山东省	济南市	这里是日志信息......
2024-02-19 03:54:38.653599	[INFO]	user_manager.py	响应时间:765ms	湖南省	长沙市	这里是日志信息......
2024-02-19 03:54:38.653616	[INFO]	barcode_service.py	响应时间:680ms	上海市	浦东新区	这里是日志信息......
2024-02-19 03:54:38.653634	[INFO]	orders_service.py	响应时间:127ms	浙江省	绍兴市	这里是日志信息......
2024-02-19 03:54:38.653651	[INFO]	orders_service.py	响应时间:886ms	江苏省	无锡市	这里是日志信息......
2024-02-19 03:54:38.653668	[INFO]	goods_manager.py	响应时间:344ms	浙江省	丽水市	这里是日志信息......
2024-02-19 03:54:38.653685	[INFO]	event.py	响应时间:643ms	上海市	杨浦区	这里是日志信息......
2024-02-19 03:54:38.653703	[INFO]	event.py	响应时间:455ms	江苏省	南京市	这里是日志信息......
2024-02-19 03:54:38.653721	[INFO]	event.py	响应时间:259ms	湖北省	武汉市	这里是日志信息......
2024-02-19 03:54:38.653738	[INFO]	orders_service.py	响应时间:356ms	湖南省	长沙市	这里是日志信息......
2024-02-19 03:54:38.653755	[INFO]	goods_manager.py	响应时间:591ms	安徽省	合肥市	这里是日志信息......
2024-02-19 03:54:38.653772	[WARN]	orders_service.py	响应时间:773ms	湖南省	长沙市	这里是日志信息......
2024-02-19 03:54:38.653789	[INFO]	user_manager.py	响应时间:9633ms	天津市	河西区	这里是日志信息......
2024-02-19 03:54:38.653808	[INFO]	event.py	响应时间:598ms	浙江省	嘉兴市	这里是日志信息......
2024-02-19 03:54:38.653825	[INFO]	orders_service.py	响应时间:814ms	安徽省	池州市	这里是日志信息......
2024-02-19 03:54:38.653843	[WARN]	barcode_service.py	响应时间:321ms	浙江省	丽水市	这里是日志信息......
2024-02-19 03:54:38.653860	[INFO]	event.py	响应时间:539ms	上海市	宝山区	这里是日志信息......
2024-02-19 03:54:38.653877	[INFO]	barcode_service.py	响应时间:443ms	湖北省	武汉市	这里是日志信息......
2024-02-19 03:54:38.653895	[WARN]	orders_service.py	响应时间:916ms	天津市	武清区	这里是日志信息......
2024-02-19 03:54:38.653913	[ERROR]	barcode_service.py	响应时间:7ms	山东省	菏泽市	这里是日志信息......
2024-02-19 03:54:38.653932	[INFO]	user_manager.py	响应时间:825ms	天津市	武清区	这里是日志信息......
2024-02-19 03:54:38.653950	[INFO]	goods_manager.py	响应时间:2873ms	浙江省	嘉兴市	这里是日志信息......
2024-02-19 03:54:38.653968	[INFO]	orders_service.py	响应时间:797ms	上海市	宝山区	这里是日志信息......
2024-02-19 03:54:38.653986	[INFO]	event.py	响应时间:462ms	重庆市	万州区	这里是日志信息......
2024-02-19 03:54:38.654003	[INFO]	orders_service.py	响应时间:870ms	上海市	浦东新区	这里是日志信息......
2024-02-19 03:54:38.654020	[INFO]	goods_manager.py	响应时间:583ms	广东省	深圳市	这里是日志信息......
2024-02-19 03:54:38.654037	[INFO]	base_network.py	响应时间:903ms	山东省	青岛市	这里是日志信息......
2024-02-19 03:54:38.654055	[INFO]	goods_manager.py	响应时间:56ms	广东省	广州市	这里是日志信息......
2024-02-19 03:54:38.654072	[INFO]	shop_manager.py	响应时间:444ms	重庆市	万州区	这里是日志信息......
2024-02-19 03:54:38.654089	[ERROR]	orders_service.py	响应时间:495ms	安徽省	铜陵市	这里是日志信息......
2024-02-19 03:54:38.654107	[INFO]	shop_manager.py	响应时间:768ms	天津市	武清区	这里是日志信息......
2024-02-19 03:54:38.654124	[WARN]	orders_service.py	响应时间:600ms	湖南省	常德市	这里是日志信息......
2024-02-19 03:54:38.654141	[INFO]	event.py	响应时间:567ms	山东省	青岛市	这里是日志信息......
2024-02-19 03:54:38.654159	[INFO]	orders_service.py	响应时间:421ms	重庆市	涪陵区	这里是日志信息......
2024-02-19 03:54:38.654176	[INFO]	barcode_service.py	响应时间:231ms	天津市	和平区	这里是日志信息......
2024-02-19 03:54:38.654194	[ERROR]	base_network.py	响应时间:596ms	湖北省	武汉市	这里是日志信息......
2024-02-19 03:54:38.654211	[INFO]	goods_manager.py	响应时间:838ms	安徽省	铜陵市	这里是日志信息......
2024-02-19 03:54:38.654229	[INFO]	event.py	响应时间:283ms	浙江省	杭州市	这里是日志信息......
2024-02-19 03:54:38.654246	[INFO]	orders_service.py	响应时间:104ms	山东省	青岛市	这里是日志信息......
2024-02-19 03:54:38.654263	[INFO]	barcode_service.py	响应时间:560ms	北京市	丰台区	这里是日志信息......
2024-02-19 03:54:38.654280	[INFO]	goods_manager.py	响应时间:835ms	安徽省	池州市	这里是日志信息......
2024-02-19 03:54:38.654298	[INFO]	goods_manager.py	响应时间:492ms	山东省	济南市	这里是日志信息......
2024-02-19 03:54:38.654316	[INFO]	orders_service.py	响应时间:654ms	湖南省	长沙市	这里是日志信息......
2024-02-19 03:54:38.654334	[INFO]	event.py	响应时间:875ms	重庆市	南岸区	这里是日志信息......
2024-02-19 03:54:38.654351	[INFO]	user_manager.py	响应时间:242ms	天津市	武清区	这里是日志信息......
2024-02-19 03:54:38.654369	[ERROR]	goods_manager.py	响应时间:793ms	广东省	深圳市	这里是日志信息......
2024-02-19 03:54:38.654386	[WARN]	goods_manager.py	响应时间:135ms	上海市	静安区	这里是日志信息......
2024-02-19 03:54:38.654404	[INFO]	shop_manager.py	响应时间:18ms	安徽省	池州市	这里是日志信息......
2024-02-19 03:54:38.654421	[WARN]	orders_service.py	响应时间:757ms	湖北省	荆州市	这里是日志信息......
2024-02-19 03:54:38.654439	[INFO]	shop_manager.py	响应时间:2755ms	江苏省	常州市	这里是日志信息......
2024-02-19 03:54:38.654456	[INFO]	goods_manager.py	响应时间:832ms	重庆市	沙坪坝区	这里是日志信息......
2024-02-19 03:54:38.654474	[INFO]	base_network.py	响应时间:576ms	山东省	济南市	这里是日志信息......
2024-02-19 03:54:38.654491	[WARN]	base_network.py	响应时间:551ms	广东省	广州市	这里是日志信息......
2024-02-19 03:54:38.654508	[INFO]	barcode_service.py	响应时间:347ms	江苏省	南京市	这里是日志信息......
2024-02-19 03:54:38.654525	[INFO]	event.py	响应时间:970ms	上海市	宝山区	这里是日志信息......
2024-02-19 03:54:38.654542	[WARN]	event.py	响应时间:129ms	山东省	青岛市	这里是日志信息......
2024-02-19 03:54:38.654560	[WARN]	user_manager.py	响应时间:105ms	湖北省	武汉市	这里是日志信息......
2024-02-19 03:54:38.654577	[INFO]	orders_service.py	响应时间:348ms	湖北省	武汉市	这里是日志信息......
2024-02-19 03:54:38.654595	[INFO]	orders_service.py	响应时间:344ms	重庆市	万州区	这里是日志信息......
2024-02-19 03:54:38.654612	[INFO]	orders_service.py	响应时间:321ms	山东省	青岛市	这里是日志信息......
2024-02-19 03:54:38.654629	[INFO]	event.py	响应时间:139ms	湖北省	荆州市	这里是日志信息......
2024-02-19 03:54:38.654647	[INFO]	barcode_service.py	响应时间:184ms	北京市	大兴区	这里是日志信息......
2024-02-19 03:54:38.654665	[INFO]	goods_manager.py	响应时间:882ms	北京市	朝阳区	这里是日志信息......
2024-02-19 03:54:38.654683	[WARN]	user_manager.py	响应时间:532ms	重庆市	九龙坡区	这里是日志信息......
2024-02-19 03:54:38.654700	[INFO]	orders_service.py	响应时间:627ms	重庆市	南岸区	这里是日志信息......
2024-02-19 03:54:38.654717	[INFO]	event.py	响应时间:42ms	安徽省	合肥市	这里是日志信息......
2024-02-19 03:54:38.654735	[WARN]	event.py	响应时间:534ms	重庆市	万州区	这里是日志信息......
2024-02-19 03:54:38.654778	[INFO]	orders_service.py	响应时间:11ms	天津市	和平区	这里是日志信息......
2024-02-19 03:54:38.654799	[INFO]	event.py	响应时间:884ms	湖北省	武汉市	这里是日志信息......
2024-02-19 03:54:38.654817	[WARN]	barcode_service.py	响应时间:164ms	湖北省	恩施土家族苗族自治州	这里是日志信息......
2024-02-19 03:54:38.654835	[ERROR]	goods_manager.py	响应时间:259ms	湖南省	张家界市	这里是日志信息......
2024-02-19 03:54:38.654852	[INFO]	base_network.py	响应时间:308ms	北京市	昌平区	这里是日志信息......
2024-02-19 03:54:38.654869	[INFO]	goods_manager.py	响应时间:888ms	安徽省	芜湖市	这里是日志信息......
2024-02-19 03:54:38.654887	[INFO]	event.py	响应时间:74ms	湖北省	十堰市	这里是日志信息......
2024-02-19 03:54:38.654904	[INFO]	event.py	响应时间:4232ms	湖北省	十堰市	这里是日志信息......
2024-02-19 03:54:38.654921	[INFO]	barcode_service.py	响应时间:37ms	重庆市	涪陵区	这里是日志信息......
2024-02-19 03:54:38.654938	[INFO]	shop_manager.py	响应时间:542ms	湖北省	十堰市	这里是日志信息......
2024-02-19 03:54:38.654955	[INFO]	goods_manager.py	响应时间:447ms	重庆市	万州区	这里是日志信息......
2024-02-19 03:54:38.654972	[INFO]	user_manager.py	响应时间:206ms	天津市	河东区	这里是日志信息......
2024-02-19 03:54:38.654990	[INFO]	goods_manager.py	响应时间:953ms	重庆市	渝中区	这里是日志信息......
2024-02-19 03:54:38.655007	[ERROR]	goods_manager.py	响应时间:785ms	天津市	和平区	这里是日志信息......
2024-02-19 03:54:38.655024	[INFO]	goods_manager.py	响应时间:975ms	江苏省	无锡市	这里是日志信息......
2024-02-19 03:54:38.655041	[ERROR]	user_manager.py	响应时间:577ms	广东省	广州市	这里是日志信息......
2024-02-19 03:54:38.655059	[INFO]	goods_manager.py	响应时间:419ms	北京市	怀柔区	这里是日志信息......
2024-02-19 03:54:38.655076	[INFO]	orders_service.py	响应时间:807ms	湖南省	长沙市	这里是日志信息......
2024-02-19 03:54:38.655094	[INFO]	barcode_service.py	响应时间:847ms	广东省	深圳市	这里是日志信息......
2024-02-19 03:54:38.655111	[INFO]	shop_manager.py	响应时间:338ms	广东省	广州市	这里是日志信息......
2024-02-19 03:54:38.655128	[INFO]	orders_service.py	响应时间:447ms	江苏省	苏州市	这里是日志信息......
2024-02-19 03:54:38.655146	[WARN]	goods_manager.py	响应时间:488ms	江苏省	无锡市	这里是日志信息......
2024-02-19 03:54:38.655164	[INFO]	goods_manager.py	响应时间:126ms	湖北省	武汉市	这里是日志信息......
2024-02-19 03:54:38.655181	[INFO]	shop_manager.py	响应时间:381ms	广东省	深圳市	这里是日志信息......
2024-02-19 03:54:38.655200	[WARN]	event.py	响应时间:957ms	重庆市	万州区	这里是日志信息......
2024-02-19 03:54:38.655219	[ERROR]	barcode_service.py	响应时间:120ms	山东省	青岛市	这里是日志信息......
2024-02-19 03:54:38.655238	[INFO]	user_manager.py	响应时间:532ms	北京市	海淀区	这里是日志信息......
2024-02-19 03:54:38.655256	[INFO]	event.py	响应时间:85ms	浙江省	杭州市	这里是日志信息......
2024-02-19 03:54:38.655274	[INFO]	orders_service.py	响应时间:239ms	北京市	大兴区	这里是日志信息......
2024-02-19 03:54:38.655291	[INFO]	goods_manager.py	响应时间:975ms	天津市	和平区	这里是日志信息......
2024-02-19 03:54:38.655308	[INFO]	barcode_service.py	响应时间:24ms	重庆市	南岸区	这里是日志信息......
2024-02-19 03:54:38.655326	[ERROR]	goods_manager.py	响应时间:312ms	上海市	浦东新区	这里是日志信息......
2024-02-19 03:54:38.655344	[INFO]	barcode_service.py	响应时间:338ms	浙江省	舟山市	这里是日志信息......
2024-02-19 03:54:38.655361	[INFO]	event.py	响应时间:838ms	广东省	广州市	这里是日志信息......
2024-02-19 03:54:38.655379	[INFO]	goods_manager.py	响应时间:88ms	浙江省	金华市	这里是日志信息......
2024-02-19 03:54:38.655396	[INFO]	orders_service.py	响应时间:436ms	江苏省	苏州市	这里是日志信息......
2024-02-19 03:54:38.655413	[INFO]	goods_manager.py	响应时间:141ms	湖北省	武汉市	这里是日志信息......
2024-02-19 03:54:38.655432	[INFO]	event.py	响应时间:364ms	浙江省	杭州市	这里是日志信息......
2024-02-19 03:54:38.655449	[INFO]	barcode_service.py	响应时间:911ms	浙江省	金华市	这里是日志信息......
2024-02-19 03:54:38.655467	[INFO]	event.py	响应时间:66ms	湖南省	张家界市	这里是日志信息......
2024-02-19 03:54:38.655484	[INFO]	orders_service.py	响应时间:686ms	北京市	怀柔区	这里是日志信息......
2024-02-19 03:54:38.655501	[INFO]	goods_manager.py	响应时间:362ms	安徽省	阜阳市	这里是日志信息......
2024-02-19 03:54:38.655518	[INFO]	goods_manager.py	响应时间:856ms	湖北省	恩施土家族苗族自治州	这里是日志信息......
2024-02-19 03:54:38.655536	[INFO]	orders_service.py	响应时间:322ms	山东省	济南市	这里是日志信息......
2024-02-19 03:54:38.655553	[INFO]	goods_manager.py	响应时间:569ms	江苏省	张家港市	这里是日志信息......
2024-02-19 03:54:38.655570	[INFO]	orders_service.py	响应时间:853ms	北京市	海淀区	这里是日志信息......
2024-02-19 03:54:38.655588	[INFO]	base_network.py	响应时间:307ms	北京市	怀柔区	这里是日志信息......
2024-02-19 03:54:38.655605	[INFO]	goods_manager.py	响应时间:306ms	上海市	普陀区	这里是日志信息......
2024-02-19 03:54:38.655623	[WARN]	user_manager.py	响应时间:944ms	山东省	济南市	这里是日志信息......
2024-02-19 03:54:38.655640	[ERROR]	user_manager.py	响应时间:414ms	北京市	昌平区	这里是日志信息......
2024-02-19 03:54:38.655658	[INFO]	orders_service.py	响应时间:324ms	江苏省	南京市	这里是日志信息......
2024-02-19 03:54:38.655676	[INFO]	orders_service.py	响应时间:896ms	天津市	河东区	这里是日志信息......
2024-02-19 03:54:38.655694	[INFO]	goods_manager.py	响应时间:715ms	北京市	昌平区	这里是日志信息......
2024-02-19 03:54:38.655711	[WARN]	goods_manager.py	响应时间:490ms	广东省	珠海市	这里是日志信息......
2024-02-19 03:54:38.655729	[WARN]	orders_service.py	响应时间:627ms	湖南省	长沙市	这里是日志信息......
2024-02-19 03:54:38.655746	[INFO]	goods_manager.py	响应时间:2808ms	江苏省	南京市	这里是日志信息......
2024-02-19 03:54:38.655764	[INFO]	orders_service.py	响应时间:256ms	湖南省	长沙市	这里是日志信息......
2024-02-19 03:54:38.655781	[INFO]	event.py	响应时间:305ms	湖南省	长沙市	这里是日志信息......
2024-02-19 03:54:38.655799	[WARN]	barcode_service.py	响应时间:347ms	山东省	青岛市	这里是日志信息......
2024-02-19 03:54:38.655816	[WARN]	orders_service.py	响应时间:583ms	湖北省	武汉市	这里是日志信息......
2024-02-19 03:54:38.655834	[INFO]	event.py	响应时间:270ms	上海市	杨浦区	这里是日志信息......
2024-02-19 03:54:38.655851	[INFO]	event.py	响应时间:213ms	天津市	河东区	这里是日志信息......
2024-02-19 03:54:38.655868	[WARN]	goods_manager.py	响应时间:520ms	山东省	青岛市	这里是日志信息......
2024-02-19 03:54:38.655886	[WARN]	orders_service.py	响应时间:5142ms	江苏省	常州市	这里是日志信息......
2024-02-19 03:54:38.655904	[INFO]	event.py	响应时间:755ms	广东省	广州市	这里是日志信息......
2024-02-19 03:54:38.655921	[WARN]	event.py	响应时间:570ms	山东省	青岛市	这里是日志信息......
2024-02-19 03:54:38.655939	[INFO]	goods_manager.py	响应时间:840ms	湖北省	武汉市	这里是日志信息......
2024-02-19 03:54:38.655956	[INFO]	barcode_service.py	响应时间:684ms	北京市	海淀区	这里是日志信息......
2024-02-19 03:54:38.655973	[INFO]	orders_service.py	响应时间:309ms	安徽省	芜湖市	这里是日志信息......
2024-02-19 03:54:38.656012	[WARN]	shop_manager.py	响应时间:359ms	重庆市	南岸区	这里是日志信息......
2024-02-19 03:54:38.656032	[INFO]	orders_service.py	响应时间:236ms	湖南省	常德市	这里是日志信息......
2024-02-19 03:54:38.656050	[INFO]	orders_service.py	响应时间:737ms	湖南省	张家界市	这里是日志信息......
2024-02-19 03:54:38.656067	[INFO]	barcode_service.py	响应时间:506ms	广东省	珠海市	这里是日志信息......
2024-02-19 03:54:38.656084	[WARN]	barcode_service.py	响应时间:647ms	安徽省	池州市	这里是日志信息......
2024-02-19 03:54:38.656101	[WARN]	event.py	响应时间:119ms	湖北省	武汉市	这里是日志信息......
2024-02-19 03:54:38.656119	[INFO]	user_manager.py	响应时间:313ms	北京市	海淀区	这里是日志信息......
2024-02-19 03:54:38.656136	[INFO]	barcode_service.py	响应时间:280ms	湖南省	长沙市	这里是日志信息......
2024-02-19 03:54:38.656154	[INFO]	goods_manager.py	响应时间:793ms	湖南省	常德市	这里是日志信息......
2024-02-19 03:54:38.656171	[INFO]	orders_service.py	响应时间:580ms	重庆市	万州区	这里是日志信息......
2024-02-19 03:54:38.656188	[INFO]	orders_service.py	响应时间:733ms	天津市	河东区	这里是日志信息......
2024-02-19 03:54:38.656205	[INFO]	barcode_service.py	响应时间:430ms	浙江省	杭州市	这里是日志信息......
2024-02-19 03:54:38.656222	[WARN]	goods_manager.py	响应时间:956ms	广东省	珠海市	这里是日志信息......
2024-02-19 03:54:38.656239	[INFO]	shop_manager.py	响应时间:819ms	山东省	济南市	这里是日志信息......
2024-02-19 03:54:38.656257	[INFO]	event.py	响应时间:5457ms	北京市	昌平区	这里是日志信息......
2024-02-19 03:54:38.656274	[INFO]	shop_manager.py	响应时间:339ms	上海市	杨浦区	这里是日志信息......
2024-02-19 03:54:38.656292	[WARN]	base_network.py	响应时间:626ms	江苏省	南京市	这里是日志信息......
2024-02-19 03:54:38.656309	[INFO]	event.py	响应时间:658ms	天津市	和平区	这里是日志信息......
2024-02-19 03:54:38.656326	[INFO]	goods_manager.py	响应时间:679ms	重庆市	沙坪坝区	这里是日志信息......
2024-02-19 03:54:38.656344	[WARN]	orders_service.py	响应时间:753ms	山东省	菏泽市	这里是日志信息......
2024-02-19 03:54:38.656361	[INFO]	goods_manager.py	响应时间:26ms	湖南省	益阳市	这里是日志信息......
2024-02-19 03:54:38.656378	[INFO]	user_manager.py	响应时间:723ms	江苏省	南京市	这里是日志信息......
2024-02-19 03:54:38.656396	[INFO]	goods_manager.py	响应时间:493ms	山东省	菏泽市	这里是日志信息......
2024-02-19 03:54:38.656413	[INFO]	event.py	响应时间:505ms	天津市	和平区	这里是日志信息......
2024-02-19 03:54:38.656430	[INFO]	orders_service.py	响应时间:261ms	浙江省	杭州市	这里是日志信息......
2024-02-19 03:54:38.656448	[WARN]	user_manager.py	响应时间:321ms	上海市	杨浦区	这里是日志信息......
2024-02-19 03:54:38.656466	[INFO]	event.py	响应时间:471ms	重庆市	沙坪坝区	这里是日志信息......
2024-02-19 03:54:38.656483	[INFO]	goods_manager.py	响应时间:43ms	重庆市	万州区	这里是日志信息......
2024-02-19 03:54:38.656501	[INFO]	shop_manager.py	响应时间:133ms	安徽省	阜阳市	这里是日志信息......
2024-02-19 03:54:38.656519	[INFO]	shop_manager.py	响应时间:331ms	浙江省	杭州市	这里是日志信息......
2024-02-19 03:54:38.656536	[WARN]	orders_service.py	响应时间:638ms	北京市	丰台区	这里是日志信息......
2024-02-19 03:54:38.656554	[WARN]	shop_manager.py	响应时间:40ms	上海市	徐汇区	这里是日志信息......
2024-02-19 03:54:38.656572	[INFO]	barcode_service.py	响应时间:232ms	上海市	徐汇区	这里是日志信息......
2024-02-19 03:54:38.656589	[INFO]	orders_service.py	响应时间:681ms	重庆市	万州区	这里是日志信息......
2024-02-19 03:54:38.656606	[WARN]	orders_service.py	响应时间:369ms	山东省	济南市	这里是日志信息......
2024-02-19 03:54:38.656624	[INFO]	goods_manager.py	响应时间:176ms	北京市	朝阳区	这里是日志信息......
2024-02-19 03:54:38.656643	[INFO]	shop_manager.py	响应时间:441ms	上海市	普陀区	这里是日志信息......
2024-02-19 03:54:38.656660	[INFO]	orders_service.py	响应时间:272ms	浙江省	嘉兴市	这里是日志信息......
2024-02-19 03:54:38.656677	[WARN]	barcode_service.py	响应时间:120ms	浙江省	杭州市	这里是日志信息......
2024-02-19 03:54:38.656695	[ERROR]	goods_manager.py	响应时间:122ms	安徽省	阜阳市	这里是日志信息......
2024-02-19 03:54:38.656713	[INFO]	user_manager.py	响应时间:549ms	北京市	丰台区	这里是日志信息......
2024-02-19 03:54:38.656730	[ERROR]	orders_service.py	响应时间:932ms	安徽省	阜阳市	这里是日志信息......
2024-02-19 03:54:38.656747	[INFO]	event.py	响应时间:293ms	浙江省	杭州市	这里是日志信息......
2024-02-19 03:54:38.656765	[INFO]	shop_manager.py	响应时间:506ms	天津市	武清区	这里是日志信息......
2024-02-19 03:54:38.656782	[INFO]	event.py	响应时间:749ms	湖南省	长沙市	这里是日志信息......
2024-02-19 03:54:38.656799	[INFO]	user_manager.py	响应时间:141ms	重庆市	渝中区	这里是日志信息......
2024-02-19 03:54:38.656817	[INFO]	event.py	响应时间:699ms	广东省	广州市	这里是日志信息......
2024-02-19 03:54:38.656834	[INFO]	event.py	响应时间:36ms	重庆市	万州区	这里是日志信息......
2024-02-19 03:54:38.656852	[INFO]	goods_manager.py	响应时间:952ms	北京市	大兴区	这里是日志信息......
2024-02-19 03:54:38.656869	[INFO]	shop_manager.py	响应时间:555ms	江苏省	南京市	这里是日志信息......
2024-02-19 03:54:38.656886	[INFO]	user_manager.py	响应时间:198ms	安徽省	六安市	这里是日志信息......
2024-02-19 03:54:38.656905	[INFO]	base_network.py	响应时间:719ms	北京市	昌平区	这里是日志信息......
2024-02-19 03:54:38.656922	[INFO]	base_network.py	响应时间:471ms	北京市	丰台区	这里是日志信息......
2024-02-19 03:54:38.656939	[INFO]	user_manager.py	响应时间:887ms	安徽省	合肥市	这里是日志信息......
2024-02-19 03:54:38.656957	[INFO]	orders_service.py	响应时间:554ms	山东省	济南市	这里是日志信息......
2024-02-19 03:54:38.656974	[WARN]	goods_manager.py	响应时间:820ms	重庆市	沙坪坝区	这里是日志信息......
2024-02-19 03:54:38.656991	[INFO]	user_manager.py	响应时间:430ms	山东省	青岛市	这里是日志信息......
2024-02-19 03:54:38.657008	[INFO]	event.py	响应时间:475ms	天津市	宝坻区	这里是日志信息......
2024-02-19 03:54:38.657026	[WARN]	user_manager.py	响应时间:329ms	天津市	河西区	这里是日志信息......
2024-02-19 03:54:38.657043	[WARN]	goods_manager.py	响应时间:702ms	安徽省	阜阳市	这里是日志信息......
2024-02-19 03:54:38.657060	[INFO]	event.py	响应时间:278ms	广东省	广州市	这里是日志信息......
2024-02-19 03:54:38.657077	[INFO]	barcode_service.py	响应时间:458ms	安徽省	池州市	这里是日志信息......
2024-02-19 03:54:38.657094	[INFO]	orders_service.py	响应时间:156ms	湖北省	武汉市	这里是日志信息......
2024-02-19 03:54:38.657111	[INFO]	goods_manager.py	响应时间:1810ms	北京市	丰台区	这里是日志信息......
2024-02-19 03:54:38.657128	[INFO]	goods_manager.py	响应时间:670ms	广东省	广州市	这里是日志信息......
2024-02-19 03:54:38.657146	[INFO]	goods_manager.py	响应时间:880ms	天津市	河西区	这里是日志信息......
2024-02-19 03:54:38.657163	[WARN]	barcode_service.py	响应时间:411ms	山东省	青岛市	这里是日志信息......
2024-02-19 03:54:38.657180	[WARN]	event.py	响应时间:733ms	天津市	宝坻区	这里是日志信息......
2024-02-19 03:54:38.657197	[WARN]	event.py	响应时间:171ms	山东省	青岛市	这里是日志信息......
2024-02-19 03:54:38.657214	[INFO]	user_manager.py	响应时间:3938ms	上海市	杨浦区	这里是日志信息......
2024-02-19 03:54:38.657259	[INFO]	event.py	响应时间:560ms	安徽省	合肥市	这里是日志信息......
2024-02-19 03:54:38.657279	[INFO]	orders_service.py	响应时间:988ms	天津市	和平区	这里是日志信息......
2024-02-19 03:54:38.657297	[INFO]	shop_manager.py	响应时间:982ms	天津市	和平区	这里是日志信息......
2024-02-19 03:54:38.657314	[INFO]	event.py	响应时间:399ms	北京市	怀柔区	这里是日志信息......
2024-02-19 03:54:38.657332	[WARN]	event.py	响应时间:270ms	广东省	深圳市	这里是日志信息......
2024-02-19 03:54:38.657350	[INFO]	event.py	响应时间:507ms	北京市	朝阳区	这里是日志信息......
2024-02-19 03:54:38.657367	[ERROR]	event.py	响应时间:26ms	安徽省	铜陵市	这里是日志信息......
2024-02-19 03:54:38.657385	[ERROR]	goods_manager.py	响应时间:2698ms	江苏省	苏州市	这里是日志信息......
2024-02-19 03:54:38.657402	[INFO]	event.py	响应时间:628ms	湖南省	长沙市	这里是日志信息......
2024-02-19 03:54:38.657419	[INFO]	goods_manager.py	响应时间:707ms	广东省	深圳市	这里是日志信息......
2024-02-19 03:54:38.657437	[INFO]	event.py	响应时间:62ms	安徽省	阜阳市	这里是日志信息......
2024-02-19 03:54:38.657454	[INFO]	base_network.py	响应时间:236ms	江苏省	张家港市	这里是日志信息......
2024-02-19 03:54:38.657472	[INFO]	shop_manager.py	响应时间:230ms	上海市	普陀区	这里是日志信息......
2024-02-19 03:54:38.657489	[INFO]	base_network.py	响应时间:855ms	天津市	河西区	这里是日志信息......
2024-02-19 03:54:38.657506	[INFO]	barcode_service.py	响应时间:992ms	广东省	深圳市	这里是日志信息......
2024-02-19 03:54:38.657524	[INFO]	orders_service.py	响应时间:286ms	山东省	济南市	这里是日志信息......
2024-02-19 03:54:38.657541	[INFO]	orders_service.py	响应时间:478ms	安徽省	芜湖市	这里是日志信息......
2024-02-19 03:54:38.657558	[INFO]	event.py	响应时间:761ms	湖北省	武汉市	这里是日志信息......
2024-02-19 03:54:38.657575	[INFO]	base_network.py	响应时间:409ms	广东省	广州市	这里是日志信息......
2024-02-19 03:54:38.657592	[INFO]	event.py	响应时间:524ms	湖南省	长沙市	这里是日志信息......
2024-02-19 03:54:38.657609	[INFO]	shop_manager.py	响应时间:786ms	湖北省	武汉市	这里是日志信息......
2024-02-19 03:54:38.657627	[WARN]	event.py	响应时间:996ms	重庆市	涪陵区	这里是日志信息......
2024-02-19 03:54:38.657644	[WARN]	base_network.py	响应时间:951ms	江苏省	苏州市	这里是日志信息......
2024-02-19 03:54:38.657662	[INFO]	orders_service.py	响应时间:825ms	湖南省	长沙市	这里是日志信息......
2024-02-19 03:54:38.657679	[INFO]	shop_manager.py	响应时间:180ms	浙江省	丽水市	这里是日志信息......
2024-02-19 03:54:38.657697	[INFO]	event.py	响应时间:124ms	重庆市	万州区	这里是日志信息......
2024-02-19 03:54:38.657715	[INFO]	event.py	响应时间:894ms	广东省	深圳市	这里是日志信息......
2024-02-19 03:54:38.657732	[INFO]	user_manager.py	响应时间:115ms	山东省	青岛市	这里是日志信息......
2024-02-19 03:54:38.657750	[INFO]	event.py	响应时间:231ms	天津市	武清区	这里是日志信息......
2024-02-19 03:54:38.657767	[INFO]	goods_manager.py	响应时间:2328ms	上海市	徐汇区	这里是日志信息......
2024-02-19 03:54:38.657785	[INFO]	goods_manager.py	响应时间:227ms	湖北省	十堰市	这里是日志信息......
2024-02-19 03:54:38.657802	[INFO]	goods_manager.py	响应时间:691ms	广东省	深圳市	这里是日志信息......
2024-02-19 03:54:38.657820	[INFO]	event.py	响应时间:640ms	天津市	河西区	这里是日志信息......
2024-02-19 03:54:38.657838	[WARN]	goods_manager.py	响应时间:619ms	广东省	珠海市	这里是日志信息......
2024-02-19 03:54:38.657861	[INFO]	event.py	响应时间:349ms	湖北省	恩施土家族苗族自治州	这里是日志信息......
2024-02-19 03:54:38.657879	[INFO]	event.py	响应时间:849ms	安徽省	合肥市	这里是日志信息......
2024-02-19 03:54:38.657897	[INFO]	goods_manager.py	响应时间:303ms	浙江省	金华市	这里是日志信息......
2024-02-19 03:54:38.657914	[INFO]	shop_manager.py	响应时间:664ms	重庆市	渝中区	这里是日志信息......
2024-02-19 03:54:38.657932	[INFO]	orders_service.py	响应时间:424ms	北京市	海淀区	这里是日志信息......
2024-02-19 03:54:38.657949	[INFO]	event.py	响应时间:597ms	湖南省	长沙市	这里是日志信息......
2024-02-19 03:54:38.657967	[INFO]	orders_service.py	响应时间:969ms	北京市	海淀区	这里是日志信息......
2024-02-19 03:54:38.657985	[INFO]	goods_manager.py	响应时间:601ms	重庆市	渝中区	这里是日志信息......
2024-02-19 03:54:38.658002	[INFO]	event.py	响应时间:147ms	湖南省	长沙市	这里是日志信息......
2024-02-19 03:54:38.658019	[ERROR]	shop_manager.py	响应时间:77ms	湖南省	长沙市	这里是日志信息......
2024-02-19 03:54:38.658037	[WARN]	orders_service.py	响应时间:302ms	北京市	朝阳区	这里是日志信息......
2024-02-19 03:54:38.658055	[WARN]	user_manager.py	响应时间:530ms	广东省	广州市	这里是日志信息......
2024-02-19 03:54:38.658072	[WARN]	barcode_service.py	响应时间:779ms	山东省	济南市	这里是日志信息......
2024-02-19 03:54:38.658090	[INFO]	orders_service.py	响应时间:345ms	江苏省	苏州市	这里是日志信息......
2024-02-19 03:54:38.658107	[INFO]	base_network.py	响应时间:365ms	湖南省	长沙市	这里是日志信息......
2024-02-19 03:54:38.658125	[INFO]	user_manager.py	响应时间:611ms	广东省	广州市	这里是日志信息......
2024-02-19 03:54:38.658142	[WARN]	base_network.py	响应时间:148ms	天津市	河东区	这里是日志信息......
2024-02-19 03:54:38.658159	[INFO]	user_manager.py	响应时间:746ms	浙江省	丽水市	这里是日志信息......
2024-02-19 03:54:38.658176	[INFO]	goods_manager.py	响应时间:728ms	安徽省	铜陵市	这里是日志信息......
2024-02-19 03:54:38.658194	[INFO]	goods_manager.py	响应时间:579ms	湖南省	张家界市	这里是日志信息......
2024-02-19 03:54:38.658212	[INFO]	event.py	响应时间:793ms	浙江省	杭州市	这里是日志信息......
2024-02-19 03:54:38.658229	[INFO]	event.py	响应时间:989ms	天津市	河西区	这里是日志信息......
2024-02-19 03:54:38.658247	[INFO]	barcode_service.py	响应时间:204ms	重庆市	涪陵区	这里是日志信息......
2024-02-19 03:54:38.658265	[INFO]	event.py	响应时间:403ms	北京市	丰台区	这里是日志信息......
2024-02-19 03:54:38.658282	[INFO]	orders_service.py	响应时间:112ms	安徽省	阜阳市	这里是日志信息......
2024-02-19 03:54:38.658300	[INFO]	event.py	响应时间:986ms	山东省	青岛市	这里是日志信息......
2024-02-19 03:54:38.658317	[INFO]	barcode_service.py	响应时间:771ms	山东省	青岛市	这里是日志信息......
2024-02-19 03:54:38.658335	[INFO]	barcode_service.py	响应时间:519ms	广东省	深圳市	这里是日志信息......
2024-02-19 03:54:38.658353	[INFO]	goods_manager.py	响应时间:875ms	山东省	菏泽市	这里是日志信息......
2024-02-19 03:54:38.658370	[INFO]	orders_service.py	响应时间:17ms	天津市	河西区	这里是日志信息......
2024-02-19 03:54:38.658388	[WARN]	base_network.py	响应时间:334ms	广东省	广州市	这里是日志信息......
2024-02-19 03:54:38.658408	[INFO]	goods_manager.py	响应时间:544ms	湖南省	长沙市	这里是日志信息......
2024-02-19 03:54:38.658426	[INFO]	base_network.py	响应时间:708ms	北京市	海淀区	这里是日志信息......
2024-02-19 03:54:38.658443	[INFO]	user_manager.py	响应时间:395ms	安徽省	六安市	这里是日志信息......
2024-02-19 03:54:38.658460	[WARN]	user_manager.py	响应时间:543ms	上海市	杨浦区	这里是日志信息......
2024-02-19 03:54:38.658477	[INFO]	user_manager.py	响应时间:751ms	湖北省	恩施土家族苗族自治州	这里是日志信息......
2024-02-19 03:54:38.658518	[INFO]	event.py	响应时间:6ms	上海市	徐汇区	这里是日志信息......
2024-02-19 03:54:38.658540	[INFO]	goods_manager.py	响应时间:522ms	天津市	宝坻区	这里是日志信息......
2024-02-19 03:54:38.658557	[INFO]	barcode_service.py	响应时间:690ms	山东省	青岛市	这里是日志信息......
2024-02-19 03:54:38.658575	[INFO]	goods_manager.py	响应时间:100ms	浙江省	丽水市	这里是日志信息......
2024-02-19 03:54:38.658592	[INFO]	barcode_service.py	响应时间:138ms	江苏省	常州市	这里是日志信息......
2024-02-19 03:54:38.658610	[INFO]	event.py	响应时间:758ms	北京市	怀柔区	这里是日志信息......
2024-02-19 03:54:38.658627	[INFO]	goods_manager.py	响应时间:110ms	江苏省	南京市	这里是日志信息......
2024-02-19 03:54:38.658644	[WARN]	event.py	响应时间:635ms	湖南省	长沙市	这里是日志信息......
2024-02-19 03:54:38.658662	[INFO]	orders_service.py	响应时间:881ms	湖南省	长沙市	这里是日志信息......
2024-02-19 03:54:38.658679	[INFO]	goods_manager.py	响应时间:631ms	重庆市	沙坪坝区	这里是日志信息......
2024-02-19 03:54:38.658697	[INFO]	barcode_service.py	响应时间:770ms	浙江省	丽水市	这里是日志信息......
2024-02-19 03:54:38.658715	[WARN]	user_manager.py	响应时间:754ms	安徽省	合肥市	这里是日志信息......
2024-02-19 03:54:38.658733	[INFO]	orders_service.py	响应时间:42ms	安徽省	芜湖市	这里是日志信息......
2024-02-19 03:54:38.658750	[INFO]	event.py	响应时间:535ms	重庆市	渝中区	这里是日志信息......
2024-02-19 03:54:38.658767	[INFO]	event.py	响应时间:755ms	天津市	武清区	这里是日志信息......
2024-02-19 03:54:38.658785	[INFO]	user_manager.py	响应时间:772ms	上海市	徐汇区	这里是日志信息......
2024-02-19 03:54:38.658802	[WARN]	goods_manager.py	响应时间:895ms	天津市	河东区	这里是日志信息......
2024-02-19 03:54:38.658819	[INFO]	event.py	响应时间:5672ms	广东省	广州市	这里是日志信息......
2024-02-19 03:54:38.658837	[WARN]	barcode_service.py	响应时间:408ms	天津市	河西区	这里是日志信息......
2024-02-19 03:54:38.658854	[INFO]	user_manager.py	响应时间:636ms	湖南省	益阳市	这里是日志信息......
2024-02-19 03:54:38.658872	[INFO]	orders_service.py	响应时间:51ms	湖北省	武汉市	这里是日志信息......
2024-02-19 03:54:38.658889	[INFO]	event.py	响应时间:160ms	天津市	武清区	这里是日志信息......
2024-02-19 03:54:38.658907	[INFO]	orders_service.py	响应时间:335ms	北京市	朝阳区	这里是日志信息......
2024-02-19 03:54:38.658924	[INFO]	event.py	响应时间:296ms	安徽省	芜湖市	这里是日志信息......
2024-02-19 03:54:38.658942	[INFO]	goods_manager.py	响应时间:204ms	浙江省	杭州市	这里是日志信息......
2024-02-19 03:54:38.658959	[INFO]	goods_manager.py	响应时间:190ms	天津市	武清区	这里是日志信息......
2024-02-19 03:54:38.658980	[INFO]	barcode_service.py	响应时间:703ms	安徽省	芜湖市	这里是日志信息......
2024-02-19 03:54:38.658998	[INFO]	event.py	响应时间:50ms	北京市	怀柔区	这里是日志信息......
2024-02-19 03:54:38.659015	[INFO]	user_manager.py	响应时间:251ms	重庆市	渝中区	这里是日志信息......
2024-02-19 03:54:38.659033	[INFO]	event.py	响应时间:2329ms	北京市	昌平区	这里是日志信息......
2024-02-19 03:54:38.659051	[INFO]	orders_service.py	响应时间:224ms	湖南省	长沙市	这里是日志信息......
2024-02-19 03:54:38.659068	[INFO]	barcode_service.py	响应时间:420ms	广东省	深圳市	这里是日志信息......
2024-02-19 03:54:38.659086	[INFO]	event.py	响应时间:607ms	广东省	深圳市	这里是日志信息......
2024-02-19 03:54:38.659103	[INFO]	goods_manager.py	响应时间:511ms	浙江省	舟山市	这里是日志信息......
2024-02-19 03:54:38.659121	[INFO]	event.py	响应时间:73ms	浙江省	舟山市	这里是日志信息......
2024-02-19 03:54:38.659138	[INFO]	goods_manager.py	响应时间:540ms	山东省	济南市	这里是日志信息......
2024-02-19 03:54:38.659156	[INFO]	base_network.py	响应时间:32ms	北京市	丰台区	这里是日志信息......
2024-02-19 03:54:38.659173	[INFO]	orders_service.py	响应时间:734ms	天津市	武清区	这里是日志信息......
2024-02-19 03:54:38.659191	[INFO]	base_network.py	响应时间:373ms	重庆市	沙坪坝区	这里是日志信息......
2024-02-19 03:54:38.659209	[INFO]	event.py	响应时间:668ms	上海市	静安区	这里是日志信息......
2024-02-19 03:54:38.659226	[INFO]	goods_manager.py	响应时间:643ms	重庆市	渝中区	这里是日志信息......
2024-02-19 03:54:38.659243	[ERROR]	barcode_service.py	响应时间:543ms	山东省	青岛市	这里是日志信息......
2024-02-19 03:54:38.659261	[WARN]	barcode_service.py	响应时间:340ms	浙江省	杭州市	这里是日志信息......
2024-02-19 03:54:38.659279	[INFO]	orders_service.py	响应时间:893ms	浙江省	丽水市	这里是日志信息......
2024-02-19 03:54:38.659297	[INFO]	shop_manager.py	响应时间:118ms	安徽省	合肥市	这里是日志信息......
2024-02-19 03:54:38.659314	[INFO]	shop_manager.py	响应时间:100ms	北京市	朝阳区	这里是日志信息......
2024-02-19 03:54:38.659331	[INFO]	event.py	响应时间:428ms	山东省	菏泽市	这里是日志信息......
2024-02-19 03:54:38.659348	[INFO]	event.py	响应时间:1764ms	山东省	青岛市	这里是日志信息......
2024-02-19 03:54:38.659367	[INFO]	user_manager.py	响应时间:53ms	湖北省	武汉市	这里是日志信息......
2024-02-19 03:54:38.659383	[INFO]	base_network.py	响应时间:520ms	上海市	浦东新区	这里是日志信息......
2024-02-19 03:54:38.659401	[INFO]	user_manager.py	响应时间:430ms	重庆市	渝中区	这里是日志信息......
2024-02-19 03:54:38.659418	[INFO]	base_network.py	响应时间:3857ms	北京市	昌平区	这里是日志信息......
2024-02-19 03:54:38.659435	[INFO]	event.py	响应时间:868ms	重庆市	九龙坡区	这里是日志信息......
2024-02-19 03:54:38.659452	[INFO]	event.py	响应时间:54ms	北京市	大兴区	这里是日志信息......
2024-02-19 03:54:38.659470	[INFO]	barcode_service.py	响应时间:262ms	安徽省	阜阳市	这里是日志信息......
2024-02-19 03:54:38.659487	[INFO]	goods_manager.py	响应时间:490ms	天津市	武清区	这里是日志信息......
2024-02-19 03:54:38.659504	[INFO]	base_network.py	响应时间:798ms	湖南省	株洲市	这里是日志信息......
2024-02-19 03:54:38.659522	[INFO]	goods_manager.py	响应时间:719ms	天津市	和平区	这里是日志信息......
2024-02-19 03:54:38.659539	[INFO]	goods_manager.py	响应时间:851ms	江苏省	苏州市	这里是日志信息......
2024-02-19 03:54:38.659556	[ERROR]	event.py	响应时间:702ms	湖北省	武汉市	这里是日志信息......
2024-02-19 03:54:38.659574	[INFO]	barcode_service.py	响应时间:655ms	上海市	杨浦区	这里是日志信息......
2024-02-19 03:54:38.659592	[INFO]	goods_manager.py	响应时间:582ms	浙江省	嘉兴市	这里是日志信息......
2024-02-19 03:54:38.659609	[INFO]	event.py	响应时间:462ms	湖北省	恩施土家族苗族自治州	这里是日志信息......
2024-02-19 03:54:38.659627	[INFO]	orders_service.py	响应时间:393ms	山东省	青岛市	这里是日志信息......
2024-02-19 03:54:38.659644	[ERROR]	orders_service.py	响应时间:604ms	重庆市	渝中区	这里是日志信息......
2024-02-19 03:54:38.659662	[INFO]	event.py	响应时间:388ms	广东省	珠海市	这里是日志信息......
2024-02-19 03:54:38.659679	[INFO]	goods_manager.py	响应时间:919ms	江苏省	南京市	这里是日志信息......
2024-02-19 03:54:38.659696	[WARN]	event.py	响应时间:664ms	北京市	海淀区	这里是日志信息......
2024-02-19 03:54:38.659714	[INFO]	event.py	响应时间:682ms	浙江省	杭州市	这里是日志信息......
2024-02-19 03:54:38.659731	[INFO]	shop_manager.py	响应时间:792ms	安徽省	铜陵市	这里是日志信息......
2024-02-19 03:54:38.659771	[INFO]	user_manager.py	响应时间:549ms	安徽省	阜阳市	这里是日志信息......
2024-02-19 03:54:38.659791	[ERROR]	user_manager.py	响应时间:404ms	湖南省	长沙市	这里是日志信息......
2024-02-19 03:54:38.659810	[WARN]	goods_manager.py	响应时间:183ms	天津市	河东区	这里是日志信息......
2024-02-19 03:54:38.659827	[WARN]	barcode_service.py	响应时间:796ms	北京市	大兴区	这里是日志信息......
2024-02-19 03:54:38.659845	[INFO]	orders_service.py	响应时间:779ms	江苏省	南京市	这里是日志信息......
2024-02-19 03:54:38.659862	[INFO]	orders_service.py	响应时间:632ms	山东省	青岛市	这里是日志信息......
2024-02-19 03:54:38.659880	[INFO]	shop_manager.py	响应时间:75ms	湖南省	长沙市	这里是日志信息......
2024-02-19 03:54:38.659897	[WARN]	orders_service.py	响应时间:188ms	重庆市	渝中区	这里是日志信息......
2024-02-19 03:54:38.659915	[INFO]	base_network.py	响应时间:685ms	安徽省	合肥市	这里是日志信息......
2024-02-19 03:54:38.659933	[ERROR]	base_network.py	响应时间:722ms	湖北省	武汉市	这里是日志信息......
2024-02-19 03:54:38.659950	[INFO]	barcode_service.py	响应时间:987ms	湖北省	荆州市	这里是日志信息......
2024-02-19 03:54:38.659968	[INFO]	event.py	响应时间:999ms	湖南省	长沙市	这里是日志信息......
2024-02-19 03:54:38.659985	[INFO]	orders_service.py	响应时间:627ms	山东省	济南市	这里是日志信息......
2024-02-19 03:54:38.660003	[INFO]	goods_manager.py	响应时间:993ms	上海市	宝山区	这里是日志信息......
2024-02-19 03:54:38.660021	[INFO]	shop_manager.py	响应时间:146ms	山东省	济南市	这里是日志信息......
2024-02-19 03:54:38.660038	[INFO]	orders_service.py	响应时间:494ms	江苏省	南京市	这里是日志信息......
2024-02-19 03:54:38.660056	[WARN]	orders_service.py	响应时间:701ms	湖南省	常德市	这里是日志信息......
2024-02-19 03:54:38.660073	[INFO]	event.py	响应时间:906ms	湖北省	武汉市	这里是日志信息......
2024-02-19 03:54:38.660090	[WARN]	base_network.py	响应时间:465ms	浙江省	嘉兴市	这里是日志信息......
2024-02-19 03:54:38.660107	[INFO]	base_network.py	响应时间:405ms	湖南省	张家界市	这里是日志信息......
2024-02-19 03:54:38.660125	[INFO]	goods_manager.py	响应时间:295ms	浙江省	杭州市	这里是日志信息......
2024-02-19 03:54:38.660142	[INFO]	event.py	响应时间:676ms	重庆市	沙坪坝区	这里是日志信息......
2024-02-19 03:54:38.660160	[INFO]	base_network.py	响应时间:606ms	山东省	济南市	这里是日志信息......
2024-02-19 03:54:38.660177	[INFO]	orders_service.py	响应时间:461ms	安徽省	阜阳市	这里是日志信息......
2024-02-19 03:54:38.660195	[INFO]	user_manager.py	响应时间:170ms	浙江省	杭州市	这里是日志信息......
2024-02-19 03:54:38.660212	[WARN]	event.py	响应时间:517ms	天津市	武清区	这里是日志信息......
2024-02-19 03:54:38.660229	[INFO]	base_network.py	响应时间:935ms	北京市	海淀区	这里是日志信息......
2024-02-19 03:54:38.660246	[WARN]	barcode_service.py	响应时间:745ms	北京市	大兴区	这里是日志信息......
2024-02-19 03:54:38.660264	[INFO]	event.py	响应时间:7456ms	广东省	广州市	这里是日志信息......
2024-02-19 03:54:38.660281	[INFO]	user_manager.py	响应时间:26ms	北京市	朝阳区	这里是日志信息......
2024-02-19 03:54:38.660299	[INFO]	goods_manager.py	响应时间:442ms	山东省	青岛市	这里是日志信息......
2024-02-19 03:54:38.660316	[INFO]	event.py	响应时间:989ms	江苏省	南京市	这里是日志信息......
2024-02-19 03:54:38.660333	[INFO]	event.py	响应时间:846ms	湖北省	荆州市	这里是日志信息......
2024-02-19 03:54:38.660350	[INFO]	base_network.py	响应时间:716ms	浙江省	嘉兴市	这里是日志信息......
2024-02-19 03:54:38.660367	[INFO]	goods_manager.py	响应时间:623ms	天津市	河西区	这里是日志信息......
2024-02-19 03:54:38.660384	[WARN]	orders_service.py	响应时间:9841ms	广东省	广州市	这里是日志信息......
2024-02-19 03:54:38.660401	[INFO]	barcode_service.py	响应时间:501ms	江苏省	宿迁市	这里是日志信息......
2024-02-19 03:54:38.660418	[INFO]	event.py	响应时间:922ms	广东省	深圳市	这里是日志信息......
2024-02-19 03:54:38.660436	[INFO]	event.py	响应时间:914ms	重庆市	涪陵区	这里是日志信息......
2024-02-19 03:54:38.660453	[WARN]	orders_service.py	响应时间:325ms	天津市	宝坻区	这里是日志信息......
2024-02-19 03:54:38.660470	[INFO]	orders_service.py	响应时间:139ms	浙江省	杭州市	这里是日志信息......
2024-02-19 03:54:38.660487	[INFO]	event.py	响应时间:2ms	江苏省	苏州市	这里是日志信息......
2024-02-19 03:54:38.660505	[INFO]	goods_manager.py	响应时间:953ms	湖北省	武汉市	这里是日志信息......
2024-02-19 03:54:38.660522	[INFO]	barcode_service.py	响应时间:998ms	浙江省	金华市	这里是日志信息......
2024-02-19 03:54:38.660539	[INFO]	orders_service.py	响应时间:605ms	上海市	黄浦区	这里是日志信息......
2024-02-19 03:54:38.660556	[INFO]	shop_manager.py	响应时间:8740ms	湖南省	长沙市	这里是日志信息......
2024-02-19 03:54:38.660574	[INFO]	goods_manager.py	响应时间:274ms	北京市	海淀区	这里是日志信息......
2024-02-19 03:54:38.660591	[INFO]	orders_service.py	响应时间:28ms	湖南省	长沙市	这里是日志信息......
2024-02-19 03:54:38.660609	[WARN]	orders_service.py	响应时间:600ms	安徽省	铜陵市	这里是日志信息......
2024-02-19 03:54:38.660627	[INFO]	base_network.py	响应时间:766ms	广东省	广州市	这里是日志信息......
2024-02-19 03:54:38.660644	[ERROR]	goods_manager.py	响应时间:9803ms	山东省	青岛市	这里是日志信息......
2024-02-19 03:54:38.660661	[INFO]	base_network.py	响应时间:591ms	江苏省	苏州市	这里是日志信息......
2024-02-19 03:54:38.660678	[INFO]	barcode_service.py	响应时间:131ms	北京市	海淀区	这里是日志信息......
2024-02-19 03:54:38.660695	[INFO]	event.py	响应时间:895ms	广东省	深圳市	这里是日志信息......
2024-02-19 03:54:38.660713	[INFO]	base_network.py	响应时间:786ms	安徽省	铜陵市	这里是日志信息......
2024-02-19 03:54:38.660730	[INFO]	shop_manager.py	响应时间:860ms	湖南省	长沙市	这里是日志信息......
2024-02-19 03:54:38.660748	[INFO]	orders_service.py	响应时间:882ms	北京市	昌平区	这里是日志信息......
2024-02-19 03:54:38.660766	[INFO]	shop_manager.py	响应时间:669ms	浙江省	杭州市	这里是日志信息......
2024-02-19 03:54:38.660783	[INFO]	user_manager.py	响应时间:2ms	山东省	济南市	这里是日志信息......
2024-02-19 03:54:38.660800	[INFO]	event.py	响应时间:222ms	广东省	广州市	这里是日志信息......
2024-02-19 03:54:38.660818	[INFO]	event.py	响应时间:357ms	浙江省	杭州市	这里是日志信息......
2024-02-19 03:54:38.660835	[WARN]	orders_service.py	响应时间:208ms	上海市	静安区	这里是日志信息......
2024-02-19 03:54:38.660853	[INFO]	event.py	响应时间:498ms	广东省	广州市	这里是日志信息......
2024-02-19 03:54:38.660869	[INFO]	orders_service.py	响应时间:853ms	上海市	静安区	这里是日志信息......
2024-02-19 03:54:38.660887	[INFO]	barcode_service.py	响应时间:164ms	上海市	宝山区	这里是日志信息......
2024-02-19 03:54:38.660905	[INFO]	goods_manager.py	响应时间:747ms	湖南省	常德市	这里是日志信息......
2024-02-19 03:54:38.660922	[INFO]	event.py	响应时间:546ms	上海市	宝山区	这里是日志信息......
2024-02-19 03:54:38.660939	[INFO]	event.py	响应时间:514ms	湖北省	荆州市	这里是日志信息......
2024-02-19 03:54:38.660957	[INFO]	barcode_service.py	响应时间:667ms	天津市	和平区	这里是日志信息......
2024-02-19 03:54:38.660974	[INFO]	goods_manager.py	响应时间:411ms	江苏省	南京市	这里是日志信息......
2024-02-19 03:54:38.661011	[INFO]	barcode_service.py	响应时间:891ms	湖南省	长沙市	这里是日志信息......
2024-02-19 03:54:38.661031	[INFO]	goods_manager.py	响应时间:88ms	上海市	静安区	这里是日志信息......
2024-02-19 03:54:38.661049	[INFO]	goods_manager.py	响应时间:702ms	天津市	宝坻区	这里是日志信息......
2024-02-19 03:54:38.661067	[INFO]	event.py	响应时间:980ms	湖南省	长沙市	这里是日志信息......
2024-02-19 03:54:38.661084	[INFO]	base_network.py	响应时间:985ms	天津市	武清区	这里是日志信息......
2024-02-19 03:54:38.661101	[INFO]	goods_manager.py	响应时间:208ms	湖北省	武汉市	这里是日志信息......
2024-02-19 03:54:38.661119	[INFO]	barcode_service.py	响应时间:984ms	山东省	济南市	这里是日志信息......
2024-02-19 03:54:38.661136	[INFO]	user_manager.py	响应时间:400ms	湖南省	益阳市	这里是日志信息......
2024-02-19 03:54:38.661153	[INFO]	event.py	响应时间:693ms	山东省	青岛市	这里是日志信息......
2024-02-19 03:54:38.661170	[WARN]	user_manager.py	响应时间:103ms	北京市	海淀区	这里是日志信息......
2024-02-19 03:54:38.661188	[INFO]	goods_manager.py	响应时间:370ms	北京市	昌平区	这里是日志信息......
2024-02-19 03:54:38.661205	[INFO]	barcode_service.py	响应时间:760ms	安徽省	池州市	这里是日志信息......
2024-02-19 03:54:38.661222	[INFO]	user_manager.py	响应时间:5340ms	山东省	菏泽市	这里是日志信息......
2024-02-19 03:54:38.661240	[INFO]	base_network.py	响应时间:1958ms	湖南省	长沙市	这里是日志信息......
2024-02-19 03:54:38.661257	[INFO]	orders_service.py	响应时间:509ms	天津市	宝坻区	这里是日志信息......
2024-02-19 03:54:38.661275	[INFO]	orders_service.py	响应时间:228ms	重庆市	万州区	这里是日志信息......
2024-02-19 03:54:38.661292	[INFO]	goods_manager.py	响应时间:458ms	天津市	河西区	这里是日志信息......
2024-02-19 03:54:38.661309	[INFO]	orders_service.py	响应时间:540ms	山东省	青岛市	这里是日志信息......
2024-02-19 03:54:38.661326	[INFO]	goods_manager.py	响应时间:814ms	安徽省	合肥市	这里是日志信息......
2024-02-19 03:54:38.661343	[INFO]	base_network.py	响应时间:966ms	广东省	深圳市	这里是日志信息......
2024-02-19 03:54:38.661360	[INFO]	event.py	响应时间:922ms	重庆市	沙坪坝区	这里是日志信息......
2024-02-19 03:54:38.661377	[INFO]	goods_manager.py	响应时间:248ms	安徽省	芜湖市	这里是日志信息......
2024-02-19 03:54:38.661394	[INFO]	goods_manager.py	响应时间:347ms	上海市	黄浦区	这里是日志信息......
2024-02-19 03:54:38.661412	[INFO]	goods_manager.py	响应时间:194ms	广东省	广州市	这里是日志信息......
2024-02-19 03:54:38.661438	[INFO]	orders_service.py	响应时间:828ms	北京市	朝阳区	这里是日志信息......
2024-02-19 03:54:38.661455	[WARN]	barcode_service.py	响应时间:57ms	上海市	浦东新区	这里是日志信息......
2024-02-19 03:54:38.661473	[INFO]	orders_service.py	响应时间:567ms	湖北省	荆州市	这里是日志信息......
2024-02-19 03:54:38.661489	[INFO]	goods_manager.py	响应时间:840ms	江苏省	宿迁市	这里是日志信息......
2024-02-19 03:54:38.661507	[INFO]	goods_manager.py	响应时间:122ms	北京市	怀柔区	这里是日志信息......
2024-02-19 03:54:38.661524	[INFO]	barcode_service.py	响应时间:195ms	湖南省	长沙市	这里是日志信息......
2024-02-19 03:54:38.661541	[INFO]	user_manager.py	响应时间:677ms	天津市	和平区	这里是日志信息......
2024-02-19 03:54:38.661559	[INFO]	shop_manager.py	响应时间:288ms	湖北省	恩施土家族苗族自治州	这里是日志信息......
2024-02-19 03:54:38.661576	[INFO]	shop_manager.py	响应时间:439ms	安徽省	六安市	这里是日志信息......
2024-02-19 03:54:38.661593	[INFO]	goods_manager.py	响应时间:799ms	北京市	昌平区	这里是日志信息......
2024-02-19 03:54:38.661610	[WARN]	event.py	响应时间:285ms	湖北省	恩施土家族苗族自治州	这里是日志信息......
2024-02-19 03:54:38.661627	[INFO]	orders_service.py	响应时间:610ms	重庆市	沙坪坝区	这里是日志信息......
2024-02-19 03:54:38.661644	[INFO]	event.py	响应时间:775ms	天津市	河西区	这里是日志信息......
2024-02-19 03:54:38.661662	[INFO]	barcode_service.py	响应时间:581ms	山东省	济南市	这里是日志信息......
2024-02-19 03:54:38.661679	[INFO]	event.py	响应时间:730ms	江苏省	苏州市	这里是日志信息......
2024-02-19 03:54:38.661697	[INFO]	orders_service.py	响应时间:94ms	天津市	河西区	这里是日志信息......
2024-02-19 03:54:38.661714	[INFO]	goods_manager.py	响应时间:276ms	安徽省	合肥市	这里是日志信息......
2024-02-19 03:54:38.661731	[INFO]	base_network.py	响应时间:647ms	上海市	静安区	这里是日志信息......
2024-02-19 03:54:38.661747	[ERROR]	event.py	响应时间:109ms	湖北省	荆州市	这里是日志信息......
2024-02-19 03:54:38.661761	[INFO]	event.py	响应时间:637ms	浙江省	绍兴市	这里是日志信息......
2024-02-19 03:54:38.661775	[INFO]	user_manager.py	响应时间:904ms	上海市	宝山区	这里是日志信息......
